2025/11/22 22:19:37 main.go:353: Query Vocabulary (after load/create): Size=40665
2025/11/22 22:19:37 main.go:354: Semantic Output Vocabulary (after load/create): Size=40
2025/11/22 22:19:37 main.go:361: Loaded 448 training examples.
2025/11/22 22:19:37 main.go:371: Query Vocabulary Size: 40665
2025/11/22 22:19:37 main.go:372: Semantic Output Vocabulary Size: 40
2025/11/22 22:19:37 main.go:373: Embedding Dimension: 64
2025/11/22 22:19:37 main.go:374: Word2Vec Model Vocab Size: 40665
2025/11/22 22:19:37 main.go:375: Word2Vec Model Vector Size: 25
2025/11/22 22:19:37 main.go:376: Number of Experts: 1
2025/11/22 22:19:37 main.go:383: Creating a new IntentMoE model.
2025/11/22 22:19:37 main.go:104: Epoch 1/10
2025/11/22 22:20:17 intent_moe.go:348: Step 0: Predicted ID 21 (EOS: 34)
2025/11/22 22:20:17 intent_moe.go:348: Step 1: Predicted ID 36 (EOS: 34)
2025/11/22 22:20:17 intent_moe.go:348: Step 2: Predicted ID 13 (EOS: 34)
2025/11/22 22:20:17 intent_moe.go:348: Step 3: Predicted ID 13 (EOS: 34)
2025/11/22 22:20:17 intent_moe.go:348: Step 4: Predicted ID 13 (EOS: 34)
2025/11/22 22:20:17 intent_moe.go:348: Step 5: Predicted ID 13 (EOS: 34)
2025/11/22 22:20:17 intent_moe.go:348: Step 6: Predicted ID 13 (EOS: 34)
2025/11/22 22:20:17 intent_moe.go:348: Step 7: Predicted ID 13 (EOS: 34)
2025/11/22 22:20:17 intent_moe.go:348: Step 8: Predicted ID 13 (EOS: 34)
2025/11/22 22:20:17 intent_moe.go:348: Step 9: Predicted ID 13 (EOS: 34)
2025/11/22 22:20:17 intent_moe.go:348: Step 10: Predicted ID 13 (EOS: 34)
2025/11/22 22:20:17 intent_moe.go:348: Step 11: Predicted ID 13 (EOS: 34)
2025/11/22 22:20:17 intent_moe.go:348: Step 12: Predicted ID 13 (EOS: 34)
2025/11/22 22:20:17 intent_moe.go:348: Step 13: Predicted ID 13 (EOS: 34)
2025/11/22 22:20:17 intent_moe.go:348: Step 14: Predicted ID 13 (EOS: 34)
2025/11/22 22:20:17 intent_moe.go:348: Step 15: Predicted ID 13 (EOS: 34)
2025/11/22 22:20:17 intent_moe.go:348: Step 16: Predicted ID 13 (EOS: 34)
2025/11/22 22:20:17 intent_moe.go:348: Step 17: Predicted ID 13 (EOS: 34)
2025/11/22 22:20:17 intent_moe.go:348: Step 18: Predicted ID 13 (EOS: 34)
2025/11/22 22:20:17 intent_moe.go:348: Step 19: Predicted ID 13 (EOS: 34)
2025/11/22 22:20:17 intent_moe.go:348: Step 20: Predicted ID 13 (EOS: 34)
2025/11/22 22:20:17 intent_moe.go:348: Step 21: Predicted ID 13 (EOS: 34)
2025/11/22 22:20:17 intent_moe.go:348: Step 22: Predicted ID 13 (EOS: 34)
2025/11/22 22:20:17 intent_moe.go:348: Step 23: Predicted ID 13 (EOS: 34)
2025/11/22 22:20:17 intent_moe.go:348: Step 24: Predicted ID 13 (EOS: 34)
2025/11/22 22:20:17 intent_moe.go:348: Step 25: Predicted ID 13 (EOS: 34)
2025/11/22 22:20:17 intent_moe.go:348: Step 26: Predicted ID 13 (EOS: 34)
2025/11/22 22:20:17 intent_moe.go:348: Step 27: Predicted ID 13 (EOS: 34)
2025/11/22 22:20:17 intent_moe.go:348: Step 28: Predicted ID 13 (EOS: 34)
2025/11/22 22:20:17 intent_moe.go:348: Step 29: Predicted ID 13 (EOS: 34)
2025/11/22 22:20:17 intent_moe.go:348: Step 30: Predicted ID 13 (EOS: 34)
2025/11/22 22:20:17 intent_moe.go:348: Step 31: Predicted ID 13 (EOS: 34)
2025/11/22 22:20:17 main.go:217: Guessed semantic output: Deployment test.txt name name name name name name name name name name name name name name name name name name name name name name name name name name name name name name
2025/11/22 22:20:17 main.go:220: Target semantic output: {"operation":"Create","target_resource":{"type":"Filesystem::Folder","name":"test","properties":{"path":"./"}},"context":{"user_role":"admin"}}
2025/11/22 22:21:01 intent_moe.go:348: Step 0: Predicted ID 21 (EOS: 34)
2025/11/22 22:21:01 intent_moe.go:348: Step 1: Predicted ID 36 (EOS: 34)
2025/11/22 22:21:01 intent_moe.go:348: Step 2: Predicted ID 13 (EOS: 34)
2025/11/22 22:21:01 intent_moe.go:348: Step 3: Predicted ID 13 (EOS: 34)
2025/11/22 22:21:01 intent_moe.go:348: Step 4: Predicted ID 13 (EOS: 34)
2025/11/22 22:21:01 intent_moe.go:348: Step 5: Predicted ID 13 (EOS: 34)
2025/11/22 22:21:01 intent_moe.go:348: Step 6: Predicted ID 13 (EOS: 34)
2025/11/22 22:21:01 intent_moe.go:348: Step 7: Predicted ID 13 (EOS: 34)
2025/11/22 22:21:01 intent_moe.go:348: Step 8: Predicted ID 13 (EOS: 34)
2025/11/22 22:21:01 intent_moe.go:348: Step 9: Predicted ID 13 (EOS: 34)
2025/11/22 22:21:01 intent_moe.go:348: Step 10: Predicted ID 13 (EOS: 34)
2025/11/22 22:21:01 intent_moe.go:348: Step 11: Predicted ID 13 (EOS: 34)
2025/11/22 22:21:01 intent_moe.go:348: Step 12: Predicted ID 13 (EOS: 34)
2025/11/22 22:21:01 intent_moe.go:348: Step 13: Predicted ID 13 (EOS: 34)
2025/11/22 22:21:01 intent_moe.go:348: Step 14: Predicted ID 13 (EOS: 34)
2025/11/22 22:21:01 intent_moe.go:348: Step 15: Predicted ID 13 (EOS: 34)
2025/11/22 22:21:01 intent_moe.go:348: Step 16: Predicted ID 13 (EOS: 34)
2025/11/22 22:21:01 intent_moe.go:348: Step 17: Predicted ID 13 (EOS: 34)
2025/11/22 22:21:01 intent_moe.go:348: Step 18: Predicted ID 13 (EOS: 34)
2025/11/22 22:21:01 intent_moe.go:348: Step 19: Predicted ID 13 (EOS: 34)
2025/11/22 22:21:01 intent_moe.go:348: Step 20: Predicted ID 13 (EOS: 34)
2025/11/22 22:21:01 intent_moe.go:348: Step 21: Predicted ID 13 (EOS: 34)
2025/11/22 22:21:01 intent_moe.go:348: Step 22: Predicted ID 13 (EOS: 34)
2025/11/22 22:21:01 intent_moe.go:348: Step 23: Predicted ID 13 (EOS: 34)
2025/11/22 22:21:01 intent_moe.go:348: Step 24: Predicted ID 13 (EOS: 34)
2025/11/22 22:21:01 intent_moe.go:348: Step 25: Predicted ID 13 (EOS: 34)
2025/11/22 22:21:01 intent_moe.go:348: Step 26: Predicted ID 13 (EOS: 34)
2025/11/22 22:21:01 intent_moe.go:348: Step 27: Predicted ID 13 (EOS: 34)
2025/11/22 22:21:01 intent_moe.go:348: Step 28: Predicted ID 13 (EOS: 34)
2025/11/22 22:21:01 intent_moe.go:348: Step 29: Predicted ID 13 (EOS: 34)
2025/11/22 22:21:01 intent_moe.go:348: Step 30: Predicted ID 13 (EOS: 34)
2025/11/22 22:21:01 intent_moe.go:348: Step 31: Predicted ID 13 (EOS: 34)
2025/11/22 22:21:01 main.go:217: Guessed semantic output: Deployment test.txt name name name name name name name name name name name name name name name name name name name name name name name name name name name name name name
2025/11/22 22:21:01 main.go:220: Target semantic output: {"operation":"Create","target_resource":{"type":"Filesystem::Folder","name":"logs","properties":{"path":"/home/user"}},"context":{"user_role":"admin"}}
2025/11/22 22:21:42 intent_moe.go:348: Step 0: Predicted ID 26 (EOS: 34)
2025/11/22 22:21:42 intent_moe.go:348: Step 1: Predicted ID 15 (EOS: 34)
2025/11/22 22:21:42 intent_moe.go:348: Step 2: Predicted ID 13 (EOS: 34)
2025/11/22 22:21:42 intent_moe.go:348: Step 3: Predicted ID 13 (EOS: 34)
2025/11/22 22:21:42 intent_moe.go:348: Step 4: Predicted ID 13 (EOS: 34)
2025/11/22 22:21:42 intent_moe.go:348: Step 5: Predicted ID 13 (EOS: 34)
2025/11/22 22:21:42 intent_moe.go:348: Step 6: Predicted ID 13 (EOS: 34)
2025/11/22 22:21:42 intent_moe.go:348: Step 7: Predicted ID 13 (EOS: 34)
2025/11/22 22:21:42 intent_moe.go:348: Step 8: Predicted ID 13 (EOS: 34)
2025/11/22 22:21:42 intent_moe.go:348: Step 9: Predicted ID 13 (EOS: 34)
2025/11/22 22:21:42 intent_moe.go:348: Step 10: Predicted ID 13 (EOS: 34)
2025/11/22 22:21:42 intent_moe.go:348: Step 11: Predicted ID 13 (EOS: 34)
2025/11/22 22:21:42 intent_moe.go:348: Step 12: Predicted ID 13 (EOS: 34)
2025/11/22 22:21:42 intent_moe.go:348: Step 13: Predicted ID 13 (EOS: 34)
2025/11/22 22:21:42 intent_moe.go:348: Step 14: Predicted ID 13 (EOS: 34)
2025/11/22 22:21:42 intent_moe.go:348: Step 15: Predicted ID 13 (EOS: 34)
2025/11/22 22:21:42 intent_moe.go:348: Step 16: Predicted ID 13 (EOS: 34)
2025/11/22 22:21:42 intent_moe.go:348: Step 17: Predicted ID 13 (EOS: 34)
2025/11/22 22:21:42 intent_moe.go:348: Step 18: Predicted ID 13 (EOS: 34)
2025/11/22 22:21:42 intent_moe.go:348: Step 19: Predicted ID 13 (EOS: 34)
2025/11/22 22:21:42 intent_moe.go:348: Step 20: Predicted ID 13 (EOS: 34)
2025/11/22 22:21:42 intent_moe.go:348: Step 21: Predicted ID 13 (EOS: 34)
2025/11/22 22:21:42 intent_moe.go:348: Step 22: Predicted ID 13 (EOS: 34)
2025/11/22 22:21:42 intent_moe.go:348: Step 23: Predicted ID 13 (EOS: 34)
2025/11/22 22:21:42 intent_moe.go:348: Step 24: Predicted ID 13 (EOS: 34)
2025/11/22 22:21:42 intent_moe.go:348: Step 25: Predicted ID 13 (EOS: 34)
2025/11/22 22:21:42 intent_moe.go:348: Step 26: Predicted ID 13 (EOS: 34)
2025/11/22 22:21:42 intent_moe.go:348: Step 27: Predicted ID 13 (EOS: 34)
2025/11/22 22:21:42 intent_moe.go:348: Step 28: Predicted ID 13 (EOS: 34)
2025/11/22 22:21:42 intent_moe.go:348: Step 29: Predicted ID 13 (EOS: 34)
2025/11/22 22:21:42 intent_moe.go:348: Step 30: Predicted ID 13 (EOS: 34)
2025/11/22 22:21:42 intent_moe.go:348: Step 31: Predicted ID 13 (EOS: 34)
2025/11/22 22:21:42 main.go:217: Guessed semantic output: runtime properties name name name name name name name name name name name name name name name name name name name name name name name name name name name name name name
2025/11/22 22:21:42 main.go:220: Target semantic output: {"operation":"Create","target_resource":{"type":"Filesystem::Folder","name":"media","properties":{"path":"./config"}},"context":{"user_role":"admin"}}
2025/11/22 22:22:26 intent_moe.go:348: Step 0: Predicted ID 21 (EOS: 34)
2025/11/22 22:22:26 intent_moe.go:348: Step 1: Predicted ID 36 (EOS: 34)
2025/11/22 22:22:26 intent_moe.go:348: Step 2: Predicted ID 13 (EOS: 34)
2025/11/22 22:22:26 intent_moe.go:348: Step 3: Predicted ID 13 (EOS: 34)
2025/11/22 22:22:26 intent_moe.go:348: Step 4: Predicted ID 13 (EOS: 34)
2025/11/22 22:22:26 intent_moe.go:348: Step 5: Predicted ID 13 (EOS: 34)
2025/11/22 22:22:26 intent_moe.go:348: Step 6: Predicted ID 13 (EOS: 34)
2025/11/22 22:22:26 intent_moe.go:348: Step 7: Predicted ID 13 (EOS: 34)
2025/11/22 22:22:26 intent_moe.go:348: Step 8: Predicted ID 13 (EOS: 34)
2025/11/22 22:22:26 intent_moe.go:348: Step 9: Predicted ID 13 (EOS: 34)
2025/11/22 22:22:26 intent_moe.go:348: Step 10: Predicted ID 13 (EOS: 34)
2025/11/22 22:22:26 intent_moe.go:348: Step 11: Predicted ID 13 (EOS: 34)
2025/11/22 22:22:26 intent_moe.go:348: Step 12: Predicted ID 13 (EOS: 34)
2025/11/22 22:22:26 intent_moe.go:348: Step 13: Predicted ID 13 (EOS: 34)
2025/11/22 22:22:26 intent_moe.go:348: Step 14: Predicted ID 13 (EOS: 34)
2025/11/22 22:22:26 intent_moe.go:348: Step 15: Predicted ID 13 (EOS: 34)
2025/11/22 22:22:26 intent_moe.go:348: Step 16: Predicted ID 13 (EOS: 34)
2025/11/22 22:22:26 intent_moe.go:348: Step 17: Predicted ID 13 (EOS: 34)
2025/11/22 22:22:26 intent_moe.go:348: Step 18: Predicted ID 13 (EOS: 34)
2025/11/22 22:22:26 intent_moe.go:348: Step 19: Predicted ID 13 (EOS: 34)
2025/11/22 22:22:26 intent_moe.go:348: Step 20: Predicted ID 13 (EOS: 34)
2025/11/22 22:22:26 intent_moe.go:348: Step 21: Predicted ID 13 (EOS: 34)
2025/11/22 22:22:26 intent_moe.go:348: Step 22: Predicted ID 13 (EOS: 34)
2025/11/22 22:22:26 intent_moe.go:348: Step 23: Predicted ID 13 (EOS: 34)
2025/11/22 22:22:26 intent_moe.go:348: Step 24: Predicted ID 13 (EOS: 34)
2025/11/22 22:22:26 intent_moe.go:348: Step 25: Predicted ID 13 (EOS: 34)
2025/11/22 22:22:26 intent_moe.go:348: Step 26: Predicted ID 13 (EOS: 34)
2025/11/22 22:22:26 intent_moe.go:348: Step 27: Predicted ID 13 (EOS: 34)
2025/11/22 22:22:26 intent_moe.go:348: Step 28: Predicted ID 13 (EOS: 34)
2025/11/22 22:22:26 intent_moe.go:348: Step 29: Predicted ID 13 (EOS: 34)
2025/11/22 22:22:26 intent_moe.go:348: Step 30: Predicted ID 13 (EOS: 34)
2025/11/22 22:22:26 intent_moe.go:348: Step 31: Predicted ID 13 (EOS: 34)
2025/11/22 22:22:26 main.go:217: Guessed semantic output: Deployment test.txt name name name name name name name name name name name name name name name name name name name name name name name name name name name name name name
2025/11/22 22:22:26 main.go:220: Target semantic output: {"operation":"Create","target_resource":{"type":"Filesystem::Folder","name":"shared","properties":{"path":"./data"}},"context":{"user_role":"admin"}}
