nohup: ignoring input
2025/11/23 02:28:56 main.go:444: Query Vocabulary (after load/create): Size=40665
2025/11/23 02:28:56 main.go:445: Semantic Output Vocabulary (after load/create): Size=40
2025/11/23 02:28:56 main.go:452: Loaded 448 training examples.
2025/11/23 02:28:56 main.go:462: Query Vocabulary Size: 40665
2025/11/23 02:28:56 main.go:463: Semantic Output Vocabulary Size: 40
2025/11/23 02:28:56 main.go:464: Embedding Dimension: 64
2025/11/23 02:28:56 main.go:465: Word2Vec Model Vocab Size: 40665
2025/11/23 02:28:56 main.go:466: Word2Vec Model Vector Size: 25
2025/11/23 02:28:56 main.go:467: Number of Experts: 1
2025/11/23 02:28:56 main.go:474: Creating a new IntentMoE model.
2025/11/23 02:28:56 main.go:115: Epoch 1/50 (Scheduled Sampling: 0.0%)
2025/11/23 02:29:52 intent_moe.go:349: Step 0: Predicted ID 19 (EOS: 34)
2025/11/23 02:29:52 intent_moe.go:349: Step 1: Predicted ID 17 (EOS: 34)
2025/11/23 02:29:52 intent_moe.go:349: Step 2: Predicted ID 19 (EOS: 34)
2025/11/23 02:29:52 intent_moe.go:349: Step 3: Predicted ID 19 (EOS: 34)
2025/11/23 02:29:52 intent_moe.go:349: Step 4: Predicted ID 6 (EOS: 34)
2025/11/23 02:29:52 intent_moe.go:349: Step 5: Predicted ID 6 (EOS: 34)
2025/11/23 02:29:52 intent_moe.go:349: Step 6: Predicted ID 6 (EOS: 34)
2025/11/23 02:29:52 intent_moe.go:349: Step 7: Predicted ID 29 (EOS: 34)
2025/11/23 02:29:52 intent_moe.go:349: Step 8: Predicted ID 29 (EOS: 34)
2025/11/23 02:29:52 intent_moe.go:349: Step 9: Predicted ID 18 (EOS: 34)
2025/11/23 02:29:52 intent_moe.go:349: Step 10: Predicted ID 29 (EOS: 34)
2025/11/23 02:29:52 intent_moe.go:349: Step 11: Predicted ID 18 (EOS: 34)
2025/11/23 02:29:52 intent_moe.go:349: Step 12: Predicted ID 6 (EOS: 34)
2025/11/23 02:29:52 intent_moe.go:349: Step 13: Predicted ID 6 (EOS: 34)
2025/11/23 02:29:52 intent_moe.go:349: Step 14: Predicted ID 6 (EOS: 34)
2025/11/23 02:29:52 intent_moe.go:349: Step 15: Predicted ID 6 (EOS: 34)
2025/11/23 02:29:52 intent_moe.go:349: Step 16: Predicted ID 6 (EOS: 34)
2025/11/23 02:29:52 intent_moe.go:349: Step 17: Predicted ID 6 (EOS: 34)
2025/11/23 02:29:52 intent_moe.go:349: Step 18: Predicted ID 6 (EOS: 34)
2025/11/23 02:29:52 intent_moe.go:349: Step 19: Predicted ID 6 (EOS: 34)
2025/11/23 02:29:52 intent_moe.go:349: Step 20: Predicted ID 6 (EOS: 34)
2025/11/23 02:29:52 intent_moe.go:349: Step 21: Predicted ID 33 (EOS: 34)
2025/11/23 02:29:52 intent_moe.go:349: Step 22: Predicted ID 5 (EOS: 34)
2025/11/23 02:29:52 intent_moe.go:349: Step 23: Predicted ID 19 (EOS: 34)
2025/11/23 02:29:52 intent_moe.go:349: Step 24: Predicted ID 19 (EOS: 34)
2025/11/23 02:29:52 intent_moe.go:349: Step 25: Predicted ID 6 (EOS: 34)
2025/11/23 02:29:52 intent_moe.go:349: Step 26: Predicted ID 6 (EOS: 34)
2025/11/23 02:29:52 intent_moe.go:349: Step 27: Predicted ID 6 (EOS: 34)
2025/11/23 02:29:52 intent_moe.go:349: Step 28: Predicted ID 6 (EOS: 34)
2025/11/23 02:29:52 intent_moe.go:349: Step 29: Predicted ID 6 (EOS: 34)
2025/11/23 02:29:52 intent_moe.go:349: Step 30: Predicted ID 6 (EOS: 34)
2025/11/23 02:29:52 intent_moe.go:349: Step 31: Predicted ID 6 (EOS: 34)
2025/11/23 02:29:52 main.go:284: Guessed semantic output: children ./ children children:::boilerplate_v1 boilerplate_v1}boilerplate_v1}:::::::::admin operation children children:::::::
2025/11/23 02:29:52 main.go:287: Target semantic output: {"operation":"Create","target_resource":{"type":"Filesystem::Folder","name":"test","properties":{"path":"./"}},"context":{"user_role":"admin"}}
2025/11/23 02:30:45 intent_moe.go:349: Step 0: Predicted ID 12 (EOS: 34)
2025/11/23 02:30:45 intent_moe.go:349: Step 1: Predicted ID 6 (EOS: 34)
2025/11/23 02:30:45 intent_moe.go:349: Step 2: Predicted ID 6 (EOS: 34)
2025/11/23 02:30:45 intent_moe.go:349: Step 3: Predicted ID 6 (EOS: 34)
2025/11/23 02:30:45 intent_moe.go:349: Step 4: Predicted ID 6 (EOS: 34)
2025/11/23 02:30:45 intent_moe.go:349: Step 5: Predicted ID 33 (EOS: 34)
2025/11/23 02:30:45 intent_moe.go:349: Step 6: Predicted ID 19 (EOS: 34)
2025/11/23 02:30:45 intent_moe.go:349: Step 7: Predicted ID 18 (EOS: 34)
2025/11/23 02:30:45 intent_moe.go:349: Step 8: Predicted ID 19 (EOS: 34)
2025/11/23 02:30:45 intent_moe.go:349: Step 9: Predicted ID 5 (EOS: 34)
2025/11/23 02:30:45 intent_moe.go:349: Step 10: Predicted ID 19 (EOS: 34)
2025/11/23 02:30:45 intent_moe.go:349: Step 11: Predicted ID 19 (EOS: 34)
2025/11/23 02:30:45 intent_moe.go:349: Step 12: Predicted ID 19 (EOS: 34)
2025/11/23 02:30:45 intent_moe.go:349: Step 13: Predicted ID 6 (EOS: 34)
2025/11/23 02:30:45 intent_moe.go:349: Step 14: Predicted ID 6 (EOS: 34)
2025/11/23 02:30:45 intent_moe.go:349: Step 15: Predicted ID 6 (EOS: 34)
2025/11/23 02:30:45 intent_moe.go:349: Step 16: Predicted ID 6 (EOS: 34)
2025/11/23 02:30:45 intent_moe.go:349: Step 17: Predicted ID 33 (EOS: 34)
2025/11/23 02:30:45 intent_moe.go:349: Step 18: Predicted ID 5 (EOS: 34)
2025/11/23 02:30:45 intent_moe.go:349: Step 19: Predicted ID 14 (EOS: 34)
2025/11/23 02:30:45 intent_moe.go:349: Step 20: Predicted ID 18 (EOS: 34)
2025/11/23 02:30:45 intent_moe.go:349: Step 21: Predicted ID 29 (EOS: 34)
2025/11/23 02:30:45 intent_moe.go:349: Step 22: Predicted ID 18 (EOS: 34)
2025/11/23 02:30:45 intent_moe.go:349: Step 23: Predicted ID 6 (EOS: 34)
2025/11/23 02:30:45 intent_moe.go:349: Step 24: Predicted ID 29 (EOS: 34)
2025/11/23 02:30:45 intent_moe.go:349: Step 25: Predicted ID 18 (EOS: 34)
2025/11/23 02:30:45 intent_moe.go:349: Step 26: Predicted ID 6 (EOS: 34)
2025/11/23 02:30:45 intent_moe.go:349: Step 27: Predicted ID 6 (EOS: 34)
2025/11/23 02:30:45 intent_moe.go:349: Step 28: Predicted ID 6 (EOS: 34)
2025/11/23 02:30:45 intent_moe.go:349: Step 29: Predicted ID 33 (EOS: 34)
2025/11/23 02:30:45 intent_moe.go:349: Step 30: Predicted ID 19 (EOS: 34)
2025/11/23 02:30:45 intent_moe.go:349: Step 31: Predicted ID 19 (EOS: 34)
2025/11/23 02:30:45 main.go:284: Guessed semantic output: Folder::::admin children}children operation children children children::::admin operation jack}boilerplate_v1}:boilerplate_v1}:::admin children children
2025/11/23 02:30:45 main.go:287: Target semantic output: {"operation":"Create","target_resource":{"type":"Filesystem::Folder","name":"logs","properties":{"path":"/home/user"}},"context":{"user_role":"admin"}}
2025/11/23 02:31:38 intent_moe.go:349: Step 0: Predicted ID 19 (EOS: 34)
2025/11/23 02:31:38 intent_moe.go:349: Step 1: Predicted ID 19 (EOS: 34)
2025/11/23 02:31:38 intent_moe.go:349: Step 2: Predicted ID 33 (EOS: 34)
2025/11/23 02:31:38 intent_moe.go:349: Step 3: Predicted ID 5 (EOS: 34)
2025/11/23 02:31:38 intent_moe.go:349: Step 4: Predicted ID 19 (EOS: 34)
2025/11/23 02:31:38 intent_moe.go:349: Step 5: Predicted ID 19 (EOS: 34)
2025/11/23 02:31:38 intent_moe.go:349: Step 6: Predicted ID 6 (EOS: 34)
2025/11/23 02:31:38 intent_moe.go:349: Step 7: Predicted ID 33 (EOS: 34)
2025/11/23 02:31:38 intent_moe.go:349: Step 8: Predicted ID 19 (EOS: 34)
2025/11/23 02:31:38 intent_moe.go:349: Step 9: Predicted ID 19 (EOS: 34)
2025/11/23 02:31:38 intent_moe.go:349: Step 10: Predicted ID 19 (EOS: 34)
2025/11/23 02:31:38 intent_moe.go:349: Step 11: Predicted ID 12 (EOS: 34)
2025/11/23 02:31:38 intent_moe.go:349: Step 12: Predicted ID 18 (EOS: 34)
2025/11/23 02:31:38 intent_moe.go:349: Step 13: Predicted ID 6 (EOS: 34)
2025/11/23 02:31:38 intent_moe.go:349: Step 14: Predicted ID 6 (EOS: 34)
2025/11/23 02:31:38 intent_moe.go:349: Step 15: Predicted ID 6 (EOS: 34)
2025/11/23 02:31:38 intent_moe.go:349: Step 16: Predicted ID 6 (EOS: 34)
2025/11/23 02:31:38 intent_moe.go:349: Step 17: Predicted ID 6 (EOS: 34)
2025/11/23 02:31:38 intent_moe.go:349: Step 18: Predicted ID 6 (EOS: 34)
2025/11/23 02:31:38 intent_moe.go:349: Step 19: Predicted ID 6 (EOS: 34)
2025/11/23 02:31:38 intent_moe.go:349: Step 20: Predicted ID 33 (EOS: 34)
2025/11/23 02:31:38 intent_moe.go:349: Step 21: Predicted ID 19 (EOS: 34)
2025/11/23 02:31:38 intent_moe.go:349: Step 22: Predicted ID 19 (EOS: 34)
2025/11/23 02:31:38 intent_moe.go:349: Step 23: Predicted ID 33 (EOS: 34)
2025/11/23 02:31:38 intent_moe.go:349: Step 24: Predicted ID 5 (EOS: 34)
2025/11/23 02:31:38 intent_moe.go:349: Step 25: Predicted ID 19 (EOS: 34)
2025/11/23 02:31:38 intent_moe.go:349: Step 26: Predicted ID 18 (EOS: 34)
2025/11/23 02:31:38 intent_moe.go:349: Step 27: Predicted ID 8 (EOS: 34)
2025/11/23 02:31:38 intent_moe.go:349: Step 28: Predicted ID 12 (EOS: 34)
2025/11/23 02:31:38 intent_moe.go:349: Step 29: Predicted ID 6 (EOS: 34)
2025/11/23 02:31:38 intent_moe.go:349: Step 30: Predicted ID 6 (EOS: 34)
2025/11/23 02:31:38 intent_moe.go:349: Step 31: Predicted ID 6 (EOS: 34)
2025/11/23 02:31:38 main.go:284: Guessed semantic output: children children admin operation children children:admin children children children Folder}:::::::admin children children admin operation children},Folder:::
2025/11/23 02:31:38 main.go:287: Target semantic output: {"operation":"Create","target_resource":{"type":"Filesystem::Folder","name":"media","properties":{"path":"./config"}},"context":{"user_role":"admin"}}
2025/11/23 02:32:31 intent_moe.go:349: Step 0: Predicted ID 17 (EOS: 34)
2025/11/23 02:32:31 intent_moe.go:349: Step 1: Predicted ID 17 (EOS: 34)
2025/11/23 02:32:31 intent_moe.go:349: Step 2: Predicted ID 19 (EOS: 34)
2025/11/23 02:32:31 intent_moe.go:349: Step 3: Predicted ID 19 (EOS: 34)
2025/11/23 02:32:31 intent_moe.go:349: Step 4: Predicted ID 6 (EOS: 34)
2025/11/23 02:32:31 intent_moe.go:349: Step 5: Predicted ID 33 (EOS: 34)
2025/11/23 02:32:31 intent_moe.go:349: Step 6: Predicted ID 19 (EOS: 34)
2025/11/23 02:32:31 intent_moe.go:349: Step 7: Predicted ID 33 (EOS: 34)
2025/11/23 02:32:31 intent_moe.go:349: Step 8: Predicted ID 33 (EOS: 34)
2025/11/23 02:32:31 intent_moe.go:349: Step 9: Predicted ID 5 (EOS: 34)
2025/11/23 02:32:31 intent_moe.go:349: Step 10: Predicted ID 14 (EOS: 34)
2025/11/23 02:32:31 intent_moe.go:349: Step 11: Predicted ID 8 (EOS: 34)
2025/11/23 02:32:32 intent_moe.go:349: Step 12: Predicted ID 5 (EOS: 34)
2025/11/23 02:32:32 intent_moe.go:349: Step 13: Predicted ID 4 (EOS: 34)
2025/11/23 02:32:32 intent_moe.go:349: Step 14: Predicted ID 9 (EOS: 34)
2025/11/23 02:32:32 intent_moe.go:349: Step 15: Predicted ID 4 (EOS: 34)
2025/11/23 02:32:32 intent_moe.go:349: Step 16: Predicted ID 4 (EOS: 34)
2025/11/23 02:32:32 intent_moe.go:349: Step 17: Predicted ID 4 (EOS: 34)
2025/11/23 02:32:32 intent_moe.go:349: Step 18: Predicted ID 4 (EOS: 34)
2025/11/23 02:32:32 intent_moe.go:349: Step 19: Predicted ID 4 (EOS: 34)
2025/11/23 02:32:32 intent_moe.go:349: Step 20: Predicted ID 4 (EOS: 34)
2025/11/23 02:32:32 intent_moe.go:349: Step 21: Predicted ID 4 (EOS: 34)
2025/11/23 02:32:32 intent_moe.go:349: Step 22: Predicted ID 4 (EOS: 34)
2025/11/23 02:32:32 intent_moe.go:349: Step 23: Predicted ID 4 (EOS: 34)
2025/11/23 02:32:32 intent_moe.go:349: Step 24: Predicted ID 4 (EOS: 34)
2025/11/23 02:32:32 intent_moe.go:349: Step 25: Predicted ID 4 (EOS: 34)
2025/11/23 02:32:32 intent_moe.go:349: Step 26: Predicted ID 4 (EOS: 34)
2025/11/23 02:32:32 intent_moe.go:349: Step 27: Predicted ID 5 (EOS: 34)
2025/11/23 02:32:32 intent_moe.go:349: Step 28: Predicted ID 4 (EOS: 34)
2025/11/23 02:32:32 intent_moe.go:349: Step 29: Predicted ID 4 (EOS: 34)
2025/11/23 02:32:32 intent_moe.go:349: Step 30: Predicted ID 4 (EOS: 34)
2025/11/23 02:32:32 intent_moe.go:349: Step 31: Predicted ID 4 (EOS: 34)
2025/11/23 02:32:32 main.go:284: Guessed semantic output: ./ ./ children children:admin children admin admin operation jack,operation"target_resource""""""""""""operation""""
2025/11/23 02:32:32 main.go:287: Target semantic output: {"operation":"Create","target_resource":{"type":"Filesystem::Folder","name":"shared","properties":{"path":"./data"}},"context":{"user_role":"admin"}}
2025/11/23 02:33:25 intent_moe.go:349: Step 0: Predicted ID 17 (EOS: 34)
2025/11/23 02:33:25 intent_moe.go:349: Step 1: Predicted ID 14 (EOS: 34)
2025/11/23 02:33:25 intent_moe.go:349: Step 2: Predicted ID 19 (EOS: 34)
2025/11/23 02:33:25 intent_moe.go:349: Step 3: Predicted ID 8 (EOS: 34)
2025/11/23 02:33:25 intent_moe.go:349: Step 4: Predicted ID 25 (EOS: 34)
2025/11/23 02:33:25 intent_moe.go:349: Step 5: Predicted ID 6 (EOS: 34)
2025/11/23 02:33:25 intent_moe.go:349: Step 6: Predicted ID 6 (EOS: 34)
2025/11/23 02:33:25 intent_moe.go:349: Step 7: Predicted ID 6 (EOS: 34)
2025/11/23 02:33:25 intent_moe.go:349: Step 8: Predicted ID 6 (EOS: 34)
2025/11/23 02:33:25 intent_moe.go:349: Step 9: Predicted ID 33 (EOS: 34)
2025/11/23 02:33:25 intent_moe.go:349: Step 10: Predicted ID 5 (EOS: 34)
2025/11/23 02:33:25 intent_moe.go:349: Step 11: Predicted ID 32 (EOS: 34)
2025/11/23 02:33:25 intent_moe.go:349: Step 12: Predicted ID 12 (EOS: 34)
2025/11/23 02:33:25 intent_moe.go:349: Step 13: Predicted ID 4 (EOS: 34)
2025/11/23 02:33:25 intent_moe.go:349: Step 14: Predicted ID 4 (EOS: 34)
2025/11/23 02:33:25 intent_moe.go:349: Step 15: Predicted ID 4 (EOS: 34)
2025/11/23 02:33:25 intent_moe.go:349: Step 16: Predicted ID 4 (EOS: 34)
2025/11/23 02:33:25 intent_moe.go:349: Step 17: Predicted ID 4 (EOS: 34)
2025/11/23 02:33:25 intent_moe.go:349: Step 18: Predicted ID 4 (EOS: 34)
2025/11/23 02:33:25 intent_moe.go:349: Step 19: Predicted ID 4 (EOS: 34)
2025/11/23 02:33:25 intent_moe.go:349: Step 20: Predicted ID 4 (EOS: 34)
2025/11/23 02:33:25 intent_moe.go:349: Step 21: Predicted ID 4 (EOS: 34)
2025/11/23 02:33:25 intent_moe.go:349: Step 22: Predicted ID 4 (EOS: 34)
2025/11/23 02:33:25 intent_moe.go:349: Step 23: Predicted ID 4 (EOS: 34)
2025/11/23 02:33:25 intent_moe.go:349: Step 24: Predicted ID 4 (EOS: 34)
2025/11/23 02:33:25 intent_moe.go:349: Step 25: Predicted ID 4 (EOS: 34)
2025/11/23 02:33:25 intent_moe.go:349: Step 26: Predicted ID 4 (EOS: 34)
2025/11/23 02:33:25 intent_moe.go:349: Step 27: Predicted ID 4 (EOS: 34)
2025/11/23 02:33:25 intent_moe.go:349: Step 28: Predicted ID 4 (EOS: 34)
2025/11/23 02:33:25 intent_moe.go:349: Step 29: Predicted ID 4 (EOS: 34)
2025/11/23 02:33:25 intent_moe.go:349: Step 30: Predicted ID 4 (EOS: 34)
2025/11/23 02:33:25 intent_moe.go:349: Step 31: Predicted ID 4 (EOS: 34)
2025/11/23 02:33:25 main.go:284: Guessed semantic output: ./ jack children,8080::::admin operation user_role Folder"""""""""""""""""""
2025/11/23 02:33:25 main.go:287: Target semantic output: {"operation":"Create","target_resource":{"type":"Filesystem::Folder","name":"cache","properties":{"path":"./backend"}},"context":{"user_role":"admin"}}
2025/11/23 02:34:20 intent_moe.go:349: Step 0: Predicted ID 33 (EOS: 34)
2025/11/23 02:34:20 intent_moe.go:349: Step 1: Predicted ID 5 (EOS: 34)
2025/11/23 02:34:20 intent_moe.go:349: Step 2: Predicted ID 32 (EOS: 34)
2025/11/23 02:34:20 intent_moe.go:349: Step 3: Predicted ID 12 (EOS: 34)
2025/11/23 02:34:20 intent_moe.go:349: Step 4: Predicted ID 6 (EOS: 34)
2025/11/23 02:34:20 intent_moe.go:349: Step 5: Predicted ID 6 (EOS: 34)
2025/11/23 02:34:20 intent_moe.go:349: Step 6: Predicted ID 6 (EOS: 34)
2025/11/23 02:34:20 intent_moe.go:349: Step 7: Predicted ID 6 (EOS: 34)
2025/11/23 02:34:20 intent_moe.go:349: Step 8: Predicted ID 33 (EOS: 34)
2025/11/23 02:34:20 intent_moe.go:349: Step 9: Predicted ID 19 (EOS: 34)
2025/11/23 02:34:20 intent_moe.go:349: Step 10: Predicted ID 19 (EOS: 34)
2025/11/23 02:34:20 intent_moe.go:349: Step 11: Predicted ID 19 (EOS: 34)
2025/11/23 02:34:20 intent_moe.go:349: Step 12: Predicted ID 19 (EOS: 34)
2025/11/23 02:34:20 intent_moe.go:349: Step 13: Predicted ID 33 (EOS: 34)
2025/11/23 02:34:20 intent_moe.go:349: Step 14: Predicted ID 5 (EOS: 34)
2025/11/23 02:34:20 intent_moe.go:349: Step 15: Predicted ID 19 (EOS: 34)
2025/11/23 02:34:20 intent_moe.go:349: Step 16: Predicted ID 19 (EOS: 34)
2025/11/23 02:34:20 intent_moe.go:349: Step 17: Predicted ID 19 (EOS: 34)
2025/11/23 02:34:20 intent_moe.go:349: Step 18: Predicted ID 6 (EOS: 34)
2025/11/23 02:34:20 intent_moe.go:349: Step 19: Predicted ID 6 (EOS: 34)
2025/11/23 02:34:20 intent_moe.go:349: Step 20: Predicted ID 6 (EOS: 34)
2025/11/23 02:34:20 intent_moe.go:349: Step 21: Predicted ID 6 (EOS: 34)
2025/11/23 02:34:20 intent_moe.go:349: Step 22: Predicted ID 6 (EOS: 34)
2025/11/23 02:34:20 intent_moe.go:349: Step 23: Predicted ID 6 (EOS: 34)
2025/11/23 02:34:20 intent_moe.go:349: Step 24: Predicted ID 33 (EOS: 34)
2025/11/23 02:34:20 intent_moe.go:349: Step 25: Predicted ID 5 (EOS: 34)
2025/11/23 02:34:20 intent_moe.go:349: Step 26: Predicted ID 19 (EOS: 34)
2025/11/23 02:34:20 intent_moe.go:349: Step 27: Predicted ID 19 (EOS: 34)
2025/11/23 02:34:20 intent_moe.go:349: Step 28: Predicted ID 6 (EOS: 34)
2025/11/23 02:34:20 intent_moe.go:349: Step 29: Predicted ID 6 (EOS: 34)
2025/11/23 02:34:20 intent_moe.go:349: Step 30: Predicted ID 6 (EOS: 34)
2025/11/23 02:34:20 intent_moe.go:349: Step 31: Predicted ID 6 (EOS: 34)
2025/11/23 02:34:20 main.go:284: Guessed semantic output: admin operation user_role Folder::::admin children children children children admin operation children children children::::::admin operation children children::::
2025/11/23 02:34:20 main.go:287: Target semantic output: {"operation":"Create","target_resource":{"type":"Filesystem::File","name":"Makefile","properties":{"path":"./src"}},"context":{"user_role":"admin"}}
2025/11/23 02:35:16 intent_moe.go:349: Step 0: Predicted ID 19 (EOS: 34)
2025/11/23 02:35:16 intent_moe.go:349: Step 1: Predicted ID 12 (EOS: 34)
2025/11/23 02:35:16 intent_moe.go:349: Step 2: Predicted ID 6 (EOS: 34)
2025/11/23 02:35:16 intent_moe.go:349: Step 3: Predicted ID 33 (EOS: 34)
2025/11/23 02:35:16 intent_moe.go:349: Step 4: Predicted ID 5 (EOS: 34)
2025/11/23 02:35:16 intent_moe.go:349: Step 5: Predicted ID 19 (EOS: 34)
2025/11/23 02:35:16 intent_moe.go:349: Step 6: Predicted ID 19 (EOS: 34)
2025/11/23 02:35:16 intent_moe.go:349: Step 7: Predicted ID 19 (EOS: 34)
2025/11/23 02:35:16 intent_moe.go:349: Step 8: Predicted ID 6 (EOS: 34)
2025/11/23 02:35:16 intent_moe.go:349: Step 9: Predicted ID 6 (EOS: 34)
2025/11/23 02:35:16 intent_moe.go:349: Step 10: Predicted ID 6 (EOS: 34)
2025/11/23 02:35:16 intent_moe.go:349: Step 11: Predicted ID 6 (EOS: 34)
2025/11/23 02:35:16 intent_moe.go:349: Step 12: Predicted ID 6 (EOS: 34)
2025/11/23 02:35:16 intent_moe.go:349: Step 13: Predicted ID 6 (EOS: 34)
2025/11/23 02:35:16 intent_moe.go:349: Step 14: Predicted ID 6 (EOS: 34)
2025/11/23 02:35:16 intent_moe.go:349: Step 15: Predicted ID 6 (EOS: 34)
2025/11/23 02:35:16 intent_moe.go:349: Step 16: Predicted ID 33 (EOS: 34)
2025/11/23 02:35:16 intent_moe.go:349: Step 17: Predicted ID 5 (EOS: 34)
2025/11/23 02:35:16 intent_moe.go:349: Step 18: Predicted ID 14 (EOS: 34)
2025/11/23 02:35:16 intent_moe.go:349: Step 19: Predicted ID 8 (EOS: 34)
2025/11/23 02:35:16 intent_moe.go:349: Step 20: Predicted ID 4 (EOS: 34)
2025/11/23 02:35:16 intent_moe.go:349: Step 21: Predicted ID 4 (EOS: 34)
2025/11/23 02:35:16 intent_moe.go:349: Step 22: Predicted ID 4 (EOS: 34)
2025/11/23 02:35:16 intent_moe.go:349: Step 23: Predicted ID 4 (EOS: 34)
2025/11/23 02:35:16 intent_moe.go:349: Step 24: Predicted ID 4 (EOS: 34)
2025/11/23 02:35:16 intent_moe.go:349: Step 25: Predicted ID 4 (EOS: 34)
2025/11/23 02:35:16 intent_moe.go:349: Step 26: Predicted ID 4 (EOS: 34)
2025/11/23 02:35:16 intent_moe.go:349: Step 27: Predicted ID 4 (EOS: 34)
2025/11/23 02:35:16 intent_moe.go:349: Step 28: Predicted ID 4 (EOS: 34)
2025/11/23 02:35:16 intent_moe.go:349: Step 29: Predicted ID 4 (EOS: 34)
2025/11/23 02:35:16 intent_moe.go:349: Step 30: Predicted ID 4 (EOS: 34)
2025/11/23 02:35:16 intent_moe.go:349: Step 31: Predicted ID 4 (EOS: 34)
2025/11/23 02:35:16 main.go:284: Guessed semantic output: children Folder:admin operation children children children::::::::admin operation jack,""""""""""""
2025/11/23 02:35:16 main.go:287: Target semantic output: {"operation":"Create","target_resource":{"type":"Filesystem::File","name":"types.go","properties":{"path":"./src"}},"context":{"user_role":"admin"}}
2025/11/23 02:35:16 main.go:154: Epoch 1, Average Loss: 64.037245
2025/11/23 02:35:16 main.go:115: Epoch 2/50 (Scheduled Sampling: 1.0%)
2025/11/23 02:35:32 main.go:398: Received interrupt signal. Stopping CPU and Memory profiles and closing files.
