nohup: ignoring input
2025/11/23 01:21:41 main.go:445: Query Vocabulary (after load/create): Size=40665
2025/11/23 01:21:41 main.go:446: Semantic Output Vocabulary (after load/create): Size=40
2025/11/23 01:21:41 main.go:453: Loaded 448 training examples.
2025/11/23 01:21:41 main.go:463: Query Vocabulary Size: 40665
2025/11/23 01:21:41 main.go:464: Semantic Output Vocabulary Size: 40
2025/11/23 01:21:41 main.go:465: Embedding Dimension: 64
2025/11/23 01:21:41 main.go:466: Word2Vec Model Vocab Size: 40665
2025/11/23 01:21:41 main.go:467: Word2Vec Model Vector Size: 25
2025/11/23 01:21:41 main.go:468: Number of Experts: 1
2025/11/23 01:21:41 main.go:475: Creating a new IntentMoE model.
2025/11/23 01:21:42 main.go:115: Epoch 1/5 (Scheduled Sampling: 0.0%)
2025/11/23 01:22:26 intent_moe.go:349: Step 0: Predicted ID 19 (EOS: 34)
2025/11/23 01:22:26 intent_moe.go:349: Step 1: Predicted ID 23 (EOS: 34)
2025/11/23 01:22:26 intent_moe.go:349: Step 2: Predicted ID 17 (EOS: 34)
2025/11/23 01:22:26 intent_moe.go:349: Step 3: Predicted ID 17 (EOS: 34)
2025/11/23 01:22:26 intent_moe.go:349: Step 4: Predicted ID 30 (EOS: 34)
2025/11/23 01:22:26 intent_moe.go:349: Step 5: Predicted ID 17 (EOS: 34)
2025/11/23 01:22:26 intent_moe.go:349: Step 6: Predicted ID 17 (EOS: 34)
2025/11/23 01:22:26 intent_moe.go:349: Step 7: Predicted ID 17 (EOS: 34)
2025/11/23 01:22:26 intent_moe.go:349: Step 8: Predicted ID 30 (EOS: 34)
2025/11/23 01:22:26 intent_moe.go:349: Step 9: Predicted ID 17 (EOS: 34)
2025/11/23 01:22:26 intent_moe.go:349: Step 10: Predicted ID 17 (EOS: 34)
2025/11/23 01:22:26 intent_moe.go:349: Step 11: Predicted ID 30 (EOS: 34)
2025/11/23 01:22:26 intent_moe.go:349: Step 12: Predicted ID 17 (EOS: 34)
2025/11/23 01:22:26 intent_moe.go:349: Step 13: Predicted ID 17 (EOS: 34)
2025/11/23 01:22:26 intent_moe.go:349: Step 14: Predicted ID 30 (EOS: 34)
2025/11/23 01:22:26 intent_moe.go:349: Step 15: Predicted ID 17 (EOS: 34)
2025/11/23 01:22:26 intent_moe.go:349: Step 16: Predicted ID 17 (EOS: 34)
2025/11/23 01:22:26 intent_moe.go:349: Step 17: Predicted ID 17 (EOS: 34)
2025/11/23 01:22:26 intent_moe.go:349: Step 18: Predicted ID 17 (EOS: 34)
2025/11/23 01:22:26 intent_moe.go:349: Step 19: Predicted ID 30 (EOS: 34)
2025/11/23 01:22:26 intent_moe.go:349: Step 20: Predicted ID 17 (EOS: 34)
2025/11/23 01:22:26 intent_moe.go:349: Step 21: Predicted ID 17 (EOS: 34)
2025/11/23 01:22:26 intent_moe.go:349: Step 22: Predicted ID 17 (EOS: 34)
2025/11/23 01:22:26 intent_moe.go:349: Step 23: Predicted ID 30 (EOS: 34)
2025/11/23 01:22:26 intent_moe.go:349: Step 24: Predicted ID 17 (EOS: 34)
2025/11/23 01:22:26 intent_moe.go:349: Step 25: Predicted ID 17 (EOS: 34)
2025/11/23 01:22:26 intent_moe.go:349: Step 26: Predicted ID 17 (EOS: 34)
2025/11/23 01:22:26 intent_moe.go:349: Step 27: Predicted ID 17 (EOS: 34)
2025/11/23 01:22:26 intent_moe.go:349: Step 28: Predicted ID 13 (EOS: 34)
2025/11/23 01:22:26 intent_moe.go:349: Step 29: Predicted ID 17 (EOS: 34)
2025/11/23 01:22:26 intent_moe.go:349: Step 30: Predicted ID 17 (EOS: 34)
2025/11/23 01:22:26 intent_moe.go:349: Step 31: Predicted ID 17 (EOS: 34)
2025/11/23 01:22:26 main.go:285: Guessed semantic output: children jill ./ ./]./ ./ ./]./ ./]./ ./]./ ./ ./ ./]./ ./ ./]./ ./ ./ ./ name ./ ./ ./
2025/11/23 01:22:26 main.go:288: Target semantic output: {"operation":"Create","target_resource":{"type":"Filesystem::Folder","name":"test","properties":{"path":"./"}},"context":{"user_role":"admin"}}
2025/11/23 01:23:09 intent_moe.go:349: Step 0: Predicted ID 39 (EOS: 34)
2025/11/23 01:23:09 intent_moe.go:349: Step 1: Predicted ID 32 (EOS: 34)
2025/11/23 01:23:09 intent_moe.go:349: Step 2: Predicted ID 32 (EOS: 34)
2025/11/23 01:23:09 intent_moe.go:349: Step 3: Predicted ID 17 (EOS: 34)
2025/11/23 01:23:09 intent_moe.go:349: Step 4: Predicted ID 30 (EOS: 34)
2025/11/23 01:23:09 intent_moe.go:349: Step 5: Predicted ID 17 (EOS: 34)
2025/11/23 01:23:09 intent_moe.go:349: Step 6: Predicted ID 17 (EOS: 34)
2025/11/23 01:23:09 intent_moe.go:349: Step 7: Predicted ID 17 (EOS: 34)
2025/11/23 01:23:09 intent_moe.go:349: Step 8: Predicted ID 17 (EOS: 34)
2025/11/23 01:23:09 intent_moe.go:349: Step 9: Predicted ID 13 (EOS: 34)
2025/11/23 01:23:09 intent_moe.go:349: Step 10: Predicted ID 17 (EOS: 34)
2025/11/23 01:23:09 intent_moe.go:349: Step 11: Predicted ID 17 (EOS: 34)
2025/11/23 01:23:09 intent_moe.go:349: Step 12: Predicted ID 17 (EOS: 34)
2025/11/23 01:23:09 intent_moe.go:349: Step 13: Predicted ID 17 (EOS: 34)
2025/11/23 01:23:09 intent_moe.go:349: Step 14: Predicted ID 17 (EOS: 34)
2025/11/23 01:23:09 intent_moe.go:349: Step 15: Predicted ID 17 (EOS: 34)
2025/11/23 01:23:09 intent_moe.go:349: Step 16: Predicted ID 30 (EOS: 34)
2025/11/23 01:23:09 intent_moe.go:349: Step 17: Predicted ID 17 (EOS: 34)
2025/11/23 01:23:09 intent_moe.go:349: Step 18: Predicted ID 30 (EOS: 34)
2025/11/23 01:23:09 intent_moe.go:349: Step 19: Predicted ID 17 (EOS: 34)
2025/11/23 01:23:09 intent_moe.go:349: Step 20: Predicted ID 17 (EOS: 34)
2025/11/23 01:23:09 intent_moe.go:349: Step 21: Predicted ID 17 (EOS: 34)
2025/11/23 01:23:09 intent_moe.go:349: Step 22: Predicted ID 17 (EOS: 34)
2025/11/23 01:23:09 intent_moe.go:349: Step 23: Predicted ID 17 (EOS: 34)
2025/11/23 01:23:09 intent_moe.go:349: Step 24: Predicted ID 17 (EOS: 34)
2025/11/23 01:23:09 intent_moe.go:349: Step 25: Predicted ID 17 (EOS: 34)
2025/11/23 01:23:09 intent_moe.go:349: Step 26: Predicted ID 17 (EOS: 34)
2025/11/23 01:23:09 intent_moe.go:349: Step 27: Predicted ID 13 (EOS: 34)
2025/11/23 01:23:09 intent_moe.go:349: Step 28: Predicted ID 17 (EOS: 34)
2025/11/23 01:23:09 intent_moe.go:349: Step 29: Predicted ID 17 (EOS: 34)
2025/11/23 01:23:09 intent_moe.go:349: Step 30: Predicted ID 17 (EOS: 34)
2025/11/23 01:23:09 intent_moe.go:349: Step 31: Predicted ID 17 (EOS: 34)
2025/11/23 01:23:09 main.go:285: Guessed semantic output: . user_role user_role ./]./ ./ ./ ./ name ./ ./ ./ ./ ./ ./]./]./ ./ ./ ./ ./ ./ ./ ./ name ./ ./ ./ ./
2025/11/23 01:23:09 main.go:288: Target semantic output: {"operation":"Create","target_resource":{"type":"Filesystem::Folder","name":"logs","properties":{"path":"/home/user"}},"context":{"user_role":"admin"}}
2025/11/23 01:23:54 intent_moe.go:349: Step 0: Predicted ID 39 (EOS: 34)
2025/11/23 01:23:54 intent_moe.go:349: Step 1: Predicted ID 17 (EOS: 34)
2025/11/23 01:23:54 intent_moe.go:349: Step 2: Predicted ID 13 (EOS: 34)
2025/11/23 01:23:54 intent_moe.go:349: Step 3: Predicted ID 17 (EOS: 34)
2025/11/23 01:23:54 intent_moe.go:349: Step 4: Predicted ID 13 (EOS: 34)
2025/11/23 01:23:54 intent_moe.go:349: Step 5: Predicted ID 13 (EOS: 34)
2025/11/23 01:23:54 intent_moe.go:349: Step 6: Predicted ID 17 (EOS: 34)
2025/11/23 01:23:54 intent_moe.go:349: Step 7: Predicted ID 17 (EOS: 34)
2025/11/23 01:23:54 intent_moe.go:349: Step 8: Predicted ID 17 (EOS: 34)
2025/11/23 01:23:54 intent_moe.go:349: Step 9: Predicted ID 17 (EOS: 34)
2025/11/23 01:23:54 intent_moe.go:349: Step 10: Predicted ID 13 (EOS: 34)
2025/11/23 01:23:54 intent_moe.go:349: Step 11: Predicted ID 13 (EOS: 34)
2025/11/23 01:23:54 intent_moe.go:349: Step 12: Predicted ID 17 (EOS: 34)
2025/11/23 01:23:54 intent_moe.go:349: Step 13: Predicted ID 17 (EOS: 34)
2025/11/23 01:23:54 intent_moe.go:349: Step 14: Predicted ID 13 (EOS: 34)
2025/11/23 01:23:54 intent_moe.go:349: Step 15: Predicted ID 31 (EOS: 34)
2025/11/23 01:23:54 intent_moe.go:349: Step 16: Predicted ID 32 (EOS: 34)
2025/11/23 01:23:54 intent_moe.go:349: Step 17: Predicted ID 32 (EOS: 34)
2025/11/23 01:23:54 intent_moe.go:349: Step 18: Predicted ID 32 (EOS: 34)
2025/11/23 01:23:54 intent_moe.go:349: Step 19: Predicted ID 32 (EOS: 34)
2025/11/23 01:23:54 intent_moe.go:349: Step 20: Predicted ID 32 (EOS: 34)
2025/11/23 01:23:54 intent_moe.go:349: Step 21: Predicted ID 17 (EOS: 34)
2025/11/23 01:23:54 intent_moe.go:349: Step 22: Predicted ID 17 (EOS: 34)
2025/11/23 01:23:54 intent_moe.go:349: Step 23: Predicted ID 17 (EOS: 34)
2025/11/23 01:23:54 intent_moe.go:349: Step 24: Predicted ID 17 (EOS: 34)
2025/11/23 01:23:54 intent_moe.go:349: Step 25: Predicted ID 17 (EOS: 34)
2025/11/23 01:23:54 intent_moe.go:349: Step 26: Predicted ID 17 (EOS: 34)
2025/11/23 01:23:54 intent_moe.go:349: Step 27: Predicted ID 17 (EOS: 34)
2025/11/23 01:23:54 intent_moe.go:349: Step 28: Predicted ID 17 (EOS: 34)
2025/11/23 01:23:54 intent_moe.go:349: Step 29: Predicted ID 30 (EOS: 34)
2025/11/23 01:23:54 intent_moe.go:349: Step 30: Predicted ID 17 (EOS: 34)
2025/11/23 01:23:54 intent_moe.go:349: Step 31: Predicted ID 17 (EOS: 34)
2025/11/23 01:23:54 main.go:285: Guessed semantic output: . ./ name ./ name name ./ ./ ./ ./ name name ./ ./ name context user_role user_role user_role user_role user_role ./ ./ ./ ./ ./ ./ ./ ./]./ ./
2025/11/23 01:23:54 main.go:288: Target semantic output: {"operation":"Create","target_resource":{"type":"Filesystem::Folder","name":"media","properties":{"path":"./config"}},"context":{"user_role":"admin"}}
2025/11/23 01:24:43 intent_moe.go:349: Step 0: Predicted ID 39 (EOS: 34)
2025/11/23 01:24:43 intent_moe.go:349: Step 1: Predicted ID 32 (EOS: 34)
2025/11/23 01:24:43 intent_moe.go:349: Step 2: Predicted ID 32 (EOS: 34)
2025/11/23 01:24:43 intent_moe.go:349: Step 3: Predicted ID 32 (EOS: 34)
2025/11/23 01:24:43 intent_moe.go:349: Step 4: Predicted ID 32 (EOS: 34)
2025/11/23 01:24:43 intent_moe.go:349: Step 5: Predicted ID 32 (EOS: 34)
2025/11/23 01:24:43 intent_moe.go:349: Step 6: Predicted ID 32 (EOS: 34)
2025/11/23 01:24:43 intent_moe.go:349: Step 7: Predicted ID 32 (EOS: 34)
2025/11/23 01:24:43 intent_moe.go:349: Step 8: Predicted ID 17 (EOS: 34)
2025/11/23 01:24:43 intent_moe.go:349: Step 9: Predicted ID 17 (EOS: 34)
2025/11/23 01:24:43 intent_moe.go:349: Step 10: Predicted ID 17 (EOS: 34)
2025/11/23 01:24:43 intent_moe.go:349: Step 11: Predicted ID 30 (EOS: 34)
2025/11/23 01:24:43 intent_moe.go:349: Step 12: Predicted ID 7 (EOS: 34)
2025/11/23 01:24:43 intent_moe.go:349: Step 13: Predicted ID 17 (EOS: 34)
2025/11/23 01:24:43 intent_moe.go:349: Step 14: Predicted ID 17 (EOS: 34)
2025/11/23 01:24:43 intent_moe.go:349: Step 15: Predicted ID 17 (EOS: 34)
2025/11/23 01:24:43 intent_moe.go:349: Step 16: Predicted ID 17 (EOS: 34)
2025/11/23 01:24:43 intent_moe.go:349: Step 17: Predicted ID 17 (EOS: 34)
2025/11/23 01:24:43 intent_moe.go:349: Step 18: Predicted ID 17 (EOS: 34)
2025/11/23 01:24:43 intent_moe.go:349: Step 19: Predicted ID 17 (EOS: 34)
2025/11/23 01:24:43 intent_moe.go:349: Step 20: Predicted ID 17 (EOS: 34)
2025/11/23 01:24:43 intent_moe.go:349: Step 21: Predicted ID 17 (EOS: 34)
2025/11/23 01:24:43 intent_moe.go:349: Step 22: Predicted ID 17 (EOS: 34)
2025/11/23 01:24:43 intent_moe.go:349: Step 23: Predicted ID 17 (EOS: 34)
2025/11/23 01:24:43 intent_moe.go:349: Step 24: Predicted ID 17 (EOS: 34)
2025/11/23 01:24:43 intent_moe.go:349: Step 25: Predicted ID 17 (EOS: 34)
2025/11/23 01:24:43 intent_moe.go:349: Step 26: Predicted ID 17 (EOS: 34)
2025/11/23 01:24:43 intent_moe.go:349: Step 27: Predicted ID 17 (EOS: 34)
2025/11/23 01:24:43 intent_moe.go:349: Step 28: Predicted ID 17 (EOS: 34)
2025/11/23 01:24:43 intent_moe.go:349: Step 29: Predicted ID 17 (EOS: 34)
2025/11/23 01:24:43 intent_moe.go:349: Step 30: Predicted ID 17 (EOS: 34)
2025/11/23 01:24:43 intent_moe.go:349: Step 31: Predicted ID 17 (EOS: 34)
2025/11/23 01:24:43 main.go:285: Guessed semantic output: . user_role user_role user_role user_role user_role user_role user_role ./ ./ ./]Create ./ ./ ./ ./ ./ ./ ./ ./ ./ ./ ./ ./ ./ ./ ./ ./ ./ ./ ./
2025/11/23 01:24:43 main.go:288: Target semantic output: {"operation":"Create","target_resource":{"type":"Filesystem::Folder","name":"shared","properties":{"path":"./data"}},"context":{"user_role":"admin"}}
2025/11/23 01:25:36 intent_moe.go:349: Step 0: Predicted ID 39 (EOS: 34)
2025/11/23 01:25:36 intent_moe.go:349: Step 1: Predicted ID 7 (EOS: 34)
2025/11/23 01:25:36 intent_moe.go:349: Step 2: Predicted ID 17 (EOS: 34)
2025/11/23 01:25:36 intent_moe.go:349: Step 3: Predicted ID 30 (EOS: 34)
2025/11/23 01:25:36 intent_moe.go:349: Step 4: Predicted ID 17 (EOS: 34)
2025/11/23 01:25:36 intent_moe.go:349: Step 5: Predicted ID 17 (EOS: 34)
2025/11/23 01:25:36 intent_moe.go:349: Step 6: Predicted ID 17 (EOS: 34)
2025/11/23 01:25:36 intent_moe.go:349: Step 7: Predicted ID 17 (EOS: 34)
2025/11/23 01:25:36 intent_moe.go:349: Step 8: Predicted ID 17 (EOS: 34)
2025/11/23 01:25:36 intent_moe.go:349: Step 9: Predicted ID 30 (EOS: 34)
2025/11/23 01:25:36 intent_moe.go:349: Step 10: Predicted ID 30 (EOS: 34)
2025/11/23 01:25:36 intent_moe.go:349: Step 11: Predicted ID 30 (EOS: 34)
2025/11/23 01:25:36 intent_moe.go:349: Step 12: Predicted ID 17 (EOS: 34)
2025/11/23 01:25:36 intent_moe.go:349: Step 13: Predicted ID 17 (EOS: 34)
2025/11/23 01:25:36 intent_moe.go:349: Step 14: Predicted ID 30 (EOS: 34)
2025/11/23 01:25:36 intent_moe.go:349: Step 15: Predicted ID 30 (EOS: 34)
2025/11/23 01:25:36 intent_moe.go:349: Step 16: Predicted ID 39 (EOS: 34)
2025/11/23 01:25:36 intent_moe.go:349: Step 17: Predicted ID 17 (EOS: 34)
2025/11/23 01:25:36 intent_moe.go:349: Step 18: Predicted ID 30 (EOS: 34)
2025/11/23 01:25:36 intent_moe.go:349: Step 19: Predicted ID 17 (EOS: 34)
2025/11/23 01:25:36 intent_moe.go:349: Step 20: Predicted ID 17 (EOS: 34)
2025/11/23 01:25:36 intent_moe.go:349: Step 21: Predicted ID 17 (EOS: 34)
2025/11/23 01:25:36 intent_moe.go:349: Step 22: Predicted ID 13 (EOS: 34)
2025/11/23 01:25:36 intent_moe.go:349: Step 23: Predicted ID 17 (EOS: 34)
2025/11/23 01:25:36 intent_moe.go:349: Step 24: Predicted ID 13 (EOS: 34)
2025/11/23 01:25:36 intent_moe.go:349: Step 25: Predicted ID 17 (EOS: 34)
2025/11/23 01:25:36 intent_moe.go:349: Step 26: Predicted ID 17 (EOS: 34)
2025/11/23 01:25:36 intent_moe.go:349: Step 27: Predicted ID 17 (EOS: 34)
2025/11/23 01:25:36 intent_moe.go:349: Step 28: Predicted ID 17 (EOS: 34)
2025/11/23 01:25:36 intent_moe.go:349: Step 29: Predicted ID 17 (EOS: 34)
2025/11/23 01:25:36 intent_moe.go:349: Step 30: Predicted ID 17 (EOS: 34)
2025/11/23 01:25:36 intent_moe.go:349: Step 31: Predicted ID 17 (EOS: 34)
2025/11/23 01:25:36 main.go:285: Guessed semantic output: . Create ./]./ ./ ./ ./ ./]]]./ ./]]. ./]./ ./ ./ name ./ name ./ ./ ./ ./ ./ ./ ./
2025/11/23 01:25:36 main.go:288: Target semantic output: {"operation":"Create","target_resource":{"type":"Filesystem::Folder","name":"cache","properties":{"path":"./backend"}},"context":{"user_role":"admin"}}
2025/11/23 01:26:29 intent_moe.go:349: Step 0: Predicted ID 39 (EOS: 34)
2025/11/23 01:26:29 intent_moe.go:349: Step 1: Predicted ID 17 (EOS: 34)
2025/11/23 01:26:29 intent_moe.go:349: Step 2: Predicted ID 30 (EOS: 34)
2025/11/23 01:26:29 intent_moe.go:349: Step 3: Predicted ID 17 (EOS: 34)
2025/11/23 01:26:29 intent_moe.go:349: Step 4: Predicted ID 17 (EOS: 34)
2025/11/23 01:26:29 intent_moe.go:349: Step 5: Predicted ID 13 (EOS: 34)
2025/11/23 01:26:29 intent_moe.go:349: Step 6: Predicted ID 13 (EOS: 34)
2025/11/23 01:26:29 intent_moe.go:349: Step 7: Predicted ID 31 (EOS: 34)
2025/11/23 01:26:29 intent_moe.go:349: Step 8: Predicted ID 32 (EOS: 34)
2025/11/23 01:26:29 intent_moe.go:349: Step 9: Predicted ID 32 (EOS: 34)
2025/11/23 01:26:29 intent_moe.go:349: Step 10: Predicted ID 32 (EOS: 34)
2025/11/23 01:26:29 intent_moe.go:349: Step 11: Predicted ID 32 (EOS: 34)
2025/11/23 01:26:29 intent_moe.go:349: Step 12: Predicted ID 17 (EOS: 34)
2025/11/23 01:26:29 intent_moe.go:349: Step 13: Predicted ID 17 (EOS: 34)
2025/11/23 01:26:29 intent_moe.go:349: Step 14: Predicted ID 17 (EOS: 34)
2025/11/23 01:26:29 intent_moe.go:349: Step 15: Predicted ID 17 (EOS: 34)
2025/11/23 01:26:29 intent_moe.go:349: Step 16: Predicted ID 17 (EOS: 34)
2025/11/23 01:26:29 intent_moe.go:349: Step 17: Predicted ID 13 (EOS: 34)
2025/11/23 01:26:29 intent_moe.go:349: Step 18: Predicted ID 31 (EOS: 34)
2025/11/23 01:26:29 intent_moe.go:349: Step 19: Predicted ID 32 (EOS: 34)
2025/11/23 01:26:29 intent_moe.go:349: Step 20: Predicted ID 32 (EOS: 34)
2025/11/23 01:26:29 intent_moe.go:349: Step 21: Predicted ID 17 (EOS: 34)
2025/11/23 01:26:29 intent_moe.go:349: Step 22: Predicted ID 17 (EOS: 34)
2025/11/23 01:26:29 intent_moe.go:349: Step 23: Predicted ID 17 (EOS: 34)
2025/11/23 01:26:29 intent_moe.go:349: Step 24: Predicted ID 17 (EOS: 34)
2025/11/23 01:26:29 intent_moe.go:349: Step 25: Predicted ID 17 (EOS: 34)
2025/11/23 01:26:29 intent_moe.go:349: Step 26: Predicted ID 30 (EOS: 34)
2025/11/23 01:26:29 intent_moe.go:349: Step 27: Predicted ID 17 (EOS: 34)
2025/11/23 01:26:29 intent_moe.go:349: Step 28: Predicted ID 30 (EOS: 34)
2025/11/23 01:26:29 intent_moe.go:349: Step 29: Predicted ID 17 (EOS: 34)
2025/11/23 01:26:29 intent_moe.go:349: Step 30: Predicted ID 30 (EOS: 34)
2025/11/23 01:26:29 intent_moe.go:349: Step 31: Predicted ID 17 (EOS: 34)
2025/11/23 01:26:29 main.go:285: Guessed semantic output: . ./]./ ./ name name context user_role user_role user_role user_role ./ ./ ./ ./ ./ name context user_role user_role ./ ./ ./ ./ ./]./]./]./
2025/11/23 01:26:29 main.go:288: Target semantic output: {"operation":"Create","target_resource":{"type":"Filesystem::File","name":"Makefile","properties":{"path":"./src"}},"context":{"user_role":"admin"}}
2025/11/23 01:27:28 intent_moe.go:349: Step 0: Predicted ID 19 (EOS: 34)
2025/11/23 01:27:28 intent_moe.go:349: Step 1: Predicted ID 23 (EOS: 34)
2025/11/23 01:27:28 intent_moe.go:349: Step 2: Predicted ID 23 (EOS: 34)
2025/11/23 01:27:28 intent_moe.go:349: Step 3: Predicted ID 17 (EOS: 34)
2025/11/23 01:27:28 intent_moe.go:349: Step 4: Predicted ID 17 (EOS: 34)
2025/11/23 01:27:28 intent_moe.go:349: Step 5: Predicted ID 17 (EOS: 34)
2025/11/23 01:27:28 intent_moe.go:349: Step 6: Predicted ID 30 (EOS: 34)
2025/11/23 01:27:28 intent_moe.go:349: Step 7: Predicted ID 30 (EOS: 34)
2025/11/23 01:27:28 intent_moe.go:349: Step 8: Predicted ID 17 (EOS: 34)
2025/11/23 01:27:28 intent_moe.go:349: Step 9: Predicted ID 30 (EOS: 34)
2025/11/23 01:27:28 intent_moe.go:349: Step 10: Predicted ID 17 (EOS: 34)
2025/11/23 01:27:28 intent_moe.go:349: Step 11: Predicted ID 17 (EOS: 34)
2025/11/23 01:27:28 intent_moe.go:349: Step 12: Predicted ID 17 (EOS: 34)
2025/11/23 01:27:28 intent_moe.go:349: Step 13: Predicted ID 30 (EOS: 34)
2025/11/23 01:27:28 intent_moe.go:349: Step 14: Predicted ID 17 (EOS: 34)
2025/11/23 01:27:28 intent_moe.go:349: Step 15: Predicted ID 30 (EOS: 34)
2025/11/23 01:27:28 intent_moe.go:349: Step 16: Predicted ID 17 (EOS: 34)
2025/11/23 01:27:28 intent_moe.go:349: Step 17: Predicted ID 17 (EOS: 34)
2025/11/23 01:27:28 intent_moe.go:349: Step 18: Predicted ID 30 (EOS: 34)
2025/11/23 01:27:28 intent_moe.go:349: Step 19: Predicted ID 17 (EOS: 34)
2025/11/23 01:27:28 intent_moe.go:349: Step 20: Predicted ID 17 (EOS: 34)
2025/11/23 01:27:28 intent_moe.go:349: Step 21: Predicted ID 17 (EOS: 34)
2025/11/23 01:27:28 intent_moe.go:349: Step 22: Predicted ID 17 (EOS: 34)
2025/11/23 01:27:28 intent_moe.go:349: Step 23: Predicted ID 17 (EOS: 34)
2025/11/23 01:27:28 intent_moe.go:349: Step 24: Predicted ID 13 (EOS: 34)
2025/11/23 01:27:28 intent_moe.go:349: Step 25: Predicted ID 17 (EOS: 34)
2025/11/23 01:27:28 intent_moe.go:349: Step 26: Predicted ID 17 (EOS: 34)
2025/11/23 01:27:28 intent_moe.go:349: Step 27: Predicted ID 30 (EOS: 34)
2025/11/23 01:27:28 intent_moe.go:349: Step 28: Predicted ID 30 (EOS: 34)
2025/11/23 01:27:28 intent_moe.go:349: Step 29: Predicted ID 17 (EOS: 34)
2025/11/23 01:27:28 intent_moe.go:349: Step 30: Predicted ID 30 (EOS: 34)
2025/11/23 01:27:28 intent_moe.go:349: Step 31: Predicted ID 17 (EOS: 34)
2025/11/23 01:27:28 main.go:285: Guessed semantic output: children jill jill ./ ./ ./]]./]./ ./ ./]./]./ ./]./ ./ ./ ./ ./ name ./ ./]]./]./
2025/11/23 01:27:28 main.go:288: Target semantic output: {"operation":"Create","target_resource":{"type":"Filesystem::File","name":"types.go","properties":{"path":"./src"}},"context":{"user_role":"admin"}}
2025/11/23 01:27:28 main.go:154: Epoch 1, Average Loss: 84.487370
2025/11/23 01:27:28 main.go:115: Epoch 2/5 (Scheduled Sampling: 10.0%)
2025/11/23 01:28:29 intent_moe.go:349: Step 0: Predicted ID 19 (EOS: 34)
2025/11/23 01:28:29 intent_moe.go:349: Step 1: Predicted ID 23 (EOS: 34)
2025/11/23 01:28:29 intent_moe.go:349: Step 2: Predicted ID 17 (EOS: 34)
2025/11/23 01:28:29 intent_moe.go:349: Step 3: Predicted ID 17 (EOS: 34)
2025/11/23 01:28:29 intent_moe.go:349: Step 4: Predicted ID 17 (EOS: 34)
2025/11/23 01:28:29 intent_moe.go:349: Step 5: Predicted ID 17 (EOS: 34)
2025/11/23 01:28:29 intent_moe.go:349: Step 6: Predicted ID 30 (EOS: 34)
2025/11/23 01:28:29 intent_moe.go:349: Step 7: Predicted ID 17 (EOS: 34)
2025/11/23 01:28:29 intent_moe.go:349: Step 8: Predicted ID 17 (EOS: 34)
2025/11/23 01:28:29 intent_moe.go:349: Step 9: Predicted ID 17 (EOS: 34)
2025/11/23 01:28:29 intent_moe.go:349: Step 10: Predicted ID 17 (EOS: 34)
2025/11/23 01:28:29 intent_moe.go:349: Step 11: Predicted ID 17 (EOS: 34)
2025/11/23 01:28:29 intent_moe.go:349: Step 12: Predicted ID 30 (EOS: 34)
2025/11/23 01:28:29 intent_moe.go:349: Step 13: Predicted ID 30 (EOS: 34)
2025/11/23 01:28:29 intent_moe.go:349: Step 14: Predicted ID 17 (EOS: 34)
2025/11/23 01:28:29 intent_moe.go:349: Step 15: Predicted ID 17 (EOS: 34)
2025/11/23 01:28:30 intent_moe.go:349: Step 16: Predicted ID 30 (EOS: 34)
2025/11/23 01:28:30 intent_moe.go:349: Step 17: Predicted ID 17 (EOS: 34)
2025/11/23 01:28:30 intent_moe.go:349: Step 18: Predicted ID 17 (EOS: 34)
2025/11/23 01:28:30 intent_moe.go:349: Step 19: Predicted ID 17 (EOS: 34)
2025/11/23 01:28:30 intent_moe.go:349: Step 20: Predicted ID 17 (EOS: 34)
2025/11/23 01:28:30 intent_moe.go:349: Step 21: Predicted ID 17 (EOS: 34)
2025/11/23 01:28:30 intent_moe.go:349: Step 22: Predicted ID 30 (EOS: 34)
2025/11/23 01:28:30 intent_moe.go:349: Step 23: Predicted ID 17 (EOS: 34)
2025/11/23 01:28:30 intent_moe.go:349: Step 24: Predicted ID 17 (EOS: 34)
2025/11/23 01:28:30 intent_moe.go:349: Step 25: Predicted ID 13 (EOS: 34)
2025/11/23 01:28:30 intent_moe.go:349: Step 26: Predicted ID 17 (EOS: 34)
2025/11/23 01:28:30 intent_moe.go:349: Step 27: Predicted ID 17 (EOS: 34)
2025/11/23 01:28:30 intent_moe.go:349: Step 28: Predicted ID 17 (EOS: 34)
2025/11/23 01:28:30 intent_moe.go:349: Step 29: Predicted ID 17 (EOS: 34)
2025/11/23 01:28:30 intent_moe.go:349: Step 30: Predicted ID 17 (EOS: 34)
2025/11/23 01:28:30 intent_moe.go:349: Step 31: Predicted ID 17 (EOS: 34)
2025/11/23 01:28:30 main.go:285: Guessed semantic output: children jill ./ ./ ./ ./]./ ./ ./ ./ ./]]./ ./]./ ./ ./ ./ ./]./ ./ name ./ ./ ./ ./ ./ ./
2025/11/23 01:28:30 main.go:288: Target semantic output: {"operation":"Create","target_resource":{"type":"Filesystem::Folder","name":"test","properties":{"path":"./"}},"context":{"user_role":"admin"}}
2025/11/23 01:29:28 intent_moe.go:349: Step 0: Predicted ID 19 (EOS: 34)
2025/11/23 01:29:28 intent_moe.go:349: Step 1: Predicted ID 23 (EOS: 34)
2025/11/23 01:29:28 intent_moe.go:349: Step 2: Predicted ID 13 (EOS: 34)
2025/11/23 01:29:28 intent_moe.go:349: Step 3: Predicted ID 31 (EOS: 34)
2025/11/23 01:29:28 intent_moe.go:349: Step 4: Predicted ID 33 (EOS: 34)
2025/11/23 01:29:28 intent_moe.go:349: Step 5: Predicted ID 39 (EOS: 34)
2025/11/23 01:29:28 intent_moe.go:349: Step 6: Predicted ID 17 (EOS: 34)
2025/11/23 01:29:28 intent_moe.go:349: Step 7: Predicted ID 17 (EOS: 34)
2025/11/23 01:29:28 intent_moe.go:349: Step 8: Predicted ID 17 (EOS: 34)
2025/11/23 01:29:28 intent_moe.go:349: Step 9: Predicted ID 17 (EOS: 34)
2025/11/23 01:29:28 intent_moe.go:349: Step 10: Predicted ID 13 (EOS: 34)
2025/11/23 01:29:28 intent_moe.go:349: Step 11: Predicted ID 17 (EOS: 34)
2025/11/23 01:29:28 intent_moe.go:349: Step 12: Predicted ID 17 (EOS: 34)
2025/11/23 01:29:28 intent_moe.go:349: Step 13: Predicted ID 17 (EOS: 34)
2025/11/23 01:29:28 intent_moe.go:349: Step 14: Predicted ID 13 (EOS: 34)
2025/11/23 01:29:28 intent_moe.go:349: Step 15: Predicted ID 17 (EOS: 34)
2025/11/23 01:29:28 intent_moe.go:349: Step 16: Predicted ID 17 (EOS: 34)
2025/11/23 01:29:28 intent_moe.go:349: Step 17: Predicted ID 17 (EOS: 34)
2025/11/23 01:29:28 intent_moe.go:349: Step 18: Predicted ID 17 (EOS: 34)
2025/11/23 01:29:28 intent_moe.go:349: Step 19: Predicted ID 30 (EOS: 34)
2025/11/23 01:29:28 intent_moe.go:349: Step 20: Predicted ID 17 (EOS: 34)
2025/11/23 01:29:28 intent_moe.go:349: Step 21: Predicted ID 17 (EOS: 34)
2025/11/23 01:29:28 intent_moe.go:349: Step 22: Predicted ID 30 (EOS: 34)
2025/11/23 01:29:28 intent_moe.go:349: Step 23: Predicted ID 30 (EOS: 34)
2025/11/23 01:29:28 intent_moe.go:349: Step 24: Predicted ID 7 (EOS: 34)
2025/11/23 01:29:28 intent_moe.go:349: Step 25: Predicted ID 17 (EOS: 34)
2025/11/23 01:29:28 intent_moe.go:349: Step 26: Predicted ID 17 (EOS: 34)
2025/11/23 01:29:28 intent_moe.go:349: Step 27: Predicted ID 17 (EOS: 34)
2025/11/23 01:29:28 intent_moe.go:349: Step 28: Predicted ID 30 (EOS: 34)
2025/11/23 01:29:28 intent_moe.go:349: Step 29: Predicted ID 17 (EOS: 34)
2025/11/23 01:29:28 intent_moe.go:349: Step 30: Predicted ID 17 (EOS: 34)
2025/11/23 01:29:28 intent_moe.go:349: Step 31: Predicted ID 17 (EOS: 34)
2025/11/23 01:29:28 main.go:285: Guessed semantic output: children jill name context admin . ./ ./ ./ ./ name ./ ./ ./ name ./ ./ ./ ./]./ ./]]Create ./ ./ ./]./ ./ ./
2025/11/23 01:29:28 main.go:288: Target semantic output: {"operation":"Create","target_resource":{"type":"Filesystem::Folder","name":"logs","properties":{"path":"/home/user"}},"context":{"user_role":"admin"}}
2025/11/23 01:30:26 intent_moe.go:349: Step 0: Predicted ID 38 (EOS: 34)
2025/11/23 01:30:26 intent_moe.go:349: Step 1: Predicted ID 7 (EOS: 34)
2025/11/23 01:30:26 intent_moe.go:349: Step 2: Predicted ID 17 (EOS: 34)
2025/11/23 01:30:26 intent_moe.go:349: Step 3: Predicted ID 17 (EOS: 34)
2025/11/23 01:30:26 intent_moe.go:349: Step 4: Predicted ID 17 (EOS: 34)
2025/11/23 01:30:26 intent_moe.go:349: Step 5: Predicted ID 17 (EOS: 34)
2025/11/23 01:30:26 intent_moe.go:349: Step 6: Predicted ID 17 (EOS: 34)
2025/11/23 01:30:26 intent_moe.go:349: Step 7: Predicted ID 30 (EOS: 34)
2025/11/23 01:30:26 intent_moe.go:349: Step 8: Predicted ID 17 (EOS: 34)
2025/11/23 01:30:26 intent_moe.go:349: Step 9: Predicted ID 17 (EOS: 34)
2025/11/23 01:30:26 intent_moe.go:349: Step 10: Predicted ID 30 (EOS: 34)
2025/11/23 01:30:26 intent_moe.go:349: Step 11: Predicted ID 17 (EOS: 34)
2025/11/23 01:30:26 intent_moe.go:349: Step 12: Predicted ID 30 (EOS: 34)
2025/11/23 01:30:26 intent_moe.go:349: Step 13: Predicted ID 17 (EOS: 34)
2025/11/23 01:30:26 intent_moe.go:349: Step 14: Predicted ID 17 (EOS: 34)
2025/11/23 01:30:26 intent_moe.go:349: Step 15: Predicted ID 17 (EOS: 34)
2025/11/23 01:30:26 intent_moe.go:349: Step 16: Predicted ID 30 (EOS: 34)
2025/11/23 01:30:26 intent_moe.go:349: Step 17: Predicted ID 30 (EOS: 34)
2025/11/23 01:30:26 intent_moe.go:349: Step 18: Predicted ID 7 (EOS: 34)
2025/11/23 01:30:26 intent_moe.go:349: Step 19: Predicted ID 17 (EOS: 34)
2025/11/23 01:30:26 intent_moe.go:349: Step 20: Predicted ID 17 (EOS: 34)
2025/11/23 01:30:26 intent_moe.go:349: Step 21: Predicted ID 17 (EOS: 34)
2025/11/23 01:30:26 intent_moe.go:349: Step 22: Predicted ID 17 (EOS: 34)
2025/11/23 01:30:26 intent_moe.go:349: Step 23: Predicted ID 17 (EOS: 34)
2025/11/23 01:30:26 intent_moe.go:349: Step 24: Predicted ID 13 (EOS: 34)
2025/11/23 01:30:26 intent_moe.go:349: Step 25: Predicted ID 17 (EOS: 34)
2025/11/23 01:30:26 intent_moe.go:349: Step 26: Predicted ID 17 (EOS: 34)
2025/11/23 01:30:26 intent_moe.go:349: Step 27: Predicted ID 30 (EOS: 34)
2025/11/23 01:30:26 intent_moe.go:349: Step 28: Predicted ID 17 (EOS: 34)
2025/11/23 01:30:26 intent_moe.go:349: Step 29: Predicted ID 17 (EOS: 34)
2025/11/23 01:30:26 intent_moe.go:349: Step 30: Predicted ID 17 (EOS: 34)
2025/11/23 01:30:26 intent_moe.go:349: Step 31: Predicted ID 17 (EOS: 34)
2025/11/23 01:30:26 main.go:285: Guessed semantic output: Read Create ./ ./ ./ ./ ./]./ ./]./]./ ./ ./]]Create ./ ./ ./ ./ ./ name ./ ./]./ ./ ./ ./
2025/11/23 01:30:26 main.go:288: Target semantic output: {"operation":"Create","target_resource":{"type":"Filesystem::Folder","name":"media","properties":{"path":"./config"}},"context":{"user_role":"admin"}}
2025/11/23 01:31:24 intent_moe.go:349: Step 0: Predicted ID 19 (EOS: 34)
2025/11/23 01:31:24 intent_moe.go:349: Step 1: Predicted ID 23 (EOS: 34)
2025/11/23 01:31:24 intent_moe.go:349: Step 2: Predicted ID 23 (EOS: 34)
2025/11/23 01:31:24 intent_moe.go:349: Step 3: Predicted ID 23 (EOS: 34)
2025/11/23 01:31:24 intent_moe.go:349: Step 4: Predicted ID 17 (EOS: 34)
2025/11/23 01:31:24 intent_moe.go:349: Step 5: Predicted ID 17 (EOS: 34)
2025/11/23 01:31:24 intent_moe.go:349: Step 6: Predicted ID 13 (EOS: 34)
2025/11/23 01:31:24 intent_moe.go:349: Step 7: Predicted ID 17 (EOS: 34)
2025/11/23 01:31:24 intent_moe.go:349: Step 8: Predicted ID 17 (EOS: 34)
2025/11/23 01:31:24 intent_moe.go:349: Step 9: Predicted ID 17 (EOS: 34)
2025/11/23 01:31:24 intent_moe.go:349: Step 10: Predicted ID 17 (EOS: 34)
2025/11/23 01:31:24 intent_moe.go:349: Step 11: Predicted ID 30 (EOS: 34)
2025/11/23 01:31:24 intent_moe.go:349: Step 12: Predicted ID 17 (EOS: 34)
2025/11/23 01:31:24 intent_moe.go:349: Step 13: Predicted ID 17 (EOS: 34)
2025/11/23 01:31:24 intent_moe.go:349: Step 14: Predicted ID 17 (EOS: 34)
2025/11/23 01:31:24 intent_moe.go:349: Step 15: Predicted ID 30 (EOS: 34)
2025/11/23 01:31:24 intent_moe.go:349: Step 16: Predicted ID 17 (EOS: 34)
2025/11/23 01:31:24 intent_moe.go:349: Step 17: Predicted ID 17 (EOS: 34)
2025/11/23 01:31:24 intent_moe.go:349: Step 18: Predicted ID 17 (EOS: 34)
2025/11/23 01:31:24 intent_moe.go:349: Step 19: Predicted ID 30 (EOS: 34)
2025/11/23 01:31:24 intent_moe.go:349: Step 20: Predicted ID 17 (EOS: 34)
2025/11/23 01:31:24 intent_moe.go:349: Step 21: Predicted ID 17 (EOS: 34)
2025/11/23 01:31:24 intent_moe.go:349: Step 22: Predicted ID 17 (EOS: 34)
2025/11/23 01:31:24 intent_moe.go:349: Step 23: Predicted ID 13 (EOS: 34)
2025/11/23 01:31:24 intent_moe.go:349: Step 24: Predicted ID 17 (EOS: 34)
2025/11/23 01:31:24 intent_moe.go:349: Step 25: Predicted ID 17 (EOS: 34)
2025/11/23 01:31:24 intent_moe.go:349: Step 26: Predicted ID 13 (EOS: 34)
2025/11/23 01:31:24 intent_moe.go:349: Step 27: Predicted ID 17 (EOS: 34)
2025/11/23 01:31:24 intent_moe.go:349: Step 28: Predicted ID 17 (EOS: 34)
2025/11/23 01:31:24 intent_moe.go:349: Step 29: Predicted ID 17 (EOS: 34)
2025/11/23 01:31:24 intent_moe.go:349: Step 30: Predicted ID 30 (EOS: 34)
2025/11/23 01:31:24 intent_moe.go:349: Step 31: Predicted ID 30 (EOS: 34)
2025/11/23 01:31:24 main.go:285: Guessed semantic output: children jill jill jill ./ ./ name ./ ./ ./ ./]./ ./ ./]./ ./ ./]./ ./ ./ name ./ ./ name ./ ./ ./]]
2025/11/23 01:31:24 main.go:288: Target semantic output: {"operation":"Create","target_resource":{"type":"Filesystem::Folder","name":"shared","properties":{"path":"./data"}},"context":{"user_role":"admin"}}
2025/11/23 01:32:23 intent_moe.go:349: Step 0: Predicted ID 39 (EOS: 34)
2025/11/23 01:32:23 intent_moe.go:349: Step 1: Predicted ID 17 (EOS: 34)
2025/11/23 01:32:23 intent_moe.go:349: Step 2: Predicted ID 30 (EOS: 34)
2025/11/23 01:32:23 intent_moe.go:349: Step 3: Predicted ID 17 (EOS: 34)
2025/11/23 01:32:23 intent_moe.go:349: Step 4: Predicted ID 30 (EOS: 34)
2025/11/23 01:32:23 intent_moe.go:349: Step 5: Predicted ID 17 (EOS: 34)
2025/11/23 01:32:23 intent_moe.go:349: Step 6: Predicted ID 17 (EOS: 34)
2025/11/23 01:32:23 intent_moe.go:349: Step 7: Predicted ID 17 (EOS: 34)
2025/11/23 01:32:23 intent_moe.go:349: Step 8: Predicted ID 30 (EOS: 34)
2025/11/23 01:32:23 intent_moe.go:349: Step 9: Predicted ID 17 (EOS: 34)
2025/11/23 01:32:23 intent_moe.go:349: Step 10: Predicted ID 30 (EOS: 34)
2025/11/23 01:32:23 intent_moe.go:349: Step 11: Predicted ID 17 (EOS: 34)
2025/11/23 01:32:23 intent_moe.go:349: Step 12: Predicted ID 30 (EOS: 34)
2025/11/23 01:32:23 intent_moe.go:349: Step 13: Predicted ID 17 (EOS: 34)
2025/11/23 01:32:23 intent_moe.go:349: Step 14: Predicted ID 17 (EOS: 34)
2025/11/23 01:32:23 intent_moe.go:349: Step 15: Predicted ID 17 (EOS: 34)
2025/11/23 01:32:23 intent_moe.go:349: Step 16: Predicted ID 30 (EOS: 34)
2025/11/23 01:32:23 intent_moe.go:349: Step 17: Predicted ID 17 (EOS: 34)
2025/11/23 01:32:23 intent_moe.go:349: Step 18: Predicted ID 17 (EOS: 34)
2025/11/23 01:32:23 intent_moe.go:349: Step 19: Predicted ID 17 (EOS: 34)
2025/11/23 01:32:23 intent_moe.go:349: Step 20: Predicted ID 13 (EOS: 34)
2025/11/23 01:32:23 intent_moe.go:349: Step 21: Predicted ID 17 (EOS: 34)
2025/11/23 01:32:23 intent_moe.go:349: Step 22: Predicted ID 13 (EOS: 34)
2025/11/23 01:32:23 intent_moe.go:349: Step 23: Predicted ID 17 (EOS: 34)
2025/11/23 01:32:23 intent_moe.go:349: Step 24: Predicted ID 13 (EOS: 34)
2025/11/23 01:32:23 intent_moe.go:349: Step 25: Predicted ID 17 (EOS: 34)
2025/11/23 01:32:23 intent_moe.go:349: Step 26: Predicted ID 30 (EOS: 34)
2025/11/23 01:32:23 intent_moe.go:349: Step 27: Predicted ID 17 (EOS: 34)
2025/11/23 01:32:23 intent_moe.go:349: Step 28: Predicted ID 17 (EOS: 34)
2025/11/23 01:32:23 intent_moe.go:349: Step 29: Predicted ID 30 (EOS: 34)
2025/11/23 01:32:23 intent_moe.go:349: Step 30: Predicted ID 17 (EOS: 34)
2025/11/23 01:32:23 intent_moe.go:349: Step 31: Predicted ID 17 (EOS: 34)
2025/11/23 01:32:23 main.go:285: Guessed semantic output: . ./]./]./ ./ ./]./]./]./ ./ ./]./ ./ ./ name ./ name ./ name ./]./ ./]./ ./
2025/11/23 01:32:23 main.go:288: Target semantic output: {"operation":"Create","target_resource":{"type":"Filesystem::Folder","name":"cache","properties":{"path":"./backend"}},"context":{"user_role":"admin"}}
2025/11/23 01:33:22 intent_moe.go:349: Step 0: Predicted ID 39 (EOS: 34)
2025/11/23 01:33:22 intent_moe.go:349: Step 1: Predicted ID 17 (EOS: 34)
2025/11/23 01:33:22 intent_moe.go:349: Step 2: Predicted ID 30 (EOS: 34)
2025/11/23 01:33:22 intent_moe.go:349: Step 3: Predicted ID 17 (EOS: 34)
2025/11/23 01:33:22 intent_moe.go:349: Step 4: Predicted ID 30 (EOS: 34)
2025/11/23 01:33:22 intent_moe.go:349: Step 5: Predicted ID 17 (EOS: 34)
2025/11/23 01:33:22 intent_moe.go:349: Step 6: Predicted ID 17 (EOS: 34)
2025/11/23 01:33:22 intent_moe.go:349: Step 7: Predicted ID 17 (EOS: 34)
2025/11/23 01:33:22 intent_moe.go:349: Step 8: Predicted ID 17 (EOS: 34)
2025/11/23 01:33:22 intent_moe.go:349: Step 9: Predicted ID 17 (EOS: 34)
2025/11/23 01:33:22 intent_moe.go:349: Step 10: Predicted ID 13 (EOS: 34)
2025/11/23 01:33:22 intent_moe.go:349: Step 11: Predicted ID 17 (EOS: 34)
2025/11/23 01:33:22 intent_moe.go:349: Step 12: Predicted ID 17 (EOS: 34)
2025/11/23 01:33:22 intent_moe.go:349: Step 13: Predicted ID 30 (EOS: 34)
2025/11/23 01:33:22 intent_moe.go:349: Step 14: Predicted ID 17 (EOS: 34)
2025/11/23 01:33:22 intent_moe.go:349: Step 15: Predicted ID 30 (EOS: 34)
2025/11/23 01:33:22 intent_moe.go:349: Step 16: Predicted ID 17 (EOS: 34)
2025/11/23 01:33:22 intent_moe.go:349: Step 17: Predicted ID 17 (EOS: 34)
2025/11/23 01:33:22 intent_moe.go:349: Step 18: Predicted ID 17 (EOS: 34)
2025/11/23 01:33:22 intent_moe.go:349: Step 19: Predicted ID 13 (EOS: 34)
2025/11/23 01:33:22 intent_moe.go:349: Step 20: Predicted ID 17 (EOS: 34)
2025/11/23 01:33:22 intent_moe.go:349: Step 21: Predicted ID 13 (EOS: 34)
2025/11/23 01:33:22 intent_moe.go:349: Step 22: Predicted ID 17 (EOS: 34)
2025/11/23 01:33:22 intent_moe.go:349: Step 23: Predicted ID 13 (EOS: 34)
2025/11/23 01:33:22 intent_moe.go:349: Step 24: Predicted ID 13 (EOS: 34)
2025/11/23 01:33:22 intent_moe.go:349: Step 25: Predicted ID 31 (EOS: 34)
2025/11/23 01:33:22 intent_moe.go:349: Step 26: Predicted ID 33 (EOS: 34)
2025/11/23 01:33:22 intent_moe.go:349: Step 27: Predicted ID 39 (EOS: 34)
2025/11/23 01:33:22 intent_moe.go:349: Step 28: Predicted ID 34 (EOS: 34)
2025/11/23 01:33:22 main.go:285: Guessed semantic output: . ./]./]./ ./ ./ ./ ./ name ./ ./]./]./ ./ ./ name ./ name ./ name name context admin .
2025/11/23 01:33:22 main.go:288: Target semantic output: {"operation":"Create","target_resource":{"type":"Filesystem::File","name":"Makefile","properties":{"path":"./src"}},"context":{"user_role":"admin"}}
2025/11/23 01:34:22 intent_moe.go:349: Step 0: Predicted ID 39 (EOS: 34)
2025/11/23 01:34:22 intent_moe.go:349: Step 1: Predicted ID 39 (EOS: 34)
2025/11/23 01:34:22 intent_moe.go:349: Step 2: Predicted ID 34 (EOS: 34)
2025/11/23 01:34:22 main.go:285: Guessed semantic output: . .
2025/11/23 01:34:22 main.go:288: Target semantic output: {"operation":"Create","target_resource":{"type":"Filesystem::File","name":"types.go","properties":{"path":"./src"}},"context":{"user_role":"admin"}}
2025/11/23 01:34:22 main.go:154: Epoch 2, Average Loss: 84.216623
2025/11/23 01:34:22 main.go:115: Epoch 3/5 (Scheduled Sampling: 20.0%)
2025/11/23 01:35:22 intent_moe.go:349: Step 0: Predicted ID 39 (EOS: 34)
2025/11/23 01:35:23 intent_moe.go:349: Step 1: Predicted ID 17 (EOS: 34)
2025/11/23 01:35:23 intent_moe.go:349: Step 2: Predicted ID 30 (EOS: 34)
2025/11/23 01:35:23 intent_moe.go:349: Step 3: Predicted ID 17 (EOS: 34)
2025/11/23 01:35:23 intent_moe.go:349: Step 4: Predicted ID 17 (EOS: 34)
2025/11/23 01:35:23 intent_moe.go:349: Step 5: Predicted ID 17 (EOS: 34)
2025/11/23 01:35:23 intent_moe.go:349: Step 6: Predicted ID 13 (EOS: 34)
2025/11/23 01:35:23 intent_moe.go:349: Step 7: Predicted ID 17 (EOS: 34)
2025/11/23 01:35:23 intent_moe.go:349: Step 8: Predicted ID 17 (EOS: 34)
2025/11/23 01:35:23 intent_moe.go:349: Step 9: Predicted ID 13 (EOS: 34)
2025/11/23 01:35:23 intent_moe.go:349: Step 10: Predicted ID 17 (EOS: 34)
2025/11/23 01:35:23 intent_moe.go:349: Step 11: Predicted ID 17 (EOS: 34)
2025/11/23 01:35:23 intent_moe.go:349: Step 12: Predicted ID 17 (EOS: 34)
2025/11/23 01:35:23 intent_moe.go:349: Step 13: Predicted ID 13 (EOS: 34)
2025/11/23 01:35:23 intent_moe.go:349: Step 14: Predicted ID 17 (EOS: 34)
2025/11/23 01:35:23 intent_moe.go:349: Step 15: Predicted ID 17 (EOS: 34)
2025/11/23 01:35:23 intent_moe.go:349: Step 16: Predicted ID 17 (EOS: 34)
2025/11/23 01:35:23 intent_moe.go:349: Step 17: Predicted ID 17 (EOS: 34)
2025/11/23 01:35:23 intent_moe.go:349: Step 18: Predicted ID 17 (EOS: 34)
2025/11/23 01:35:23 intent_moe.go:349: Step 19: Predicted ID 17 (EOS: 34)
2025/11/23 01:35:23 intent_moe.go:349: Step 20: Predicted ID 17 (EOS: 34)
2025/11/23 01:35:23 intent_moe.go:349: Step 21: Predicted ID 17 (EOS: 34)
2025/11/23 01:35:23 intent_moe.go:349: Step 22: Predicted ID 17 (EOS: 34)
2025/11/23 01:35:23 intent_moe.go:349: Step 23: Predicted ID 17 (EOS: 34)
2025/11/23 01:35:23 intent_moe.go:349: Step 24: Predicted ID 17 (EOS: 34)
2025/11/23 01:35:23 intent_moe.go:349: Step 25: Predicted ID 17 (EOS: 34)
2025/11/23 01:35:23 intent_moe.go:349: Step 26: Predicted ID 17 (EOS: 34)
2025/11/23 01:35:23 intent_moe.go:349: Step 27: Predicted ID 17 (EOS: 34)
2025/11/23 01:35:23 intent_moe.go:349: Step 28: Predicted ID 17 (EOS: 34)
2025/11/23 01:35:23 intent_moe.go:349: Step 29: Predicted ID 17 (EOS: 34)
2025/11/23 01:35:23 intent_moe.go:349: Step 30: Predicted ID 17 (EOS: 34)
2025/11/23 01:35:23 intent_moe.go:349: Step 31: Predicted ID 13 (EOS: 34)
2025/11/23 01:35:23 main.go:285: Guessed semantic output: . ./]./ ./ ./ name ./ ./ name ./ ./ ./ name ./ ./ ./ ./ ./ ./ ./ ./ ./ ./ ./ ./ ./ ./ ./ ./ ./ name
2025/11/23 01:35:23 main.go:288: Target semantic output: {"operation":"Create","target_resource":{"type":"Filesystem::Folder","name":"test","properties":{"path":"./"}},"context":{"user_role":"admin"}}
2025/11/23 01:36:25 intent_moe.go:349: Step 0: Predicted ID 38 (EOS: 34)
2025/11/23 01:36:25 intent_moe.go:349: Step 1: Predicted ID 17 (EOS: 34)
2025/11/23 01:36:25 intent_moe.go:349: Step 2: Predicted ID 17 (EOS: 34)
2025/11/23 01:36:25 intent_moe.go:349: Step 3: Predicted ID 17 (EOS: 34)
2025/11/23 01:36:25 intent_moe.go:349: Step 4: Predicted ID 17 (EOS: 34)
2025/11/23 01:36:25 intent_moe.go:349: Step 5: Predicted ID 17 (EOS: 34)
2025/11/23 01:36:25 intent_moe.go:349: Step 6: Predicted ID 13 (EOS: 34)
2025/11/23 01:36:25 intent_moe.go:349: Step 7: Predicted ID 17 (EOS: 34)
2025/11/23 01:36:25 intent_moe.go:349: Step 8: Predicted ID 17 (EOS: 34)
2025/11/23 01:36:25 intent_moe.go:349: Step 9: Predicted ID 17 (EOS: 34)
2025/11/23 01:36:25 intent_moe.go:349: Step 10: Predicted ID 13 (EOS: 34)
2025/11/23 01:36:25 intent_moe.go:349: Step 11: Predicted ID 17 (EOS: 34)
2025/11/23 01:36:25 intent_moe.go:349: Step 12: Predicted ID 17 (EOS: 34)
2025/11/23 01:36:25 intent_moe.go:349: Step 13: Predicted ID 17 (EOS: 34)
2025/11/23 01:36:25 intent_moe.go:349: Step 14: Predicted ID 30 (EOS: 34)
2025/11/23 01:36:25 intent_moe.go:349: Step 15: Predicted ID 30 (EOS: 34)
2025/11/23 01:36:25 intent_moe.go:349: Step 16: Predicted ID 17 (EOS: 34)
2025/11/23 01:36:25 intent_moe.go:349: Step 17: Predicted ID 30 (EOS: 34)
2025/11/23 01:36:25 intent_moe.go:349: Step 18: Predicted ID 17 (EOS: 34)
2025/11/23 01:36:25 intent_moe.go:349: Step 19: Predicted ID 17 (EOS: 34)
2025/11/23 01:36:25 intent_moe.go:349: Step 20: Predicted ID 30 (EOS: 34)
2025/11/23 01:36:25 intent_moe.go:349: Step 21: Predicted ID 6 (EOS: 34)
2025/11/23 01:36:25 intent_moe.go:349: Step 22: Predicted ID 17 (EOS: 34)
2025/11/23 01:36:25 intent_moe.go:349: Step 23: Predicted ID 13 (EOS: 34)
2025/11/23 01:36:25 intent_moe.go:349: Step 24: Predicted ID 17 (EOS: 34)
2025/11/23 01:36:25 intent_moe.go:349: Step 25: Predicted ID 13 (EOS: 34)
2025/11/23 01:36:25 intent_moe.go:349: Step 26: Predicted ID 17 (EOS: 34)
2025/11/23 01:36:25 intent_moe.go:349: Step 27: Predicted ID 13 (EOS: 34)
2025/11/23 01:36:25 intent_moe.go:349: Step 28: Predicted ID 17 (EOS: 34)
2025/11/23 01:36:25 intent_moe.go:349: Step 29: Predicted ID 17 (EOS: 34)
2025/11/23 01:36:25 intent_moe.go:349: Step 30: Predicted ID 17 (EOS: 34)
2025/11/23 01:36:25 intent_moe.go:349: Step 31: Predicted ID 30 (EOS: 34)
2025/11/23 01:36:25 main.go:285: Guessed semantic output: Read ./ ./ ./ ./ ./ name ./ ./ ./ name ./ ./ ./]]./]./ ./]:./ name ./ name ./ name ./ ./ ./]
2025/11/23 01:36:25 main.go:288: Target semantic output: {"operation":"Create","target_resource":{"type":"Filesystem::Folder","name":"logs","properties":{"path":"/home/user"}},"context":{"user_role":"admin"}}
2025/11/23 01:37:29 intent_moe.go:349: Step 0: Predicted ID 39 (EOS: 34)
2025/11/23 01:37:29 intent_moe.go:349: Step 1: Predicted ID 17 (EOS: 34)
2025/11/23 01:37:29 intent_moe.go:349: Step 2: Predicted ID 13 (EOS: 34)
2025/11/23 01:37:29 intent_moe.go:349: Step 3: Predicted ID 17 (EOS: 34)
2025/11/23 01:37:29 intent_moe.go:349: Step 4: Predicted ID 13 (EOS: 34)
2025/11/23 01:37:29 intent_moe.go:349: Step 5: Predicted ID 13 (EOS: 34)
2025/11/23 01:37:29 intent_moe.go:349: Step 6: Predicted ID 17 (EOS: 34)
2025/11/23 01:37:29 intent_moe.go:349: Step 7: Predicted ID 17 (EOS: 34)
2025/11/23 01:37:29 intent_moe.go:349: Step 8: Predicted ID 17 (EOS: 34)
2025/11/23 01:37:29 intent_moe.go:349: Step 9: Predicted ID 17 (EOS: 34)
2025/11/23 01:37:29 intent_moe.go:349: Step 10: Predicted ID 17 (EOS: 34)
2025/11/23 01:37:29 intent_moe.go:349: Step 11: Predicted ID 17 (EOS: 34)
2025/11/23 01:37:29 intent_moe.go:349: Step 12: Predicted ID 17 (EOS: 34)
2025/11/23 01:37:29 intent_moe.go:349: Step 13: Predicted ID 17 (EOS: 34)
2025/11/23 01:37:29 intent_moe.go:349: Step 14: Predicted ID 30 (EOS: 34)
2025/11/23 01:37:29 intent_moe.go:349: Step 15: Predicted ID 17 (EOS: 34)
2025/11/23 01:37:29 intent_moe.go:349: Step 16: Predicted ID 30 (EOS: 34)
2025/11/23 01:37:29 intent_moe.go:349: Step 17: Predicted ID 17 (EOS: 34)
2025/11/23 01:37:29 intent_moe.go:349: Step 18: Predicted ID 17 (EOS: 34)
2025/11/23 01:37:29 intent_moe.go:349: Step 19: Predicted ID 13 (EOS: 34)
2025/11/23 01:37:29 intent_moe.go:349: Step 20: Predicted ID 17 (EOS: 34)
2025/11/23 01:37:29 intent_moe.go:349: Step 21: Predicted ID 13 (EOS: 34)
2025/11/23 01:37:29 intent_moe.go:349: Step 22: Predicted ID 17 (EOS: 34)
2025/11/23 01:37:29 intent_moe.go:349: Step 23: Predicted ID 13 (EOS: 34)
2025/11/23 01:37:29 intent_moe.go:349: Step 24: Predicted ID 17 (EOS: 34)
2025/11/23 01:37:29 intent_moe.go:349: Step 25: Predicted ID 17 (EOS: 34)
2025/11/23 01:37:29 intent_moe.go:349: Step 26: Predicted ID 13 (EOS: 34)
2025/11/23 01:37:29 intent_moe.go:349: Step 27: Predicted ID 17 (EOS: 34)
2025/11/23 01:37:29 intent_moe.go:349: Step 28: Predicted ID 17 (EOS: 34)
2025/11/23 01:37:29 intent_moe.go:349: Step 29: Predicted ID 13 (EOS: 34)
2025/11/23 01:37:29 intent_moe.go:349: Step 30: Predicted ID 17 (EOS: 34)
2025/11/23 01:37:29 intent_moe.go:349: Step 31: Predicted ID 13 (EOS: 34)
2025/11/23 01:37:29 main.go:285: Guessed semantic output: . ./ name ./ name name ./ ./ ./ ./ ./ ./ ./ ./]./]./ ./ name ./ name ./ name ./ ./ name ./ ./ name ./ name
2025/11/23 01:37:29 main.go:288: Target semantic output: {"operation":"Create","target_resource":{"type":"Filesystem::Folder","name":"media","properties":{"path":"./config"}},"context":{"user_role":"admin"}}
2025/11/23 01:38:28 intent_moe.go:349: Step 0: Predicted ID 19 (EOS: 34)
2025/11/23 01:38:28 intent_moe.go:349: Step 1: Predicted ID 23 (EOS: 34)
2025/11/23 01:38:28 intent_moe.go:349: Step 2: Predicted ID 23 (EOS: 34)
2025/11/23 01:38:28 intent_moe.go:349: Step 3: Predicted ID 17 (EOS: 34)
2025/11/23 01:38:28 intent_moe.go:349: Step 4: Predicted ID 13 (EOS: 34)
2025/11/23 01:38:28 intent_moe.go:349: Step 5: Predicted ID 17 (EOS: 34)
2025/11/23 01:38:28 intent_moe.go:349: Step 6: Predicted ID 17 (EOS: 34)
2025/11/23 01:38:28 intent_moe.go:349: Step 7: Predicted ID 13 (EOS: 34)
2025/11/23 01:38:28 intent_moe.go:349: Step 8: Predicted ID 17 (EOS: 34)
2025/11/23 01:38:28 intent_moe.go:349: Step 9: Predicted ID 13 (EOS: 34)
2025/11/23 01:38:28 intent_moe.go:349: Step 10: Predicted ID 17 (EOS: 34)
2025/11/23 01:38:28 intent_moe.go:349: Step 11: Predicted ID 17 (EOS: 34)
2025/11/23 01:38:28 intent_moe.go:349: Step 12: Predicted ID 17 (EOS: 34)
2025/11/23 01:38:28 intent_moe.go:349: Step 13: Predicted ID 17 (EOS: 34)
2025/11/23 01:38:28 intent_moe.go:349: Step 14: Predicted ID 17 (EOS: 34)
2025/11/23 01:38:28 intent_moe.go:349: Step 15: Predicted ID 17 (EOS: 34)
2025/11/23 01:38:28 intent_moe.go:349: Step 16: Predicted ID 17 (EOS: 34)
2025/11/23 01:38:28 intent_moe.go:349: Step 17: Predicted ID 17 (EOS: 34)
2025/11/23 01:38:28 intent_moe.go:349: Step 18: Predicted ID 13 (EOS: 34)
2025/11/23 01:38:28 intent_moe.go:349: Step 19: Predicted ID 17 (EOS: 34)
2025/11/23 01:38:28 intent_moe.go:349: Step 20: Predicted ID 13 (EOS: 34)
2025/11/23 01:38:28 intent_moe.go:349: Step 21: Predicted ID 17 (EOS: 34)
2025/11/23 01:38:28 intent_moe.go:349: Step 22: Predicted ID 30 (EOS: 34)
2025/11/23 01:38:28 intent_moe.go:349: Step 23: Predicted ID 17 (EOS: 34)
2025/11/23 01:38:28 intent_moe.go:349: Step 24: Predicted ID 17 (EOS: 34)
2025/11/23 01:38:28 intent_moe.go:349: Step 25: Predicted ID 17 (EOS: 34)
2025/11/23 01:38:28 intent_moe.go:349: Step 26: Predicted ID 17 (EOS: 34)
2025/11/23 01:38:28 intent_moe.go:349: Step 27: Predicted ID 17 (EOS: 34)
2025/11/23 01:38:28 intent_moe.go:349: Step 28: Predicted ID 17 (EOS: 34)
2025/11/23 01:38:28 intent_moe.go:349: Step 29: Predicted ID 13 (EOS: 34)
2025/11/23 01:38:28 intent_moe.go:349: Step 30: Predicted ID 17 (EOS: 34)
2025/11/23 01:38:28 intent_moe.go:349: Step 31: Predicted ID 30 (EOS: 34)
2025/11/23 01:38:28 main.go:285: Guessed semantic output: children jill jill ./ name ./ ./ name ./ name ./ ./ ./ ./ ./ ./ ./ ./ name ./ name ./]./ ./ ./ ./ ./ ./ name ./]
2025/11/23 01:38:28 main.go:288: Target semantic output: {"operation":"Create","target_resource":{"type":"Filesystem::Folder","name":"shared","properties":{"path":"./data"}},"context":{"user_role":"admin"}}
2025/11/23 01:39:12 intent_moe.go:349: Step 0: Predicted ID 19 (EOS: 34)
2025/11/23 01:39:12 intent_moe.go:349: Step 1: Predicted ID 23 (EOS: 34)
2025/11/23 01:39:12 intent_moe.go:349: Step 2: Predicted ID 13 (EOS: 34)
2025/11/23 01:39:12 intent_moe.go:349: Step 3: Predicted ID 17 (EOS: 34)
2025/11/23 01:39:12 intent_moe.go:349: Step 4: Predicted ID 17 (EOS: 34)
2025/11/23 01:39:12 intent_moe.go:349: Step 5: Predicted ID 13 (EOS: 34)
2025/11/23 01:39:12 intent_moe.go:349: Step 6: Predicted ID 17 (EOS: 34)
2025/11/23 01:39:12 intent_moe.go:349: Step 7: Predicted ID 13 (EOS: 34)
2025/11/23 01:39:12 intent_moe.go:349: Step 8: Predicted ID 17 (EOS: 34)
2025/11/23 01:39:12 intent_moe.go:349: Step 9: Predicted ID 17 (EOS: 34)
2025/11/23 01:39:12 intent_moe.go:349: Step 10: Predicted ID 17 (EOS: 34)
2025/11/23 01:39:12 intent_moe.go:349: Step 11: Predicted ID 17 (EOS: 34)
2025/11/23 01:39:12 intent_moe.go:349: Step 12: Predicted ID 17 (EOS: 34)
2025/11/23 01:39:12 intent_moe.go:349: Step 13: Predicted ID 17 (EOS: 34)
2025/11/23 01:39:12 intent_moe.go:349: Step 14: Predicted ID 17 (EOS: 34)
2025/11/23 01:39:12 intent_moe.go:349: Step 15: Predicted ID 17 (EOS: 34)
2025/11/23 01:39:12 intent_moe.go:349: Step 16: Predicted ID 17 (EOS: 34)
2025/11/23 01:39:12 intent_moe.go:349: Step 17: Predicted ID 17 (EOS: 34)
2025/11/23 01:39:12 intent_moe.go:349: Step 18: Predicted ID 17 (EOS: 34)
2025/11/23 01:39:12 intent_moe.go:349: Step 19: Predicted ID 13 (EOS: 34)
2025/11/23 01:39:12 intent_moe.go:349: Step 20: Predicted ID 17 (EOS: 34)
2025/11/23 01:39:12 intent_moe.go:349: Step 21: Predicted ID 17 (EOS: 34)
2025/11/23 01:39:12 intent_moe.go:349: Step 22: Predicted ID 13 (EOS: 34)
2025/11/23 01:39:12 intent_moe.go:349: Step 23: Predicted ID 17 (EOS: 34)
2025/11/23 01:39:12 intent_moe.go:349: Step 24: Predicted ID 17 (EOS: 34)
2025/11/23 01:39:12 intent_moe.go:349: Step 25: Predicted ID 30 (EOS: 34)
2025/11/23 01:39:12 intent_moe.go:349: Step 26: Predicted ID 17 (EOS: 34)
2025/11/23 01:39:12 intent_moe.go:349: Step 27: Predicted ID 17 (EOS: 34)
2025/11/23 01:39:12 intent_moe.go:349: Step 28: Predicted ID 17 (EOS: 34)
2025/11/23 01:39:12 intent_moe.go:349: Step 29: Predicted ID 17 (EOS: 34)
2025/11/23 01:39:12 intent_moe.go:349: Step 30: Predicted ID 17 (EOS: 34)
2025/11/23 01:39:12 intent_moe.go:349: Step 31: Predicted ID 17 (EOS: 34)
2025/11/23 01:39:12 main.go:285: Guessed semantic output: children jill name ./ ./ name ./ name ./ ./ ./ ./ ./ ./ ./ ./ ./ ./ ./ name ./ ./ name ./ ./]./ ./ ./ ./ ./ ./
2025/11/23 01:39:12 main.go:288: Target semantic output: {"operation":"Create","target_resource":{"type":"Filesystem::Folder","name":"cache","properties":{"path":"./backend"}},"context":{"user_role":"admin"}}
2025/11/23 01:39:57 intent_moe.go:349: Step 0: Predicted ID 38 (EOS: 34)
2025/11/23 01:39:57 intent_moe.go:349: Step 1: Predicted ID 17 (EOS: 34)
2025/11/23 01:39:57 intent_moe.go:349: Step 2: Predicted ID 17 (EOS: 34)
2025/11/23 01:39:57 intent_moe.go:349: Step 3: Predicted ID 17 (EOS: 34)
2025/11/23 01:39:57 intent_moe.go:349: Step 4: Predicted ID 17 (EOS: 34)
2025/11/23 01:39:57 intent_moe.go:349: Step 5: Predicted ID 30 (EOS: 34)
2025/11/23 01:39:57 intent_moe.go:349: Step 6: Predicted ID 17 (EOS: 34)
2025/11/23 01:39:57 intent_moe.go:349: Step 7: Predicted ID 17 (EOS: 34)
2025/11/23 01:39:57 intent_moe.go:349: Step 8: Predicted ID 17 (EOS: 34)
2025/11/23 01:39:57 intent_moe.go:349: Step 9: Predicted ID 17 (EOS: 34)
2025/11/23 01:39:57 intent_moe.go:349: Step 10: Predicted ID 13 (EOS: 34)
2025/11/23 01:39:57 intent_moe.go:349: Step 11: Predicted ID 17 (EOS: 34)
2025/11/23 01:39:57 intent_moe.go:349: Step 12: Predicted ID 13 (EOS: 34)
2025/11/23 01:39:57 intent_moe.go:349: Step 13: Predicted ID 17 (EOS: 34)
2025/11/23 01:39:57 intent_moe.go:349: Step 14: Predicted ID 17 (EOS: 34)
2025/11/23 01:39:57 intent_moe.go:349: Step 15: Predicted ID 13 (EOS: 34)
2025/11/23 01:39:57 intent_moe.go:349: Step 16: Predicted ID 17 (EOS: 34)
2025/11/23 01:39:57 intent_moe.go:349: Step 17: Predicted ID 17 (EOS: 34)
2025/11/23 01:39:57 intent_moe.go:349: Step 18: Predicted ID 17 (EOS: 34)
2025/11/23 01:39:57 intent_moe.go:349: Step 19: Predicted ID 17 (EOS: 34)
2025/11/23 01:39:57 intent_moe.go:349: Step 20: Predicted ID 17 (EOS: 34)
2025/11/23 01:39:57 intent_moe.go:349: Step 21: Predicted ID 17 (EOS: 34)
2025/11/23 01:39:57 intent_moe.go:349: Step 22: Predicted ID 17 (EOS: 34)
2025/11/23 01:39:57 intent_moe.go:349: Step 23: Predicted ID 13 (EOS: 34)
2025/11/23 01:39:57 intent_moe.go:349: Step 24: Predicted ID 17 (EOS: 34)
2025/11/23 01:39:57 intent_moe.go:349: Step 25: Predicted ID 17 (EOS: 34)
2025/11/23 01:39:57 intent_moe.go:349: Step 26: Predicted ID 17 (EOS: 34)
2025/11/23 01:39:57 intent_moe.go:349: Step 27: Predicted ID 17 (EOS: 34)
2025/11/23 01:39:57 intent_moe.go:349: Step 28: Predicted ID 13 (EOS: 34)
2025/11/23 01:39:57 intent_moe.go:349: Step 29: Predicted ID 17 (EOS: 34)
2025/11/23 01:39:57 intent_moe.go:349: Step 30: Predicted ID 30 (EOS: 34)
2025/11/23 01:39:57 intent_moe.go:349: Step 31: Predicted ID 6 (EOS: 34)
2025/11/23 01:39:57 main.go:285: Guessed semantic output: Read ./ ./ ./ ./]./ ./ ./ ./ name ./ name ./ ./ name ./ ./ ./ ./ ./ ./ ./ name ./ ./ ./ ./ name ./]:
2025/11/23 01:39:57 main.go:288: Target semantic output: {"operation":"Create","target_resource":{"type":"Filesystem::File","name":"Makefile","properties":{"path":"./src"}},"context":{"user_role":"admin"}}
2025/11/23 01:40:41 intent_moe.go:349: Step 0: Predicted ID 39 (EOS: 34)
2025/11/23 01:40:41 intent_moe.go:349: Step 1: Predicted ID 17 (EOS: 34)
2025/11/23 01:40:41 intent_moe.go:349: Step 2: Predicted ID 17 (EOS: 34)
2025/11/23 01:40:41 intent_moe.go:349: Step 3: Predicted ID 13 (EOS: 34)
2025/11/23 01:40:41 intent_moe.go:349: Step 4: Predicted ID 17 (EOS: 34)
2025/11/23 01:40:41 intent_moe.go:349: Step 5: Predicted ID 17 (EOS: 34)
2025/11/23 01:40:41 intent_moe.go:349: Step 6: Predicted ID 13 (EOS: 34)
2025/11/23 01:40:41 intent_moe.go:349: Step 7: Predicted ID 17 (EOS: 34)
2025/11/23 01:40:41 intent_moe.go:349: Step 8: Predicted ID 13 (EOS: 34)
2025/11/23 01:40:41 intent_moe.go:349: Step 9: Predicted ID 13 (EOS: 34)
2025/11/23 01:40:41 intent_moe.go:349: Step 10: Predicted ID 31 (EOS: 34)
2025/11/23 01:40:41 intent_moe.go:349: Step 11: Predicted ID 33 (EOS: 34)
2025/11/23 01:40:41 intent_moe.go:349: Step 12: Predicted ID 39 (EOS: 34)
2025/11/23 01:40:41 intent_moe.go:349: Step 13: Predicted ID 39 (EOS: 34)
2025/11/23 01:40:41 intent_moe.go:349: Step 14: Predicted ID 34 (EOS: 34)
2025/11/23 01:40:41 main.go:285: Guessed semantic output: . ./ ./ name ./ ./ name ./ name name context admin . .
2025/11/23 01:40:41 main.go:288: Target semantic output: {"operation":"Create","target_resource":{"type":"Filesystem::File","name":"types.go","properties":{"path":"./src"}},"context":{"user_role":"admin"}}
2025/11/23 01:40:41 main.go:154: Epoch 3, Average Loss: 82.141327
2025/11/23 01:40:41 main.go:115: Epoch 4/5 (Scheduled Sampling: 30.0%)
2025/11/23 01:41:26 intent_moe.go:349: Step 0: Predicted ID 39 (EOS: 34)
2025/11/23 01:41:26 intent_moe.go:349: Step 1: Predicted ID 17 (EOS: 34)
2025/11/23 01:41:26 intent_moe.go:349: Step 2: Predicted ID 17 (EOS: 34)
2025/11/23 01:41:26 intent_moe.go:349: Step 3: Predicted ID 17 (EOS: 34)
2025/11/23 01:41:26 intent_moe.go:349: Step 4: Predicted ID 17 (EOS: 34)
2025/11/23 01:41:26 intent_moe.go:349: Step 5: Predicted ID 17 (EOS: 34)
2025/11/23 01:41:26 intent_moe.go:349: Step 6: Predicted ID 17 (EOS: 34)
2025/11/23 01:41:26 intent_moe.go:349: Step 7: Predicted ID 17 (EOS: 34)
2025/11/23 01:41:26 intent_moe.go:349: Step 8: Predicted ID 17 (EOS: 34)
2025/11/23 01:41:26 intent_moe.go:349: Step 9: Predicted ID 17 (EOS: 34)
2025/11/23 01:41:26 intent_moe.go:349: Step 10: Predicted ID 17 (EOS: 34)
2025/11/23 01:41:26 intent_moe.go:349: Step 11: Predicted ID 17 (EOS: 34)
2025/11/23 01:41:26 intent_moe.go:349: Step 12: Predicted ID 13 (EOS: 34)
2025/11/23 01:41:26 intent_moe.go:349: Step 13: Predicted ID 17 (EOS: 34)
2025/11/23 01:41:26 intent_moe.go:349: Step 14: Predicted ID 13 (EOS: 34)
2025/11/23 01:41:26 intent_moe.go:349: Step 15: Predicted ID 13 (EOS: 34)
2025/11/23 01:41:26 intent_moe.go:349: Step 16: Predicted ID 3 (EOS: 34)
2025/11/23 01:41:26 intent_moe.go:349: Step 17: Predicted ID 23 (EOS: 34)
2025/11/23 01:41:26 intent_moe.go:349: Step 18: Predicted ID 25 (EOS: 34)
2025/11/23 01:41:26 intent_moe.go:349: Step 19: Predicted ID 17 (EOS: 34)
2025/11/23 01:41:26 intent_moe.go:349: Step 20: Predicted ID 17 (EOS: 34)
2025/11/23 01:41:26 intent_moe.go:349: Step 21: Predicted ID 30 (EOS: 34)
2025/11/23 01:41:26 intent_moe.go:349: Step 22: Predicted ID 6 (EOS: 34)
2025/11/23 01:41:26 intent_moe.go:349: Step 23: Predicted ID 17 (EOS: 34)
2025/11/23 01:41:26 intent_moe.go:349: Step 24: Predicted ID 17 (EOS: 34)
2025/11/23 01:41:26 intent_moe.go:349: Step 25: Predicted ID 17 (EOS: 34)
2025/11/23 01:41:26 intent_moe.go:349: Step 26: Predicted ID 17 (EOS: 34)
2025/11/23 01:41:26 intent_moe.go:349: Step 27: Predicted ID 13 (EOS: 34)
2025/11/23 01:41:26 intent_moe.go:349: Step 28: Predicted ID 17 (EOS: 34)
2025/11/23 01:41:26 intent_moe.go:349: Step 29: Predicted ID 17 (EOS: 34)
2025/11/23 01:41:26 intent_moe.go:349: Step 30: Predicted ID 17 (EOS: 34)
2025/11/23 01:41:26 intent_moe.go:349: Step 31: Predicted ID 13 (EOS: 34)
2025/11/23 01:41:26 main.go:285: Guessed semantic output: . ./ ./ ./ ./ ./ ./ ./ ./ ./ ./ ./ name ./ name name{jill 8080 ./ ./]:./ ./ ./ ./ name ./ ./ ./ name
2025/11/23 01:41:26 main.go:288: Target semantic output: {"operation":"Create","target_resource":{"type":"Filesystem::Folder","name":"test","properties":{"path":"./"}},"context":{"user_role":"admin"}}
2025/11/23 01:42:11 intent_moe.go:349: Step 0: Predicted ID 39 (EOS: 34)
2025/11/23 01:42:11 intent_moe.go:349: Step 1: Predicted ID 17 (EOS: 34)
2025/11/23 01:42:11 intent_moe.go:349: Step 2: Predicted ID 17 (EOS: 34)
2025/11/23 01:42:11 intent_moe.go:349: Step 3: Predicted ID 17 (EOS: 34)
2025/11/23 01:42:11 intent_moe.go:349: Step 4: Predicted ID 30 (EOS: 34)
2025/11/23 01:42:11 intent_moe.go:349: Step 5: Predicted ID 6 (EOS: 34)
2025/11/23 01:42:11 intent_moe.go:349: Step 6: Predicted ID 17 (EOS: 34)
2025/11/23 01:42:11 intent_moe.go:349: Step 7: Predicted ID 17 (EOS: 34)
2025/11/23 01:42:11 intent_moe.go:349: Step 8: Predicted ID 30 (EOS: 34)
2025/11/23 01:42:11 intent_moe.go:349: Step 9: Predicted ID 6 (EOS: 34)
2025/11/23 01:42:11 intent_moe.go:349: Step 10: Predicted ID 17 (EOS: 34)
2025/11/23 01:42:11 intent_moe.go:349: Step 11: Predicted ID 17 (EOS: 34)
2025/11/23 01:42:11 intent_moe.go:349: Step 12: Predicted ID 17 (EOS: 34)
2025/11/23 01:42:11 intent_moe.go:349: Step 13: Predicted ID 13 (EOS: 34)
2025/11/23 01:42:11 intent_moe.go:349: Step 14: Predicted ID 17 (EOS: 34)
2025/11/23 01:42:11 intent_moe.go:349: Step 15: Predicted ID 13 (EOS: 34)
2025/11/23 01:42:11 intent_moe.go:349: Step 16: Predicted ID 17 (EOS: 34)
2025/11/23 01:42:11 intent_moe.go:349: Step 17: Predicted ID 13 (EOS: 34)
2025/11/23 01:42:11 intent_moe.go:349: Step 18: Predicted ID 17 (EOS: 34)
2025/11/23 01:42:11 intent_moe.go:349: Step 19: Predicted ID 17 (EOS: 34)
2025/11/23 01:42:11 intent_moe.go:349: Step 20: Predicted ID 13 (EOS: 34)
2025/11/23 01:42:11 intent_moe.go:349: Step 21: Predicted ID 17 (EOS: 34)
2025/11/23 01:42:11 intent_moe.go:349: Step 22: Predicted ID 17 (EOS: 34)
2025/11/23 01:42:11 intent_moe.go:349: Step 23: Predicted ID 17 (EOS: 34)
2025/11/23 01:42:11 intent_moe.go:349: Step 24: Predicted ID 30 (EOS: 34)
2025/11/23 01:42:11 intent_moe.go:349: Step 25: Predicted ID 13 (EOS: 34)
2025/11/23 01:42:11 intent_moe.go:349: Step 26: Predicted ID 17 (EOS: 34)
2025/11/23 01:42:11 intent_moe.go:349: Step 27: Predicted ID 30 (EOS: 34)
2025/11/23 01:42:11 intent_moe.go:349: Step 28: Predicted ID 6 (EOS: 34)
2025/11/23 01:42:11 intent_moe.go:349: Step 29: Predicted ID 6 (EOS: 34)
2025/11/23 01:42:11 intent_moe.go:349: Step 30: Predicted ID 17 (EOS: 34)
2025/11/23 01:42:11 intent_moe.go:349: Step 31: Predicted ID 17 (EOS: 34)
2025/11/23 01:42:11 main.go:285: Guessed semantic output: . ./ ./ ./]:./ ./]:./ ./ ./ name ./ name ./ name ./ ./ name ./ ./ ./]name ./]::./ ./
2025/11/23 01:42:11 main.go:288: Target semantic output: {"operation":"Create","target_resource":{"type":"Filesystem::Folder","name":"logs","properties":{"path":"/home/user"}},"context":{"user_role":"admin"}}
2025/11/23 01:42:55 intent_moe.go:349: Step 0: Predicted ID 39 (EOS: 34)
2025/11/23 01:42:55 intent_moe.go:349: Step 1: Predicted ID 39 (EOS: 34)
2025/11/23 01:42:55 intent_moe.go:349: Step 2: Predicted ID 39 (EOS: 34)
2025/11/23 01:42:55 intent_moe.go:349: Step 3: Predicted ID 34 (EOS: 34)
2025/11/23 01:42:55 main.go:285: Guessed semantic output: . . .
2025/11/23 01:42:55 main.go:288: Target semantic output: {"operation":"Create","target_resource":{"type":"Filesystem::Folder","name":"media","properties":{"path":"./config"}},"context":{"user_role":"admin"}}
2025/11/23 01:43:39 intent_moe.go:349: Step 0: Predicted ID 39 (EOS: 34)
2025/11/23 01:43:39 intent_moe.go:349: Step 1: Predicted ID 39 (EOS: 34)
2025/11/23 01:43:39 intent_moe.go:349: Step 2: Predicted ID 39 (EOS: 34)
2025/11/23 01:43:39 intent_moe.go:349: Step 3: Predicted ID 34 (EOS: 34)
2025/11/23 01:43:39 main.go:285: Guessed semantic output: . . .
2025/11/23 01:43:39 main.go:288: Target semantic output: {"operation":"Create","target_resource":{"type":"Filesystem::Folder","name":"shared","properties":{"path":"./data"}},"context":{"user_role":"admin"}}
2025/11/23 01:44:23 intent_moe.go:349: Step 0: Predicted ID 39 (EOS: 34)
2025/11/23 01:44:23 intent_moe.go:349: Step 1: Predicted ID 17 (EOS: 34)
2025/11/23 01:44:23 intent_moe.go:349: Step 2: Predicted ID 13 (EOS: 34)
2025/11/23 01:44:23 intent_moe.go:349: Step 3: Predicted ID 17 (EOS: 34)
2025/11/23 01:44:23 intent_moe.go:349: Step 4: Predicted ID 17 (EOS: 34)
2025/11/23 01:44:23 intent_moe.go:349: Step 5: Predicted ID 17 (EOS: 34)
2025/11/23 01:44:23 intent_moe.go:349: Step 6: Predicted ID 30 (EOS: 34)
2025/11/23 01:44:23 intent_moe.go:349: Step 7: Predicted ID 6 (EOS: 34)
2025/11/23 01:44:23 intent_moe.go:349: Step 8: Predicted ID 6 (EOS: 34)
2025/11/23 01:44:23 intent_moe.go:349: Step 9: Predicted ID 6 (EOS: 34)
2025/11/23 01:44:23 intent_moe.go:349: Step 10: Predicted ID 17 (EOS: 34)
2025/11/23 01:44:23 intent_moe.go:349: Step 11: Predicted ID 17 (EOS: 34)
2025/11/23 01:44:23 intent_moe.go:349: Step 12: Predicted ID 17 (EOS: 34)
2025/11/23 01:44:23 intent_moe.go:349: Step 13: Predicted ID 17 (EOS: 34)
2025/11/23 01:44:23 intent_moe.go:349: Step 14: Predicted ID 17 (EOS: 34)
2025/11/23 01:44:23 intent_moe.go:349: Step 15: Predicted ID 17 (EOS: 34)
2025/11/23 01:44:23 intent_moe.go:349: Step 16: Predicted ID 17 (EOS: 34)
2025/11/23 01:44:23 intent_moe.go:349: Step 17: Predicted ID 17 (EOS: 34)
2025/11/23 01:44:23 intent_moe.go:349: Step 18: Predicted ID 17 (EOS: 34)
2025/11/23 01:44:23 intent_moe.go:349: Step 19: Predicted ID 17 (EOS: 34)
2025/11/23 01:44:23 intent_moe.go:349: Step 20: Predicted ID 30 (EOS: 34)
2025/11/23 01:44:23 intent_moe.go:349: Step 21: Predicted ID 17 (EOS: 34)
2025/11/23 01:44:23 intent_moe.go:349: Step 22: Predicted ID 17 (EOS: 34)
2025/11/23 01:44:23 intent_moe.go:349: Step 23: Predicted ID 30 (EOS: 34)
2025/11/23 01:44:23 intent_moe.go:349: Step 24: Predicted ID 6 (EOS: 34)
2025/11/23 01:44:23 intent_moe.go:349: Step 25: Predicted ID 17 (EOS: 34)
2025/11/23 01:44:23 intent_moe.go:349: Step 26: Predicted ID 17 (EOS: 34)
2025/11/23 01:44:23 intent_moe.go:349: Step 27: Predicted ID 13 (EOS: 34)
2025/11/23 01:44:23 intent_moe.go:349: Step 28: Predicted ID 13 (EOS: 34)
2025/11/23 01:44:23 intent_moe.go:349: Step 29: Predicted ID 3 (EOS: 34)
2025/11/23 01:44:23 intent_moe.go:349: Step 30: Predicted ID 6 (EOS: 34)
2025/11/23 01:44:23 intent_moe.go:349: Step 31: Predicted ID 23 (EOS: 34)
2025/11/23 01:44:23 main.go:285: Guessed semantic output: . ./ name ./ ./ ./]:::./ ./ ./ ./ ./ ./ ./ ./ ./ ./]./ ./]:./ ./ name name{:jill
2025/11/23 01:44:23 main.go:288: Target semantic output: {"operation":"Create","target_resource":{"type":"Filesystem::Folder","name":"cache","properties":{"path":"./backend"}},"context":{"user_role":"admin"}}
2025/11/23 01:45:10 intent_moe.go:349: Step 0: Predicted ID 39 (EOS: 34)
2025/11/23 01:45:10 intent_moe.go:349: Step 1: Predicted ID 34 (EOS: 34)
2025/11/23 01:45:10 main.go:285: Guessed semantic output: .
2025/11/23 01:45:10 main.go:288: Target semantic output: {"operation":"Create","target_resource":{"type":"Filesystem::File","name":"Makefile","properties":{"path":"./src"}},"context":{"user_role":"admin"}}
2025/11/23 01:45:55 intent_moe.go:349: Step 0: Predicted ID 19 (EOS: 34)
2025/11/23 01:45:55 intent_moe.go:349: Step 1: Predicted ID 23 (EOS: 34)
2025/11/23 01:45:55 intent_moe.go:349: Step 2: Predicted ID 17 (EOS: 34)
2025/11/23 01:45:55 intent_moe.go:349: Step 3: Predicted ID 17 (EOS: 34)
2025/11/23 01:45:55 intent_moe.go:349: Step 4: Predicted ID 13 (EOS: 34)
2025/11/23 01:45:55 intent_moe.go:349: Step 5: Predicted ID 17 (EOS: 34)
2025/11/23 01:45:55 intent_moe.go:349: Step 6: Predicted ID 17 (EOS: 34)
2025/11/23 01:45:55 intent_moe.go:349: Step 7: Predicted ID 13 (EOS: 34)
2025/11/23 01:45:55 intent_moe.go:349: Step 8: Predicted ID 17 (EOS: 34)
2025/11/23 01:45:55 intent_moe.go:349: Step 9: Predicted ID 13 (EOS: 34)
2025/11/23 01:45:55 intent_moe.go:349: Step 10: Predicted ID 13 (EOS: 34)
2025/11/23 01:45:55 intent_moe.go:349: Step 11: Predicted ID 17 (EOS: 34)
2025/11/23 01:45:55 intent_moe.go:349: Step 12: Predicted ID 13 (EOS: 34)
2025/11/23 01:45:55 intent_moe.go:349: Step 13: Predicted ID 17 (EOS: 34)
2025/11/23 01:45:55 intent_moe.go:349: Step 14: Predicted ID 17 (EOS: 34)
2025/11/23 01:45:55 intent_moe.go:349: Step 15: Predicted ID 17 (EOS: 34)
2025/11/23 01:45:55 intent_moe.go:349: Step 16: Predicted ID 17 (EOS: 34)
2025/11/23 01:45:55 intent_moe.go:349: Step 17: Predicted ID 17 (EOS: 34)
2025/11/23 01:45:55 intent_moe.go:349: Step 18: Predicted ID 17 (EOS: 34)
2025/11/23 01:45:55 intent_moe.go:349: Step 19: Predicted ID 17 (EOS: 34)
2025/11/23 01:45:55 intent_moe.go:349: Step 20: Predicted ID 17 (EOS: 34)
2025/11/23 01:45:55 intent_moe.go:349: Step 21: Predicted ID 17 (EOS: 34)
2025/11/23 01:45:55 intent_moe.go:349: Step 22: Predicted ID 17 (EOS: 34)
2025/11/23 01:45:55 intent_moe.go:349: Step 23: Predicted ID 30 (EOS: 34)
2025/11/23 01:45:55 intent_moe.go:349: Step 24: Predicted ID 17 (EOS: 34)
2025/11/23 01:45:55 intent_moe.go:349: Step 25: Predicted ID 17 (EOS: 34)
2025/11/23 01:45:55 intent_moe.go:349: Step 26: Predicted ID 17 (EOS: 34)
2025/11/23 01:45:55 intent_moe.go:349: Step 27: Predicted ID 17 (EOS: 34)
2025/11/23 01:45:55 intent_moe.go:349: Step 28: Predicted ID 17 (EOS: 34)
2025/11/23 01:45:55 intent_moe.go:349: Step 29: Predicted ID 17 (EOS: 34)
2025/11/23 01:45:55 intent_moe.go:349: Step 30: Predicted ID 13 (EOS: 34)
2025/11/23 01:45:55 intent_moe.go:349: Step 31: Predicted ID 17 (EOS: 34)
2025/11/23 01:45:55 main.go:285: Guessed semantic output: children jill ./ ./ name ./ ./ name ./ name name ./ name ./ ./ ./ ./ ./ ./ ./ ./ ./ ./]./ ./ ./ ./ ./ ./ name ./
2025/11/23 01:45:55 main.go:288: Target semantic output: {"operation":"Create","target_resource":{"type":"Filesystem::File","name":"types.go","properties":{"path":"./src"}},"context":{"user_role":"admin"}}
2025/11/23 01:45:55 main.go:154: Epoch 4, Average Loss: 79.587692
2025/11/23 01:45:55 main.go:115: Epoch 5/5 (Scheduled Sampling: 40.0%)
2025/11/23 01:46:55 intent_moe.go:349: Step 0: Predicted ID 39 (EOS: 34)
2025/11/23 01:46:55 intent_moe.go:349: Step 1: Predicted ID 39 (EOS: 34)
2025/11/23 01:46:55 intent_moe.go:349: Step 2: Predicted ID 34 (EOS: 34)
2025/11/23 01:46:55 main.go:285: Guessed semantic output: . .
2025/11/23 01:46:55 main.go:288: Target semantic output: {"operation":"Create","target_resource":{"type":"Filesystem::Folder","name":"test","properties":{"path":"./"}},"context":{"user_role":"admin"}}
2025/11/23 01:48:05 intent_moe.go:349: Step 0: Predicted ID 39 (EOS: 34)
2025/11/23 01:48:05 intent_moe.go:349: Step 1: Predicted ID 39 (EOS: 34)
2025/11/23 01:48:05 intent_moe.go:349: Step 2: Predicted ID 17 (EOS: 34)
2025/11/23 01:48:05 intent_moe.go:349: Step 3: Predicted ID 17 (EOS: 34)
2025/11/23 01:48:05 intent_moe.go:349: Step 4: Predicted ID 17 (EOS: 34)
2025/11/23 01:48:05 intent_moe.go:349: Step 5: Predicted ID 17 (EOS: 34)
2025/11/23 01:48:05 intent_moe.go:349: Step 6: Predicted ID 17 (EOS: 34)
2025/11/23 01:48:05 intent_moe.go:349: Step 7: Predicted ID 17 (EOS: 34)
2025/11/23 01:48:05 intent_moe.go:349: Step 8: Predicted ID 17 (EOS: 34)
2025/11/23 01:48:05 intent_moe.go:349: Step 9: Predicted ID 17 (EOS: 34)
2025/11/23 01:48:05 intent_moe.go:349: Step 10: Predicted ID 30 (EOS: 34)
2025/11/23 01:48:05 intent_moe.go:349: Step 11: Predicted ID 17 (EOS: 34)
2025/11/23 01:48:05 intent_moe.go:349: Step 12: Predicted ID 6 (EOS: 34)
2025/11/23 01:48:05 intent_moe.go:349: Step 13: Predicted ID 17 (EOS: 34)
2025/11/23 01:48:06 intent_moe.go:349: Step 14: Predicted ID 17 (EOS: 34)
2025/11/23 01:48:06 intent_moe.go:349: Step 15: Predicted ID 17 (EOS: 34)
2025/11/23 01:48:06 intent_moe.go:349: Step 16: Predicted ID 17 (EOS: 34)
2025/11/23 01:48:06 intent_moe.go:349: Step 17: Predicted ID 17 (EOS: 34)
2025/11/23 01:48:06 intent_moe.go:349: Step 18: Predicted ID 17 (EOS: 34)
2025/11/23 01:48:06 intent_moe.go:349: Step 19: Predicted ID 30 (EOS: 34)
2025/11/23 01:48:06 intent_moe.go:349: Step 20: Predicted ID 17 (EOS: 34)
2025/11/23 01:48:06 intent_moe.go:349: Step 21: Predicted ID 17 (EOS: 34)
2025/11/23 01:48:06 intent_moe.go:349: Step 22: Predicted ID 17 (EOS: 34)
2025/11/23 01:48:06 intent_moe.go:349: Step 23: Predicted ID 17 (EOS: 34)
2025/11/23 01:48:06 intent_moe.go:349: Step 24: Predicted ID 17 (EOS: 34)
2025/11/23 01:48:06 intent_moe.go:349: Step 25: Predicted ID 17 (EOS: 34)
2025/11/23 01:48:06 intent_moe.go:349: Step 26: Predicted ID 17 (EOS: 34)
2025/11/23 01:48:06 intent_moe.go:349: Step 27: Predicted ID 17 (EOS: 34)
2025/11/23 01:48:06 intent_moe.go:349: Step 28: Predicted ID 17 (EOS: 34)
2025/11/23 01:48:06 intent_moe.go:349: Step 29: Predicted ID 17 (EOS: 34)
2025/11/23 01:48:06 intent_moe.go:349: Step 30: Predicted ID 13 (EOS: 34)
2025/11/23 01:48:06 intent_moe.go:349: Step 31: Predicted ID 17 (EOS: 34)
2025/11/23 01:48:06 main.go:285: Guessed semantic output: . . ./ ./ ./ ./ ./ ./ ./ ./]./:./ ./ ./ ./ ./ ./]./ ./ ./ ./ ./ ./ ./ ./ ./ ./ name ./
2025/11/23 01:48:06 main.go:288: Target semantic output: {"operation":"Create","target_resource":{"type":"Filesystem::Folder","name":"logs","properties":{"path":"/home/user"}},"context":{"user_role":"admin"}}
2025/11/23 01:49:16 intent_moe.go:349: Step 0: Predicted ID 19 (EOS: 34)
2025/11/23 01:49:16 intent_moe.go:349: Step 1: Predicted ID 23 (EOS: 34)
2025/11/23 01:49:16 intent_moe.go:349: Step 2: Predicted ID 25 (EOS: 34)
2025/11/23 01:49:16 intent_moe.go:349: Step 3: Predicted ID 17 (EOS: 34)
2025/11/23 01:49:16 intent_moe.go:349: Step 4: Predicted ID 30 (EOS: 34)
2025/11/23 01:49:16 intent_moe.go:349: Step 5: Predicted ID 6 (EOS: 34)
2025/11/23 01:49:16 intent_moe.go:349: Step 6: Predicted ID 6 (EOS: 34)
2025/11/23 01:49:16 intent_moe.go:349: Step 7: Predicted ID 17 (EOS: 34)
2025/11/23 01:49:16 intent_moe.go:349: Step 8: Predicted ID 6 (EOS: 34)
2025/11/23 01:49:16 intent_moe.go:349: Step 9: Predicted ID 17 (EOS: 34)
2025/11/23 01:49:16 intent_moe.go:349: Step 10: Predicted ID 17 (EOS: 34)
2025/11/23 01:49:16 intent_moe.go:349: Step 11: Predicted ID 17 (EOS: 34)
2025/11/23 01:49:16 intent_moe.go:349: Step 12: Predicted ID 17 (EOS: 34)
2025/11/23 01:49:16 intent_moe.go:349: Step 13: Predicted ID 30 (EOS: 34)
2025/11/23 01:49:16 intent_moe.go:349: Step 14: Predicted ID 6 (EOS: 34)
2025/11/23 01:49:16 intent_moe.go:349: Step 15: Predicted ID 17 (EOS: 34)
2025/11/23 01:49:16 intent_moe.go:349: Step 16: Predicted ID 30 (EOS: 34)
2025/11/23 01:49:16 intent_moe.go:349: Step 17: Predicted ID 6 (EOS: 34)
2025/11/23 01:49:16 intent_moe.go:349: Step 18: Predicted ID 17 (EOS: 34)
2025/11/23 01:49:16 intent_moe.go:349: Step 19: Predicted ID 17 (EOS: 34)
2025/11/23 01:49:16 intent_moe.go:349: Step 20: Predicted ID 13 (EOS: 34)
2025/11/23 01:49:16 intent_moe.go:349: Step 21: Predicted ID 17 (EOS: 34)
2025/11/23 01:49:16 intent_moe.go:349: Step 22: Predicted ID 13 (EOS: 34)
2025/11/23 01:49:16 intent_moe.go:349: Step 23: Predicted ID 17 (EOS: 34)
2025/11/23 01:49:16 intent_moe.go:349: Step 24: Predicted ID 17 (EOS: 34)
2025/11/23 01:49:16 intent_moe.go:349: Step 25: Predicted ID 17 (EOS: 34)
2025/11/23 01:49:16 intent_moe.go:349: Step 26: Predicted ID 17 (EOS: 34)
2025/11/23 01:49:16 intent_moe.go:349: Step 27: Predicted ID 17 (EOS: 34)
2025/11/23 01:49:16 intent_moe.go:349: Step 28: Predicted ID 17 (EOS: 34)
2025/11/23 01:49:16 intent_moe.go:349: Step 29: Predicted ID 17 (EOS: 34)
2025/11/23 01:49:16 intent_moe.go:349: Step 30: Predicted ID 17 (EOS: 34)
2025/11/23 01:49:16 intent_moe.go:349: Step 31: Predicted ID 17 (EOS: 34)
2025/11/23 01:49:16 main.go:285: Guessed semantic output: children jill 8080 ./]::./:./ ./ ./ ./]:./]:./ ./ name ./ name ./ ./ ./ ./ ./ ./ ./ ./ ./
2025/11/23 01:49:16 main.go:288: Target semantic output: {"operation":"Create","target_resource":{"type":"Filesystem::Folder","name":"media","properties":{"path":"./config"}},"context":{"user_role":"admin"}}
2025/11/23 01:50:30 intent_moe.go:349: Step 0: Predicted ID 38 (EOS: 34)
2025/11/23 01:50:30 intent_moe.go:349: Step 1: Predicted ID 17 (EOS: 34)
2025/11/23 01:50:30 intent_moe.go:349: Step 2: Predicted ID 17 (EOS: 34)
2025/11/23 01:50:30 intent_moe.go:349: Step 3: Predicted ID 17 (EOS: 34)
2025/11/23 01:50:30 intent_moe.go:349: Step 4: Predicted ID 17 (EOS: 34)
2025/11/23 01:50:30 intent_moe.go:349: Step 5: Predicted ID 17 (EOS: 34)
2025/11/23 01:50:30 intent_moe.go:349: Step 6: Predicted ID 17 (EOS: 34)
2025/11/23 01:50:30 intent_moe.go:349: Step 7: Predicted ID 17 (EOS: 34)
2025/11/23 01:50:30 intent_moe.go:349: Step 8: Predicted ID 17 (EOS: 34)
2025/11/23 01:50:30 intent_moe.go:349: Step 9: Predicted ID 17 (EOS: 34)
2025/11/23 01:50:30 intent_moe.go:349: Step 10: Predicted ID 13 (EOS: 34)
2025/11/23 01:50:30 intent_moe.go:349: Step 11: Predicted ID 17 (EOS: 34)
2025/11/23 01:50:30 intent_moe.go:349: Step 12: Predicted ID 13 (EOS: 34)
2025/11/23 01:50:30 intent_moe.go:349: Step 13: Predicted ID 17 (EOS: 34)
2025/11/23 01:50:30 intent_moe.go:349: Step 14: Predicted ID 17 (EOS: 34)
2025/11/23 01:50:30 intent_moe.go:349: Step 15: Predicted ID 17 (EOS: 34)
2025/11/23 01:50:30 intent_moe.go:349: Step 16: Predicted ID 17 (EOS: 34)
2025/11/23 01:50:30 intent_moe.go:349: Step 17: Predicted ID 17 (EOS: 34)
2025/11/23 01:50:30 intent_moe.go:349: Step 18: Predicted ID 17 (EOS: 34)
2025/11/23 01:50:30 intent_moe.go:349: Step 19: Predicted ID 30 (EOS: 34)
2025/11/23 01:50:30 intent_moe.go:349: Step 20: Predicted ID 17 (EOS: 34)
2025/11/23 01:50:30 intent_moe.go:349: Step 21: Predicted ID 13 (EOS: 34)
2025/11/23 01:50:30 intent_moe.go:349: Step 22: Predicted ID 17 (EOS: 34)
2025/11/23 01:50:30 intent_moe.go:349: Step 23: Predicted ID 17 (EOS: 34)
2025/11/23 01:50:30 intent_moe.go:349: Step 24: Predicted ID 17 (EOS: 34)
2025/11/23 01:50:30 intent_moe.go:349: Step 25: Predicted ID 13 (EOS: 34)
2025/11/23 01:50:30 intent_moe.go:349: Step 26: Predicted ID 17 (EOS: 34)
2025/11/23 01:50:30 intent_moe.go:349: Step 27: Predicted ID 17 (EOS: 34)
2025/11/23 01:50:30 intent_moe.go:349: Step 28: Predicted ID 17 (EOS: 34)
2025/11/23 01:50:30 intent_moe.go:349: Step 29: Predicted ID 17 (EOS: 34)
2025/11/23 01:50:30 intent_moe.go:349: Step 30: Predicted ID 13 (EOS: 34)
2025/11/23 01:50:30 intent_moe.go:349: Step 31: Predicted ID 17 (EOS: 34)
2025/11/23 01:50:30 main.go:285: Guessed semantic output: Read ./ ./ ./ ./ ./ ./ ./ ./ ./ name ./ name ./ ./ ./ ./ ./ ./]./ name ./ ./ ./ name ./ ./ ./ ./ name ./
2025/11/23 01:50:30 main.go:288: Target semantic output: {"operation":"Create","target_resource":{"type":"Filesystem::Folder","name":"shared","properties":{"path":"./data"}},"context":{"user_role":"admin"}}
2025/11/23 01:51:41 intent_moe.go:349: Step 0: Predicted ID 39 (EOS: 34)
2025/11/23 01:51:41 intent_moe.go:349: Step 1: Predicted ID 39 (EOS: 34)
2025/11/23 01:51:41 intent_moe.go:349: Step 2: Predicted ID 34 (EOS: 34)
2025/11/23 01:51:41 main.go:285: Guessed semantic output: . .
2025/11/23 01:51:41 main.go:288: Target semantic output: {"operation":"Create","target_resource":{"type":"Filesystem::Folder","name":"cache","properties":{"path":"./backend"}},"context":{"user_role":"admin"}}
2025/11/23 01:52:52 intent_moe.go:349: Step 0: Predicted ID 38 (EOS: 34)
2025/11/23 01:52:52 intent_moe.go:349: Step 1: Predicted ID 39 (EOS: 34)
2025/11/23 01:52:52 intent_moe.go:349: Step 2: Predicted ID 34 (EOS: 34)
2025/11/23 01:52:52 main.go:285: Guessed semantic output: Read .
2025/11/23 01:52:52 main.go:288: Target semantic output: {"operation":"Create","target_resource":{"type":"Filesystem::File","name":"Makefile","properties":{"path":"./src"}},"context":{"user_role":"admin"}}
2025/11/23 01:54:03 intent_moe.go:349: Step 0: Predicted ID 38 (EOS: 34)
2025/11/23 01:54:03 intent_moe.go:349: Step 1: Predicted ID 17 (EOS: 34)
2025/11/23 01:54:03 intent_moe.go:349: Step 2: Predicted ID 17 (EOS: 34)
2025/11/23 01:54:03 intent_moe.go:349: Step 3: Predicted ID 17 (EOS: 34)
2025/11/23 01:54:03 intent_moe.go:349: Step 4: Predicted ID 17 (EOS: 34)
2025/11/23 01:54:03 intent_moe.go:349: Step 5: Predicted ID 30 (EOS: 34)
2025/11/23 01:54:03 intent_moe.go:349: Step 6: Predicted ID 6 (EOS: 34)
2025/11/23 01:54:03 intent_moe.go:349: Step 7: Predicted ID 17 (EOS: 34)
2025/11/23 01:54:03 intent_moe.go:349: Step 8: Predicted ID 17 (EOS: 34)
2025/11/23 01:54:03 intent_moe.go:349: Step 9: Predicted ID 30 (EOS: 34)
2025/11/23 01:54:03 intent_moe.go:349: Step 10: Predicted ID 6 (EOS: 34)
2025/11/23 01:54:03 intent_moe.go:349: Step 11: Predicted ID 17 (EOS: 34)
2025/11/23 01:54:03 intent_moe.go:349: Step 12: Predicted ID 6 (EOS: 34)
2025/11/23 01:54:03 intent_moe.go:349: Step 13: Predicted ID 17 (EOS: 34)
2025/11/23 01:54:03 intent_moe.go:349: Step 14: Predicted ID 17 (EOS: 34)
2025/11/23 01:54:03 intent_moe.go:349: Step 15: Predicted ID 17 (EOS: 34)
2025/11/23 01:54:03 intent_moe.go:349: Step 16: Predicted ID 17 (EOS: 34)
2025/11/23 01:54:03 intent_moe.go:349: Step 17: Predicted ID 17 (EOS: 34)
2025/11/23 01:54:03 intent_moe.go:349: Step 18: Predicted ID 17 (EOS: 34)
2025/11/23 01:54:03 intent_moe.go:349: Step 19: Predicted ID 17 (EOS: 34)
2025/11/23 01:54:03 intent_moe.go:349: Step 20: Predicted ID 17 (EOS: 34)
2025/11/23 01:54:03 intent_moe.go:349: Step 21: Predicted ID 17 (EOS: 34)
2025/11/23 01:54:03 intent_moe.go:349: Step 22: Predicted ID 17 (EOS: 34)
2025/11/23 01:54:03 intent_moe.go:349: Step 23: Predicted ID 17 (EOS: 34)
2025/11/23 01:54:03 intent_moe.go:349: Step 24: Predicted ID 17 (EOS: 34)
2025/11/23 01:54:03 intent_moe.go:349: Step 25: Predicted ID 17 (EOS: 34)
2025/11/23 01:54:03 intent_moe.go:349: Step 26: Predicted ID 17 (EOS: 34)
2025/11/23 01:54:03 intent_moe.go:349: Step 27: Predicted ID 17 (EOS: 34)
2025/11/23 01:54:03 intent_moe.go:349: Step 28: Predicted ID 13 (EOS: 34)
2025/11/23 01:54:03 intent_moe.go:349: Step 29: Predicted ID 17 (EOS: 34)
2025/11/23 01:54:03 intent_moe.go:349: Step 30: Predicted ID 13 (EOS: 34)
2025/11/23 01:54:03 intent_moe.go:349: Step 31: Predicted ID 17 (EOS: 34)
2025/11/23 01:54:03 main.go:285: Guessed semantic output: Read ./ ./ ./ ./]:./ ./]:./:./ ./ ./ ./ ./ ./ ./ ./ ./ ./ ./ ./ ./ ./ ./ name ./ name ./
2025/11/23 01:54:03 main.go:288: Target semantic output: {"operation":"Create","target_resource":{"type":"Filesystem::File","name":"types.go","properties":{"path":"./src"}},"context":{"user_role":"admin"}}
2025/11/23 01:54:03 main.go:154: Epoch 5, Average Loss: 77.334968
2025/11/23 01:54:03 main.go:541: Detaching model from computation graph...
2025/11/23 01:54:03 main.go:607: Model detached from computation graph.
Saving IntentMoE model to gob_models/moe_classification_model.gob
