2025/11/23 00:43:36 main.go:444: Query Vocabulary (after load/create): Size=40665
2025/11/23 00:43:36 main.go:445: Semantic Output Vocabulary (after load/create): Size=40
2025/11/23 00:43:36 main.go:452: Loaded 448 training examples.
2025/11/23 00:43:36 main.go:462: Query Vocabulary Size: 40665
2025/11/23 00:43:36 main.go:463: Semantic Output Vocabulary Size: 40
2025/11/23 00:43:36 main.go:464: Embedding Dimension: 64
2025/11/23 00:43:36 main.go:465: Word2Vec Model Vocab Size: 40665
2025/11/23 00:43:36 main.go:466: Word2Vec Model Vector Size: 25
2025/11/23 00:43:36 main.go:467: Number of Experts: 1
2025/11/23 00:43:36 main.go:474: Creating a new IntentMoE model.
2025/11/23 00:43:36 main.go:115: Epoch 1/10 (Scheduled Sampling: 0.0%)
2025/11/23 00:44:23 intent_moe.go:349: Step 0: Predicted ID 13 (EOS: 34)
2025/11/23 00:44:23 intent_moe.go:349: Step 1: Predicted ID 21 (EOS: 34)
2025/11/23 00:44:23 intent_moe.go:349: Step 2: Predicted ID 21 (EOS: 34)
2025/11/23 00:44:23 intent_moe.go:349: Step 3: Predicted ID 1 (EOS: 34)
2025/11/23 00:44:23 intent_moe.go:349: Step 4: Predicted ID 1 (EOS: 34)
2025/11/23 00:44:23 intent_moe.go:349: Step 5: Predicted ID 21 (EOS: 34)
2025/11/23 00:44:23 intent_moe.go:349: Step 6: Predicted ID 21 (EOS: 34)
2025/11/23 00:44:23 intent_moe.go:349: Step 7: Predicted ID 21 (EOS: 34)
2025/11/23 00:44:23 intent_moe.go:349: Step 8: Predicted ID 21 (EOS: 34)
2025/11/23 00:44:23 intent_moe.go:349: Step 9: Predicted ID 21 (EOS: 34)
2025/11/23 00:44:23 intent_moe.go:349: Step 10: Predicted ID 21 (EOS: 34)
2025/11/23 00:44:23 intent_moe.go:349: Step 11: Predicted ID 21 (EOS: 34)
2025/11/23 00:44:23 intent_moe.go:349: Step 12: Predicted ID 21 (EOS: 34)
2025/11/23 00:44:23 intent_moe.go:349: Step 13: Predicted ID 21 (EOS: 34)
2025/11/23 00:44:23 intent_moe.go:349: Step 14: Predicted ID 21 (EOS: 34)
2025/11/23 00:44:23 intent_moe.go:349: Step 15: Predicted ID 21 (EOS: 34)
2025/11/23 00:44:23 intent_moe.go:349: Step 16: Predicted ID 1 (EOS: 34)
2025/11/23 00:44:23 intent_moe.go:349: Step 17: Predicted ID 21 (EOS: 34)
2025/11/23 00:44:23 intent_moe.go:349: Step 18: Predicted ID 21 (EOS: 34)
2025/11/23 00:44:23 intent_moe.go:349: Step 19: Predicted ID 21 (EOS: 34)
2025/11/23 00:44:23 intent_moe.go:349: Step 20: Predicted ID 21 (EOS: 34)
2025/11/23 00:44:23 intent_moe.go:349: Step 21: Predicted ID 21 (EOS: 34)
2025/11/23 00:44:23 intent_moe.go:349: Step 22: Predicted ID 21 (EOS: 34)
2025/11/23 00:44:23 intent_moe.go:349: Step 23: Predicted ID 21 (EOS: 34)
2025/11/23 00:44:23 intent_moe.go:349: Step 24: Predicted ID 21 (EOS: 34)
2025/11/23 00:44:23 intent_moe.go:349: Step 25: Predicted ID 21 (EOS: 34)
2025/11/23 00:44:23 intent_moe.go:349: Step 26: Predicted ID 1 (EOS: 34)
2025/11/23 00:44:23 intent_moe.go:349: Step 27: Predicted ID 21 (EOS: 34)
2025/11/23 00:44:23 intent_moe.go:349: Step 28: Predicted ID 21 (EOS: 34)
2025/11/23 00:44:23 intent_moe.go:349: Step 29: Predicted ID 1 (EOS: 34)
2025/11/23 00:44:23 intent_moe.go:349: Step 30: Predicted ID 21 (EOS: 34)
2025/11/23 00:44:23 intent_moe.go:349: Step 31: Predicted ID 21 (EOS: 34)
2025/11/23 00:44:23 main.go:284: Guessed semantic output: name Deployment Deployment UNK UNK Deployment Deployment Deployment Deployment Deployment Deployment Deployment Deployment Deployment Deployment Deployment UNK Deployment Deployment Deployment Deployment Deployment Deployment Deployment Deployment Deployment UNK Deployment Deployment UNK Deployment Deployment
2025/11/23 00:44:23 main.go:287: Target semantic output: {"operation":"Create","target_resource":{"type":"Filesystem::Folder","name":"test","properties":{"path":"./"}},"context":{"user_role":"admin"}}
