nohup: ignoring input
2025/11/23 02:27:44 main.go:444: Query Vocabulary (after load/create): Size=40665
2025/11/23 02:27:44 main.go:445: Semantic Output Vocabulary (after load/create): Size=40
2025/11/23 02:27:44 main.go:452: Loaded 448 training examples.
2025/11/23 02:27:44 main.go:462: Query Vocabulary Size: 40665
2025/11/23 02:27:44 main.go:463: Semantic Output Vocabulary Size: 40
2025/11/23 02:27:44 main.go:464: Embedding Dimension: 64
2025/11/23 02:27:44 main.go:465: Word2Vec Model Vocab Size: 40665
2025/11/23 02:27:44 main.go:466: Word2Vec Model Vector Size: 25
2025/11/23 02:27:44 main.go:467: Number of Experts: 1
2025/11/23 02:27:44 main.go:474: Creating a new IntentMoE model.
2025/11/23 02:27:44 main.go:115: Epoch 1/5 (Scheduled Sampling: 0.0%)
2025/11/23 02:28:26 intent_moe.go:349: Step 0: Predicted ID 4 (EOS: 34)
2025/11/23 02:28:26 intent_moe.go:349: Step 1: Predicted ID 23 (EOS: 34)
2025/11/23 02:28:26 intent_moe.go:349: Step 2: Predicted ID 0 (EOS: 34)
2025/11/23 02:28:26 intent_moe.go:349: Step 3: Predicted ID 4 (EOS: 34)
2025/11/23 02:28:26 intent_moe.go:349: Step 4: Predicted ID 22 (EOS: 34)
2025/11/23 02:28:26 intent_moe.go:349: Step 5: Predicted ID 0 (EOS: 34)
2025/11/23 02:28:26 intent_moe.go:349: Step 6: Predicted ID 21 (EOS: 34)
2025/11/23 02:28:26 intent_moe.go:349: Step 7: Predicted ID 36 (EOS: 34)
2025/11/23 02:28:26 intent_moe.go:349: Step 8: Predicted ID 23 (EOS: 34)
2025/11/23 02:28:26 intent_moe.go:349: Step 9: Predicted ID 4 (EOS: 34)
2025/11/23 02:28:26 intent_moe.go:349: Step 10: Predicted ID 18 (EOS: 34)
2025/11/23 02:28:26 intent_moe.go:349: Step 11: Predicted ID 28 (EOS: 34)
2025/11/23 02:28:26 intent_moe.go:349: Step 12: Predicted ID 0 (EOS: 34)
2025/11/23 02:28:26 intent_moe.go:349: Step 13: Predicted ID 21 (EOS: 34)
2025/11/23 02:28:26 intent_moe.go:349: Step 14: Predicted ID 16 (EOS: 34)
2025/11/23 02:28:26 intent_moe.go:349: Step 15: Predicted ID 4 (EOS: 34)
2025/11/23 02:28:26 intent_moe.go:349: Step 16: Predicted ID 23 (EOS: 34)
2025/11/23 02:28:26 intent_moe.go:349: Step 17: Predicted ID 4 (EOS: 34)
2025/11/23 02:28:26 intent_moe.go:349: Step 18: Predicted ID 18 (EOS: 34)
2025/11/23 02:28:26 intent_moe.go:349: Step 19: Predicted ID 28 (EOS: 34)
2025/11/23 02:28:26 intent_moe.go:349: Step 20: Predicted ID 19 (EOS: 34)
2025/11/23 02:28:26 intent_moe.go:349: Step 21: Predicted ID 0 (EOS: 34)
2025/11/23 02:28:26 intent_moe.go:349: Step 22: Predicted ID 0 (EOS: 34)
2025/11/23 02:28:26 intent_moe.go:349: Step 23: Predicted ID 37 (EOS: 34)
2025/11/23 02:28:26 intent_moe.go:349: Step 24: Predicted ID 23 (EOS: 34)
2025/11/23 02:28:26 intent_moe.go:349: Step 25: Predicted ID 4 (EOS: 34)
2025/11/23 02:28:26 intent_moe.go:349: Step 26: Predicted ID 28 (EOS: 34)
2025/11/23 02:28:26 intent_moe.go:349: Step 27: Predicted ID 19 (EOS: 34)
2025/11/23 02:28:26 intent_moe.go:349: Step 28: Predicted ID 0 (EOS: 34)
2025/11/23 02:28:26 intent_moe.go:349: Step 29: Predicted ID 4 (EOS: 34)
2025/11/23 02:28:26 intent_moe.go:349: Step 30: Predicted ID 23 (EOS: 34)
2025/11/23 02:28:26 intent_moe.go:349: Step 31: Predicted ID 4 (EOS: 34)
2025/11/23 02:28:26 main.go:284: Guessed semantic output: "jill <pad>"GoWebserver <pad> Deployment test.txt jill"}source <pad> Deployment path"jill"}source children <pad> <pad> Delete jill"source children <pad>"jill"
2025/11/23 02:28:26 main.go:287: Target semantic output: {"operation":"Create","target_resource":{"type":"Filesystem::Folder","name":"test","properties":{"path":"./"}},"context":{"user_role":"admin"}}
2025/11/23 02:29:12 intent_moe.go:349: Step 0: Predicted ID 23 (EOS: 34)
2025/11/23 02:29:12 intent_moe.go:349: Step 1: Predicted ID 4 (EOS: 34)
2025/11/23 02:29:12 intent_moe.go:349: Step 2: Predicted ID 23 (EOS: 34)
2025/11/23 02:29:12 intent_moe.go:349: Step 3: Predicted ID 4 (EOS: 34)
2025/11/23 02:29:12 intent_moe.go:349: Step 4: Predicted ID 23 (EOS: 34)
2025/11/23 02:29:12 intent_moe.go:349: Step 5: Predicted ID 4 (EOS: 34)
2025/11/23 02:29:12 intent_moe.go:349: Step 6: Predicted ID 23 (EOS: 34)
2025/11/23 02:29:12 intent_moe.go:349: Step 7: Predicted ID 4 (EOS: 34)
2025/11/23 02:29:12 intent_moe.go:349: Step 8: Predicted ID 23 (EOS: 34)
2025/11/23 02:29:12 intent_moe.go:349: Step 9: Predicted ID 4 (EOS: 34)
2025/11/23 02:29:12 intent_moe.go:349: Step 10: Predicted ID 23 (EOS: 34)
2025/11/23 02:29:12 intent_moe.go:349: Step 11: Predicted ID 4 (EOS: 34)
2025/11/23 02:29:12 intent_moe.go:349: Step 12: Predicted ID 22 (EOS: 34)
2025/11/23 02:29:12 intent_moe.go:349: Step 13: Predicted ID 23 (EOS: 34)
2025/11/23 02:29:12 intent_moe.go:349: Step 14: Predicted ID 4 (EOS: 34)
2025/11/23 02:29:12 intent_moe.go:349: Step 15: Predicted ID 23 (EOS: 34)
2025/11/23 02:29:12 intent_moe.go:349: Step 16: Predicted ID 0 (EOS: 34)
2025/11/23 02:29:12 intent_moe.go:349: Step 17: Predicted ID 4 (EOS: 34)
2025/11/23 02:29:12 intent_moe.go:349: Step 18: Predicted ID 18 (EOS: 34)
2025/11/23 02:29:12 intent_moe.go:349: Step 19: Predicted ID 18 (EOS: 34)
2025/11/23 02:29:12 intent_moe.go:349: Step 20: Predicted ID 28 (EOS: 34)
2025/11/23 02:29:12 intent_moe.go:349: Step 21: Predicted ID 19 (EOS: 34)
2025/11/23 02:29:12 intent_moe.go:349: Step 22: Predicted ID 0 (EOS: 34)
2025/11/23 02:29:12 intent_moe.go:349: Step 23: Predicted ID 21 (EOS: 34)
2025/11/23 02:29:12 intent_moe.go:349: Step 24: Predicted ID 16 (EOS: 34)
2025/11/23 02:29:12 intent_moe.go:349: Step 25: Predicted ID 23 (EOS: 34)
2025/11/23 02:29:12 intent_moe.go:349: Step 26: Predicted ID 4 (EOS: 34)
2025/11/23 02:29:12 intent_moe.go:349: Step 27: Predicted ID 28 (EOS: 34)
2025/11/23 02:29:12 intent_moe.go:349: Step 28: Predicted ID 19 (EOS: 34)
2025/11/23 02:29:12 intent_moe.go:349: Step 29: Predicted ID 0 (EOS: 34)
2025/11/23 02:29:12 intent_moe.go:349: Step 30: Predicted ID 37 (EOS: 34)
2025/11/23 02:29:12 intent_moe.go:349: Step 31: Predicted ID 23 (EOS: 34)
2025/11/23 02:29:12 main.go:284: Guessed semantic output: jill"jill"jill"jill"jill"jill"GoWebserver jill"jill <pad>"}}source children <pad> Deployment path jill"source children <pad> Delete jill
2025/11/23 02:29:12 main.go:287: Target semantic output: {"operation":"Create","target_resource":{"type":"Filesystem::Folder","name":"logs","properties":{"path":"/home/user"}},"context":{"user_role":"admin"}}
2025/11/23 02:30:06 intent_moe.go:349: Step 0: Predicted ID 4 (EOS: 34)
2025/11/23 02:30:06 intent_moe.go:349: Step 1: Predicted ID 18 (EOS: 34)
2025/11/23 02:30:06 intent_moe.go:349: Step 2: Predicted ID 28 (EOS: 34)
2025/11/23 02:30:06 intent_moe.go:349: Step 3: Predicted ID 19 (EOS: 34)
2025/11/23 02:30:06 intent_moe.go:349: Step 4: Predicted ID 0 (EOS: 34)
2025/11/23 02:30:06 intent_moe.go:349: Step 5: Predicted ID 37 (EOS: 34)
2025/11/23 02:30:06 intent_moe.go:349: Step 6: Predicted ID 39 (EOS: 34)
2025/11/23 02:30:06 intent_moe.go:349: Step 7: Predicted ID 23 (EOS: 34)
2025/11/23 02:30:06 intent_moe.go:349: Step 8: Predicted ID 23 (EOS: 34)
2025/11/23 02:30:06 intent_moe.go:349: Step 9: Predicted ID 4 (EOS: 34)
2025/11/23 02:30:06 intent_moe.go:349: Step 10: Predicted ID 23 (EOS: 34)
2025/11/23 02:30:06 intent_moe.go:349: Step 11: Predicted ID 4 (EOS: 34)
2025/11/23 02:30:06 intent_moe.go:349: Step 12: Predicted ID 28 (EOS: 34)
2025/11/23 02:30:06 intent_moe.go:349: Step 13: Predicted ID 0 (EOS: 34)
2025/11/23 02:30:06 intent_moe.go:349: Step 14: Predicted ID 4 (EOS: 34)
2025/11/23 02:30:06 intent_moe.go:349: Step 15: Predicted ID 23 (EOS: 34)
2025/11/23 02:30:06 intent_moe.go:349: Step 16: Predicted ID 23 (EOS: 34)
2025/11/23 02:30:06 intent_moe.go:349: Step 17: Predicted ID 4 (EOS: 34)
2025/11/23 02:30:06 intent_moe.go:349: Step 18: Predicted ID 18 (EOS: 34)
2025/11/23 02:30:06 intent_moe.go:349: Step 19: Predicted ID 23 (EOS: 34)
2025/11/23 02:30:06 intent_moe.go:349: Step 20: Predicted ID 28 (EOS: 34)
2025/11/23 02:30:06 intent_moe.go:349: Step 21: Predicted ID 19 (EOS: 34)
2025/11/23 02:30:06 intent_moe.go:349: Step 22: Predicted ID 0 (EOS: 34)
2025/11/23 02:30:06 intent_moe.go:349: Step 23: Predicted ID 37 (EOS: 34)
2025/11/23 02:30:06 intent_moe.go:349: Step 24: Predicted ID 0 (EOS: 34)
2025/11/23 02:30:06 intent_moe.go:349: Step 25: Predicted ID 4 (EOS: 34)
2025/11/23 02:30:06 intent_moe.go:349: Step 26: Predicted ID 23 (EOS: 34)
2025/11/23 02:30:06 intent_moe.go:349: Step 27: Predicted ID 4 (EOS: 34)
2025/11/23 02:30:06 intent_moe.go:349: Step 28: Predicted ID 28 (EOS: 34)
2025/11/23 02:30:06 intent_moe.go:349: Step 29: Predicted ID 19 (EOS: 34)
2025/11/23 02:30:06 intent_moe.go:349: Step 30: Predicted ID 0 (EOS: 34)
2025/11/23 02:30:06 intent_moe.go:349: Step 31: Predicted ID 37 (EOS: 34)
2025/11/23 02:30:06 main.go:284: Guessed semantic output: "}source children <pad> Delete . jill jill"jill"source <pad>"jill jill"}jill source children <pad> Delete <pad>"jill"source children <pad> Delete
2025/11/23 02:30:06 main.go:287: Target semantic output: {"operation":"Create","target_resource":{"type":"Filesystem::Folder","name":"media","properties":{"path":"./config"}},"context":{"user_role":"admin"}}
2025/11/23 02:31:00 intent_moe.go:349: Step 0: Predicted ID 24 (EOS: 34)
2025/11/23 02:31:00 intent_moe.go:349: Step 1: Predicted ID 22 (EOS: 34)
2025/11/23 02:31:00 intent_moe.go:349: Step 2: Predicted ID 39 (EOS: 34)
2025/11/23 02:31:00 intent_moe.go:349: Step 3: Predicted ID 22 (EOS: 34)
2025/11/23 02:31:00 intent_moe.go:349: Step 4: Predicted ID 0 (EOS: 34)
2025/11/23 02:31:00 intent_moe.go:349: Step 5: Predicted ID 37 (EOS: 34)
2025/11/23 02:31:00 intent_moe.go:349: Step 6: Predicted ID 39 (EOS: 34)
2025/11/23 02:31:00 intent_moe.go:349: Step 7: Predicted ID 23 (EOS: 34)
2025/11/23 02:31:00 intent_moe.go:349: Step 8: Predicted ID 0 (EOS: 34)
2025/11/23 02:31:00 intent_moe.go:349: Step 9: Predicted ID 18 (EOS: 34)
2025/11/23 02:31:00 intent_moe.go:349: Step 10: Predicted ID 7 (EOS: 34)
2025/11/23 02:31:00 intent_moe.go:349: Step 11: Predicted ID 28 (EOS: 34)
2025/11/23 02:31:00 intent_moe.go:349: Step 12: Predicted ID 19 (EOS: 34)
2025/11/23 02:31:00 intent_moe.go:349: Step 13: Predicted ID 0 (EOS: 34)
2025/11/23 02:31:00 intent_moe.go:349: Step 14: Predicted ID 7 (EOS: 34)
2025/11/23 02:31:00 intent_moe.go:349: Step 15: Predicted ID 16 (EOS: 34)
2025/11/23 02:31:00 intent_moe.go:349: Step 16: Predicted ID 28 (EOS: 34)
2025/11/23 02:31:00 intent_moe.go:349: Step 17: Predicted ID 0 (EOS: 34)
2025/11/23 02:31:00 intent_moe.go:349: Step 18: Predicted ID 21 (EOS: 34)
2025/11/23 02:31:00 intent_moe.go:349: Step 19: Predicted ID 32 (EOS: 34)
2025/11/23 02:31:00 intent_moe.go:349: Step 20: Predicted ID 32 (EOS: 34)
2025/11/23 02:31:00 intent_moe.go:349: Step 21: Predicted ID 32 (EOS: 34)
2025/11/23 02:31:00 intent_moe.go:349: Step 22: Predicted ID 4 (EOS: 34)
2025/11/23 02:31:00 intent_moe.go:349: Step 23: Predicted ID 22 (EOS: 34)
2025/11/23 02:31:00 intent_moe.go:349: Step 24: Predicted ID 22 (EOS: 34)
2025/11/23 02:31:00 intent_moe.go:349: Step 25: Predicted ID 39 (EOS: 34)
2025/11/23 02:31:00 intent_moe.go:349: Step 26: Predicted ID 23 (EOS: 34)
2025/11/23 02:31:00 intent_moe.go:349: Step 27: Predicted ID 4 (EOS: 34)
2025/11/23 02:31:00 intent_moe.go:349: Step 28: Predicted ID 28 (EOS: 34)
2025/11/23 02:31:00 intent_moe.go:349: Step 29: Predicted ID 0 (EOS: 34)
2025/11/23 02:31:00 intent_moe.go:349: Step 30: Predicted ID 4 (EOS: 34)
2025/11/23 02:31:00 intent_moe.go:349: Step 31: Predicted ID 28 (EOS: 34)
2025/11/23 02:31:00 main.go:284: Guessed semantic output: port GoWebserver . GoWebserver <pad> Delete . jill <pad>}Create source children <pad> Create path source <pad> Deployment user_role user_role user_role"GoWebserver GoWebserver . jill"source <pad>"source
2025/11/23 02:31:00 main.go:287: Target semantic output: {"operation":"Create","target_resource":{"type":"Filesystem::Folder","name":"shared","properties":{"path":"./data"}},"context":{"user_role":"admin"}}
2025/11/23 02:31:54 intent_moe.go:349: Step 0: Predicted ID 4 (EOS: 34)
2025/11/23 02:31:54 intent_moe.go:349: Step 1: Predicted ID 22 (EOS: 34)
2025/11/23 02:31:54 intent_moe.go:349: Step 2: Predicted ID 0 (EOS: 34)
2025/11/23 02:31:54 intent_moe.go:349: Step 3: Predicted ID 21 (EOS: 34)
2025/11/23 02:31:54 intent_moe.go:349: Step 4: Predicted ID 16 (EOS: 34)
2025/11/23 02:31:54 intent_moe.go:349: Step 5: Predicted ID 4 (EOS: 34)
2025/11/23 02:31:54 intent_moe.go:349: Step 6: Predicted ID 18 (EOS: 34)
2025/11/23 02:31:54 intent_moe.go:349: Step 7: Predicted ID 23 (EOS: 34)
2025/11/23 02:31:54 intent_moe.go:349: Step 8: Predicted ID 16 (EOS: 34)
2025/11/23 02:31:54 intent_moe.go:349: Step 9: Predicted ID 28 (EOS: 34)
2025/11/23 02:31:54 intent_moe.go:349: Step 10: Predicted ID 0 (EOS: 34)
2025/11/23 02:31:54 intent_moe.go:349: Step 11: Predicted ID 4 (EOS: 34)
2025/11/23 02:31:54 intent_moe.go:349: Step 12: Predicted ID 23 (EOS: 34)
2025/11/23 02:31:54 intent_moe.go:349: Step 13: Predicted ID 4 (EOS: 34)
2025/11/23 02:31:54 intent_moe.go:349: Step 14: Predicted ID 22 (EOS: 34)
2025/11/23 02:31:54 intent_moe.go:349: Step 15: Predicted ID 22 (EOS: 34)
2025/11/23 02:31:54 intent_moe.go:349: Step 16: Predicted ID 0 (EOS: 34)
2025/11/23 02:31:54 intent_moe.go:349: Step 17: Predicted ID 37 (EOS: 34)
2025/11/23 02:31:54 intent_moe.go:349: Step 18: Predicted ID 39 (EOS: 34)
2025/11/23 02:31:54 intent_moe.go:349: Step 19: Predicted ID 23 (EOS: 34)
2025/11/23 02:31:54 intent_moe.go:349: Step 20: Predicted ID 4 (EOS: 34)
2025/11/23 02:31:54 intent_moe.go:349: Step 21: Predicted ID 18 (EOS: 34)
2025/11/23 02:31:54 intent_moe.go:349: Step 22: Predicted ID 22 (EOS: 34)
2025/11/23 02:31:54 intent_moe.go:349: Step 23: Predicted ID 28 (EOS: 34)
2025/11/23 02:31:54 intent_moe.go:349: Step 24: Predicted ID 0 (EOS: 34)
2025/11/23 02:31:54 intent_moe.go:349: Step 25: Predicted ID 4 (EOS: 34)
2025/11/23 02:31:54 intent_moe.go:349: Step 26: Predicted ID 23 (EOS: 34)
2025/11/23 02:31:54 intent_moe.go:349: Step 27: Predicted ID 4 (EOS: 34)
2025/11/23 02:31:54 intent_moe.go:349: Step 28: Predicted ID 23 (EOS: 34)
2025/11/23 02:31:54 intent_moe.go:349: Step 29: Predicted ID 4 (EOS: 34)
2025/11/23 02:31:54 intent_moe.go:349: Step 30: Predicted ID 23 (EOS: 34)
2025/11/23 02:31:54 intent_moe.go:349: Step 31: Predicted ID 4 (EOS: 34)
2025/11/23 02:31:54 main.go:284: Guessed semantic output: "GoWebserver <pad> Deployment path"}jill path source <pad>"jill"GoWebserver GoWebserver <pad> Delete . jill"}GoWebserver source <pad>"jill"jill"jill"
2025/11/23 02:31:54 main.go:287: Target semantic output: {"operation":"Create","target_resource":{"type":"Filesystem::Folder","name":"cache","properties":{"path":"./backend"}},"context":{"user_role":"admin"}}
2025/11/23 02:32:46 intent_moe.go:349: Step 0: Predicted ID 4 (EOS: 34)
2025/11/23 02:32:46 intent_moe.go:349: Step 1: Predicted ID 18 (EOS: 34)
2025/11/23 02:32:46 intent_moe.go:349: Step 2: Predicted ID 15 (EOS: 34)
2025/11/23 02:32:46 intent_moe.go:349: Step 3: Predicted ID 7 (EOS: 34)
2025/11/23 02:32:46 intent_moe.go:349: Step 4: Predicted ID 16 (EOS: 34)
2025/11/23 02:32:46 intent_moe.go:349: Step 5: Predicted ID 28 (EOS: 34)
2025/11/23 02:32:46 intent_moe.go:349: Step 6: Predicted ID 0 (EOS: 34)
2025/11/23 02:32:46 intent_moe.go:349: Step 7: Predicted ID 18 (EOS: 34)
2025/11/23 02:32:46 intent_moe.go:349: Step 8: Predicted ID 30 (EOS: 34)
2025/11/23 02:32:46 intent_moe.go:349: Step 9: Predicted ID 28 (EOS: 34)
2025/11/23 02:32:46 intent_moe.go:349: Step 10: Predicted ID 19 (EOS: 34)
2025/11/23 02:32:46 intent_moe.go:349: Step 11: Predicted ID 0 (EOS: 34)
2025/11/23 02:32:46 intent_moe.go:349: Step 12: Predicted ID 37 (EOS: 34)
2025/11/23 02:32:46 intent_moe.go:349: Step 13: Predicted ID 39 (EOS: 34)
2025/11/23 02:32:46 intent_moe.go:349: Step 14: Predicted ID 23 (EOS: 34)
2025/11/23 02:32:46 intent_moe.go:349: Step 15: Predicted ID 4 (EOS: 34)
2025/11/23 02:32:46 intent_moe.go:349: Step 16: Predicted ID 28 (EOS: 34)
2025/11/23 02:32:46 intent_moe.go:349: Step 17: Predicted ID 19 (EOS: 34)
2025/11/23 02:32:46 intent_moe.go:349: Step 18: Predicted ID 0 (EOS: 34)
2025/11/23 02:32:46 intent_moe.go:349: Step 19: Predicted ID 37 (EOS: 34)
2025/11/23 02:32:46 intent_moe.go:349: Step 20: Predicted ID 0 (EOS: 34)
2025/11/23 02:32:46 intent_moe.go:349: Step 21: Predicted ID 4 (EOS: 34)
2025/11/23 02:32:46 intent_moe.go:349: Step 22: Predicted ID 18 (EOS: 34)
2025/11/23 02:32:46 intent_moe.go:349: Step 23: Predicted ID 28 (EOS: 34)
2025/11/23 02:32:46 intent_moe.go:349: Step 24: Predicted ID 19 (EOS: 34)
2025/11/23 02:32:46 intent_moe.go:349: Step 25: Predicted ID 0 (EOS: 34)
2025/11/23 02:32:46 intent_moe.go:349: Step 26: Predicted ID 21 (EOS: 34)
2025/11/23 02:32:46 intent_moe.go:349: Step 27: Predicted ID 32 (EOS: 34)
2025/11/23 02:32:46 intent_moe.go:349: Step 28: Predicted ID 32 (EOS: 34)
2025/11/23 02:32:46 intent_moe.go:349: Step 29: Predicted ID 32 (EOS: 34)
2025/11/23 02:32:46 intent_moe.go:349: Step 30: Predicted ID 32 (EOS: 34)
2025/11/23 02:32:46 intent_moe.go:349: Step 31: Predicted ID 32 (EOS: 34)
2025/11/23 02:32:46 main.go:284: Guessed semantic output: "}properties Create path source <pad>}]source children <pad> Delete . jill"source children <pad> Delete <pad>"}source children <pad> Deployment user_role user_role user_role user_role user_role
2025/11/23 02:32:46 main.go:287: Target semantic output: {"operation":"Create","target_resource":{"type":"Filesystem::File","name":"Makefile","properties":{"path":"./src"}},"context":{"user_role":"admin"}}
2025/11/23 02:33:38 intent_moe.go:349: Step 0: Predicted ID 24 (EOS: 34)
2025/11/23 02:33:38 intent_moe.go:349: Step 1: Predicted ID 22 (EOS: 34)
2025/11/23 02:33:38 intent_moe.go:349: Step 2: Predicted ID 0 (EOS: 34)
2025/11/23 02:33:38 intent_moe.go:349: Step 3: Predicted ID 4 (EOS: 34)
2025/11/23 02:33:38 intent_moe.go:349: Step 4: Predicted ID 18 (EOS: 34)
2025/11/23 02:33:38 intent_moe.go:349: Step 5: Predicted ID 18 (EOS: 34)
2025/11/23 02:33:38 intent_moe.go:349: Step 6: Predicted ID 28 (EOS: 34)
2025/11/23 02:33:38 intent_moe.go:349: Step 7: Predicted ID 0 (EOS: 34)
2025/11/23 02:33:38 intent_moe.go:349: Step 8: Predicted ID 4 (EOS: 34)
2025/11/23 02:33:38 intent_moe.go:349: Step 9: Predicted ID 18 (EOS: 34)
2025/11/23 02:33:38 intent_moe.go:349: Step 10: Predicted ID 28 (EOS: 34)
2025/11/23 02:33:38 intent_moe.go:349: Step 11: Predicted ID 19 (EOS: 34)
2025/11/23 02:33:38 intent_moe.go:349: Step 12: Predicted ID 0 (EOS: 34)
2025/11/23 02:33:38 intent_moe.go:349: Step 13: Predicted ID 37 (EOS: 34)
2025/11/23 02:33:38 intent_moe.go:349: Step 14: Predicted ID 0 (EOS: 34)
2025/11/23 02:33:38 intent_moe.go:349: Step 15: Predicted ID 37 (EOS: 34)
2025/11/23 02:33:38 intent_moe.go:349: Step 16: Predicted ID 39 (EOS: 34)
2025/11/23 02:33:38 intent_moe.go:349: Step 17: Predicted ID 23 (EOS: 34)
2025/11/23 02:33:38 intent_moe.go:349: Step 18: Predicted ID 4 (EOS: 34)
2025/11/23 02:33:38 intent_moe.go:349: Step 19: Predicted ID 18 (EOS: 34)
2025/11/23 02:33:38 intent_moe.go:349: Step 20: Predicted ID 22 (EOS: 34)
2025/11/23 02:33:38 intent_moe.go:349: Step 21: Predicted ID 28 (EOS: 34)
2025/11/23 02:33:38 intent_moe.go:349: Step 22: Predicted ID 0 (EOS: 34)
2025/11/23 02:33:38 intent_moe.go:349: Step 23: Predicted ID 21 (EOS: 34)
2025/11/23 02:33:38 intent_moe.go:349: Step 24: Predicted ID 16 (EOS: 34)
2025/11/23 02:33:38 intent_moe.go:349: Step 25: Predicted ID 4 (EOS: 34)
2025/11/23 02:33:38 intent_moe.go:349: Step 26: Predicted ID 18 (EOS: 34)
2025/11/23 02:33:38 intent_moe.go:349: Step 27: Predicted ID 22 (EOS: 34)
2025/11/23 02:33:38 intent_moe.go:349: Step 28: Predicted ID 28 (EOS: 34)
2025/11/23 02:33:38 intent_moe.go:349: Step 29: Predicted ID 19 (EOS: 34)
2025/11/23 02:33:38 intent_moe.go:349: Step 30: Predicted ID 0 (EOS: 34)
2025/11/23 02:33:38 intent_moe.go:349: Step 31: Predicted ID 37 (EOS: 34)
2025/11/23 02:33:38 main.go:284: Guessed semantic output: port GoWebserver <pad>"}}source <pad>"}source children <pad> Delete <pad> Delete . jill"}GoWebserver source <pad> Deployment path"}GoWebserver source children <pad> Delete
2025/11/23 02:33:38 main.go:287: Target semantic output: {"operation":"Create","target_resource":{"type":"Filesystem::File","name":"types.go","properties":{"path":"./src"}},"context":{"user_role":"admin"}}
2025/11/23 02:33:38 main.go:154: Epoch 1, Average Loss: 82.539822
2025/11/23 02:33:38 main.go:115: Epoch 2/5 (Scheduled Sampling: 10.0%)
2025/11/23 02:33:53 main.go:135: Error training batch: IntentMoE model backward pass failed: decoder backward failed: decoder embedding backward at t=23 failed: Embedding backward called before forward or with mismatched input/gradient shapes
2025/11/23 02:34:10 main.go:135: Error training batch: IntentMoE model backward pass failed: decoder backward failed: decoder embedding backward at t=21 failed: Embedding backward called before forward or with mismatched input/gradient shapes
2025/11/23 02:34:26 main.go:135: Error training batch: IntentMoE model backward pass failed: decoder backward failed: decoder embedding backward at t=23 failed: Embedding backward called before forward or with mismatched input/gradient shapes
2025/11/23 02:34:40 main.go:135: Error training batch: IntentMoE model backward pass failed: decoder backward failed: decoder embedding backward at t=23 failed: Embedding backward called before forward or with mismatched input/gradient shapes
2025/11/23 02:35:00 main.go:135: Error training batch: IntentMoE model backward pass failed: decoder backward failed: decoder embedding backward at t=19 failed: Embedding backward called before forward or with mismatched input/gradient shapes
2025/11/23 02:35:32 main.go:398: Received interrupt signal. Stopping CPU and Memory profiles and closing files.
