nohup: ignoring input
2025/11/23 00:53:32 main.go:444: Query Vocabulary (after load/create): Size=40665
2025/11/23 00:53:32 main.go:445: Semantic Output Vocabulary (after load/create): Size=40
2025/11/23 00:53:32 main.go:452: Loaded 448 training examples.
2025/11/23 00:53:32 main.go:462: Query Vocabulary Size: 40665
2025/11/23 00:53:32 main.go:463: Semantic Output Vocabulary Size: 40
2025/11/23 00:53:32 main.go:464: Embedding Dimension: 64
2025/11/23 00:53:32 main.go:465: Word2Vec Model Vocab Size: 40665
2025/11/23 00:53:32 main.go:466: Word2Vec Model Vector Size: 25
2025/11/23 00:53:32 main.go:467: Number of Experts: 1
2025/11/23 00:53:32 main.go:474: Creating a new IntentMoE model.
2025/11/23 00:53:32 main.go:115: Epoch 1/5 (Scheduled Sampling: 0.0%)
2025/11/23 00:54:13 intent_moe.go:349: Step 0: Predicted ID 22 (EOS: 34)
2025/11/23 00:54:13 intent_moe.go:349: Step 1: Predicted ID 22 (EOS: 34)
2025/11/23 00:54:13 intent_moe.go:349: Step 2: Predicted ID 22 (EOS: 34)
2025/11/23 00:54:13 intent_moe.go:349: Step 3: Predicted ID 0 (EOS: 34)
2025/11/23 00:54:13 intent_moe.go:349: Step 4: Predicted ID 19 (EOS: 34)
2025/11/23 00:54:13 intent_moe.go:349: Step 5: Predicted ID 22 (EOS: 34)
2025/11/23 00:54:13 intent_moe.go:349: Step 6: Predicted ID 22 (EOS: 34)
2025/11/23 00:54:13 intent_moe.go:349: Step 7: Predicted ID 22 (EOS: 34)
2025/11/23 00:54:13 intent_moe.go:349: Step 8: Predicted ID 22 (EOS: 34)
2025/11/23 00:54:13 intent_moe.go:349: Step 9: Predicted ID 0 (EOS: 34)
2025/11/23 00:54:13 intent_moe.go:349: Step 10: Predicted ID 39 (EOS: 34)
2025/11/23 00:54:13 intent_moe.go:349: Step 11: Predicted ID 37 (EOS: 34)
2025/11/23 00:54:13 intent_moe.go:349: Step 12: Predicted ID 15 (EOS: 34)
2025/11/23 00:54:13 intent_moe.go:349: Step 13: Predicted ID 22 (EOS: 34)
2025/11/23 00:54:13 intent_moe.go:349: Step 14: Predicted ID 22 (EOS: 34)
2025/11/23 00:54:13 intent_moe.go:349: Step 15: Predicted ID 22 (EOS: 34)
2025/11/23 00:54:13 intent_moe.go:349: Step 16: Predicted ID 22 (EOS: 34)
2025/11/23 00:54:13 intent_moe.go:349: Step 17: Predicted ID 22 (EOS: 34)
2025/11/23 00:54:13 intent_moe.go:349: Step 18: Predicted ID 0 (EOS: 34)
2025/11/23 00:54:13 intent_moe.go:349: Step 19: Predicted ID 19 (EOS: 34)
2025/11/23 00:54:13 intent_moe.go:349: Step 20: Predicted ID 22 (EOS: 34)
2025/11/23 00:54:13 intent_moe.go:349: Step 21: Predicted ID 22 (EOS: 34)
2025/11/23 00:54:13 intent_moe.go:349: Step 22: Predicted ID 22 (EOS: 34)
2025/11/23 00:54:13 intent_moe.go:349: Step 23: Predicted ID 0 (EOS: 34)
2025/11/23 00:54:13 intent_moe.go:349: Step 24: Predicted ID 22 (EOS: 34)
2025/11/23 00:54:13 intent_moe.go:349: Step 25: Predicted ID 22 (EOS: 34)
2025/11/23 00:54:13 intent_moe.go:349: Step 26: Predicted ID 22 (EOS: 34)
2025/11/23 00:54:13 intent_moe.go:349: Step 27: Predicted ID 0 (EOS: 34)
2025/11/23 00:54:13 intent_moe.go:349: Step 28: Predicted ID 39 (EOS: 34)
2025/11/23 00:54:13 intent_moe.go:349: Step 29: Predicted ID 37 (EOS: 34)
2025/11/23 00:54:13 intent_moe.go:349: Step 30: Predicted ID 39 (EOS: 34)
2025/11/23 00:54:13 intent_moe.go:349: Step 31: Predicted ID 37 (EOS: 34)
2025/11/23 00:54:13 main.go:284: Guessed semantic output: GoWebserver GoWebserver GoWebserver <pad> children GoWebserver GoWebserver GoWebserver GoWebserver <pad> . Delete properties GoWebserver GoWebserver GoWebserver GoWebserver GoWebserver <pad> children GoWebserver GoWebserver GoWebserver <pad> GoWebserver GoWebserver GoWebserver <pad> . Delete . Delete
2025/11/23 00:54:13 main.go:287: Target semantic output: {"operation":"Create","target_resource":{"type":"Filesystem::Folder","name":"test","properties":{"path":"./"}},"context":{"user_role":"admin"}}
2025/11/23 00:54:54 intent_moe.go:349: Step 0: Predicted ID 22 (EOS: 34)
2025/11/23 00:54:54 intent_moe.go:349: Step 1: Predicted ID 22 (EOS: 34)
2025/11/23 00:54:54 intent_moe.go:349: Step 2: Predicted ID 22 (EOS: 34)
2025/11/23 00:54:54 intent_moe.go:349: Step 3: Predicted ID 22 (EOS: 34)
2025/11/23 00:54:54 intent_moe.go:349: Step 4: Predicted ID 0 (EOS: 34)
2025/11/23 00:54:54 intent_moe.go:349: Step 5: Predicted ID 22 (EOS: 34)
2025/11/23 00:54:54 intent_moe.go:349: Step 6: Predicted ID 0 (EOS: 34)
2025/11/23 00:54:54 intent_moe.go:349: Step 7: Predicted ID 26 (EOS: 34)
2025/11/23 00:54:54 intent_moe.go:349: Step 8: Predicted ID 19 (EOS: 34)
2025/11/23 00:54:54 intent_moe.go:349: Step 9: Predicted ID 19 (EOS: 34)
2025/11/23 00:54:54 intent_moe.go:349: Step 10: Predicted ID 22 (EOS: 34)
2025/11/23 00:54:54 intent_moe.go:349: Step 11: Predicted ID 22 (EOS: 34)
2025/11/23 00:54:54 intent_moe.go:349: Step 12: Predicted ID 22 (EOS: 34)
2025/11/23 00:54:54 intent_moe.go:349: Step 13: Predicted ID 22 (EOS: 34)
2025/11/23 00:54:54 intent_moe.go:349: Step 14: Predicted ID 0 (EOS: 34)
2025/11/23 00:54:54 intent_moe.go:349: Step 15: Predicted ID 39 (EOS: 34)
2025/11/23 00:54:54 intent_moe.go:349: Step 16: Predicted ID 37 (EOS: 34)
2025/11/23 00:54:54 intent_moe.go:349: Step 17: Predicted ID 15 (EOS: 34)
2025/11/23 00:54:54 intent_moe.go:349: Step 18: Predicted ID 22 (EOS: 34)
2025/11/23 00:54:54 intent_moe.go:349: Step 19: Predicted ID 0 (EOS: 34)
2025/11/23 00:54:54 intent_moe.go:349: Step 20: Predicted ID 32 (EOS: 34)
2025/11/23 00:54:54 intent_moe.go:349: Step 21: Predicted ID 19 (EOS: 34)
2025/11/23 00:54:54 intent_moe.go:349: Step 22: Predicted ID 19 (EOS: 34)
2025/11/23 00:54:54 intent_moe.go:349: Step 23: Predicted ID 19 (EOS: 34)
2025/11/23 00:54:54 intent_moe.go:349: Step 24: Predicted ID 19 (EOS: 34)
2025/11/23 00:54:54 intent_moe.go:349: Step 25: Predicted ID 19 (EOS: 34)
2025/11/23 00:54:54 intent_moe.go:349: Step 26: Predicted ID 37 (EOS: 34)
2025/11/23 00:54:54 intent_moe.go:349: Step 27: Predicted ID 15 (EOS: 34)
2025/11/23 00:54:54 intent_moe.go:349: Step 28: Predicted ID 15 (EOS: 34)
2025/11/23 00:54:54 intent_moe.go:349: Step 29: Predicted ID 22 (EOS: 34)
2025/11/23 00:54:54 intent_moe.go:349: Step 30: Predicted ID 22 (EOS: 34)
2025/11/23 00:54:54 intent_moe.go:349: Step 31: Predicted ID 22 (EOS: 34)
2025/11/23 00:54:54 main.go:284: Guessed semantic output: GoWebserver GoWebserver GoWebserver GoWebserver <pad> GoWebserver <pad> runtime children children GoWebserver GoWebserver GoWebserver GoWebserver <pad> . Delete properties GoWebserver <pad> user_role children children children children children Delete properties properties GoWebserver GoWebserver GoWebserver
2025/11/23 00:54:54 main.go:287: Target semantic output: {"operation":"Create","target_resource":{"type":"Filesystem::Folder","name":"logs","properties":{"path":"/home/user"}},"context":{"user_role":"admin"}}
2025/11/23 00:55:37 intent_moe.go:349: Step 0: Predicted ID 22 (EOS: 34)
2025/11/23 00:55:37 intent_moe.go:349: Step 1: Predicted ID 22 (EOS: 34)
2025/11/23 00:55:37 intent_moe.go:349: Step 2: Predicted ID 22 (EOS: 34)
2025/11/23 00:55:37 intent_moe.go:349: Step 3: Predicted ID 22 (EOS: 34)
2025/11/23 00:55:37 intent_moe.go:349: Step 4: Predicted ID 22 (EOS: 34)
2025/11/23 00:55:37 intent_moe.go:349: Step 5: Predicted ID 0 (EOS: 34)
2025/11/23 00:55:37 intent_moe.go:349: Step 6: Predicted ID 22 (EOS: 34)
2025/11/23 00:55:37 intent_moe.go:349: Step 7: Predicted ID 22 (EOS: 34)
2025/11/23 00:55:37 intent_moe.go:349: Step 8: Predicted ID 0 (EOS: 34)
2025/11/23 00:55:37 intent_moe.go:349: Step 9: Predicted ID 39 (EOS: 34)
2025/11/23 00:55:37 intent_moe.go:349: Step 10: Predicted ID 39 (EOS: 34)
2025/11/23 00:55:37 intent_moe.go:349: Step 11: Predicted ID 37 (EOS: 34)
2025/11/23 00:55:37 intent_moe.go:349: Step 12: Predicted ID 15 (EOS: 34)
2025/11/23 00:55:37 intent_moe.go:349: Step 13: Predicted ID 15 (EOS: 34)
2025/11/23 00:55:37 intent_moe.go:349: Step 14: Predicted ID 15 (EOS: 34)
2025/11/23 00:55:37 intent_moe.go:349: Step 15: Predicted ID 16 (EOS: 34)
2025/11/23 00:55:37 intent_moe.go:349: Step 16: Predicted ID 22 (EOS: 34)
2025/11/23 00:55:37 intent_moe.go:349: Step 17: Predicted ID 22 (EOS: 34)
2025/11/23 00:55:37 intent_moe.go:349: Step 18: Predicted ID 22 (EOS: 34)
2025/11/23 00:55:37 intent_moe.go:349: Step 19: Predicted ID 22 (EOS: 34)
2025/11/23 00:55:37 intent_moe.go:349: Step 20: Predicted ID 22 (EOS: 34)
2025/11/23 00:55:37 intent_moe.go:349: Step 21: Predicted ID 0 (EOS: 34)
2025/11/23 00:55:37 intent_moe.go:349: Step 22: Predicted ID 37 (EOS: 34)
2025/11/23 00:55:37 intent_moe.go:349: Step 23: Predicted ID 22 (EOS: 34)
2025/11/23 00:55:37 intent_moe.go:349: Step 24: Predicted ID 22 (EOS: 34)
2025/11/23 00:55:37 intent_moe.go:349: Step 25: Predicted ID 22 (EOS: 34)
2025/11/23 00:55:37 intent_moe.go:349: Step 26: Predicted ID 22 (EOS: 34)
2025/11/23 00:55:37 intent_moe.go:349: Step 27: Predicted ID 22 (EOS: 34)
2025/11/23 00:55:37 intent_moe.go:349: Step 28: Predicted ID 0 (EOS: 34)
2025/11/23 00:55:37 intent_moe.go:349: Step 29: Predicted ID 22 (EOS: 34)
2025/11/23 00:55:37 intent_moe.go:349: Step 30: Predicted ID 22 (EOS: 34)
2025/11/23 00:55:37 intent_moe.go:349: Step 31: Predicted ID 22 (EOS: 34)
2025/11/23 00:55:37 main.go:284: Guessed semantic output: GoWebserver GoWebserver GoWebserver GoWebserver GoWebserver <pad> GoWebserver GoWebserver <pad> . . Delete properties properties properties path GoWebserver GoWebserver GoWebserver GoWebserver GoWebserver <pad> Delete GoWebserver GoWebserver GoWebserver GoWebserver GoWebserver <pad> GoWebserver GoWebserver GoWebserver
2025/11/23 00:55:37 main.go:287: Target semantic output: {"operation":"Create","target_resource":{"type":"Filesystem::Folder","name":"media","properties":{"path":"./config"}},"context":{"user_role":"admin"}}
2025/11/23 00:56:19 intent_moe.go:349: Step 0: Predicted ID 22 (EOS: 34)
2025/11/23 00:56:19 intent_moe.go:349: Step 1: Predicted ID 22 (EOS: 34)
2025/11/23 00:56:19 intent_moe.go:349: Step 2: Predicted ID 0 (EOS: 34)
2025/11/23 00:56:19 intent_moe.go:349: Step 3: Predicted ID 22 (EOS: 34)
2025/11/23 00:56:19 intent_moe.go:349: Step 4: Predicted ID 0 (EOS: 34)
2025/11/23 00:56:19 intent_moe.go:349: Step 5: Predicted ID 26 (EOS: 34)
2025/11/23 00:56:19 intent_moe.go:349: Step 6: Predicted ID 19 (EOS: 34)
2025/11/23 00:56:19 intent_moe.go:349: Step 7: Predicted ID 19 (EOS: 34)
2025/11/23 00:56:19 intent_moe.go:349: Step 8: Predicted ID 15 (EOS: 34)
2025/11/23 00:56:19 intent_moe.go:349: Step 9: Predicted ID 15 (EOS: 34)
2025/11/23 00:56:19 intent_moe.go:349: Step 10: Predicted ID 16 (EOS: 34)
2025/11/23 00:56:19 intent_moe.go:349: Step 11: Predicted ID 22 (EOS: 34)
2025/11/23 00:56:19 intent_moe.go:349: Step 12: Predicted ID 22 (EOS: 34)
2025/11/23 00:56:19 intent_moe.go:349: Step 13: Predicted ID 22 (EOS: 34)
2025/11/23 00:56:19 intent_moe.go:349: Step 14: Predicted ID 0 (EOS: 34)
2025/11/23 00:56:19 intent_moe.go:349: Step 15: Predicted ID 22 (EOS: 34)
2025/11/23 00:56:19 intent_moe.go:349: Step 16: Predicted ID 0 (EOS: 34)
2025/11/23 00:56:19 intent_moe.go:349: Step 17: Predicted ID 19 (EOS: 34)
2025/11/23 00:56:19 intent_moe.go:349: Step 18: Predicted ID 22 (EOS: 34)
2025/11/23 00:56:19 intent_moe.go:349: Step 19: Predicted ID 22 (EOS: 34)
2025/11/23 00:56:19 intent_moe.go:349: Step 20: Predicted ID 22 (EOS: 34)
2025/11/23 00:56:19 intent_moe.go:349: Step 21: Predicted ID 0 (EOS: 34)
2025/11/23 00:56:19 intent_moe.go:349: Step 22: Predicted ID 32 (EOS: 34)
2025/11/23 00:56:19 intent_moe.go:349: Step 23: Predicted ID 19 (EOS: 34)
2025/11/23 00:56:19 intent_moe.go:349: Step 24: Predicted ID 37 (EOS: 34)
2025/11/23 00:56:19 intent_moe.go:349: Step 25: Predicted ID 15 (EOS: 34)
2025/11/23 00:56:19 intent_moe.go:349: Step 26: Predicted ID 20 (EOS: 34)
2025/11/23 00:56:19 intent_moe.go:349: Step 27: Predicted ID 7 (EOS: 34)
2025/11/23 00:56:19 intent_moe.go:349: Step 28: Predicted ID 19 (EOS: 34)
2025/11/23 00:56:19 intent_moe.go:349: Step 29: Predicted ID 19 (EOS: 34)
2025/11/23 00:56:19 intent_moe.go:349: Step 30: Predicted ID 19 (EOS: 34)
2025/11/23 00:56:19 intent_moe.go:349: Step 31: Predicted ID 26 (EOS: 34)
2025/11/23 00:56:19 main.go:284: Guessed semantic output: GoWebserver GoWebserver <pad> GoWebserver <pad> runtime children children properties properties path GoWebserver GoWebserver GoWebserver <pad> GoWebserver <pad> children GoWebserver GoWebserver GoWebserver <pad> user_role children Delete properties[Create children children children runtime
2025/11/23 00:56:19 main.go:287: Target semantic output: {"operation":"Create","target_resource":{"type":"Filesystem::Folder","name":"shared","properties":{"path":"./data"}},"context":{"user_role":"admin"}}
2025/11/23 00:57:03 intent_moe.go:349: Step 0: Predicted ID 22 (EOS: 34)
2025/11/23 00:57:03 intent_moe.go:349: Step 1: Predicted ID 22 (EOS: 34)
2025/11/23 00:57:03 intent_moe.go:349: Step 2: Predicted ID 0 (EOS: 34)
2025/11/23 00:57:03 intent_moe.go:349: Step 3: Predicted ID 19 (EOS: 34)
2025/11/23 00:57:03 intent_moe.go:349: Step 4: Predicted ID 22 (EOS: 34)
2025/11/23 00:57:03 intent_moe.go:349: Step 5: Predicted ID 22 (EOS: 34)
2025/11/23 00:57:03 intent_moe.go:349: Step 6: Predicted ID 0 (EOS: 34)
2025/11/23 00:57:03 intent_moe.go:349: Step 7: Predicted ID 39 (EOS: 34)
2025/11/23 00:57:03 intent_moe.go:349: Step 8: Predicted ID 39 (EOS: 34)
2025/11/23 00:57:03 intent_moe.go:349: Step 9: Predicted ID 37 (EOS: 34)
2025/11/23 00:57:03 intent_moe.go:349: Step 10: Predicted ID 15 (EOS: 34)
2025/11/23 00:57:03 intent_moe.go:349: Step 11: Predicted ID 22 (EOS: 34)
2025/11/23 00:57:03 intent_moe.go:349: Step 12: Predicted ID 22 (EOS: 34)
2025/11/23 00:57:03 intent_moe.go:349: Step 13: Predicted ID 0 (EOS: 34)
2025/11/23 00:57:03 intent_moe.go:349: Step 14: Predicted ID 39 (EOS: 34)
2025/11/23 00:57:03 intent_moe.go:349: Step 15: Predicted ID 0 (EOS: 34)
2025/11/23 00:57:03 intent_moe.go:349: Step 16: Predicted ID 39 (EOS: 34)
2025/11/23 00:57:03 intent_moe.go:349: Step 17: Predicted ID 22 (EOS: 34)
2025/11/23 00:57:03 intent_moe.go:349: Step 18: Predicted ID 22 (EOS: 34)
2025/11/23 00:57:03 intent_moe.go:349: Step 19: Predicted ID 0 (EOS: 34)
2025/11/23 00:57:03 intent_moe.go:349: Step 20: Predicted ID 39 (EOS: 34)
2025/11/23 00:57:03 intent_moe.go:349: Step 21: Predicted ID 22 (EOS: 34)
2025/11/23 00:57:03 intent_moe.go:349: Step 22: Predicted ID 22 (EOS: 34)
2025/11/23 00:57:03 intent_moe.go:349: Step 23: Predicted ID 22 (EOS: 34)
2025/11/23 00:57:03 intent_moe.go:349: Step 24: Predicted ID 0 (EOS: 34)
2025/11/23 00:57:03 intent_moe.go:349: Step 25: Predicted ID 39 (EOS: 34)
2025/11/23 00:57:03 intent_moe.go:349: Step 26: Predicted ID 39 (EOS: 34)
2025/11/23 00:57:03 intent_moe.go:349: Step 27: Predicted ID 22 (EOS: 34)
2025/11/23 00:57:03 intent_moe.go:349: Step 28: Predicted ID 22 (EOS: 34)
2025/11/23 00:57:03 intent_moe.go:349: Step 29: Predicted ID 0 (EOS: 34)
2025/11/23 00:57:03 intent_moe.go:349: Step 30: Predicted ID 39 (EOS: 34)
2025/11/23 00:57:03 intent_moe.go:349: Step 31: Predicted ID 39 (EOS: 34)
2025/11/23 00:57:03 main.go:284: Guessed semantic output: GoWebserver GoWebserver <pad> children GoWebserver GoWebserver <pad> . . Delete properties GoWebserver GoWebserver <pad> . <pad> . GoWebserver GoWebserver <pad> . GoWebserver GoWebserver GoWebserver <pad> . . GoWebserver GoWebserver <pad> . .
2025/11/23 00:57:03 main.go:287: Target semantic output: {"operation":"Create","target_resource":{"type":"Filesystem::Folder","name":"cache","properties":{"path":"./backend"}},"context":{"user_role":"admin"}}
2025/11/23 00:57:47 intent_moe.go:349: Step 0: Predicted ID 22 (EOS: 34)
2025/11/23 00:57:47 intent_moe.go:349: Step 1: Predicted ID 22 (EOS: 34)
2025/11/23 00:57:47 intent_moe.go:349: Step 2: Predicted ID 22 (EOS: 34)
2025/11/23 00:57:47 intent_moe.go:349: Step 3: Predicted ID 22 (EOS: 34)
2025/11/23 00:57:47 intent_moe.go:349: Step 4: Predicted ID 0 (EOS: 34)
2025/11/23 00:57:47 intent_moe.go:349: Step 5: Predicted ID 19 (EOS: 34)
2025/11/23 00:57:47 intent_moe.go:349: Step 6: Predicted ID 22 (EOS: 34)
2025/11/23 00:57:47 intent_moe.go:349: Step 7: Predicted ID 22 (EOS: 34)
2025/11/23 00:57:47 intent_moe.go:349: Step 8: Predicted ID 0 (EOS: 34)
2025/11/23 00:57:47 intent_moe.go:349: Step 9: Predicted ID 19 (EOS: 34)
2025/11/23 00:57:47 intent_moe.go:349: Step 10: Predicted ID 22 (EOS: 34)
2025/11/23 00:57:47 intent_moe.go:349: Step 11: Predicted ID 22 (EOS: 34)
2025/11/23 00:57:47 intent_moe.go:349: Step 12: Predicted ID 22 (EOS: 34)
2025/11/23 00:57:47 intent_moe.go:349: Step 13: Predicted ID 22 (EOS: 34)
2025/11/23 00:57:47 intent_moe.go:349: Step 14: Predicted ID 22 (EOS: 34)
2025/11/23 00:57:47 intent_moe.go:349: Step 15: Predicted ID 0 (EOS: 34)
2025/11/23 00:57:47 intent_moe.go:349: Step 16: Predicted ID 39 (EOS: 34)
2025/11/23 00:57:48 intent_moe.go:349: Step 17: Predicted ID 22 (EOS: 34)
2025/11/23 00:57:48 intent_moe.go:349: Step 18: Predicted ID 0 (EOS: 34)
2025/11/23 00:57:48 intent_moe.go:349: Step 19: Predicted ID 39 (EOS: 34)
2025/11/23 00:57:48 intent_moe.go:349: Step 20: Predicted ID 22 (EOS: 34)
2025/11/23 00:57:48 intent_moe.go:349: Step 21: Predicted ID 0 (EOS: 34)
2025/11/23 00:57:48 intent_moe.go:349: Step 22: Predicted ID 39 (EOS: 34)
2025/11/23 00:57:48 intent_moe.go:349: Step 23: Predicted ID 22 (EOS: 34)
2025/11/23 00:57:48 intent_moe.go:349: Step 24: Predicted ID 0 (EOS: 34)
2025/11/23 00:57:48 intent_moe.go:349: Step 25: Predicted ID 39 (EOS: 34)
2025/11/23 00:57:48 intent_moe.go:349: Step 26: Predicted ID 22 (EOS: 34)
2025/11/23 00:57:48 intent_moe.go:349: Step 27: Predicted ID 22 (EOS: 34)
2025/11/23 00:57:48 intent_moe.go:349: Step 28: Predicted ID 0 (EOS: 34)
2025/11/23 00:57:48 intent_moe.go:349: Step 29: Predicted ID 39 (EOS: 34)
2025/11/23 00:57:48 intent_moe.go:349: Step 30: Predicted ID 22 (EOS: 34)
2025/11/23 00:57:48 intent_moe.go:349: Step 31: Predicted ID 22 (EOS: 34)
2025/11/23 00:57:48 main.go:284: Guessed semantic output: GoWebserver GoWebserver GoWebserver GoWebserver <pad> children GoWebserver GoWebserver <pad> children GoWebserver GoWebserver GoWebserver GoWebserver GoWebserver <pad> . GoWebserver <pad> . GoWebserver <pad> . GoWebserver <pad> . GoWebserver GoWebserver <pad> . GoWebserver GoWebserver
2025/11/23 00:57:48 main.go:287: Target semantic output: {"operation":"Create","target_resource":{"type":"Filesystem::File","name":"Makefile","properties":{"path":"./src"}},"context":{"user_role":"admin"}}
2025/11/23 00:58:32 intent_moe.go:349: Step 0: Predicted ID 22 (EOS: 34)
2025/11/23 00:58:32 intent_moe.go:349: Step 1: Predicted ID 22 (EOS: 34)
2025/11/23 00:58:32 intent_moe.go:349: Step 2: Predicted ID 22 (EOS: 34)
2025/11/23 00:58:32 intent_moe.go:349: Step 3: Predicted ID 0 (EOS: 34)
2025/11/23 00:58:32 intent_moe.go:349: Step 4: Predicted ID 22 (EOS: 34)
2025/11/23 00:58:32 intent_moe.go:349: Step 5: Predicted ID 22 (EOS: 34)
2025/11/23 00:58:32 intent_moe.go:349: Step 6: Predicted ID 22 (EOS: 34)
2025/11/23 00:58:32 intent_moe.go:349: Step 7: Predicted ID 22 (EOS: 34)
2025/11/23 00:58:32 intent_moe.go:349: Step 8: Predicted ID 0 (EOS: 34)
2025/11/23 00:58:32 intent_moe.go:349: Step 9: Predicted ID 39 (EOS: 34)
2025/11/23 00:58:32 intent_moe.go:349: Step 10: Predicted ID 37 (EOS: 34)
2025/11/23 00:58:32 intent_moe.go:349: Step 11: Predicted ID 16 (EOS: 34)
2025/11/23 00:58:32 intent_moe.go:349: Step 12: Predicted ID 22 (EOS: 34)
2025/11/23 00:58:32 intent_moe.go:349: Step 13: Predicted ID 22 (EOS: 34)
2025/11/23 00:58:32 intent_moe.go:349: Step 14: Predicted ID 22 (EOS: 34)
2025/11/23 00:58:32 intent_moe.go:349: Step 15: Predicted ID 0 (EOS: 34)
2025/11/23 00:58:32 intent_moe.go:349: Step 16: Predicted ID 22 (EOS: 34)
2025/11/23 00:58:32 intent_moe.go:349: Step 17: Predicted ID 22 (EOS: 34)
2025/11/23 00:58:32 intent_moe.go:349: Step 18: Predicted ID 22 (EOS: 34)
2025/11/23 00:58:32 intent_moe.go:349: Step 19: Predicted ID 22 (EOS: 34)
2025/11/23 00:58:32 intent_moe.go:349: Step 20: Predicted ID 0 (EOS: 34)
2025/11/23 00:58:32 intent_moe.go:349: Step 21: Predicted ID 39 (EOS: 34)
2025/11/23 00:58:32 intent_moe.go:349: Step 22: Predicted ID 15 (EOS: 34)
2025/11/23 00:58:32 intent_moe.go:349: Step 23: Predicted ID 15 (EOS: 34)
2025/11/23 00:58:32 intent_moe.go:349: Step 24: Predicted ID 16 (EOS: 34)
2025/11/23 00:58:32 intent_moe.go:349: Step 25: Predicted ID 22 (EOS: 34)
2025/11/23 00:58:32 intent_moe.go:349: Step 26: Predicted ID 22 (EOS: 34)
2025/11/23 00:58:32 intent_moe.go:349: Step 27: Predicted ID 22 (EOS: 34)
2025/11/23 00:58:32 intent_moe.go:349: Step 28: Predicted ID 0 (EOS: 34)
2025/11/23 00:58:32 intent_moe.go:349: Step 29: Predicted ID 32 (EOS: 34)
2025/11/23 00:58:32 intent_moe.go:349: Step 30: Predicted ID 19 (EOS: 34)
2025/11/23 00:58:32 intent_moe.go:349: Step 31: Predicted ID 19 (EOS: 34)
2025/11/23 00:58:32 main.go:284: Guessed semantic output: GoWebserver GoWebserver GoWebserver <pad> GoWebserver GoWebserver GoWebserver GoWebserver <pad> . Delete path GoWebserver GoWebserver GoWebserver <pad> GoWebserver GoWebserver GoWebserver GoWebserver <pad> . properties properties path GoWebserver GoWebserver GoWebserver <pad> user_role children children
2025/11/23 00:58:32 main.go:287: Target semantic output: {"operation":"Create","target_resource":{"type":"Filesystem::File","name":"types.go","properties":{"path":"./src"}},"context":{"user_role":"admin"}}
2025/11/23 00:58:32 main.go:154: Epoch 1, Average Loss: 99.357786
2025/11/23 00:58:32 main.go:115: Epoch 2/5 (Scheduled Sampling: 10.0%)
2025/11/23 00:59:17 intent_moe.go:349: Step 0: Predicted ID 22 (EOS: 34)
2025/11/23 00:59:17 intent_moe.go:349: Step 1: Predicted ID 22 (EOS: 34)
2025/11/23 00:59:17 intent_moe.go:349: Step 2: Predicted ID 0 (EOS: 34)
2025/11/23 00:59:17 intent_moe.go:349: Step 3: Predicted ID 39 (EOS: 34)
2025/11/23 00:59:17 intent_moe.go:349: Step 4: Predicted ID 39 (EOS: 34)
2025/11/23 00:59:17 intent_moe.go:349: Step 5: Predicted ID 37 (EOS: 34)
2025/11/23 00:59:17 intent_moe.go:349: Step 6: Predicted ID 15 (EOS: 34)
2025/11/23 00:59:17 intent_moe.go:349: Step 7: Predicted ID 22 (EOS: 34)
2025/11/23 00:59:17 intent_moe.go:349: Step 8: Predicted ID 22 (EOS: 34)
2025/11/23 00:59:17 intent_moe.go:349: Step 9: Predicted ID 22 (EOS: 34)
2025/11/23 00:59:17 intent_moe.go:349: Step 10: Predicted ID 22 (EOS: 34)
2025/11/23 00:59:17 intent_moe.go:349: Step 11: Predicted ID 22 (EOS: 34)
2025/11/23 00:59:17 intent_moe.go:349: Step 12: Predicted ID 22 (EOS: 34)
2025/11/23 00:59:17 intent_moe.go:349: Step 13: Predicted ID 0 (EOS: 34)
2025/11/23 00:59:17 intent_moe.go:349: Step 14: Predicted ID 39 (EOS: 34)
2025/11/23 00:59:17 intent_moe.go:349: Step 15: Predicted ID 22 (EOS: 34)
2025/11/23 00:59:17 intent_moe.go:349: Step 16: Predicted ID 22 (EOS: 34)
2025/11/23 00:59:17 intent_moe.go:349: Step 17: Predicted ID 22 (EOS: 34)
2025/11/23 00:59:17 intent_moe.go:349: Step 18: Predicted ID 22 (EOS: 34)
2025/11/23 00:59:17 intent_moe.go:349: Step 19: Predicted ID 22 (EOS: 34)
2025/11/23 00:59:17 intent_moe.go:349: Step 20: Predicted ID 0 (EOS: 34)
2025/11/23 00:59:17 intent_moe.go:349: Step 21: Predicted ID 0 (EOS: 34)
2025/11/23 00:59:17 intent_moe.go:349: Step 22: Predicted ID 32 (EOS: 34)
2025/11/23 00:59:17 intent_moe.go:349: Step 23: Predicted ID 19 (EOS: 34)
2025/11/23 00:59:17 intent_moe.go:349: Step 24: Predicted ID 22 (EOS: 34)
2025/11/23 00:59:17 intent_moe.go:349: Step 25: Predicted ID 22 (EOS: 34)
2025/11/23 00:59:17 intent_moe.go:349: Step 26: Predicted ID 22 (EOS: 34)
2025/11/23 00:59:17 intent_moe.go:349: Step 27: Predicted ID 0 (EOS: 34)
2025/11/23 00:59:17 intent_moe.go:349: Step 28: Predicted ID 39 (EOS: 34)
2025/11/23 00:59:17 intent_moe.go:349: Step 29: Predicted ID 37 (EOS: 34)
2025/11/23 00:59:17 intent_moe.go:349: Step 30: Predicted ID 15 (EOS: 34)
2025/11/23 00:59:17 intent_moe.go:349: Step 31: Predicted ID 22 (EOS: 34)
2025/11/23 00:59:17 main.go:284: Guessed semantic output: GoWebserver GoWebserver <pad> . . Delete properties GoWebserver GoWebserver GoWebserver GoWebserver GoWebserver GoWebserver <pad> . GoWebserver GoWebserver GoWebserver GoWebserver GoWebserver <pad> <pad> user_role children GoWebserver GoWebserver GoWebserver <pad> . Delete properties GoWebserver
2025/11/23 00:59:17 main.go:287: Target semantic output: {"operation":"Create","target_resource":{"type":"Filesystem::Folder","name":"test","properties":{"path":"./"}},"context":{"user_role":"admin"}}
2025/11/23 01:00:01 intent_moe.go:349: Step 0: Predicted ID 22 (EOS: 34)
2025/11/23 01:00:01 intent_moe.go:349: Step 1: Predicted ID 22 (EOS: 34)
2025/11/23 01:00:01 intent_moe.go:349: Step 2: Predicted ID 22 (EOS: 34)
2025/11/23 01:00:01 intent_moe.go:349: Step 3: Predicted ID 22 (EOS: 34)
2025/11/23 01:00:01 intent_moe.go:349: Step 4: Predicted ID 0 (EOS: 34)
2025/11/23 01:00:01 intent_moe.go:349: Step 5: Predicted ID 39 (EOS: 34)
2025/11/23 01:00:01 intent_moe.go:349: Step 6: Predicted ID 37 (EOS: 34)
2025/11/23 01:00:01 intent_moe.go:349: Step 7: Predicted ID 15 (EOS: 34)
2025/11/23 01:00:01 intent_moe.go:349: Step 8: Predicted ID 15 (EOS: 34)
2025/11/23 01:00:01 intent_moe.go:349: Step 9: Predicted ID 22 (EOS: 34)
2025/11/23 01:00:01 intent_moe.go:349: Step 10: Predicted ID 22 (EOS: 34)
2025/11/23 01:00:01 intent_moe.go:349: Step 11: Predicted ID 22 (EOS: 34)
2025/11/23 01:00:01 intent_moe.go:349: Step 12: Predicted ID 22 (EOS: 34)
2025/11/23 01:00:01 intent_moe.go:349: Step 13: Predicted ID 22 (EOS: 34)
2025/11/23 01:00:01 intent_moe.go:349: Step 14: Predicted ID 22 (EOS: 34)
2025/11/23 01:00:01 intent_moe.go:349: Step 15: Predicted ID 0 (EOS: 34)
2025/11/23 01:00:01 intent_moe.go:349: Step 16: Predicted ID 39 (EOS: 34)
2025/11/23 01:00:01 intent_moe.go:349: Step 17: Predicted ID 22 (EOS: 34)
2025/11/23 01:00:01 intent_moe.go:349: Step 18: Predicted ID 22 (EOS: 34)
2025/11/23 01:00:01 intent_moe.go:349: Step 19: Predicted ID 22 (EOS: 34)
2025/11/23 01:00:01 intent_moe.go:349: Step 20: Predicted ID 22 (EOS: 34)
2025/11/23 01:00:01 intent_moe.go:349: Step 21: Predicted ID 0 (EOS: 34)
2025/11/23 01:00:01 intent_moe.go:349: Step 22: Predicted ID 39 (EOS: 34)
2025/11/23 01:00:01 intent_moe.go:349: Step 23: Predicted ID 22 (EOS: 34)
2025/11/23 01:00:01 intent_moe.go:349: Step 24: Predicted ID 22 (EOS: 34)
2025/11/23 01:00:01 intent_moe.go:349: Step 25: Predicted ID 22 (EOS: 34)
2025/11/23 01:00:02 intent_moe.go:349: Step 26: Predicted ID 0 (EOS: 34)
2025/11/23 01:00:02 intent_moe.go:349: Step 27: Predicted ID 15 (EOS: 34)
2025/11/23 01:00:02 intent_moe.go:349: Step 28: Predicted ID 22 (EOS: 34)
2025/11/23 01:00:02 intent_moe.go:349: Step 29: Predicted ID 22 (EOS: 34)
2025/11/23 01:00:02 intent_moe.go:349: Step 30: Predicted ID 15 (EOS: 34)
2025/11/23 01:00:02 intent_moe.go:349: Step 31: Predicted ID 22 (EOS: 34)
2025/11/23 01:00:02 main.go:284: Guessed semantic output: GoWebserver GoWebserver GoWebserver GoWebserver <pad> . Delete properties properties GoWebserver GoWebserver GoWebserver GoWebserver GoWebserver GoWebserver <pad> . GoWebserver GoWebserver GoWebserver GoWebserver <pad> . GoWebserver GoWebserver GoWebserver <pad> properties GoWebserver GoWebserver properties GoWebserver
2025/11/23 01:00:02 main.go:287: Target semantic output: {"operation":"Create","target_resource":{"type":"Filesystem::Folder","name":"logs","properties":{"path":"/home/user"}},"context":{"user_role":"admin"}}
2025/11/23 01:00:46 intent_moe.go:349: Step 0: Predicted ID 22 (EOS: 34)
2025/11/23 01:00:46 intent_moe.go:349: Step 1: Predicted ID 22 (EOS: 34)
2025/11/23 01:00:46 intent_moe.go:349: Step 2: Predicted ID 22 (EOS: 34)
2025/11/23 01:00:46 intent_moe.go:349: Step 3: Predicted ID 22 (EOS: 34)
2025/11/23 01:00:46 intent_moe.go:349: Step 4: Predicted ID 0 (EOS: 34)
2025/11/23 01:00:46 intent_moe.go:349: Step 5: Predicted ID 15 (EOS: 34)
2025/11/23 01:00:46 intent_moe.go:349: Step 6: Predicted ID 15 (EOS: 34)
2025/11/23 01:00:46 intent_moe.go:349: Step 7: Predicted ID 22 (EOS: 34)
2025/11/23 01:00:46 intent_moe.go:349: Step 8: Predicted ID 22 (EOS: 34)
2025/11/23 01:00:46 intent_moe.go:349: Step 9: Predicted ID 22 (EOS: 34)
2025/11/23 01:00:46 intent_moe.go:349: Step 10: Predicted ID 22 (EOS: 34)
2025/11/23 01:00:46 intent_moe.go:349: Step 11: Predicted ID 22 (EOS: 34)
2025/11/23 01:00:46 intent_moe.go:349: Step 12: Predicted ID 0 (EOS: 34)
2025/11/23 01:00:46 intent_moe.go:349: Step 13: Predicted ID 19 (EOS: 34)
2025/11/23 01:00:46 intent_moe.go:349: Step 14: Predicted ID 22 (EOS: 34)
2025/11/23 01:00:46 intent_moe.go:349: Step 15: Predicted ID 22 (EOS: 34)
2025/11/23 01:00:46 intent_moe.go:349: Step 16: Predicted ID 0 (EOS: 34)
2025/11/23 01:00:46 intent_moe.go:349: Step 17: Predicted ID 15 (EOS: 34)
2025/11/23 01:00:46 intent_moe.go:349: Step 18: Predicted ID 15 (EOS: 34)
2025/11/23 01:00:46 intent_moe.go:349: Step 19: Predicted ID 22 (EOS: 34)
2025/11/23 01:00:46 intent_moe.go:349: Step 20: Predicted ID 22 (EOS: 34)
2025/11/23 01:00:46 intent_moe.go:349: Step 21: Predicted ID 22 (EOS: 34)
2025/11/23 01:00:46 intent_moe.go:349: Step 22: Predicted ID 0 (EOS: 34)
2025/11/23 01:00:46 intent_moe.go:349: Step 23: Predicted ID 15 (EOS: 34)
2025/11/23 01:00:46 intent_moe.go:349: Step 24: Predicted ID 22 (EOS: 34)
2025/11/23 01:00:46 intent_moe.go:349: Step 25: Predicted ID 22 (EOS: 34)
2025/11/23 01:00:46 intent_moe.go:349: Step 26: Predicted ID 22 (EOS: 34)
2025/11/23 01:00:46 intent_moe.go:349: Step 27: Predicted ID 0 (EOS: 34)
2025/11/23 01:00:46 intent_moe.go:349: Step 28: Predicted ID 32 (EOS: 34)
2025/11/23 01:00:46 intent_moe.go:349: Step 29: Predicted ID 19 (EOS: 34)
2025/11/23 01:00:46 intent_moe.go:349: Step 30: Predicted ID 22 (EOS: 34)
2025/11/23 01:00:46 intent_moe.go:349: Step 31: Predicted ID 22 (EOS: 34)
2025/11/23 01:00:46 main.go:284: Guessed semantic output: GoWebserver GoWebserver GoWebserver GoWebserver <pad> properties properties GoWebserver GoWebserver GoWebserver GoWebserver GoWebserver <pad> children GoWebserver GoWebserver <pad> properties properties GoWebserver GoWebserver GoWebserver <pad> properties GoWebserver GoWebserver GoWebserver <pad> user_role children GoWebserver GoWebserver
2025/11/23 01:00:46 main.go:287: Target semantic output: {"operation":"Create","target_resource":{"type":"Filesystem::Folder","name":"media","properties":{"path":"./config"}},"context":{"user_role":"admin"}}
2025/11/23 01:01:31 intent_moe.go:349: Step 0: Predicted ID 22 (EOS: 34)
2025/11/23 01:01:31 intent_moe.go:349: Step 1: Predicted ID 22 (EOS: 34)
2025/11/23 01:01:31 intent_moe.go:349: Step 2: Predicted ID 22 (EOS: 34)
2025/11/23 01:01:31 intent_moe.go:349: Step 3: Predicted ID 22 (EOS: 34)
2025/11/23 01:01:31 intent_moe.go:349: Step 4: Predicted ID 0 (EOS: 34)
2025/11/23 01:01:31 intent_moe.go:349: Step 5: Predicted ID 39 (EOS: 34)
2025/11/23 01:01:31 intent_moe.go:349: Step 6: Predicted ID 39 (EOS: 34)
2025/11/23 01:01:31 intent_moe.go:349: Step 7: Predicted ID 37 (EOS: 34)
2025/11/23 01:01:31 intent_moe.go:349: Step 8: Predicted ID 15 (EOS: 34)
2025/11/23 01:01:31 intent_moe.go:349: Step 9: Predicted ID 15 (EOS: 34)
2025/11/23 01:01:31 intent_moe.go:349: Step 10: Predicted ID 15 (EOS: 34)
2025/11/23 01:01:31 intent_moe.go:349: Step 11: Predicted ID 15 (EOS: 34)
2025/11/23 01:01:31 intent_moe.go:349: Step 12: Predicted ID 15 (EOS: 34)
2025/11/23 01:01:31 intent_moe.go:349: Step 13: Predicted ID 15 (EOS: 34)
2025/11/23 01:01:31 intent_moe.go:349: Step 14: Predicted ID 22 (EOS: 34)
2025/11/23 01:01:31 intent_moe.go:349: Step 15: Predicted ID 22 (EOS: 34)
2025/11/23 01:01:31 intent_moe.go:349: Step 16: Predicted ID 22 (EOS: 34)
2025/11/23 01:01:31 intent_moe.go:349: Step 17: Predicted ID 0 (EOS: 34)
2025/11/23 01:01:31 intent_moe.go:349: Step 18: Predicted ID 39 (EOS: 34)
2025/11/23 01:01:31 intent_moe.go:349: Step 19: Predicted ID 37 (EOS: 34)
2025/11/23 01:01:31 intent_moe.go:349: Step 20: Predicted ID 22 (EOS: 34)
2025/11/23 01:01:31 intent_moe.go:349: Step 21: Predicted ID 22 (EOS: 34)
2025/11/23 01:01:31 intent_moe.go:349: Step 22: Predicted ID 0 (EOS: 34)
2025/11/23 01:01:31 intent_moe.go:349: Step 23: Predicted ID 32 (EOS: 34)
2025/11/23 01:01:31 intent_moe.go:349: Step 24: Predicted ID 19 (EOS: 34)
2025/11/23 01:01:31 intent_moe.go:349: Step 25: Predicted ID 22 (EOS: 34)
2025/11/23 01:01:31 intent_moe.go:349: Step 26: Predicted ID 22 (EOS: 34)
2025/11/23 01:01:31 intent_moe.go:349: Step 27: Predicted ID 0 (EOS: 34)
2025/11/23 01:01:31 intent_moe.go:349: Step 28: Predicted ID 32 (EOS: 34)
2025/11/23 01:01:31 intent_moe.go:349: Step 29: Predicted ID 19 (EOS: 34)
2025/11/23 01:01:31 intent_moe.go:349: Step 30: Predicted ID 19 (EOS: 34)
2025/11/23 01:01:31 intent_moe.go:349: Step 31: Predicted ID 19 (EOS: 34)
2025/11/23 01:01:31 main.go:284: Guessed semantic output: GoWebserver GoWebserver GoWebserver GoWebserver <pad> . . Delete properties properties properties properties properties properties GoWebserver GoWebserver GoWebserver <pad> . Delete GoWebserver GoWebserver <pad> user_role children GoWebserver GoWebserver <pad> user_role children children children
2025/11/23 01:01:31 main.go:287: Target semantic output: {"operation":"Create","target_resource":{"type":"Filesystem::Folder","name":"shared","properties":{"path":"./data"}},"context":{"user_role":"admin"}}
2025/11/23 01:02:16 intent_moe.go:349: Step 0: Predicted ID 22 (EOS: 34)
2025/11/23 01:02:16 intent_moe.go:349: Step 1: Predicted ID 22 (EOS: 34)
2025/11/23 01:02:16 intent_moe.go:349: Step 2: Predicted ID 0 (EOS: 34)
2025/11/23 01:02:16 intent_moe.go:349: Step 3: Predicted ID 39 (EOS: 34)
2025/11/23 01:02:16 intent_moe.go:349: Step 4: Predicted ID 37 (EOS: 34)
2025/11/23 01:02:16 intent_moe.go:349: Step 5: Predicted ID 15 (EOS: 34)
2025/11/23 01:02:16 intent_moe.go:349: Step 6: Predicted ID 15 (EOS: 34)
2025/11/23 01:02:16 intent_moe.go:349: Step 7: Predicted ID 15 (EOS: 34)
2025/11/23 01:02:16 intent_moe.go:349: Step 8: Predicted ID 15 (EOS: 34)
2025/11/23 01:02:16 intent_moe.go:349: Step 9: Predicted ID 22 (EOS: 34)
2025/11/23 01:02:16 intent_moe.go:349: Step 10: Predicted ID 22 (EOS: 34)
2025/11/23 01:02:16 intent_moe.go:349: Step 11: Predicted ID 22 (EOS: 34)
2025/11/23 01:02:16 intent_moe.go:349: Step 12: Predicted ID 0 (EOS: 34)
2025/11/23 01:02:16 intent_moe.go:349: Step 13: Predicted ID 15 (EOS: 34)
2025/11/23 01:02:16 intent_moe.go:349: Step 14: Predicted ID 22 (EOS: 34)
2025/11/23 01:02:16 intent_moe.go:349: Step 15: Predicted ID 0 (EOS: 34)
2025/11/23 01:02:16 intent_moe.go:349: Step 16: Predicted ID 15 (EOS: 34)
2025/11/23 01:02:16 intent_moe.go:349: Step 17: Predicted ID 22 (EOS: 34)
2025/11/23 01:02:16 intent_moe.go:349: Step 18: Predicted ID 22 (EOS: 34)
2025/11/23 01:02:16 intent_moe.go:349: Step 19: Predicted ID 22 (EOS: 34)
2025/11/23 01:02:16 intent_moe.go:349: Step 20: Predicted ID 0 (EOS: 34)
2025/11/23 01:02:16 intent_moe.go:349: Step 21: Predicted ID 0 (EOS: 34)
2025/11/23 01:02:16 intent_moe.go:349: Step 22: Predicted ID 15 (EOS: 34)
2025/11/23 01:02:16 intent_moe.go:349: Step 23: Predicted ID 15 (EOS: 34)
2025/11/23 01:02:16 intent_moe.go:349: Step 24: Predicted ID 22 (EOS: 34)
2025/11/23 01:02:16 intent_moe.go:349: Step 25: Predicted ID 22 (EOS: 34)
2025/11/23 01:02:16 intent_moe.go:349: Step 26: Predicted ID 0 (EOS: 34)
2025/11/23 01:02:16 intent_moe.go:349: Step 27: Predicted ID 15 (EOS: 34)
2025/11/23 01:02:16 intent_moe.go:349: Step 28: Predicted ID 15 (EOS: 34)
2025/11/23 01:02:16 intent_moe.go:349: Step 29: Predicted ID 15 (EOS: 34)
2025/11/23 01:02:16 intent_moe.go:349: Step 30: Predicted ID 15 (EOS: 34)
2025/11/23 01:02:16 intent_moe.go:349: Step 31: Predicted ID 22 (EOS: 34)
2025/11/23 01:02:16 main.go:284: Guessed semantic output: GoWebserver GoWebserver <pad> . Delete properties properties properties properties GoWebserver GoWebserver GoWebserver <pad> properties GoWebserver <pad> properties GoWebserver GoWebserver GoWebserver <pad> <pad> properties properties GoWebserver GoWebserver <pad> properties properties properties properties GoWebserver
2025/11/23 01:02:16 main.go:287: Target semantic output: {"operation":"Create","target_resource":{"type":"Filesystem::Folder","name":"cache","properties":{"path":"./backend"}},"context":{"user_role":"admin"}}
2025/11/23 01:03:00 intent_moe.go:349: Step 0: Predicted ID 22 (EOS: 34)
2025/11/23 01:03:00 intent_moe.go:349: Step 1: Predicted ID 22 (EOS: 34)
2025/11/23 01:03:00 intent_moe.go:349: Step 2: Predicted ID 39 (EOS: 34)
2025/11/23 01:03:00 intent_moe.go:349: Step 3: Predicted ID 37 (EOS: 34)
2025/11/23 01:03:00 intent_moe.go:349: Step 4: Predicted ID 15 (EOS: 34)
2025/11/23 01:03:00 intent_moe.go:349: Step 5: Predicted ID 15 (EOS: 34)
2025/11/23 01:03:00 intent_moe.go:349: Step 6: Predicted ID 15 (EOS: 34)
2025/11/23 01:03:00 intent_moe.go:349: Step 7: Predicted ID 15 (EOS: 34)
2025/11/23 01:03:00 intent_moe.go:349: Step 8: Predicted ID 15 (EOS: 34)
2025/11/23 01:03:00 intent_moe.go:349: Step 9: Predicted ID 15 (EOS: 34)
2025/11/23 01:03:00 intent_moe.go:349: Step 10: Predicted ID 12 (EOS: 34)
2025/11/23 01:03:00 intent_moe.go:349: Step 11: Predicted ID 15 (EOS: 34)
2025/11/23 01:03:00 intent_moe.go:349: Step 12: Predicted ID 15 (EOS: 34)
2025/11/23 01:03:00 intent_moe.go:349: Step 13: Predicted ID 16 (EOS: 34)
2025/11/23 01:03:00 intent_moe.go:349: Step 14: Predicted ID 22 (EOS: 34)
2025/11/23 01:03:00 intent_moe.go:349: Step 15: Predicted ID 22 (EOS: 34)
2025/11/23 01:03:00 intent_moe.go:349: Step 16: Predicted ID 0 (EOS: 34)
2025/11/23 01:03:00 intent_moe.go:349: Step 17: Predicted ID 39 (EOS: 34)
2025/11/23 01:03:00 intent_moe.go:349: Step 18: Predicted ID 39 (EOS: 34)
2025/11/23 01:03:00 intent_moe.go:349: Step 19: Predicted ID 37 (EOS: 34)
2025/11/23 01:03:00 intent_moe.go:349: Step 20: Predicted ID 15 (EOS: 34)
2025/11/23 01:03:00 intent_moe.go:349: Step 21: Predicted ID 15 (EOS: 34)
2025/11/23 01:03:00 intent_moe.go:349: Step 22: Predicted ID 15 (EOS: 34)
2025/11/23 01:03:00 intent_moe.go:349: Step 23: Predicted ID 15 (EOS: 34)
2025/11/23 01:03:00 intent_moe.go:349: Step 24: Predicted ID 15 (EOS: 34)
2025/11/23 01:03:00 intent_moe.go:349: Step 25: Predicted ID 26 (EOS: 34)
2025/11/23 01:03:00 intent_moe.go:349: Step 26: Predicted ID 7 (EOS: 34)
2025/11/23 01:03:00 intent_moe.go:349: Step 27: Predicted ID 19 (EOS: 34)
2025/11/23 01:03:00 intent_moe.go:349: Step 28: Predicted ID 19 (EOS: 34)
2025/11/23 01:03:00 intent_moe.go:349: Step 29: Predicted ID 26 (EOS: 34)
2025/11/23 01:03:00 intent_moe.go:349: Step 30: Predicted ID 19 (EOS: 34)
2025/11/23 01:03:00 intent_moe.go:349: Step 31: Predicted ID 37 (EOS: 34)
2025/11/23 01:03:00 main.go:284: Guessed semantic output: GoWebserver GoWebserver . Delete properties properties properties properties properties properties Folder properties properties path GoWebserver GoWebserver <pad> . . Delete properties properties properties properties properties runtime Create children children runtime children Delete
2025/11/23 01:03:00 main.go:287: Target semantic output: {"operation":"Create","target_resource":{"type":"Filesystem::File","name":"Makefile","properties":{"path":"./src"}},"context":{"user_role":"admin"}}
2025/11/23 01:03:45 intent_moe.go:349: Step 0: Predicted ID 22 (EOS: 34)
2025/11/23 01:03:45 intent_moe.go:349: Step 1: Predicted ID 22 (EOS: 34)
2025/11/23 01:03:45 intent_moe.go:349: Step 2: Predicted ID 22 (EOS: 34)
2025/11/23 01:03:45 intent_moe.go:349: Step 3: Predicted ID 0 (EOS: 34)
2025/11/23 01:03:45 intent_moe.go:349: Step 4: Predicted ID 39 (EOS: 34)
2025/11/23 01:03:45 intent_moe.go:349: Step 5: Predicted ID 22 (EOS: 34)
2025/11/23 01:03:45 intent_moe.go:349: Step 6: Predicted ID 0 (EOS: 34)
2025/11/23 01:03:45 intent_moe.go:349: Step 7: Predicted ID 15 (EOS: 34)
2025/11/23 01:03:45 intent_moe.go:349: Step 8: Predicted ID 26 (EOS: 34)
2025/11/23 01:03:45 intent_moe.go:349: Step 9: Predicted ID 19 (EOS: 34)
2025/11/23 01:03:45 intent_moe.go:349: Step 10: Predicted ID 15 (EOS: 34)
2025/11/23 01:03:45 intent_moe.go:349: Step 11: Predicted ID 15 (EOS: 34)
2025/11/23 01:03:45 intent_moe.go:349: Step 12: Predicted ID 35 (EOS: 34)
2025/11/23 01:03:45 intent_moe.go:349: Step 13: Predicted ID 15 (EOS: 34)
2025/11/23 01:03:45 intent_moe.go:349: Step 14: Predicted ID 15 (EOS: 34)
2025/11/23 01:03:45 intent_moe.go:349: Step 15: Predicted ID 15 (EOS: 34)
2025/11/23 01:03:45 intent_moe.go:349: Step 16: Predicted ID 15 (EOS: 34)
2025/11/23 01:03:45 intent_moe.go:349: Step 17: Predicted ID 15 (EOS: 34)
2025/11/23 01:03:45 intent_moe.go:349: Step 18: Predicted ID 15 (EOS: 34)
2025/11/23 01:03:45 intent_moe.go:349: Step 19: Predicted ID 15 (EOS: 34)
2025/11/23 01:03:45 intent_moe.go:349: Step 20: Predicted ID 15 (EOS: 34)
2025/11/23 01:03:45 intent_moe.go:349: Step 21: Predicted ID 15 (EOS: 34)
2025/11/23 01:03:45 intent_moe.go:349: Step 22: Predicted ID 15 (EOS: 34)
2025/11/23 01:03:45 intent_moe.go:349: Step 23: Predicted ID 15 (EOS: 34)
2025/11/23 01:03:45 intent_moe.go:349: Step 24: Predicted ID 16 (EOS: 34)
2025/11/23 01:03:45 intent_moe.go:349: Step 25: Predicted ID 22 (EOS: 34)
2025/11/23 01:03:45 intent_moe.go:349: Step 26: Predicted ID 22 (EOS: 34)
2025/11/23 01:03:45 intent_moe.go:349: Step 27: Predicted ID 22 (EOS: 34)
2025/11/23 01:03:45 intent_moe.go:349: Step 28: Predicted ID 0 (EOS: 34)
2025/11/23 01:03:45 intent_moe.go:349: Step 29: Predicted ID 15 (EOS: 34)
2025/11/23 01:03:45 intent_moe.go:349: Step 30: Predicted ID 15 (EOS: 34)
2025/11/23 01:03:45 intent_moe.go:349: Step 31: Predicted ID 15 (EOS: 34)
2025/11/23 01:03:45 main.go:284: Guessed semantic output: GoWebserver GoWebserver GoWebserver <pad> . GoWebserver <pad> properties runtime children properties properties File properties properties properties properties properties properties properties properties properties properties properties path GoWebserver GoWebserver GoWebserver <pad> properties properties properties
2025/11/23 01:03:45 main.go:287: Target semantic output: {"operation":"Create","target_resource":{"type":"Filesystem::File","name":"types.go","properties":{"path":"./src"}},"context":{"user_role":"admin"}}
2025/11/23 01:03:45 main.go:154: Epoch 2, Average Loss: 98.048485
2025/11/23 01:03:45 main.go:115: Epoch 3/5 (Scheduled Sampling: 20.0%)
2025/11/23 01:04:29 intent_moe.go:349: Step 0: Predicted ID 22 (EOS: 34)
2025/11/23 01:04:29 intent_moe.go:349: Step 1: Predicted ID 22 (EOS: 34)
2025/11/23 01:04:29 intent_moe.go:349: Step 2: Predicted ID 0 (EOS: 34)
2025/11/23 01:04:29 intent_moe.go:349: Step 3: Predicted ID 39 (EOS: 34)
2025/11/23 01:04:29 intent_moe.go:349: Step 4: Predicted ID 39 (EOS: 34)
2025/11/23 01:04:29 intent_moe.go:349: Step 5: Predicted ID 16 (EOS: 34)
2025/11/23 01:04:29 intent_moe.go:349: Step 6: Predicted ID 22 (EOS: 34)
2025/11/23 01:04:29 intent_moe.go:349: Step 7: Predicted ID 22 (EOS: 34)
2025/11/23 01:04:29 intent_moe.go:349: Step 8: Predicted ID 0 (EOS: 34)
2025/11/23 01:04:29 intent_moe.go:349: Step 9: Predicted ID 15 (EOS: 34)
2025/11/23 01:04:29 intent_moe.go:349: Step 10: Predicted ID 9 (EOS: 34)
2025/11/23 01:04:29 intent_moe.go:349: Step 11: Predicted ID 15 (EOS: 34)
2025/11/23 01:04:29 intent_moe.go:349: Step 12: Predicted ID 22 (EOS: 34)
2025/11/23 01:04:29 intent_moe.go:349: Step 13: Predicted ID 22 (EOS: 34)
2025/11/23 01:04:29 intent_moe.go:349: Step 14: Predicted ID 22 (EOS: 34)
2025/11/23 01:04:29 intent_moe.go:349: Step 15: Predicted ID 0 (EOS: 34)
2025/11/23 01:04:29 intent_moe.go:349: Step 16: Predicted ID 39 (EOS: 34)
2025/11/23 01:04:29 intent_moe.go:349: Step 17: Predicted ID 37 (EOS: 34)
2025/11/23 01:04:29 intent_moe.go:349: Step 18: Predicted ID 15 (EOS: 34)
2025/11/23 01:04:29 intent_moe.go:349: Step 19: Predicted ID 15 (EOS: 34)
2025/11/23 01:04:29 intent_moe.go:349: Step 20: Predicted ID 15 (EOS: 34)
2025/11/23 01:04:29 intent_moe.go:349: Step 21: Predicted ID 22 (EOS: 34)
2025/11/23 01:04:29 intent_moe.go:349: Step 22: Predicted ID 22 (EOS: 34)
2025/11/23 01:04:29 intent_moe.go:349: Step 23: Predicted ID 22 (EOS: 34)
2025/11/23 01:04:29 intent_moe.go:349: Step 24: Predicted ID 22 (EOS: 34)
2025/11/23 01:04:29 intent_moe.go:349: Step 25: Predicted ID 0 (EOS: 34)
2025/11/23 01:04:29 intent_moe.go:349: Step 26: Predicted ID 15 (EOS: 34)
2025/11/23 01:04:29 intent_moe.go:349: Step 27: Predicted ID 22 (EOS: 34)
2025/11/23 01:04:29 intent_moe.go:349: Step 28: Predicted ID 0 (EOS: 34)
2025/11/23 01:04:29 intent_moe.go:349: Step 29: Predicted ID 15 (EOS: 34)
2025/11/23 01:04:29 intent_moe.go:349: Step 30: Predicted ID 15 (EOS: 34)
2025/11/23 01:04:29 intent_moe.go:349: Step 31: Predicted ID 12 (EOS: 34)
2025/11/23 01:04:29 main.go:284: Guessed semantic output: GoWebserver GoWebserver <pad> . . path GoWebserver GoWebserver <pad> properties target_resource properties GoWebserver GoWebserver GoWebserver <pad> . Delete properties properties properties GoWebserver GoWebserver GoWebserver GoWebserver <pad> properties GoWebserver <pad> properties properties Folder
2025/11/23 01:04:29 main.go:287: Target semantic output: {"operation":"Create","target_resource":{"type":"Filesystem::Folder","name":"test","properties":{"path":"./"}},"context":{"user_role":"admin"}}
2025/11/23 01:05:14 intent_moe.go:349: Step 0: Predicted ID 22 (EOS: 34)
2025/11/23 01:05:14 intent_moe.go:349: Step 1: Predicted ID 22 (EOS: 34)
2025/11/23 01:05:14 intent_moe.go:349: Step 2: Predicted ID 0 (EOS: 34)
2025/11/23 01:05:14 intent_moe.go:349: Step 3: Predicted ID 15 (EOS: 34)
2025/11/23 01:05:14 intent_moe.go:349: Step 4: Predicted ID 15 (EOS: 34)
2025/11/23 01:05:14 intent_moe.go:349: Step 5: Predicted ID 15 (EOS: 34)
2025/11/23 01:05:14 intent_moe.go:349: Step 6: Predicted ID 16 (EOS: 34)
2025/11/23 01:05:14 intent_moe.go:349: Step 7: Predicted ID 22 (EOS: 34)
2025/11/23 01:05:14 intent_moe.go:349: Step 8: Predicted ID 22 (EOS: 34)
2025/11/23 01:05:14 intent_moe.go:349: Step 9: Predicted ID 0 (EOS: 34)
2025/11/23 01:05:14 intent_moe.go:349: Step 10: Predicted ID 15 (EOS: 34)
2025/11/23 01:05:14 intent_moe.go:349: Step 11: Predicted ID 16 (EOS: 34)
2025/11/23 01:05:14 intent_moe.go:349: Step 12: Predicted ID 22 (EOS: 34)
2025/11/23 01:05:14 intent_moe.go:349: Step 13: Predicted ID 22 (EOS: 34)
2025/11/23 01:05:14 intent_moe.go:349: Step 14: Predicted ID 0 (EOS: 34)
2025/11/23 01:05:14 intent_moe.go:349: Step 15: Predicted ID 15 (EOS: 34)
2025/11/23 01:05:14 intent_moe.go:349: Step 16: Predicted ID 15 (EOS: 34)
2025/11/23 01:05:14 intent_moe.go:349: Step 17: Predicted ID 16 (EOS: 34)
2025/11/23 01:05:14 intent_moe.go:349: Step 18: Predicted ID 22 (EOS: 34)
2025/11/23 01:05:14 intent_moe.go:349: Step 19: Predicted ID 22 (EOS: 34)
2025/11/23 01:05:14 intent_moe.go:349: Step 20: Predicted ID 22 (EOS: 34)
2025/11/23 01:05:14 intent_moe.go:349: Step 21: Predicted ID 0 (EOS: 34)
2025/11/23 01:05:14 intent_moe.go:349: Step 22: Predicted ID 39 (EOS: 34)
2025/11/23 01:05:14 intent_moe.go:349: Step 23: Predicted ID 39 (EOS: 34)
2025/11/23 01:05:14 intent_moe.go:349: Step 24: Predicted ID 16 (EOS: 34)
2025/11/23 01:05:14 intent_moe.go:349: Step 25: Predicted ID 15 (EOS: 34)
2025/11/23 01:05:14 intent_moe.go:349: Step 26: Predicted ID 15 (EOS: 34)
2025/11/23 01:05:14 intent_moe.go:349: Step 27: Predicted ID 15 (EOS: 34)
2025/11/23 01:05:14 intent_moe.go:349: Step 28: Predicted ID 15 (EOS: 34)
2025/11/23 01:05:14 intent_moe.go:349: Step 29: Predicted ID 15 (EOS: 34)
2025/11/23 01:05:14 intent_moe.go:349: Step 30: Predicted ID 15 (EOS: 34)
2025/11/23 01:05:14 intent_moe.go:349: Step 31: Predicted ID 16 (EOS: 34)
2025/11/23 01:05:14 main.go:284: Guessed semantic output: GoWebserver GoWebserver <pad> properties properties properties path GoWebserver GoWebserver <pad> properties path GoWebserver GoWebserver <pad> properties properties path GoWebserver GoWebserver GoWebserver <pad> . . path properties properties properties properties properties properties path
2025/11/23 01:05:14 main.go:287: Target semantic output: {"operation":"Create","target_resource":{"type":"Filesystem::Folder","name":"logs","properties":{"path":"/home/user"}},"context":{"user_role":"admin"}}
2025/11/23 01:05:58 intent_moe.go:349: Step 0: Predicted ID 22 (EOS: 34)
2025/11/23 01:05:58 intent_moe.go:349: Step 1: Predicted ID 22 (EOS: 34)
2025/11/23 01:05:58 intent_moe.go:349: Step 2: Predicted ID 0 (EOS: 34)
2025/11/23 01:05:58 intent_moe.go:349: Step 3: Predicted ID 15 (EOS: 34)
2025/11/23 01:05:58 intent_moe.go:349: Step 4: Predicted ID 15 (EOS: 34)
2025/11/23 01:05:58 intent_moe.go:349: Step 5: Predicted ID 16 (EOS: 34)
2025/11/23 01:05:58 intent_moe.go:349: Step 6: Predicted ID 22 (EOS: 34)
2025/11/23 01:05:58 intent_moe.go:349: Step 7: Predicted ID 22 (EOS: 34)
2025/11/23 01:05:58 intent_moe.go:349: Step 8: Predicted ID 0 (EOS: 34)
2025/11/23 01:05:58 intent_moe.go:349: Step 9: Predicted ID 39 (EOS: 34)
2025/11/23 01:05:58 intent_moe.go:349: Step 10: Predicted ID 16 (EOS: 34)
2025/11/23 01:05:58 intent_moe.go:349: Step 11: Predicted ID 22 (EOS: 34)
2025/11/23 01:05:58 intent_moe.go:349: Step 12: Predicted ID 22 (EOS: 34)
2025/11/23 01:05:58 intent_moe.go:349: Step 13: Predicted ID 22 (EOS: 34)
2025/11/23 01:05:58 intent_moe.go:349: Step 14: Predicted ID 22 (EOS: 34)
2025/11/23 01:05:58 intent_moe.go:349: Step 15: Predicted ID 0 (EOS: 34)
2025/11/23 01:05:58 intent_moe.go:349: Step 16: Predicted ID 15 (EOS: 34)
2025/11/23 01:05:58 intent_moe.go:349: Step 17: Predicted ID 15 (EOS: 34)
2025/11/23 01:05:58 intent_moe.go:349: Step 18: Predicted ID 15 (EOS: 34)
2025/11/23 01:05:58 intent_moe.go:349: Step 19: Predicted ID 15 (EOS: 34)
2025/11/23 01:05:58 intent_moe.go:349: Step 20: Predicted ID 15 (EOS: 34)
2025/11/23 01:05:58 intent_moe.go:349: Step 21: Predicted ID 16 (EOS: 34)
2025/11/23 01:05:58 intent_moe.go:349: Step 22: Predicted ID 22 (EOS: 34)
2025/11/23 01:05:58 intent_moe.go:349: Step 23: Predicted ID 22 (EOS: 34)
2025/11/23 01:05:58 intent_moe.go:349: Step 24: Predicted ID 22 (EOS: 34)
2025/11/23 01:05:58 intent_moe.go:349: Step 25: Predicted ID 22 (EOS: 34)
2025/11/23 01:05:58 intent_moe.go:349: Step 26: Predicted ID 22 (EOS: 34)
2025/11/23 01:05:58 intent_moe.go:349: Step 27: Predicted ID 0 (EOS: 34)
2025/11/23 01:05:58 intent_moe.go:349: Step 28: Predicted ID 15 (EOS: 34)
2025/11/23 01:05:58 intent_moe.go:349: Step 29: Predicted ID 15 (EOS: 34)
2025/11/23 01:05:58 intent_moe.go:349: Step 30: Predicted ID 15 (EOS: 34)
2025/11/23 01:05:58 intent_moe.go:349: Step 31: Predicted ID 12 (EOS: 34)
2025/11/23 01:05:58 main.go:284: Guessed semantic output: GoWebserver GoWebserver <pad> properties properties path GoWebserver GoWebserver <pad> . path GoWebserver GoWebserver GoWebserver GoWebserver <pad> properties properties properties properties properties path GoWebserver GoWebserver GoWebserver GoWebserver GoWebserver <pad> properties properties properties Folder
2025/11/23 01:05:58 main.go:287: Target semantic output: {"operation":"Create","target_resource":{"type":"Filesystem::Folder","name":"media","properties":{"path":"./config"}},"context":{"user_role":"admin"}}
2025/11/23 01:06:03 main.go:135: Error training batch: IntentMoE model backward pass failed: decoder backward failed: decoder embedding backward at t=30 failed: Embedding backward called before forward or with mismatched input/gradient shapes
2025/11/23 01:06:08 main.go:135: Error training batch: IntentMoE model backward pass failed: decoder backward failed: decoder embedding backward at t=30 failed: Embedding backward called before forward or with mismatched input/gradient shapes
2025/11/23 01:06:57 intent_moe.go:349: Step 0: Predicted ID 22 (EOS: 34)
2025/11/23 01:06:57 intent_moe.go:349: Step 1: Predicted ID 22 (EOS: 34)
2025/11/23 01:06:57 intent_moe.go:349: Step 2: Predicted ID 0 (EOS: 34)
2025/11/23 01:06:57 intent_moe.go:349: Step 3: Predicted ID 15 (EOS: 34)
2025/11/23 01:06:57 intent_moe.go:349: Step 4: Predicted ID 15 (EOS: 34)
2025/11/23 01:06:57 intent_moe.go:349: Step 5: Predicted ID 16 (EOS: 34)
2025/11/23 01:06:57 intent_moe.go:349: Step 6: Predicted ID 22 (EOS: 34)
2025/11/23 01:06:57 intent_moe.go:349: Step 7: Predicted ID 22 (EOS: 34)
2025/11/23 01:06:57 intent_moe.go:349: Step 8: Predicted ID 22 (EOS: 34)
2025/11/23 01:06:57 intent_moe.go:349: Step 9: Predicted ID 0 (EOS: 34)
2025/11/23 01:06:57 intent_moe.go:349: Step 10: Predicted ID 39 (EOS: 34)
2025/11/23 01:06:57 intent_moe.go:349: Step 11: Predicted ID 39 (EOS: 34)
2025/11/23 01:06:57 intent_moe.go:349: Step 12: Predicted ID 37 (EOS: 34)
2025/11/23 01:06:57 intent_moe.go:349: Step 13: Predicted ID 15 (EOS: 34)
2025/11/23 01:06:57 intent_moe.go:349: Step 14: Predicted ID 15 (EOS: 34)
2025/11/23 01:06:57 intent_moe.go:349: Step 15: Predicted ID 16 (EOS: 34)
2025/11/23 01:06:57 intent_moe.go:349: Step 16: Predicted ID 22 (EOS: 34)
2025/11/23 01:06:57 intent_moe.go:349: Step 17: Predicted ID 22 (EOS: 34)
2025/11/23 01:06:57 intent_moe.go:349: Step 18: Predicted ID 0 (EOS: 34)
2025/11/23 01:06:57 intent_moe.go:349: Step 19: Predicted ID 39 (EOS: 34)
2025/11/23 01:06:57 intent_moe.go:349: Step 20: Predicted ID 39 (EOS: 34)
2025/11/23 01:06:57 intent_moe.go:349: Step 21: Predicted ID 15 (EOS: 34)
2025/11/23 01:06:57 intent_moe.go:349: Step 22: Predicted ID 15 (EOS: 34)
2025/11/23 01:06:57 intent_moe.go:349: Step 23: Predicted ID 15 (EOS: 34)
2025/11/23 01:06:57 intent_moe.go:349: Step 24: Predicted ID 15 (EOS: 34)
2025/11/23 01:06:57 intent_moe.go:349: Step 25: Predicted ID 16 (EOS: 34)
2025/11/23 01:06:57 intent_moe.go:349: Step 26: Predicted ID 22 (EOS: 34)
2025/11/23 01:06:57 intent_moe.go:349: Step 27: Predicted ID 15 (EOS: 34)
2025/11/23 01:06:57 intent_moe.go:349: Step 28: Predicted ID 15 (EOS: 34)
2025/11/23 01:06:57 intent_moe.go:349: Step 29: Predicted ID 15 (EOS: 34)
2025/11/23 01:06:57 intent_moe.go:349: Step 30: Predicted ID 15 (EOS: 34)
2025/11/23 01:06:57 intent_moe.go:349: Step 31: Predicted ID 15 (EOS: 34)
2025/11/23 01:06:57 main.go:284: Guessed semantic output: GoWebserver GoWebserver <pad> properties properties path GoWebserver GoWebserver GoWebserver <pad> . . Delete properties properties path GoWebserver GoWebserver <pad> . . properties properties properties properties path GoWebserver properties properties properties properties properties
2025/11/23 01:06:57 main.go:287: Target semantic output: {"operation":"Create","target_resource":{"type":"Filesystem::File","name":"Makefile","properties":{"path":"./src"}},"context":{"user_role":"admin"}}
2025/11/23 01:07:42 intent_moe.go:349: Step 0: Predicted ID 22 (EOS: 34)
2025/11/23 01:07:42 intent_moe.go:349: Step 1: Predicted ID 22 (EOS: 34)
2025/11/23 01:07:42 intent_moe.go:349: Step 2: Predicted ID 0 (EOS: 34)
2025/11/23 01:07:42 intent_moe.go:349: Step 3: Predicted ID 15 (EOS: 34)
2025/11/23 01:07:42 intent_moe.go:349: Step 4: Predicted ID 16 (EOS: 34)
2025/11/23 01:07:42 intent_moe.go:349: Step 5: Predicted ID 22 (EOS: 34)
2025/11/23 01:07:42 intent_moe.go:349: Step 6: Predicted ID 22 (EOS: 34)
2025/11/23 01:07:42 intent_moe.go:349: Step 7: Predicted ID 22 (EOS: 34)
2025/11/23 01:07:42 intent_moe.go:349: Step 8: Predicted ID 0 (EOS: 34)
2025/11/23 01:07:42 intent_moe.go:349: Step 9: Predicted ID 39 (EOS: 34)
2025/11/23 01:07:42 intent_moe.go:349: Step 10: Predicted ID 39 (EOS: 34)
2025/11/23 01:07:42 intent_moe.go:349: Step 11: Predicted ID 16 (EOS: 34)
2025/11/23 01:07:42 intent_moe.go:349: Step 12: Predicted ID 22 (EOS: 34)
2025/11/23 01:07:42 intent_moe.go:349: Step 13: Predicted ID 15 (EOS: 34)
2025/11/23 01:07:42 intent_moe.go:349: Step 14: Predicted ID 15 (EOS: 34)
2025/11/23 01:07:42 intent_moe.go:349: Step 15: Predicted ID 15 (EOS: 34)
2025/11/23 01:07:42 intent_moe.go:349: Step 16: Predicted ID 15 (EOS: 34)
2025/11/23 01:07:42 intent_moe.go:349: Step 17: Predicted ID 15 (EOS: 34)
2025/11/23 01:07:42 intent_moe.go:349: Step 18: Predicted ID 15 (EOS: 34)
2025/11/23 01:07:42 intent_moe.go:349: Step 19: Predicted ID 15 (EOS: 34)
2025/11/23 01:07:42 intent_moe.go:349: Step 20: Predicted ID 15 (EOS: 34)
2025/11/23 01:07:42 intent_moe.go:349: Step 21: Predicted ID 15 (EOS: 34)
2025/11/23 01:07:42 intent_moe.go:349: Step 22: Predicted ID 15 (EOS: 34)
2025/11/23 01:07:42 intent_moe.go:349: Step 23: Predicted ID 15 (EOS: 34)
2025/11/23 01:07:42 intent_moe.go:349: Step 24: Predicted ID 15 (EOS: 34)
2025/11/23 01:07:42 intent_moe.go:349: Step 25: Predicted ID 15 (EOS: 34)
2025/11/23 01:07:42 intent_moe.go:349: Step 26: Predicted ID 15 (EOS: 34)
2025/11/23 01:07:42 intent_moe.go:349: Step 27: Predicted ID 15 (EOS: 34)
2025/11/23 01:07:42 intent_moe.go:349: Step 28: Predicted ID 22 (EOS: 34)
2025/11/23 01:07:42 intent_moe.go:349: Step 29: Predicted ID 22 (EOS: 34)
2025/11/23 01:07:42 intent_moe.go:349: Step 30: Predicted ID 22 (EOS: 34)
2025/11/23 01:07:42 intent_moe.go:349: Step 31: Predicted ID 0 (EOS: 34)
2025/11/23 01:07:42 main.go:284: Guessed semantic output: GoWebserver GoWebserver <pad> properties path GoWebserver GoWebserver GoWebserver <pad> . . path GoWebserver properties properties properties properties properties properties properties properties properties properties properties properties properties properties properties GoWebserver GoWebserver GoWebserver <pad>
2025/11/23 01:07:42 main.go:287: Target semantic output: {"operation":"Create","target_resource":{"type":"Filesystem::File","name":"types.go","properties":{"path":"./src"}},"context":{"user_role":"admin"}}
2025/11/23 01:07:42 main.go:154: Epoch 3, Average Loss: 94.251747
2025/11/23 01:07:42 main.go:115: Epoch 4/5 (Scheduled Sampling: 30.0%)
2025/11/23 01:08:28 intent_moe.go:349: Step 0: Predicted ID 22 (EOS: 34)
2025/11/23 01:08:28 intent_moe.go:349: Step 1: Predicted ID 22 (EOS: 34)
2025/11/23 01:08:28 intent_moe.go:349: Step 2: Predicted ID 0 (EOS: 34)
2025/11/23 01:08:28 intent_moe.go:349: Step 3: Predicted ID 15 (EOS: 34)
2025/11/23 01:08:28 intent_moe.go:349: Step 4: Predicted ID 15 (EOS: 34)
2025/11/23 01:08:28 intent_moe.go:349: Step 5: Predicted ID 15 (EOS: 34)
2025/11/23 01:08:28 intent_moe.go:349: Step 6: Predicted ID 15 (EOS: 34)
2025/11/23 01:08:28 intent_moe.go:349: Step 7: Predicted ID 16 (EOS: 34)
2025/11/23 01:08:28 intent_moe.go:349: Step 8: Predicted ID 15 (EOS: 34)
2025/11/23 01:08:28 intent_moe.go:349: Step 9: Predicted ID 15 (EOS: 34)
2025/11/23 01:08:28 intent_moe.go:349: Step 10: Predicted ID 15 (EOS: 34)
2025/11/23 01:08:28 intent_moe.go:349: Step 11: Predicted ID 15 (EOS: 34)
2025/11/23 01:08:28 intent_moe.go:349: Step 12: Predicted ID 16 (EOS: 34)
2025/11/23 01:08:28 intent_moe.go:349: Step 13: Predicted ID 22 (EOS: 34)
2025/11/23 01:08:28 intent_moe.go:349: Step 14: Predicted ID 15 (EOS: 34)
2025/11/23 01:08:28 intent_moe.go:349: Step 15: Predicted ID 15 (EOS: 34)
2025/11/23 01:08:28 intent_moe.go:349: Step 16: Predicted ID 15 (EOS: 34)
2025/11/23 01:08:28 intent_moe.go:349: Step 17: Predicted ID 12 (EOS: 34)
2025/11/23 01:08:28 intent_moe.go:349: Step 18: Predicted ID 15 (EOS: 34)
2025/11/23 01:08:28 intent_moe.go:349: Step 19: Predicted ID 16 (EOS: 34)
2025/11/23 01:08:28 intent_moe.go:349: Step 20: Predicted ID 22 (EOS: 34)
2025/11/23 01:08:28 intent_moe.go:349: Step 21: Predicted ID 22 (EOS: 34)
2025/11/23 01:08:28 intent_moe.go:349: Step 22: Predicted ID 15 (EOS: 34)
2025/11/23 01:08:28 intent_moe.go:349: Step 23: Predicted ID 15 (EOS: 34)
2025/11/23 01:08:28 intent_moe.go:349: Step 24: Predicted ID 16 (EOS: 34)
2025/11/23 01:08:28 intent_moe.go:349: Step 25: Predicted ID 22 (EOS: 34)
2025/11/23 01:08:28 intent_moe.go:349: Step 26: Predicted ID 22 (EOS: 34)
2025/11/23 01:08:28 intent_moe.go:349: Step 27: Predicted ID 22 (EOS: 34)
2025/11/23 01:08:28 intent_moe.go:349: Step 28: Predicted ID 0 (EOS: 34)
2025/11/23 01:08:28 intent_moe.go:349: Step 29: Predicted ID 15 (EOS: 34)
2025/11/23 01:08:28 intent_moe.go:349: Step 30: Predicted ID 15 (EOS: 34)
2025/11/23 01:08:28 intent_moe.go:349: Step 31: Predicted ID 15 (EOS: 34)
2025/11/23 01:08:28 main.go:284: Guessed semantic output: GoWebserver GoWebserver <pad> properties properties properties properties path properties properties properties properties path GoWebserver properties properties properties Folder properties path GoWebserver GoWebserver properties properties path GoWebserver GoWebserver GoWebserver <pad> properties properties properties
2025/11/23 01:08:28 main.go:287: Target semantic output: {"operation":"Create","target_resource":{"type":"Filesystem::Folder","name":"test","properties":{"path":"./"}},"context":{"user_role":"admin"}}
2025/11/23 01:09:12 intent_moe.go:349: Step 0: Predicted ID 22 (EOS: 34)
2025/11/23 01:09:12 intent_moe.go:349: Step 1: Predicted ID 22 (EOS: 34)
2025/11/23 01:09:12 intent_moe.go:349: Step 2: Predicted ID 22 (EOS: 34)
2025/11/23 01:09:12 intent_moe.go:349: Step 3: Predicted ID 22 (EOS: 34)
2025/11/23 01:09:12 intent_moe.go:349: Step 4: Predicted ID 0 (EOS: 34)
2025/11/23 01:09:12 intent_moe.go:349: Step 5: Predicted ID 15 (EOS: 34)
2025/11/23 01:09:12 intent_moe.go:349: Step 6: Predicted ID 15 (EOS: 34)
2025/11/23 01:09:12 intent_moe.go:349: Step 7: Predicted ID 16 (EOS: 34)
2025/11/23 01:09:12 intent_moe.go:349: Step 8: Predicted ID 22 (EOS: 34)
2025/11/23 01:09:12 intent_moe.go:349: Step 9: Predicted ID 15 (EOS: 34)
2025/11/23 01:09:12 intent_moe.go:349: Step 10: Predicted ID 15 (EOS: 34)
2025/11/23 01:09:12 intent_moe.go:349: Step 11: Predicted ID 15 (EOS: 34)
2025/11/23 01:09:12 intent_moe.go:349: Step 12: Predicted ID 15 (EOS: 34)
2025/11/23 01:09:12 intent_moe.go:349: Step 13: Predicted ID 16 (EOS: 34)
2025/11/23 01:09:12 intent_moe.go:349: Step 14: Predicted ID 22 (EOS: 34)
2025/11/23 01:09:12 intent_moe.go:349: Step 15: Predicted ID 22 (EOS: 34)
2025/11/23 01:09:12 intent_moe.go:349: Step 16: Predicted ID 22 (EOS: 34)
2025/11/23 01:09:12 intent_moe.go:349: Step 17: Predicted ID 0 (EOS: 34)
2025/11/23 01:09:12 intent_moe.go:349: Step 18: Predicted ID 39 (EOS: 34)
2025/11/23 01:09:12 intent_moe.go:349: Step 19: Predicted ID 16 (EOS: 34)
2025/11/23 01:09:12 intent_moe.go:349: Step 20: Predicted ID 22 (EOS: 34)
2025/11/23 01:09:12 intent_moe.go:349: Step 21: Predicted ID 22 (EOS: 34)
2025/11/23 01:09:12 intent_moe.go:349: Step 22: Predicted ID 0 (EOS: 34)
2025/11/23 01:09:12 intent_moe.go:349: Step 23: Predicted ID 15 (EOS: 34)
2025/11/23 01:09:12 intent_moe.go:349: Step 24: Predicted ID 15 (EOS: 34)
2025/11/23 01:09:12 intent_moe.go:349: Step 25: Predicted ID 16 (EOS: 34)
2025/11/23 01:09:12 intent_moe.go:349: Step 26: Predicted ID 22 (EOS: 34)
2025/11/23 01:09:12 intent_moe.go:349: Step 27: Predicted ID 15 (EOS: 34)
2025/11/23 01:09:12 intent_moe.go:349: Step 28: Predicted ID 16 (EOS: 34)
2025/11/23 01:09:12 intent_moe.go:349: Step 29: Predicted ID 22 (EOS: 34)
2025/11/23 01:09:12 intent_moe.go:349: Step 30: Predicted ID 22 (EOS: 34)
2025/11/23 01:09:12 intent_moe.go:349: Step 31: Predicted ID 0 (EOS: 34)
2025/11/23 01:09:12 main.go:284: Guessed semantic output: GoWebserver GoWebserver GoWebserver GoWebserver <pad> properties properties path GoWebserver properties properties properties properties path GoWebserver GoWebserver GoWebserver <pad> . path GoWebserver GoWebserver <pad> properties properties path GoWebserver properties path GoWebserver GoWebserver <pad>
2025/11/23 01:09:12 main.go:287: Target semantic output: {"operation":"Create","target_resource":{"type":"Filesystem::Folder","name":"logs","properties":{"path":"/home/user"}},"context":{"user_role":"admin"}}
2025/11/23 01:09:57 intent_moe.go:349: Step 0: Predicted ID 22 (EOS: 34)
2025/11/23 01:09:57 intent_moe.go:349: Step 1: Predicted ID 22 (EOS: 34)
2025/11/23 01:09:57 intent_moe.go:349: Step 2: Predicted ID 0 (EOS: 34)
2025/11/23 01:09:57 intent_moe.go:349: Step 3: Predicted ID 15 (EOS: 34)
2025/11/23 01:09:57 intent_moe.go:349: Step 4: Predicted ID 16 (EOS: 34)
2025/11/23 01:09:57 intent_moe.go:349: Step 5: Predicted ID 22 (EOS: 34)
2025/11/23 01:09:57 intent_moe.go:349: Step 6: Predicted ID 15 (EOS: 34)
2025/11/23 01:09:57 intent_moe.go:349: Step 7: Predicted ID 15 (EOS: 34)
2025/11/23 01:09:57 intent_moe.go:349: Step 8: Predicted ID 16 (EOS: 34)
2025/11/23 01:09:57 intent_moe.go:349: Step 9: Predicted ID 22 (EOS: 34)
2025/11/23 01:09:57 intent_moe.go:349: Step 10: Predicted ID 22 (EOS: 34)
2025/11/23 01:09:57 intent_moe.go:349: Step 11: Predicted ID 15 (EOS: 34)
2025/11/23 01:09:57 intent_moe.go:349: Step 12: Predicted ID 15 (EOS: 34)
2025/11/23 01:09:57 intent_moe.go:349: Step 13: Predicted ID 15 (EOS: 34)
2025/11/23 01:09:57 intent_moe.go:349: Step 14: Predicted ID 15 (EOS: 34)
2025/11/23 01:09:57 intent_moe.go:349: Step 15: Predicted ID 15 (EOS: 34)
2025/11/23 01:09:58 intent_moe.go:349: Step 16: Predicted ID 15 (EOS: 34)
2025/11/23 01:09:58 intent_moe.go:349: Step 17: Predicted ID 15 (EOS: 34)
2025/11/23 01:09:58 intent_moe.go:349: Step 18: Predicted ID 15 (EOS: 34)
2025/11/23 01:09:58 intent_moe.go:349: Step 19: Predicted ID 15 (EOS: 34)
2025/11/23 01:09:58 intent_moe.go:349: Step 20: Predicted ID 16 (EOS: 34)
2025/11/23 01:09:58 intent_moe.go:349: Step 21: Predicted ID 22 (EOS: 34)
2025/11/23 01:09:58 intent_moe.go:349: Step 22: Predicted ID 15 (EOS: 34)
2025/11/23 01:09:58 intent_moe.go:349: Step 23: Predicted ID 15 (EOS: 34)
2025/11/23 01:09:58 intent_moe.go:349: Step 24: Predicted ID 15 (EOS: 34)
2025/11/23 01:09:58 intent_moe.go:349: Step 25: Predicted ID 15 (EOS: 34)
2025/11/23 01:09:58 intent_moe.go:349: Step 26: Predicted ID 15 (EOS: 34)
2025/11/23 01:09:58 intent_moe.go:349: Step 27: Predicted ID 15 (EOS: 34)
2025/11/23 01:09:58 intent_moe.go:349: Step 28: Predicted ID 15 (EOS: 34)
2025/11/23 01:09:58 intent_moe.go:349: Step 29: Predicted ID 15 (EOS: 34)
2025/11/23 01:09:58 intent_moe.go:349: Step 30: Predicted ID 16 (EOS: 34)
2025/11/23 01:09:58 intent_moe.go:349: Step 31: Predicted ID 22 (EOS: 34)
2025/11/23 01:09:58 main.go:284: Guessed semantic output: GoWebserver GoWebserver <pad> properties path GoWebserver properties properties path GoWebserver GoWebserver properties properties properties properties properties properties properties properties properties path GoWebserver properties properties properties properties properties properties properties properties path GoWebserver
2025/11/23 01:09:58 main.go:287: Target semantic output: {"operation":"Create","target_resource":{"type":"Filesystem::Folder","name":"media","properties":{"path":"./config"}},"context":{"user_role":"admin"}}
2025/11/23 01:10:02 main.go:135: Error training batch: IntentMoE model backward pass failed: decoder backward failed: decoder embedding backward at t=30 failed: Embedding backward called before forward or with mismatched input/gradient shapes
2025/11/23 01:10:07 main.go:135: Error training batch: IntentMoE model backward pass failed: decoder backward failed: decoder embedding backward at t=30 failed: Embedding backward called before forward or with mismatched input/gradient shapes
2025/11/23 01:10:12 main.go:135: Error training batch: IntentMoE model backward pass failed: decoder backward failed: decoder embedding backward at t=30 failed: Embedding backward called before forward or with mismatched input/gradient shapes
2025/11/23 01:10:16 main.go:135: Error training batch: IntentMoE model backward pass failed: decoder backward failed: decoder embedding backward at t=30 failed: Embedding backward called before forward or with mismatched input/gradient shapes
2025/11/23 01:10:16 main.go:154: Epoch 4, Average Loss: 93.357461
2025/11/23 01:10:16 main.go:115: Epoch 5/5 (Scheduled Sampling: 40.0%)
2025/11/23 01:11:01 intent_moe.go:349: Step 0: Predicted ID 22 (EOS: 34)
2025/11/23 01:11:01 intent_moe.go:349: Step 1: Predicted ID 22 (EOS: 34)
2025/11/23 01:11:01 intent_moe.go:349: Step 2: Predicted ID 22 (EOS: 34)
2025/11/23 01:11:01 intent_moe.go:349: Step 3: Predicted ID 22 (EOS: 34)
2025/11/23 01:11:01 intent_moe.go:349: Step 4: Predicted ID 0 (EOS: 34)
2025/11/23 01:11:01 intent_moe.go:349: Step 5: Predicted ID 39 (EOS: 34)
2025/11/23 01:11:01 intent_moe.go:349: Step 6: Predicted ID 0 (EOS: 34)
2025/11/23 01:11:01 intent_moe.go:349: Step 7: Predicted ID 15 (EOS: 34)
2025/11/23 01:11:01 intent_moe.go:349: Step 8: Predicted ID 15 (EOS: 34)
2025/11/23 01:11:01 intent_moe.go:349: Step 9: Predicted ID 15 (EOS: 34)
2025/11/23 01:11:01 intent_moe.go:349: Step 10: Predicted ID 15 (EOS: 34)
2025/11/23 01:11:01 intent_moe.go:349: Step 11: Predicted ID 15 (EOS: 34)
2025/11/23 01:11:01 intent_moe.go:349: Step 12: Predicted ID 15 (EOS: 34)
2025/11/23 01:11:01 intent_moe.go:349: Step 13: Predicted ID 12 (EOS: 34)
2025/11/23 01:11:01 intent_moe.go:349: Step 14: Predicted ID 15 (EOS: 34)
2025/11/23 01:11:01 intent_moe.go:349: Step 15: Predicted ID 15 (EOS: 34)
2025/11/23 01:11:01 intent_moe.go:349: Step 16: Predicted ID 15 (EOS: 34)
2025/11/23 01:11:01 intent_moe.go:349: Step 17: Predicted ID 12 (EOS: 34)
2025/11/23 01:11:01 intent_moe.go:349: Step 18: Predicted ID 15 (EOS: 34)
2025/11/23 01:11:01 intent_moe.go:349: Step 19: Predicted ID 15 (EOS: 34)
2025/11/23 01:11:01 intent_moe.go:349: Step 20: Predicted ID 16 (EOS: 34)
2025/11/23 01:11:01 intent_moe.go:349: Step 21: Predicted ID 22 (EOS: 34)
2025/11/23 01:11:01 intent_moe.go:349: Step 22: Predicted ID 22 (EOS: 34)
2025/11/23 01:11:01 intent_moe.go:349: Step 23: Predicted ID 0 (EOS: 34)
2025/11/23 01:11:01 intent_moe.go:349: Step 24: Predicted ID 15 (EOS: 34)
2025/11/23 01:11:01 intent_moe.go:349: Step 25: Predicted ID 15 (EOS: 34)
2025/11/23 01:11:01 intent_moe.go:349: Step 26: Predicted ID 15 (EOS: 34)
2025/11/23 01:11:01 intent_moe.go:349: Step 27: Predicted ID 16 (EOS: 34)
2025/11/23 01:11:01 intent_moe.go:349: Step 28: Predicted ID 22 (EOS: 34)
2025/11/23 01:11:01 intent_moe.go:349: Step 29: Predicted ID 15 (EOS: 34)
2025/11/23 01:11:01 intent_moe.go:349: Step 30: Predicted ID 15 (EOS: 34)
2025/11/23 01:11:01 intent_moe.go:349: Step 31: Predicted ID 15 (EOS: 34)
2025/11/23 01:11:01 main.go:284: Guessed semantic output: GoWebserver GoWebserver GoWebserver GoWebserver <pad> . <pad> properties properties properties properties properties properties Folder properties properties properties Folder properties properties path GoWebserver GoWebserver <pad> properties properties properties path GoWebserver properties properties properties
2025/11/23 01:11:01 main.go:287: Target semantic output: {"operation":"Create","target_resource":{"type":"Filesystem::Folder","name":"test","properties":{"path":"./"}},"context":{"user_role":"admin"}}
2025/11/23 01:11:06 main.go:135: Error training batch: IntentMoE model backward pass failed: decoder backward failed: decoder embedding backward at t=30 failed: Embedding backward called before forward or with mismatched input/gradient shapes
2025/11/23 01:11:10 main.go:135: Error training batch: IntentMoE model backward pass failed: decoder backward failed: decoder embedding backward at t=30 failed: Embedding backward called before forward or with mismatched input/gradient shapes
2025/11/23 01:11:55 intent_moe.go:349: Step 0: Predicted ID 19 (EOS: 34)
2025/11/23 01:11:55 intent_moe.go:349: Step 1: Predicted ID 15 (EOS: 34)
2025/11/23 01:11:55 intent_moe.go:349: Step 2: Predicted ID 15 (EOS: 34)
2025/11/23 01:11:55 intent_moe.go:349: Step 3: Predicted ID 15 (EOS: 34)
2025/11/23 01:11:55 intent_moe.go:349: Step 4: Predicted ID 15 (EOS: 34)
2025/11/23 01:11:55 intent_moe.go:349: Step 5: Predicted ID 15 (EOS: 34)
2025/11/23 01:11:55 intent_moe.go:349: Step 6: Predicted ID 15 (EOS: 34)
2025/11/23 01:11:55 intent_moe.go:349: Step 7: Predicted ID 15 (EOS: 34)
2025/11/23 01:11:55 intent_moe.go:349: Step 8: Predicted ID 15 (EOS: 34)
2025/11/23 01:11:55 intent_moe.go:349: Step 9: Predicted ID 15 (EOS: 34)
2025/11/23 01:11:55 intent_moe.go:349: Step 10: Predicted ID 15 (EOS: 34)
2025/11/23 01:11:55 intent_moe.go:349: Step 11: Predicted ID 15 (EOS: 34)
2025/11/23 01:11:55 intent_moe.go:349: Step 12: Predicted ID 16 (EOS: 34)
2025/11/23 01:11:55 intent_moe.go:349: Step 13: Predicted ID 22 (EOS: 34)
2025/11/23 01:11:55 intent_moe.go:349: Step 14: Predicted ID 22 (EOS: 34)
2025/11/23 01:11:55 intent_moe.go:349: Step 15: Predicted ID 0 (EOS: 34)
2025/11/23 01:11:55 intent_moe.go:349: Step 16: Predicted ID 39 (EOS: 34)
2025/11/23 01:11:55 intent_moe.go:349: Step 17: Predicted ID 9 (EOS: 34)
2025/11/23 01:11:55 intent_moe.go:349: Step 18: Predicted ID 15 (EOS: 34)
2025/11/23 01:11:55 intent_moe.go:349: Step 19: Predicted ID 15 (EOS: 34)
2025/11/23 01:11:55 intent_moe.go:349: Step 20: Predicted ID 15 (EOS: 34)
2025/11/23 01:11:55 intent_moe.go:349: Step 21: Predicted ID 16 (EOS: 34)
2025/11/23 01:11:55 intent_moe.go:349: Step 22: Predicted ID 22 (EOS: 34)
2025/11/23 01:11:55 intent_moe.go:349: Step 23: Predicted ID 22 (EOS: 34)
2025/11/23 01:11:55 intent_moe.go:349: Step 24: Predicted ID 22 (EOS: 34)
2025/11/23 01:11:55 intent_moe.go:349: Step 25: Predicted ID 0 (EOS: 34)
2025/11/23 01:11:55 intent_moe.go:349: Step 26: Predicted ID 15 (EOS: 34)
2025/11/23 01:11:55 intent_moe.go:349: Step 27: Predicted ID 0 (EOS: 34)
2025/11/23 01:11:55 intent_moe.go:349: Step 28: Predicted ID 15 (EOS: 34)
2025/11/23 01:11:55 intent_moe.go:349: Step 29: Predicted ID 15 (EOS: 34)
2025/11/23 01:11:55 intent_moe.go:349: Step 30: Predicted ID 15 (EOS: 34)
2025/11/23 01:11:55 intent_moe.go:349: Step 31: Predicted ID 15 (EOS: 34)
2025/11/23 01:11:55 main.go:284: Guessed semantic output: children properties properties properties properties properties properties properties properties properties properties properties path GoWebserver GoWebserver <pad> . target_resource properties properties properties path GoWebserver GoWebserver GoWebserver <pad> properties <pad> properties properties properties properties
2025/11/23 01:11:55 main.go:287: Target semantic output: {"operation":"Create","target_resource":{"type":"Filesystem::Folder","name":"shared","properties":{"path":"./data"}},"context":{"user_role":"admin"}}
2025/11/23 01:12:39 intent_moe.go:349: Step 0: Predicted ID 22 (EOS: 34)
2025/11/23 01:12:39 intent_moe.go:349: Step 1: Predicted ID 22 (EOS: 34)
2025/11/23 01:12:39 intent_moe.go:349: Step 2: Predicted ID 0 (EOS: 34)
2025/11/23 01:12:39 intent_moe.go:349: Step 3: Predicted ID 15 (EOS: 34)
2025/11/23 01:12:39 intent_moe.go:349: Step 4: Predicted ID 16 (EOS: 34)
2025/11/23 01:12:39 intent_moe.go:349: Step 5: Predicted ID 22 (EOS: 34)
2025/11/23 01:12:39 intent_moe.go:349: Step 6: Predicted ID 15 (EOS: 34)
2025/11/23 01:12:39 intent_moe.go:349: Step 7: Predicted ID 15 (EOS: 34)
2025/11/23 01:12:39 intent_moe.go:349: Step 8: Predicted ID 15 (EOS: 34)
2025/11/23 01:12:39 intent_moe.go:349: Step 9: Predicted ID 16 (EOS: 34)
2025/11/23 01:12:39 intent_moe.go:349: Step 10: Predicted ID 22 (EOS: 34)
2025/11/23 01:12:39 intent_moe.go:349: Step 11: Predicted ID 22 (EOS: 34)
2025/11/23 01:12:39 intent_moe.go:349: Step 12: Predicted ID 0 (EOS: 34)
2025/11/23 01:12:39 intent_moe.go:349: Step 13: Predicted ID 15 (EOS: 34)
2025/11/23 01:12:39 intent_moe.go:349: Step 14: Predicted ID 15 (EOS: 34)
2025/11/23 01:12:39 intent_moe.go:349: Step 15: Predicted ID 15 (EOS: 34)
2025/11/23 01:12:39 intent_moe.go:349: Step 16: Predicted ID 15 (EOS: 34)
2025/11/23 01:12:39 intent_moe.go:349: Step 17: Predicted ID 15 (EOS: 34)
2025/11/23 01:12:39 intent_moe.go:349: Step 18: Predicted ID 15 (EOS: 34)
2025/11/23 01:12:39 intent_moe.go:349: Step 19: Predicted ID 15 (EOS: 34)
2025/11/23 01:12:39 intent_moe.go:349: Step 20: Predicted ID 15 (EOS: 34)
2025/11/23 01:12:39 intent_moe.go:349: Step 21: Predicted ID 15 (EOS: 34)
2025/11/23 01:12:39 intent_moe.go:349: Step 22: Predicted ID 15 (EOS: 34)
2025/11/23 01:12:40 intent_moe.go:349: Step 23: Predicted ID 16 (EOS: 34)
2025/11/23 01:12:40 intent_moe.go:349: Step 24: Predicted ID 22 (EOS: 34)
2025/11/23 01:12:40 intent_moe.go:349: Step 25: Predicted ID 22 (EOS: 34)
2025/11/23 01:12:40 intent_moe.go:349: Step 26: Predicted ID 0 (EOS: 34)
2025/11/23 01:12:40 intent_moe.go:349: Step 27: Predicted ID 15 (EOS: 34)
2025/11/23 01:12:40 intent_moe.go:349: Step 28: Predicted ID 15 (EOS: 34)
2025/11/23 01:12:40 intent_moe.go:349: Step 29: Predicted ID 15 (EOS: 34)
2025/11/23 01:12:40 intent_moe.go:349: Step 30: Predicted ID 15 (EOS: 34)
2025/11/23 01:12:40 intent_moe.go:349: Step 31: Predicted ID 16 (EOS: 34)
2025/11/23 01:12:40 main.go:284: Guessed semantic output: GoWebserver GoWebserver <pad> properties path GoWebserver properties properties properties path GoWebserver GoWebserver <pad> properties properties properties properties properties properties properties properties properties properties path GoWebserver GoWebserver <pad> properties properties properties properties path
2025/11/23 01:12:40 main.go:287: Target semantic output: {"operation":"Create","target_resource":{"type":"Filesystem::Folder","name":"cache","properties":{"path":"./backend"}},"context":{"user_role":"admin"}}
2025/11/23 01:12:44 main.go:135: Error training batch: IntentMoE model backward pass failed: decoder backward failed: decoder embedding backward at t=30 failed: Embedding backward called before forward or with mismatched input/gradient shapes
2025/11/23 01:13:30 intent_moe.go:349: Step 0: Predicted ID 22 (EOS: 34)
2025/11/23 01:13:30 intent_moe.go:349: Step 1: Predicted ID 22 (EOS: 34)
2025/11/23 01:13:30 intent_moe.go:349: Step 2: Predicted ID 0 (EOS: 34)
2025/11/23 01:13:30 intent_moe.go:349: Step 3: Predicted ID 15 (EOS: 34)
2025/11/23 01:13:30 intent_moe.go:349: Step 4: Predicted ID 15 (EOS: 34)
2025/11/23 01:13:30 intent_moe.go:349: Step 5: Predicted ID 15 (EOS: 34)
2025/11/23 01:13:30 intent_moe.go:349: Step 6: Predicted ID 15 (EOS: 34)
2025/11/23 01:13:30 intent_moe.go:349: Step 7: Predicted ID 15 (EOS: 34)
2025/11/23 01:13:30 intent_moe.go:349: Step 8: Predicted ID 15 (EOS: 34)
2025/11/23 01:13:30 intent_moe.go:349: Step 9: Predicted ID 15 (EOS: 34)
2025/11/23 01:13:30 intent_moe.go:349: Step 10: Predicted ID 15 (EOS: 34)
2025/11/23 01:13:30 intent_moe.go:349: Step 11: Predicted ID 15 (EOS: 34)
2025/11/23 01:13:30 intent_moe.go:349: Step 12: Predicted ID 15 (EOS: 34)
2025/11/23 01:13:30 intent_moe.go:349: Step 13: Predicted ID 15 (EOS: 34)
2025/11/23 01:13:30 intent_moe.go:349: Step 14: Predicted ID 15 (EOS: 34)
2025/11/23 01:13:30 intent_moe.go:349: Step 15: Predicted ID 15 (EOS: 34)
2025/11/23 01:13:30 intent_moe.go:349: Step 16: Predicted ID 12 (EOS: 34)
2025/11/23 01:13:30 intent_moe.go:349: Step 17: Predicted ID 15 (EOS: 34)
2025/11/23 01:13:30 intent_moe.go:349: Step 18: Predicted ID 15 (EOS: 34)
2025/11/23 01:13:30 intent_moe.go:349: Step 19: Predicted ID 15 (EOS: 34)
2025/11/23 01:13:30 intent_moe.go:349: Step 20: Predicted ID 15 (EOS: 34)
2025/11/23 01:13:30 intent_moe.go:349: Step 21: Predicted ID 15 (EOS: 34)
2025/11/23 01:13:30 intent_moe.go:349: Step 22: Predicted ID 15 (EOS: 34)
2025/11/23 01:13:30 intent_moe.go:349: Step 23: Predicted ID 15 (EOS: 34)
2025/11/23 01:13:30 intent_moe.go:349: Step 24: Predicted ID 15 (EOS: 34)
2025/11/23 01:13:30 intent_moe.go:349: Step 25: Predicted ID 15 (EOS: 34)
2025/11/23 01:13:30 intent_moe.go:349: Step 26: Predicted ID 15 (EOS: 34)
2025/11/23 01:13:30 intent_moe.go:349: Step 27: Predicted ID 15 (EOS: 34)
2025/11/23 01:13:30 intent_moe.go:349: Step 28: Predicted ID 15 (EOS: 34)
2025/11/23 01:13:30 intent_moe.go:349: Step 29: Predicted ID 15 (EOS: 34)
2025/11/23 01:13:30 intent_moe.go:349: Step 30: Predicted ID 15 (EOS: 34)
2025/11/23 01:13:30 intent_moe.go:349: Step 31: Predicted ID 15 (EOS: 34)
2025/11/23 01:13:30 main.go:284: Guessed semantic output: GoWebserver GoWebserver <pad> properties properties properties properties properties properties properties properties properties properties properties properties properties Folder properties properties properties properties properties properties properties properties properties properties properties properties properties properties properties
2025/11/23 01:13:30 main.go:287: Target semantic output: {"operation":"Create","target_resource":{"type":"Filesystem::File","name":"types.go","properties":{"path":"./src"}},"context":{"user_role":"admin"}}
2025/11/23 01:13:30 main.go:154: Epoch 5, Average Loss: 92.959129
2025/11/23 01:13:30 main.go:540: Detaching model from computation graph...
2025/11/23 01:13:30 main.go:606: Model detached from computation graph.
Saving IntentMoE model to gob_models/moe_classification_model.gob
