nohup: ignoring input
2025/11/23 01:46:01 main.go:445: Query Vocabulary (after load/create): Size=40665
2025/11/23 01:46:01 main.go:446: Semantic Output Vocabulary (after load/create): Size=40
2025/11/23 01:46:01 main.go:453: Loaded 448 training examples.
2025/11/23 01:46:01 main.go:463: Query Vocabulary Size: 40665
2025/11/23 01:46:01 main.go:464: Semantic Output Vocabulary Size: 40
2025/11/23 01:46:01 main.go:465: Embedding Dimension: 64
2025/11/23 01:46:01 main.go:466: Word2Vec Model Vocab Size: 40665
2025/11/23 01:46:01 main.go:467: Word2Vec Model Vector Size: 25
2025/11/23 01:46:01 main.go:468: Number of Experts: 1
2025/11/23 01:46:01 main.go:475: Creating a new IntentMoE model.
2025/11/23 01:46:01 main.go:115: Epoch 1/5 (Scheduled Sampling: 0.0%)
2025/11/23 01:47:03 intent_moe.go:349: Step 0: Predicted ID 32 (EOS: 34)
2025/11/23 01:47:03 intent_moe.go:349: Step 1: Predicted ID 32 (EOS: 34)
2025/11/23 01:47:03 intent_moe.go:349: Step 2: Predicted ID 9 (EOS: 34)
2025/11/23 01:47:03 intent_moe.go:349: Step 3: Predicted ID 31 (EOS: 34)
2025/11/23 01:47:03 intent_moe.go:349: Step 4: Predicted ID 31 (EOS: 34)
2025/11/23 01:47:03 intent_moe.go:349: Step 5: Predicted ID 31 (EOS: 34)
2025/11/23 01:47:03 intent_moe.go:349: Step 6: Predicted ID 31 (EOS: 34)
2025/11/23 01:47:03 intent_moe.go:349: Step 7: Predicted ID 10 (EOS: 34)
2025/11/23 01:47:03 intent_moe.go:349: Step 8: Predicted ID 32 (EOS: 34)
2025/11/23 01:47:03 intent_moe.go:349: Step 9: Predicted ID 9 (EOS: 34)
2025/11/23 01:47:03 intent_moe.go:349: Step 10: Predicted ID 38 (EOS: 34)
2025/11/23 01:47:03 intent_moe.go:349: Step 11: Predicted ID 31 (EOS: 34)
2025/11/23 01:47:03 intent_moe.go:349: Step 12: Predicted ID 31 (EOS: 34)
2025/11/23 01:47:03 intent_moe.go:349: Step 13: Predicted ID 32 (EOS: 34)
2025/11/23 01:47:03 intent_moe.go:349: Step 14: Predicted ID 9 (EOS: 34)
2025/11/23 01:47:03 intent_moe.go:349: Step 15: Predicted ID 31 (EOS: 34)
2025/11/23 01:47:03 intent_moe.go:349: Step 16: Predicted ID 31 (EOS: 34)
2025/11/23 01:47:03 intent_moe.go:349: Step 17: Predicted ID 31 (EOS: 34)
2025/11/23 01:47:03 intent_moe.go:349: Step 18: Predicted ID 31 (EOS: 34)
2025/11/23 01:47:03 intent_moe.go:349: Step 19: Predicted ID 31 (EOS: 34)
2025/11/23 01:47:03 intent_moe.go:349: Step 20: Predicted ID 32 (EOS: 34)
2025/11/23 01:47:03 intent_moe.go:349: Step 21: Predicted ID 9 (EOS: 34)
2025/11/23 01:47:03 intent_moe.go:349: Step 22: Predicted ID 38 (EOS: 34)
2025/11/23 01:47:03 intent_moe.go:349: Step 23: Predicted ID 31 (EOS: 34)
2025/11/23 01:47:03 intent_moe.go:349: Step 24: Predicted ID 32 (EOS: 34)
2025/11/23 01:47:03 intent_moe.go:349: Step 25: Predicted ID 9 (EOS: 34)
2025/11/23 01:47:03 intent_moe.go:349: Step 26: Predicted ID 38 (EOS: 34)
2025/11/23 01:47:03 intent_moe.go:349: Step 27: Predicted ID 31 (EOS: 34)
2025/11/23 01:47:03 intent_moe.go:349: Step 28: Predicted ID 31 (EOS: 34)
2025/11/23 01:47:03 intent_moe.go:349: Step 29: Predicted ID 32 (EOS: 34)
2025/11/23 01:47:03 intent_moe.go:349: Step 30: Predicted ID 19 (EOS: 34)
2025/11/23 01:47:03 intent_moe.go:349: Step 31: Predicted ID 5 (EOS: 34)
2025/11/23 01:47:03 main.go:285: Guessed semantic output: user_role user_role target_resource context context context context type user_role target_resource Read context context user_role target_resource context context context context context user_role target_resource Read context user_role target_resource Read context context user_role children operation
2025/11/23 01:47:03 main.go:288: Target semantic output: {"operation":"Create","target_resource":{"type":"Filesystem::Folder","name":"test","properties":{"path":"./"}},"context":{"user_role":"admin"}}
2025/11/23 01:48:15 intent_moe.go:349: Step 0: Predicted ID 32 (EOS: 34)
2025/11/23 01:48:15 intent_moe.go:349: Step 1: Predicted ID 32 (EOS: 34)
2025/11/23 01:48:15 intent_moe.go:349: Step 2: Predicted ID 9 (EOS: 34)
2025/11/23 01:48:15 intent_moe.go:349: Step 3: Predicted ID 38 (EOS: 34)
2025/11/23 01:48:15 intent_moe.go:349: Step 4: Predicted ID 17 (EOS: 34)
2025/11/23 01:48:15 intent_moe.go:349: Step 5: Predicted ID 38 (EOS: 34)
2025/11/23 01:48:15 intent_moe.go:349: Step 6: Predicted ID 30 (EOS: 34)
2025/11/23 01:48:15 intent_moe.go:349: Step 7: Predicted ID 38 (EOS: 34)
2025/11/23 01:48:15 intent_moe.go:349: Step 8: Predicted ID 31 (EOS: 34)
2025/11/23 01:48:15 intent_moe.go:349: Step 9: Predicted ID 31 (EOS: 34)
2025/11/23 01:48:15 intent_moe.go:349: Step 10: Predicted ID 32 (EOS: 34)
2025/11/23 01:48:15 intent_moe.go:349: Step 11: Predicted ID 9 (EOS: 34)
2025/11/23 01:48:15 intent_moe.go:349: Step 12: Predicted ID 38 (EOS: 34)
2025/11/23 01:48:15 intent_moe.go:349: Step 13: Predicted ID 31 (EOS: 34)
2025/11/23 01:48:15 intent_moe.go:349: Step 14: Predicted ID 31 (EOS: 34)
2025/11/23 01:48:15 intent_moe.go:349: Step 15: Predicted ID 31 (EOS: 34)
2025/11/23 01:48:15 intent_moe.go:349: Step 16: Predicted ID 32 (EOS: 34)
2025/11/23 01:48:15 intent_moe.go:349: Step 17: Predicted ID 32 (EOS: 34)
2025/11/23 01:48:15 intent_moe.go:349: Step 18: Predicted ID 9 (EOS: 34)
2025/11/23 01:48:15 intent_moe.go:349: Step 19: Predicted ID 38 (EOS: 34)
2025/11/23 01:48:15 intent_moe.go:349: Step 20: Predicted ID 31 (EOS: 34)
2025/11/23 01:48:15 intent_moe.go:349: Step 21: Predicted ID 31 (EOS: 34)
2025/11/23 01:48:15 intent_moe.go:349: Step 22: Predicted ID 19 (EOS: 34)
2025/11/23 01:48:15 intent_moe.go:349: Step 23: Predicted ID 5 (EOS: 34)
2025/11/23 01:48:15 intent_moe.go:349: Step 24: Predicted ID 38 (EOS: 34)
2025/11/23 01:48:15 intent_moe.go:349: Step 25: Predicted ID 31 (EOS: 34)
2025/11/23 01:48:15 intent_moe.go:349: Step 26: Predicted ID 5 (EOS: 34)
2025/11/23 01:48:15 intent_moe.go:349: Step 27: Predicted ID 31 (EOS: 34)
2025/11/23 01:48:15 intent_moe.go:349: Step 28: Predicted ID 31 (EOS: 34)
2025/11/23 01:48:15 intent_moe.go:349: Step 29: Predicted ID 31 (EOS: 34)
2025/11/23 01:48:15 intent_moe.go:349: Step 30: Predicted ID 31 (EOS: 34)
2025/11/23 01:48:15 intent_moe.go:349: Step 31: Predicted ID 5 (EOS: 34)
2025/11/23 01:48:15 main.go:285: Guessed semantic output: user_role user_role target_resource Read ./ Read]Read context context user_role target_resource Read context context context user_role user_role target_resource Read context context children operation Read context operation context context context context operation
2025/11/23 01:48:15 main.go:288: Target semantic output: {"operation":"Create","target_resource":{"type":"Filesystem::Folder","name":"logs","properties":{"path":"/home/user"}},"context":{"user_role":"admin"}}
2025/11/23 01:49:26 intent_moe.go:349: Step 0: Predicted ID 32 (EOS: 34)
2025/11/23 01:49:26 intent_moe.go:349: Step 1: Predicted ID 9 (EOS: 34)
2025/11/23 01:49:26 intent_moe.go:349: Step 2: Predicted ID 38 (EOS: 34)
2025/11/23 01:49:26 intent_moe.go:349: Step 3: Predicted ID 31 (EOS: 34)
2025/11/23 01:49:26 intent_moe.go:349: Step 4: Predicted ID 32 (EOS: 34)
2025/11/23 01:49:26 intent_moe.go:349: Step 5: Predicted ID 32 (EOS: 34)
2025/11/23 01:49:26 intent_moe.go:349: Step 6: Predicted ID 9 (EOS: 34)
2025/11/23 01:49:26 intent_moe.go:349: Step 7: Predicted ID 38 (EOS: 34)
2025/11/23 01:49:26 intent_moe.go:349: Step 8: Predicted ID 30 (EOS: 34)
2025/11/23 01:49:26 intent_moe.go:349: Step 9: Predicted ID 38 (EOS: 34)
2025/11/23 01:49:26 intent_moe.go:349: Step 10: Predicted ID 17 (EOS: 34)
2025/11/23 01:49:26 intent_moe.go:349: Step 11: Predicted ID 38 (EOS: 34)
2025/11/23 01:49:26 intent_moe.go:349: Step 12: Predicted ID 30 (EOS: 34)
2025/11/23 01:49:26 intent_moe.go:349: Step 13: Predicted ID 38 (EOS: 34)
2025/11/23 01:49:26 intent_moe.go:349: Step 14: Predicted ID 17 (EOS: 34)
2025/11/23 01:49:26 intent_moe.go:349: Step 15: Predicted ID 30 (EOS: 34)
2025/11/23 01:49:26 intent_moe.go:349: Step 16: Predicted ID 38 (EOS: 34)
2025/11/23 01:49:26 intent_moe.go:349: Step 17: Predicted ID 30 (EOS: 34)
2025/11/23 01:49:26 intent_moe.go:349: Step 18: Predicted ID 38 (EOS: 34)
2025/11/23 01:49:26 intent_moe.go:349: Step 19: Predicted ID 30 (EOS: 34)
2025/11/23 01:49:26 intent_moe.go:349: Step 20: Predicted ID 38 (EOS: 34)
2025/11/23 01:49:26 intent_moe.go:349: Step 21: Predicted ID 17 (EOS: 34)
2025/11/23 01:49:26 intent_moe.go:349: Step 22: Predicted ID 30 (EOS: 34)
2025/11/23 01:49:26 intent_moe.go:349: Step 23: Predicted ID 38 (EOS: 34)
2025/11/23 01:49:26 intent_moe.go:349: Step 24: Predicted ID 17 (EOS: 34)
2025/11/23 01:49:26 intent_moe.go:349: Step 25: Predicted ID 38 (EOS: 34)
2025/11/23 01:49:26 intent_moe.go:349: Step 26: Predicted ID 30 (EOS: 34)
2025/11/23 01:49:26 intent_moe.go:349: Step 27: Predicted ID 38 (EOS: 34)
2025/11/23 01:49:26 intent_moe.go:349: Step 28: Predicted ID 17 (EOS: 34)
2025/11/23 01:49:26 intent_moe.go:349: Step 29: Predicted ID 31 (EOS: 34)
2025/11/23 01:49:26 intent_moe.go:349: Step 30: Predicted ID 32 (EOS: 34)
2025/11/23 01:49:26 intent_moe.go:349: Step 31: Predicted ID 9 (EOS: 34)
2025/11/23 01:49:26 main.go:285: Guessed semantic output: user_role target_resource Read context user_role user_role target_resource Read]Read ./ Read]Read ./]Read]Read]Read ./]Read ./ Read]Read ./ context user_role target_resource
2025/11/23 01:49:26 main.go:288: Target semantic output: {"operation":"Create","target_resource":{"type":"Filesystem::Folder","name":"media","properties":{"path":"./config"}},"context":{"user_role":"admin"}}
2025/11/23 01:50:39 intent_moe.go:349: Step 0: Predicted ID 6 (EOS: 34)
2025/11/23 01:50:39 intent_moe.go:349: Step 1: Predicted ID 6 (EOS: 34)
2025/11/23 01:50:39 intent_moe.go:349: Step 2: Predicted ID 30 (EOS: 34)
2025/11/23 01:50:39 intent_moe.go:349: Step 3: Predicted ID 38 (EOS: 34)
2025/11/23 01:50:39 intent_moe.go:349: Step 4: Predicted ID 31 (EOS: 34)
2025/11/23 01:50:39 intent_moe.go:349: Step 5: Predicted ID 31 (EOS: 34)
2025/11/23 01:50:39 intent_moe.go:349: Step 6: Predicted ID 31 (EOS: 34)
2025/11/23 01:50:39 intent_moe.go:349: Step 7: Predicted ID 31 (EOS: 34)
2025/11/23 01:50:39 intent_moe.go:349: Step 8: Predicted ID 31 (EOS: 34)
2025/11/23 01:50:39 intent_moe.go:349: Step 9: Predicted ID 5 (EOS: 34)
2025/11/23 01:50:39 intent_moe.go:349: Step 10: Predicted ID 31 (EOS: 34)
2025/11/23 01:50:39 intent_moe.go:349: Step 11: Predicted ID 31 (EOS: 34)
2025/11/23 01:50:39 intent_moe.go:349: Step 12: Predicted ID 31 (EOS: 34)
2025/11/23 01:50:39 intent_moe.go:349: Step 13: Predicted ID 19 (EOS: 34)
2025/11/23 01:50:39 intent_moe.go:349: Step 14: Predicted ID 5 (EOS: 34)
2025/11/23 01:50:39 intent_moe.go:349: Step 15: Predicted ID 34 (EOS: 34)
2025/11/23 01:50:39 main.go:285: Guessed semantic output: ::]Read context context context context context operation context context context children operation
2025/11/23 01:50:39 main.go:288: Target semantic output: {"operation":"Create","target_resource":{"type":"Filesystem::Folder","name":"shared","properties":{"path":"./data"}},"context":{"user_role":"admin"}}
2025/11/23 01:51:51 intent_moe.go:349: Step 0: Predicted ID 32 (EOS: 34)
2025/11/23 01:51:51 intent_moe.go:349: Step 1: Predicted ID 6 (EOS: 34)
2025/11/23 01:51:51 intent_moe.go:349: Step 2: Predicted ID 31 (EOS: 34)
2025/11/23 01:51:51 intent_moe.go:349: Step 3: Predicted ID 10 (EOS: 34)
2025/11/23 01:51:51 intent_moe.go:349: Step 4: Predicted ID 32 (EOS: 34)
2025/11/23 01:51:51 intent_moe.go:349: Step 5: Predicted ID 32 (EOS: 34)
2025/11/23 01:51:51 intent_moe.go:349: Step 6: Predicted ID 9 (EOS: 34)
2025/11/23 01:51:51 intent_moe.go:349: Step 7: Predicted ID 38 (EOS: 34)
2025/11/23 01:51:51 intent_moe.go:349: Step 8: Predicted ID 31 (EOS: 34)
2025/11/23 01:51:51 intent_moe.go:349: Step 9: Predicted ID 32 (EOS: 34)
2025/11/23 01:51:51 intent_moe.go:349: Step 10: Predicted ID 2 (EOS: 34)
2025/11/23 01:51:51 intent_moe.go:349: Step 11: Predicted ID 32 (EOS: 34)
2025/11/23 01:51:51 intent_moe.go:349: Step 12: Predicted ID 9 (EOS: 34)
2025/11/23 01:51:51 intent_moe.go:349: Step 13: Predicted ID 38 (EOS: 34)
2025/11/23 01:51:51 intent_moe.go:349: Step 14: Predicted ID 31 (EOS: 34)
2025/11/23 01:51:51 intent_moe.go:349: Step 15: Predicted ID 19 (EOS: 34)
2025/11/23 01:51:51 intent_moe.go:349: Step 16: Predicted ID 5 (EOS: 34)
2025/11/23 01:51:51 intent_moe.go:349: Step 17: Predicted ID 30 (EOS: 34)
2025/11/23 01:51:51 intent_moe.go:349: Step 18: Predicted ID 38 (EOS: 34)
2025/11/23 01:51:51 intent_moe.go:349: Step 19: Predicted ID 31 (EOS: 34)
2025/11/23 01:51:51 intent_moe.go:349: Step 20: Predicted ID 32 (EOS: 34)
2025/11/23 01:51:51 intent_moe.go:349: Step 21: Predicted ID 9 (EOS: 34)
2025/11/23 01:51:51 intent_moe.go:349: Step 22: Predicted ID 38 (EOS: 34)
2025/11/23 01:51:51 intent_moe.go:349: Step 23: Predicted ID 31 (EOS: 34)
2025/11/23 01:51:51 intent_moe.go:349: Step 24: Predicted ID 31 (EOS: 34)
2025/11/23 01:51:51 intent_moe.go:349: Step 25: Predicted ID 31 (EOS: 34)
2025/11/23 01:51:51 intent_moe.go:349: Step 26: Predicted ID 31 (EOS: 34)
2025/11/23 01:51:51 intent_moe.go:349: Step 27: Predicted ID 32 (EOS: 34)
2025/11/23 01:51:51 intent_moe.go:349: Step 28: Predicted ID 9 (EOS: 34)
2025/11/23 01:51:51 intent_moe.go:349: Step 29: Predicted ID 38 (EOS: 34)
2025/11/23 01:51:51 intent_moe.go:349: Step 30: Predicted ID 31 (EOS: 34)
2025/11/23 01:51:51 intent_moe.go:349: Step 31: Predicted ID 31 (EOS: 34)
2025/11/23 01:51:51 main.go:285: Guessed semantic output: user_role:context type user_role user_role target_resource Read context user_role <s> user_role target_resource Read context children operation]Read context user_role target_resource Read context context context context user_role target_resource Read context context
2025/11/23 01:51:51 main.go:288: Target semantic output: {"operation":"Create","target_resource":{"type":"Filesystem::Folder","name":"cache","properties":{"path":"./backend"}},"context":{"user_role":"admin"}}
2025/11/23 01:53:01 intent_moe.go:349: Step 0: Predicted ID 32 (EOS: 34)
2025/11/23 01:53:01 intent_moe.go:349: Step 1: Predicted ID 9 (EOS: 34)
2025/11/23 01:53:01 intent_moe.go:349: Step 2: Predicted ID 38 (EOS: 34)
2025/11/23 01:53:01 intent_moe.go:349: Step 3: Predicted ID 31 (EOS: 34)
2025/11/23 01:53:01 intent_moe.go:349: Step 4: Predicted ID 31 (EOS: 34)
2025/11/23 01:53:01 intent_moe.go:349: Step 5: Predicted ID 31 (EOS: 34)
2025/11/23 01:53:01 intent_moe.go:349: Step 6: Predicted ID 32 (EOS: 34)
2025/11/23 01:53:01 intent_moe.go:349: Step 7: Predicted ID 9 (EOS: 34)
2025/11/23 01:53:01 intent_moe.go:349: Step 8: Predicted ID 38 (EOS: 34)
2025/11/23 01:53:01 intent_moe.go:349: Step 9: Predicted ID 31 (EOS: 34)
2025/11/23 01:53:01 intent_moe.go:349: Step 10: Predicted ID 31 (EOS: 34)
2025/11/23 01:53:01 intent_moe.go:349: Step 11: Predicted ID 32 (EOS: 34)
2025/11/23 01:53:01 intent_moe.go:349: Step 12: Predicted ID 2 (EOS: 34)
2025/11/23 01:53:01 intent_moe.go:349: Step 13: Predicted ID 32 (EOS: 34)
2025/11/23 01:53:01 intent_moe.go:349: Step 14: Predicted ID 9 (EOS: 34)
2025/11/23 01:53:01 intent_moe.go:349: Step 15: Predicted ID 38 (EOS: 34)
2025/11/23 01:53:01 intent_moe.go:349: Step 16: Predicted ID 31 (EOS: 34)
2025/11/23 01:53:01 intent_moe.go:349: Step 17: Predicted ID 31 (EOS: 34)
2025/11/23 01:53:01 intent_moe.go:349: Step 18: Predicted ID 31 (EOS: 34)
2025/11/23 01:53:01 intent_moe.go:349: Step 19: Predicted ID 19 (EOS: 34)
2025/11/23 01:53:01 intent_moe.go:349: Step 20: Predicted ID 38 (EOS: 34)
2025/11/23 01:53:01 intent_moe.go:349: Step 21: Predicted ID 17 (EOS: 34)
2025/11/23 01:53:01 intent_moe.go:349: Step 22: Predicted ID 21 (EOS: 34)
2025/11/23 01:53:01 intent_moe.go:349: Step 23: Predicted ID 38 (EOS: 34)
2025/11/23 01:53:01 intent_moe.go:349: Step 24: Predicted ID 31 (EOS: 34)
2025/11/23 01:53:01 intent_moe.go:349: Step 25: Predicted ID 31 (EOS: 34)
2025/11/23 01:53:01 intent_moe.go:349: Step 26: Predicted ID 31 (EOS: 34)
2025/11/23 01:53:01 intent_moe.go:349: Step 27: Predicted ID 31 (EOS: 34)
2025/11/23 01:53:01 intent_moe.go:349: Step 28: Predicted ID 19 (EOS: 34)
2025/11/23 01:53:01 intent_moe.go:349: Step 29: Predicted ID 5 (EOS: 34)
2025/11/23 01:53:01 intent_moe.go:349: Step 30: Predicted ID 31 (EOS: 34)
2025/11/23 01:53:01 intent_moe.go:349: Step 31: Predicted ID 31 (EOS: 34)
2025/11/23 01:53:01 main.go:285: Guessed semantic output: user_role target_resource Read context context context user_role target_resource Read context context user_role <s> user_role target_resource Read context context context children Read ./ Deployment Read context context context context children operation context context
2025/11/23 01:53:01 main.go:288: Target semantic output: {"operation":"Create","target_resource":{"type":"Filesystem::File","name":"Makefile","properties":{"path":"./src"}},"context":{"user_role":"admin"}}
2025/11/23 01:54:10 intent_moe.go:349: Step 0: Predicted ID 31 (EOS: 34)
2025/11/23 01:54:10 intent_moe.go:349: Step 1: Predicted ID 18 (EOS: 34)
2025/11/23 01:54:10 intent_moe.go:349: Step 2: Predicted ID 6 (EOS: 34)
2025/11/23 01:54:10 intent_moe.go:349: Step 3: Predicted ID 6 (EOS: 34)
2025/11/23 01:54:10 intent_moe.go:349: Step 4: Predicted ID 17 (EOS: 34)
2025/11/23 01:54:10 intent_moe.go:349: Step 5: Predicted ID 30 (EOS: 34)
2025/11/23 01:54:10 intent_moe.go:349: Step 6: Predicted ID 38 (EOS: 34)
2025/11/23 01:54:10 intent_moe.go:349: Step 7: Predicted ID 30 (EOS: 34)
2025/11/23 01:54:10 intent_moe.go:349: Step 8: Predicted ID 38 (EOS: 34)
2025/11/23 01:54:10 intent_moe.go:349: Step 9: Predicted ID 17 (EOS: 34)
2025/11/23 01:54:10 intent_moe.go:349: Step 10: Predicted ID 30 (EOS: 34)
2025/11/23 01:54:10 intent_moe.go:349: Step 11: Predicted ID 38 (EOS: 34)
2025/11/23 01:54:10 intent_moe.go:349: Step 12: Predicted ID 17 (EOS: 34)
2025/11/23 01:54:10 intent_moe.go:349: Step 13: Predicted ID 38 (EOS: 34)
2025/11/23 01:54:10 intent_moe.go:349: Step 14: Predicted ID 30 (EOS: 34)
2025/11/23 01:54:10 intent_moe.go:349: Step 15: Predicted ID 38 (EOS: 34)
2025/11/23 01:54:10 intent_moe.go:349: Step 16: Predicted ID 31 (EOS: 34)
2025/11/23 01:54:10 intent_moe.go:349: Step 17: Predicted ID 31 (EOS: 34)
2025/11/23 01:54:10 intent_moe.go:349: Step 18: Predicted ID 5 (EOS: 34)
2025/11/23 01:54:10 intent_moe.go:349: Step 19: Predicted ID 31 (EOS: 34)
2025/11/23 01:54:10 intent_moe.go:349: Step 20: Predicted ID 31 (EOS: 34)
2025/11/23 01:54:10 intent_moe.go:349: Step 21: Predicted ID 31 (EOS: 34)
2025/11/23 01:54:10 intent_moe.go:349: Step 22: Predicted ID 31 (EOS: 34)
2025/11/23 01:54:10 intent_moe.go:349: Step 23: Predicted ID 34 (EOS: 34)
2025/11/23 01:54:10 main.go:285: Guessed semantic output: context}::./]Read]Read ./]Read ./ Read]Read context context operation context context context context
2025/11/23 01:54:10 main.go:288: Target semantic output: {"operation":"Create","target_resource":{"type":"Filesystem::File","name":"types.go","properties":{"path":"./src"}},"context":{"user_role":"admin"}}
2025/11/23 01:54:10 main.go:154: Epoch 1, Average Loss: 81.364330
2025/11/23 01:54:10 main.go:115: Epoch 2/5 (Scheduled Sampling: 10.0%)
2025/11/23 01:55:06 intent_moe.go:349: Step 0: Predicted ID 34 (EOS: 34)
2025/11/23 01:55:06 main.go:285: Guessed semantic output: 
2025/11/23 01:55:06 main.go:288: Target semantic output: {"operation":"Create","target_resource":{"type":"Filesystem::Folder","name":"test","properties":{"path":"./"}},"context":{"user_role":"admin"}}
2025/11/23 01:56:02 intent_moe.go:349: Step 0: Predicted ID 31 (EOS: 34)
2025/11/23 01:56:02 intent_moe.go:349: Step 1: Predicted ID 31 (EOS: 34)
2025/11/23 01:56:02 intent_moe.go:349: Step 2: Predicted ID 31 (EOS: 34)
2025/11/23 01:56:02 intent_moe.go:349: Step 3: Predicted ID 31 (EOS: 34)
2025/11/23 01:56:02 intent_moe.go:349: Step 4: Predicted ID 31 (EOS: 34)
2025/11/23 01:56:02 intent_moe.go:349: Step 5: Predicted ID 31 (EOS: 34)
2025/11/23 01:56:02 intent_moe.go:349: Step 6: Predicted ID 5 (EOS: 34)
2025/11/23 01:56:02 intent_moe.go:349: Step 7: Predicted ID 31 (EOS: 34)
2025/11/23 01:56:02 intent_moe.go:349: Step 8: Predicted ID 31 (EOS: 34)
2025/11/23 01:56:02 intent_moe.go:349: Step 9: Predicted ID 19 (EOS: 34)
2025/11/23 01:56:02 intent_moe.go:349: Step 10: Predicted ID 34 (EOS: 34)
2025/11/23 01:56:02 main.go:285: Guessed semantic output: context context context context context context operation context context children
2025/11/23 01:56:02 main.go:288: Target semantic output: {"operation":"Create","target_resource":{"type":"Filesystem::Folder","name":"logs","properties":{"path":"/home/user"}},"context":{"user_role":"admin"}}
2025/11/23 01:56:58 intent_moe.go:349: Step 0: Predicted ID 39 (EOS: 34)
2025/11/23 01:56:58 intent_moe.go:349: Step 1: Predicted ID 30 (EOS: 34)
2025/11/23 01:56:58 intent_moe.go:349: Step 2: Predicted ID 38 (EOS: 34)
2025/11/23 01:56:58 intent_moe.go:349: Step 3: Predicted ID 31 (EOS: 34)
2025/11/23 01:56:58 intent_moe.go:349: Step 4: Predicted ID 31 (EOS: 34)
2025/11/23 01:56:58 intent_moe.go:349: Step 5: Predicted ID 31 (EOS: 34)
2025/11/23 01:56:58 intent_moe.go:349: Step 6: Predicted ID 31 (EOS: 34)
2025/11/23 01:56:58 intent_moe.go:349: Step 7: Predicted ID 31 (EOS: 34)
2025/11/23 01:56:58 intent_moe.go:349: Step 8: Predicted ID 10 (EOS: 34)
2025/11/23 01:56:58 intent_moe.go:349: Step 9: Predicted ID 34 (EOS: 34)
2025/11/23 01:56:58 main.go:285: Guessed semantic output: .]Read context context context context context type
2025/11/23 01:56:58 main.go:288: Target semantic output: {"operation":"Create","target_resource":{"type":"Filesystem::Folder","name":"media","properties":{"path":"./config"}},"context":{"user_role":"admin"}}
2025/11/23 01:57:54 intent_moe.go:349: Step 0: Predicted ID 6 (EOS: 34)
2025/11/23 01:57:54 intent_moe.go:349: Step 1: Predicted ID 30 (EOS: 34)
2025/11/23 01:57:54 intent_moe.go:349: Step 2: Predicted ID 38 (EOS: 34)
2025/11/23 01:57:54 intent_moe.go:349: Step 3: Predicted ID 30 (EOS: 34)
2025/11/23 01:57:54 intent_moe.go:349: Step 4: Predicted ID 38 (EOS: 34)
2025/11/23 01:57:54 intent_moe.go:349: Step 5: Predicted ID 31 (EOS: 34)
2025/11/23 01:57:54 intent_moe.go:349: Step 6: Predicted ID 31 (EOS: 34)
2025/11/23 01:57:54 intent_moe.go:349: Step 7: Predicted ID 32 (EOS: 34)
2025/11/23 01:57:54 intent_moe.go:349: Step 8: Predicted ID 9 (EOS: 34)
2025/11/23 01:57:54 intent_moe.go:349: Step 9: Predicted ID 38 (EOS: 34)
2025/11/23 01:57:54 intent_moe.go:349: Step 10: Predicted ID 31 (EOS: 34)
2025/11/23 01:57:54 intent_moe.go:349: Step 11: Predicted ID 31 (EOS: 34)
2025/11/23 01:57:54 intent_moe.go:349: Step 12: Predicted ID 31 (EOS: 34)
2025/11/23 01:57:54 intent_moe.go:349: Step 13: Predicted ID 31 (EOS: 34)
2025/11/23 01:57:54 intent_moe.go:349: Step 14: Predicted ID 31 (EOS: 34)
2025/11/23 01:57:54 intent_moe.go:349: Step 15: Predicted ID 31 (EOS: 34)
2025/11/23 01:57:54 intent_moe.go:349: Step 16: Predicted ID 31 (EOS: 34)
2025/11/23 01:57:54 intent_moe.go:349: Step 17: Predicted ID 5 (EOS: 34)
2025/11/23 01:57:54 intent_moe.go:349: Step 18: Predicted ID 31 (EOS: 34)
2025/11/23 01:57:54 intent_moe.go:349: Step 19: Predicted ID 31 (EOS: 34)
2025/11/23 01:57:54 intent_moe.go:349: Step 20: Predicted ID 19 (EOS: 34)
2025/11/23 01:57:54 intent_moe.go:349: Step 21: Predicted ID 5 (EOS: 34)
2025/11/23 01:57:54 intent_moe.go:349: Step 22: Predicted ID 31 (EOS: 34)
2025/11/23 01:57:54 intent_moe.go:349: Step 23: Predicted ID 31 (EOS: 34)
2025/11/23 01:57:54 intent_moe.go:349: Step 24: Predicted ID 19 (EOS: 34)
2025/11/23 01:57:54 intent_moe.go:349: Step 25: Predicted ID 5 (EOS: 34)
2025/11/23 01:57:54 intent_moe.go:349: Step 26: Predicted ID 38 (EOS: 34)
2025/11/23 01:57:54 intent_moe.go:349: Step 27: Predicted ID 31 (EOS: 34)
2025/11/23 01:57:54 intent_moe.go:349: Step 28: Predicted ID 31 (EOS: 34)
2025/11/23 01:57:54 intent_moe.go:349: Step 29: Predicted ID 31 (EOS: 34)
2025/11/23 01:57:54 intent_moe.go:349: Step 30: Predicted ID 31 (EOS: 34)
2025/11/23 01:57:54 intent_moe.go:349: Step 31: Predicted ID 31 (EOS: 34)
2025/11/23 01:57:54 main.go:285: Guessed semantic output: :]Read]Read context context user_role target_resource Read context context context context context context context operation context context children operation context context children operation Read context context context context context
2025/11/23 01:57:54 main.go:288: Target semantic output: {"operation":"Create","target_resource":{"type":"Filesystem::Folder","name":"shared","properties":{"path":"./data"}},"context":{"user_role":"admin"}}
2025/11/23 01:58:52 intent_moe.go:349: Step 0: Predicted ID 30 (EOS: 34)
2025/11/23 01:58:52 intent_moe.go:349: Step 1: Predicted ID 31 (EOS: 34)
2025/11/23 01:58:52 intent_moe.go:349: Step 2: Predicted ID 31 (EOS: 34)
2025/11/23 01:58:52 intent_moe.go:349: Step 3: Predicted ID 31 (EOS: 34)
2025/11/23 01:58:52 intent_moe.go:349: Step 4: Predicted ID 31 (EOS: 34)
2025/11/23 01:58:52 intent_moe.go:349: Step 5: Predicted ID 31 (EOS: 34)
2025/11/23 01:58:52 intent_moe.go:349: Step 6: Predicted ID 31 (EOS: 34)
2025/11/23 01:58:52 intent_moe.go:349: Step 7: Predicted ID 31 (EOS: 34)
2025/11/23 01:58:52 intent_moe.go:349: Step 8: Predicted ID 31 (EOS: 34)
2025/11/23 01:58:52 intent_moe.go:349: Step 9: Predicted ID 31 (EOS: 34)
2025/11/23 01:58:52 intent_moe.go:349: Step 10: Predicted ID 31 (EOS: 34)
2025/11/23 01:58:52 intent_moe.go:349: Step 11: Predicted ID 31 (EOS: 34)
2025/11/23 01:58:52 intent_moe.go:349: Step 12: Predicted ID 31 (EOS: 34)
2025/11/23 01:58:52 intent_moe.go:349: Step 13: Predicted ID 31 (EOS: 34)
2025/11/23 01:58:52 intent_moe.go:349: Step 14: Predicted ID 19 (EOS: 34)
2025/11/23 01:58:52 intent_moe.go:349: Step 15: Predicted ID 38 (EOS: 34)
2025/11/23 01:58:52 intent_moe.go:349: Step 16: Predicted ID 30 (EOS: 34)
2025/11/23 01:58:52 intent_moe.go:349: Step 17: Predicted ID 38 (EOS: 34)
2025/11/23 01:58:52 intent_moe.go:349: Step 18: Predicted ID 31 (EOS: 34)
2025/11/23 01:58:52 intent_moe.go:349: Step 19: Predicted ID 31 (EOS: 34)
2025/11/23 01:58:52 intent_moe.go:349: Step 20: Predicted ID 31 (EOS: 34)
2025/11/23 01:58:52 intent_moe.go:349: Step 21: Predicted ID 31 (EOS: 34)
2025/11/23 01:58:52 intent_moe.go:349: Step 22: Predicted ID 19 (EOS: 34)
2025/11/23 01:58:52 intent_moe.go:349: Step 23: Predicted ID 5 (EOS: 34)
2025/11/23 01:58:52 intent_moe.go:349: Step 24: Predicted ID 31 (EOS: 34)
2025/11/23 01:58:52 intent_moe.go:349: Step 25: Predicted ID 31 (EOS: 34)
2025/11/23 01:58:52 intent_moe.go:349: Step 26: Predicted ID 32 (EOS: 34)
2025/11/23 01:58:52 intent_moe.go:349: Step 27: Predicted ID 9 (EOS: 34)
2025/11/23 01:58:52 intent_moe.go:349: Step 28: Predicted ID 38 (EOS: 34)
2025/11/23 01:58:52 intent_moe.go:349: Step 29: Predicted ID 31 (EOS: 34)
2025/11/23 01:58:52 intent_moe.go:349: Step 30: Predicted ID 31 (EOS: 34)
2025/11/23 01:58:52 intent_moe.go:349: Step 31: Predicted ID 31 (EOS: 34)
2025/11/23 01:58:52 main.go:285: Guessed semantic output: ]context context context context context context context context context context context context context children Read]Read context context context context children operation context context user_role target_resource Read context context context
2025/11/23 01:58:52 main.go:288: Target semantic output: {"operation":"Create","target_resource":{"type":"Filesystem::Folder","name":"cache","properties":{"path":"./backend"}},"context":{"user_role":"admin"}}
2025/11/23 01:59:48 intent_moe.go:349: Step 0: Predicted ID 31 (EOS: 34)
2025/11/23 01:59:48 intent_moe.go:349: Step 1: Predicted ID 31 (EOS: 34)
2025/11/23 01:59:48 intent_moe.go:349: Step 2: Predicted ID 5 (EOS: 34)
2025/11/23 01:59:48 intent_moe.go:349: Step 3: Predicted ID 31 (EOS: 34)
2025/11/23 01:59:48 intent_moe.go:349: Step 4: Predicted ID 31 (EOS: 34)
2025/11/23 01:59:48 intent_moe.go:349: Step 5: Predicted ID 31 (EOS: 34)
2025/11/23 01:59:48 intent_moe.go:349: Step 6: Predicted ID 31 (EOS: 34)
2025/11/23 01:59:48 intent_moe.go:349: Step 7: Predicted ID 19 (EOS: 34)
2025/11/23 01:59:48 intent_moe.go:349: Step 8: Predicted ID 5 (EOS: 34)
2025/11/23 01:59:48 intent_moe.go:349: Step 9: Predicted ID 30 (EOS: 34)
2025/11/23 01:59:48 intent_moe.go:349: Step 10: Predicted ID 38 (EOS: 34)
2025/11/23 01:59:48 intent_moe.go:349: Step 11: Predicted ID 31 (EOS: 34)
2025/11/23 01:59:48 intent_moe.go:349: Step 12: Predicted ID 31 (EOS: 34)
2025/11/23 01:59:48 intent_moe.go:349: Step 13: Predicted ID 31 (EOS: 34)
2025/11/23 01:59:48 intent_moe.go:349: Step 14: Predicted ID 31 (EOS: 34)
2025/11/23 01:59:48 intent_moe.go:349: Step 15: Predicted ID 32 (EOS: 34)
2025/11/23 01:59:48 intent_moe.go:349: Step 16: Predicted ID 9 (EOS: 34)
2025/11/23 01:59:48 intent_moe.go:349: Step 17: Predicted ID 38 (EOS: 34)
2025/11/23 01:59:48 intent_moe.go:349: Step 18: Predicted ID 31 (EOS: 34)
2025/11/23 01:59:48 intent_moe.go:349: Step 19: Predicted ID 31 (EOS: 34)
2025/11/23 01:59:48 intent_moe.go:349: Step 20: Predicted ID 31 (EOS: 34)
2025/11/23 01:59:48 intent_moe.go:349: Step 21: Predicted ID 31 (EOS: 34)
2025/11/23 01:59:48 intent_moe.go:349: Step 22: Predicted ID 31 (EOS: 34)
2025/11/23 01:59:48 intent_moe.go:349: Step 23: Predicted ID 31 (EOS: 34)
2025/11/23 01:59:48 intent_moe.go:349: Step 24: Predicted ID 31 (EOS: 34)
2025/11/23 01:59:48 intent_moe.go:349: Step 25: Predicted ID 10 (EOS: 34)
2025/11/23 01:59:48 intent_moe.go:349: Step 26: Predicted ID 32 (EOS: 34)
2025/11/23 01:59:48 intent_moe.go:349: Step 27: Predicted ID 9 (EOS: 34)
2025/11/23 01:59:48 intent_moe.go:349: Step 28: Predicted ID 38 (EOS: 34)
2025/11/23 01:59:48 intent_moe.go:349: Step 29: Predicted ID 31 (EOS: 34)
2025/11/23 01:59:48 intent_moe.go:349: Step 30: Predicted ID 34 (EOS: 34)
2025/11/23 01:59:48 main.go:285: Guessed semantic output: context context operation context context context context children operation]Read context context context context user_role target_resource Read context context context context context context context type user_role target_resource Read context
2025/11/23 01:59:48 main.go:288: Target semantic output: {"operation":"Create","target_resource":{"type":"Filesystem::File","name":"Makefile","properties":{"path":"./src"}},"context":{"user_role":"admin"}}
2025/11/23 02:00:45 intent_moe.go:349: Step 0: Predicted ID 31 (EOS: 34)
2025/11/23 02:00:45 intent_moe.go:349: Step 1: Predicted ID 31 (EOS: 34)
2025/11/23 02:00:45 intent_moe.go:349: Step 2: Predicted ID 31 (EOS: 34)
2025/11/23 02:00:45 intent_moe.go:349: Step 3: Predicted ID 31 (EOS: 34)
2025/11/23 02:00:45 intent_moe.go:349: Step 4: Predicted ID 31 (EOS: 34)
2025/11/23 02:00:45 intent_moe.go:349: Step 5: Predicted ID 19 (EOS: 34)
2025/11/23 02:00:45 intent_moe.go:349: Step 6: Predicted ID 34 (EOS: 34)
2025/11/23 02:00:45 main.go:285: Guessed semantic output: context context context context context children
2025/11/23 02:00:45 main.go:288: Target semantic output: {"operation":"Create","target_resource":{"type":"Filesystem::File","name":"types.go","properties":{"path":"./src"}},"context":{"user_role":"admin"}}
2025/11/23 02:00:45 main.go:154: Epoch 2, Average Loss: 82.140646
2025/11/23 02:00:45 main.go:115: Epoch 3/5 (Scheduled Sampling: 20.0%)
2025/11/23 02:01:42 intent_moe.go:349: Step 0: Predicted ID 30 (EOS: 34)
2025/11/23 02:01:42 intent_moe.go:349: Step 1: Predicted ID 38 (EOS: 34)
2025/11/23 02:01:42 intent_moe.go:349: Step 2: Predicted ID 31 (EOS: 34)
2025/11/23 02:01:42 intent_moe.go:349: Step 3: Predicted ID 31 (EOS: 34)
2025/11/23 02:01:42 intent_moe.go:349: Step 4: Predicted ID 31 (EOS: 34)
2025/11/23 02:01:42 intent_moe.go:349: Step 5: Predicted ID 31 (EOS: 34)
2025/11/23 02:01:42 intent_moe.go:349: Step 6: Predicted ID 31 (EOS: 34)
2025/11/23 02:01:42 intent_moe.go:349: Step 7: Predicted ID 31 (EOS: 34)
2025/11/23 02:01:42 intent_moe.go:349: Step 8: Predicted ID 31 (EOS: 34)
2025/11/23 02:01:42 intent_moe.go:349: Step 9: Predicted ID 31 (EOS: 34)
2025/11/23 02:01:42 intent_moe.go:349: Step 10: Predicted ID 19 (EOS: 34)
2025/11/23 02:01:42 intent_moe.go:349: Step 11: Predicted ID 6 (EOS: 34)
2025/11/23 02:01:42 intent_moe.go:349: Step 12: Predicted ID 6 (EOS: 34)
2025/11/23 02:01:42 intent_moe.go:349: Step 13: Predicted ID 6 (EOS: 34)
2025/11/23 02:01:42 intent_moe.go:349: Step 14: Predicted ID 30 (EOS: 34)
2025/11/23 02:01:42 intent_moe.go:349: Step 15: Predicted ID 38 (EOS: 34)
2025/11/23 02:01:42 intent_moe.go:349: Step 16: Predicted ID 30 (EOS: 34)
2025/11/23 02:01:42 intent_moe.go:349: Step 17: Predicted ID 38 (EOS: 34)
2025/11/23 02:01:42 intent_moe.go:349: Step 18: Predicted ID 30 (EOS: 34)
2025/11/23 02:01:42 intent_moe.go:349: Step 19: Predicted ID 38 (EOS: 34)
2025/11/23 02:01:42 intent_moe.go:349: Step 20: Predicted ID 31 (EOS: 34)
2025/11/23 02:01:42 intent_moe.go:349: Step 21: Predicted ID 34 (EOS: 34)
2025/11/23 02:01:42 main.go:285: Guessed semantic output: ]Read context context context context context context context context children:::]Read]Read]Read context
2025/11/23 02:01:42 main.go:288: Target semantic output: {"operation":"Create","target_resource":{"type":"Filesystem::Folder","name":"test","properties":{"path":"./"}},"context":{"user_role":"admin"}}
2025/11/23 02:02:40 intent_moe.go:349: Step 0: Predicted ID 18 (EOS: 34)
2025/11/23 02:02:40 intent_moe.go:349: Step 1: Predicted ID 32 (EOS: 34)
2025/11/23 02:02:40 intent_moe.go:349: Step 2: Predicted ID 19 (EOS: 34)
2025/11/23 02:02:40 intent_moe.go:349: Step 3: Predicted ID 9 (EOS: 34)
2025/11/23 02:02:40 intent_moe.go:349: Step 4: Predicted ID 38 (EOS: 34)
2025/11/23 02:02:40 intent_moe.go:349: Step 5: Predicted ID 31 (EOS: 34)
2025/11/23 02:02:40 intent_moe.go:349: Step 6: Predicted ID 31 (EOS: 34)
2025/11/23 02:02:40 intent_moe.go:349: Step 7: Predicted ID 31 (EOS: 34)
2025/11/23 02:02:40 intent_moe.go:349: Step 8: Predicted ID 31 (EOS: 34)
2025/11/23 02:02:40 intent_moe.go:349: Step 9: Predicted ID 31 (EOS: 34)
2025/11/23 02:02:40 intent_moe.go:349: Step 10: Predicted ID 31 (EOS: 34)
2025/11/23 02:02:40 intent_moe.go:349: Step 11: Predicted ID 31 (EOS: 34)
2025/11/23 02:02:40 intent_moe.go:349: Step 12: Predicted ID 31 (EOS: 34)
2025/11/23 02:02:40 intent_moe.go:349: Step 13: Predicted ID 31 (EOS: 34)
2025/11/23 02:02:40 intent_moe.go:349: Step 14: Predicted ID 31 (EOS: 34)
2025/11/23 02:02:40 intent_moe.go:349: Step 15: Predicted ID 31 (EOS: 34)
2025/11/23 02:02:40 intent_moe.go:349: Step 16: Predicted ID 32 (EOS: 34)
2025/11/23 02:02:40 intent_moe.go:349: Step 17: Predicted ID 9 (EOS: 34)
2025/11/23 02:02:40 intent_moe.go:349: Step 18: Predicted ID 38 (EOS: 34)
2025/11/23 02:02:40 intent_moe.go:349: Step 19: Predicted ID 31 (EOS: 34)
2025/11/23 02:02:40 intent_moe.go:349: Step 20: Predicted ID 31 (EOS: 34)
2025/11/23 02:02:40 intent_moe.go:349: Step 21: Predicted ID 31 (EOS: 34)
2025/11/23 02:02:40 intent_moe.go:349: Step 22: Predicted ID 31 (EOS: 34)
2025/11/23 02:02:40 intent_moe.go:349: Step 23: Predicted ID 31 (EOS: 34)
2025/11/23 02:02:40 intent_moe.go:349: Step 24: Predicted ID 19 (EOS: 34)
2025/11/23 02:02:40 intent_moe.go:349: Step 25: Predicted ID 34 (EOS: 34)
2025/11/23 02:02:40 main.go:285: Guessed semantic output: }user_role children target_resource Read context context context context context context context context context context context user_role target_resource Read context context context context context children
2025/11/23 02:02:40 main.go:288: Target semantic output: {"operation":"Create","target_resource":{"type":"Filesystem::Folder","name":"logs","properties":{"path":"/home/user"}},"context":{"user_role":"admin"}}
2025/11/23 02:03:37 intent_moe.go:349: Step 0: Predicted ID 18 (EOS: 34)
2025/11/23 02:03:37 intent_moe.go:349: Step 1: Predicted ID 30 (EOS: 34)
2025/11/23 02:03:37 intent_moe.go:349: Step 2: Predicted ID 31 (EOS: 34)
2025/11/23 02:03:37 intent_moe.go:349: Step 3: Predicted ID 31 (EOS: 34)
2025/11/23 02:03:37 intent_moe.go:349: Step 4: Predicted ID 31 (EOS: 34)
2025/11/23 02:03:37 intent_moe.go:349: Step 5: Predicted ID 31 (EOS: 34)
2025/11/23 02:03:37 intent_moe.go:349: Step 6: Predicted ID 31 (EOS: 34)
2025/11/23 02:03:37 intent_moe.go:349: Step 7: Predicted ID 31 (EOS: 34)
2025/11/23 02:03:37 intent_moe.go:349: Step 8: Predicted ID 31 (EOS: 34)
2025/11/23 02:03:37 intent_moe.go:349: Step 9: Predicted ID 31 (EOS: 34)
2025/11/23 02:03:37 intent_moe.go:349: Step 10: Predicted ID 31 (EOS: 34)
2025/11/23 02:03:37 intent_moe.go:349: Step 11: Predicted ID 31 (EOS: 34)
2025/11/23 02:03:37 intent_moe.go:349: Step 12: Predicted ID 31 (EOS: 34)
2025/11/23 02:03:37 intent_moe.go:349: Step 13: Predicted ID 31 (EOS: 34)
2025/11/23 02:03:37 intent_moe.go:349: Step 14: Predicted ID 31 (EOS: 34)
2025/11/23 02:03:37 intent_moe.go:349: Step 15: Predicted ID 31 (EOS: 34)
2025/11/23 02:03:37 intent_moe.go:349: Step 16: Predicted ID 31 (EOS: 34)
2025/11/23 02:03:37 intent_moe.go:349: Step 17: Predicted ID 32 (EOS: 34)
2025/11/23 02:03:37 intent_moe.go:349: Step 18: Predicted ID 9 (EOS: 34)
2025/11/23 02:03:37 intent_moe.go:349: Step 19: Predicted ID 38 (EOS: 34)
2025/11/23 02:03:37 intent_moe.go:349: Step 20: Predicted ID 30 (EOS: 34)
2025/11/23 02:03:37 intent_moe.go:349: Step 21: Predicted ID 38 (EOS: 34)
2025/11/23 02:03:37 intent_moe.go:349: Step 22: Predicted ID 31 (EOS: 34)
2025/11/23 02:03:37 intent_moe.go:349: Step 23: Predicted ID 31 (EOS: 34)
2025/11/23 02:03:37 intent_moe.go:349: Step 24: Predicted ID 34 (EOS: 34)
2025/11/23 02:03:37 main.go:285: Guessed semantic output: }]context context context context context context context context context context context context context context context user_role target_resource Read]Read context context
2025/11/23 02:03:37 main.go:288: Target semantic output: {"operation":"Create","target_resource":{"type":"Filesystem::Folder","name":"media","properties":{"path":"./config"}},"context":{"user_role":"admin"}}
2025/11/23 02:04:34 intent_moe.go:349: Step 0: Predicted ID 31 (EOS: 34)
2025/11/23 02:04:34 intent_moe.go:349: Step 1: Predicted ID 31 (EOS: 34)
2025/11/23 02:04:34 intent_moe.go:349: Step 2: Predicted ID 31 (EOS: 34)
2025/11/23 02:04:34 intent_moe.go:349: Step 3: Predicted ID 31 (EOS: 34)
2025/11/23 02:04:34 intent_moe.go:349: Step 4: Predicted ID 31 (EOS: 34)
2025/11/23 02:04:34 intent_moe.go:349: Step 5: Predicted ID 31 (EOS: 34)
2025/11/23 02:04:34 intent_moe.go:349: Step 6: Predicted ID 31 (EOS: 34)
2025/11/23 02:04:34 intent_moe.go:349: Step 7: Predicted ID 19 (EOS: 34)
2025/11/23 02:04:34 intent_moe.go:349: Step 8: Predicted ID 9 (EOS: 34)
2025/11/23 02:04:34 intent_moe.go:349: Step 9: Predicted ID 38 (EOS: 34)
2025/11/23 02:04:34 intent_moe.go:349: Step 10: Predicted ID 31 (EOS: 34)
2025/11/23 02:04:34 intent_moe.go:349: Step 11: Predicted ID 31 (EOS: 34)
2025/11/23 02:04:34 intent_moe.go:349: Step 12: Predicted ID 31 (EOS: 34)
2025/11/23 02:04:34 intent_moe.go:349: Step 13: Predicted ID 31 (EOS: 34)
2025/11/23 02:04:34 intent_moe.go:349: Step 14: Predicted ID 32 (EOS: 34)
2025/11/23 02:04:34 intent_moe.go:349: Step 15: Predicted ID 9 (EOS: 34)
2025/11/23 02:04:34 intent_moe.go:349: Step 16: Predicted ID 31 (EOS: 34)
2025/11/23 02:04:34 intent_moe.go:349: Step 17: Predicted ID 31 (EOS: 34)
2025/11/23 02:04:34 intent_moe.go:349: Step 18: Predicted ID 31 (EOS: 34)
2025/11/23 02:04:34 intent_moe.go:349: Step 19: Predicted ID 31 (EOS: 34)
2025/11/23 02:04:34 intent_moe.go:349: Step 20: Predicted ID 31 (EOS: 34)
2025/11/23 02:04:34 intent_moe.go:349: Step 21: Predicted ID 31 (EOS: 34)
2025/11/23 02:04:34 intent_moe.go:349: Step 22: Predicted ID 31 (EOS: 34)
2025/11/23 02:04:34 intent_moe.go:349: Step 23: Predicted ID 34 (EOS: 34)
2025/11/23 02:04:34 main.go:285: Guessed semantic output: context context context context context context context children target_resource Read context context context context user_role target_resource context context context context context context context
2025/11/23 02:04:34 main.go:288: Target semantic output: {"operation":"Create","target_resource":{"type":"Filesystem::Folder","name":"shared","properties":{"path":"./data"}},"context":{"user_role":"admin"}}
2025/11/23 02:05:32 intent_moe.go:349: Step 0: Predicted ID 6 (EOS: 34)
2025/11/23 02:05:32 intent_moe.go:349: Step 1: Predicted ID 31 (EOS: 34)
2025/11/23 02:05:32 intent_moe.go:349: Step 2: Predicted ID 31 (EOS: 34)
2025/11/23 02:05:32 intent_moe.go:349: Step 3: Predicted ID 31 (EOS: 34)
2025/11/23 02:05:32 intent_moe.go:349: Step 4: Predicted ID 31 (EOS: 34)
2025/11/23 02:05:32 intent_moe.go:349: Step 5: Predicted ID 31 (EOS: 34)
2025/11/23 02:05:32 intent_moe.go:349: Step 6: Predicted ID 31 (EOS: 34)
2025/11/23 02:05:32 intent_moe.go:349: Step 7: Predicted ID 31 (EOS: 34)
2025/11/23 02:05:32 intent_moe.go:349: Step 8: Predicted ID 31 (EOS: 34)
2025/11/23 02:05:32 intent_moe.go:349: Step 9: Predicted ID 31 (EOS: 34)
2025/11/23 02:05:32 intent_moe.go:349: Step 10: Predicted ID 31 (EOS: 34)
2025/11/23 02:05:32 intent_moe.go:349: Step 11: Predicted ID 31 (EOS: 34)
2025/11/23 02:05:32 intent_moe.go:349: Step 12: Predicted ID 31 (EOS: 34)
2025/11/23 02:05:32 intent_moe.go:349: Step 13: Predicted ID 31 (EOS: 34)
2025/11/23 02:05:32 intent_moe.go:349: Step 14: Predicted ID 31 (EOS: 34)
2025/11/23 02:05:32 intent_moe.go:349: Step 15: Predicted ID 10 (EOS: 34)
2025/11/23 02:05:32 intent_moe.go:349: Step 16: Predicted ID 32 (EOS: 34)
2025/11/23 02:05:32 intent_moe.go:349: Step 17: Predicted ID 9 (EOS: 34)
2025/11/23 02:05:32 intent_moe.go:349: Step 18: Predicted ID 38 (EOS: 34)
2025/11/23 02:05:32 intent_moe.go:349: Step 19: Predicted ID 30 (EOS: 34)
2025/11/23 02:05:32 intent_moe.go:349: Step 20: Predicted ID 38 (EOS: 34)
2025/11/23 02:05:32 intent_moe.go:349: Step 21: Predicted ID 31 (EOS: 34)
2025/11/23 02:05:32 intent_moe.go:349: Step 22: Predicted ID 31 (EOS: 34)
2025/11/23 02:05:32 intent_moe.go:349: Step 23: Predicted ID 19 (EOS: 34)
2025/11/23 02:05:32 intent_moe.go:349: Step 24: Predicted ID 38 (EOS: 34)
2025/11/23 02:05:32 intent_moe.go:349: Step 25: Predicted ID 30 (EOS: 34)
2025/11/23 02:05:32 intent_moe.go:349: Step 26: Predicted ID 38 (EOS: 34)
2025/11/23 02:05:32 intent_moe.go:349: Step 27: Predicted ID 30 (EOS: 34)
2025/11/23 02:05:32 intent_moe.go:349: Step 28: Predicted ID 38 (EOS: 34)
2025/11/23 02:05:32 intent_moe.go:349: Step 29: Predicted ID 31 (EOS: 34)
2025/11/23 02:05:32 intent_moe.go:349: Step 30: Predicted ID 31 (EOS: 34)
2025/11/23 02:05:32 intent_moe.go:349: Step 31: Predicted ID 31 (EOS: 34)
2025/11/23 02:05:32 main.go:285: Guessed semantic output: :context context context context context context context context context context context context context context type user_role target_resource Read]Read context context children Read]Read]Read context context context
2025/11/23 02:05:32 main.go:288: Target semantic output: {"operation":"Create","target_resource":{"type":"Filesystem::Folder","name":"cache","properties":{"path":"./backend"}},"context":{"user_role":"admin"}}
2025/11/23 02:06:30 intent_moe.go:349: Step 0: Predicted ID 34 (EOS: 34)
2025/11/23 02:06:30 main.go:285: Guessed semantic output: 
2025/11/23 02:06:30 main.go:288: Target semantic output: {"operation":"Create","target_resource":{"type":"Filesystem::File","name":"Makefile","properties":{"path":"./src"}},"context":{"user_role":"admin"}}
2025/11/23 02:07:28 intent_moe.go:349: Step 0: Predicted ID 31 (EOS: 34)
2025/11/23 02:07:28 intent_moe.go:349: Step 1: Predicted ID 31 (EOS: 34)
2025/11/23 02:07:28 intent_moe.go:349: Step 2: Predicted ID 10 (EOS: 34)
2025/11/23 02:07:28 intent_moe.go:349: Step 3: Predicted ID 34 (EOS: 34)
2025/11/23 02:07:28 main.go:285: Guessed semantic output: context context type
2025/11/23 02:07:28 main.go:288: Target semantic output: {"operation":"Create","target_resource":{"type":"Filesystem::File","name":"types.go","properties":{"path":"./src"}},"context":{"user_role":"admin"}}
2025/11/23 02:07:28 main.go:154: Epoch 3, Average Loss: 83.552514
2025/11/23 02:07:28 main.go:115: Epoch 4/5 (Scheduled Sampling: 30.0%)
2025/11/23 02:08:26 intent_moe.go:349: Step 0: Predicted ID 32 (EOS: 34)
2025/11/23 02:08:26 intent_moe.go:349: Step 1: Predicted ID 6 (EOS: 34)
2025/11/23 02:08:26 intent_moe.go:349: Step 2: Predicted ID 31 (EOS: 34)
2025/11/23 02:08:26 intent_moe.go:349: Step 3: Predicted ID 31 (EOS: 34)
2025/11/23 02:08:26 intent_moe.go:349: Step 4: Predicted ID 31 (EOS: 34)
2025/11/23 02:08:26 intent_moe.go:349: Step 5: Predicted ID 31 (EOS: 34)
2025/11/23 02:08:26 intent_moe.go:349: Step 6: Predicted ID 31 (EOS: 34)
2025/11/23 02:08:26 intent_moe.go:349: Step 7: Predicted ID 19 (EOS: 34)
2025/11/23 02:08:26 intent_moe.go:349: Step 8: Predicted ID 34 (EOS: 34)
2025/11/23 02:08:26 main.go:285: Guessed semantic output: user_role:context context context context context children
2025/11/23 02:08:26 main.go:288: Target semantic output: {"operation":"Create","target_resource":{"type":"Filesystem::Folder","name":"test","properties":{"path":"./"}},"context":{"user_role":"admin"}}
2025/11/23 02:09:23 intent_moe.go:349: Step 0: Predicted ID 30 (EOS: 34)
2025/11/23 02:09:23 intent_moe.go:349: Step 1: Predicted ID 38 (EOS: 34)
2025/11/23 02:09:23 intent_moe.go:349: Step 2: Predicted ID 31 (EOS: 34)
2025/11/23 02:09:23 intent_moe.go:349: Step 3: Predicted ID 31 (EOS: 34)
2025/11/23 02:09:23 intent_moe.go:349: Step 4: Predicted ID 31 (EOS: 34)
2025/11/23 02:09:23 intent_moe.go:349: Step 5: Predicted ID 31 (EOS: 34)
2025/11/23 02:09:23 intent_moe.go:349: Step 6: Predicted ID 31 (EOS: 34)
2025/11/23 02:09:23 intent_moe.go:349: Step 7: Predicted ID 31 (EOS: 34)
2025/11/23 02:09:23 intent_moe.go:349: Step 8: Predicted ID 31 (EOS: 34)
2025/11/23 02:09:23 intent_moe.go:349: Step 9: Predicted ID 31 (EOS: 34)
2025/11/23 02:09:23 intent_moe.go:349: Step 10: Predicted ID 31 (EOS: 34)
2025/11/23 02:09:23 intent_moe.go:349: Step 11: Predicted ID 10 (EOS: 34)
2025/11/23 02:09:23 intent_moe.go:349: Step 12: Predicted ID 34 (EOS: 34)
2025/11/23 02:09:23 main.go:285: Guessed semantic output: ]Read context context context context context context context context context type
2025/11/23 02:09:23 main.go:288: Target semantic output: {"operation":"Create","target_resource":{"type":"Filesystem::Folder","name":"logs","properties":{"path":"/home/user"}},"context":{"user_role":"admin"}}
2025/11/23 02:10:21 intent_moe.go:349: Step 0: Predicted ID 6 (EOS: 34)
2025/11/23 02:10:21 intent_moe.go:349: Step 1: Predicted ID 30 (EOS: 34)
2025/11/23 02:10:21 intent_moe.go:349: Step 2: Predicted ID 38 (EOS: 34)
2025/11/23 02:10:21 intent_moe.go:349: Step 3: Predicted ID 30 (EOS: 34)
2025/11/23 02:10:21 intent_moe.go:349: Step 4: Predicted ID 38 (EOS: 34)
2025/11/23 02:10:21 intent_moe.go:349: Step 5: Predicted ID 30 (EOS: 34)
2025/11/23 02:10:21 intent_moe.go:349: Step 6: Predicted ID 38 (EOS: 34)
2025/11/23 02:10:21 intent_moe.go:349: Step 7: Predicted ID 31 (EOS: 34)
2025/11/23 02:10:21 intent_moe.go:349: Step 8: Predicted ID 31 (EOS: 34)
2025/11/23 02:10:21 intent_moe.go:349: Step 9: Predicted ID 31 (EOS: 34)
2025/11/23 02:10:21 intent_moe.go:349: Step 10: Predicted ID 31 (EOS: 34)
2025/11/23 02:10:21 intent_moe.go:349: Step 11: Predicted ID 31 (EOS: 34)
2025/11/23 02:10:21 intent_moe.go:349: Step 12: Predicted ID 31 (EOS: 34)
2025/11/23 02:10:21 intent_moe.go:349: Step 13: Predicted ID 19 (EOS: 34)
2025/11/23 02:10:21 intent_moe.go:349: Step 14: Predicted ID 30 (EOS: 34)
2025/11/23 02:10:21 intent_moe.go:349: Step 15: Predicted ID 38 (EOS: 34)
2025/11/23 02:10:21 intent_moe.go:349: Step 16: Predicted ID 31 (EOS: 34)
2025/11/23 02:10:21 intent_moe.go:349: Step 17: Predicted ID 31 (EOS: 34)
2025/11/23 02:10:21 intent_moe.go:349: Step 18: Predicted ID 31 (EOS: 34)
2025/11/23 02:10:21 intent_moe.go:349: Step 19: Predicted ID 31 (EOS: 34)
2025/11/23 02:10:21 intent_moe.go:349: Step 20: Predicted ID 31 (EOS: 34)
2025/11/23 02:10:21 intent_moe.go:349: Step 21: Predicted ID 31 (EOS: 34)
2025/11/23 02:10:21 intent_moe.go:349: Step 22: Predicted ID 31 (EOS: 34)
2025/11/23 02:10:21 intent_moe.go:349: Step 23: Predicted ID 31 (EOS: 34)
2025/11/23 02:10:21 intent_moe.go:349: Step 24: Predicted ID 31 (EOS: 34)
2025/11/23 02:10:21 intent_moe.go:349: Step 25: Predicted ID 31 (EOS: 34)
2025/11/23 02:10:21 intent_moe.go:349: Step 26: Predicted ID 31 (EOS: 34)
2025/11/23 02:10:21 intent_moe.go:349: Step 27: Predicted ID 34 (EOS: 34)
2025/11/23 02:10:21 main.go:285: Guessed semantic output: :]Read]Read]Read context context context context context context children]Read context context context context context context context context context context context
2025/11/23 02:10:21 main.go:288: Target semantic output: {"operation":"Create","target_resource":{"type":"Filesystem::Folder","name":"media","properties":{"path":"./config"}},"context":{"user_role":"admin"}}
2025/11/23 02:11:19 intent_moe.go:349: Step 0: Predicted ID 31 (EOS: 34)
2025/11/23 02:11:19 intent_moe.go:349: Step 1: Predicted ID 31 (EOS: 34)
2025/11/23 02:11:19 intent_moe.go:349: Step 2: Predicted ID 31 (EOS: 34)
2025/11/23 02:11:19 intent_moe.go:349: Step 3: Predicted ID 31 (EOS: 34)
2025/11/23 02:11:19 intent_moe.go:349: Step 4: Predicted ID 31 (EOS: 34)
2025/11/23 02:11:19 intent_moe.go:349: Step 5: Predicted ID 31 (EOS: 34)
2025/11/23 02:11:19 intent_moe.go:349: Step 6: Predicted ID 19 (EOS: 34)
2025/11/23 02:11:19 intent_moe.go:349: Step 7: Predicted ID 34 (EOS: 34)
2025/11/23 02:11:19 main.go:285: Guessed semantic output: context context context context context context children
2025/11/23 02:11:19 main.go:288: Target semantic output: {"operation":"Create","target_resource":{"type":"Filesystem::Folder","name":"shared","properties":{"path":"./data"}},"context":{"user_role":"admin"}}
2025/11/23 02:12:16 intent_moe.go:349: Step 0: Predicted ID 31 (EOS: 34)
2025/11/23 02:12:16 intent_moe.go:349: Step 1: Predicted ID 31 (EOS: 34)
2025/11/23 02:12:16 intent_moe.go:349: Step 2: Predicted ID 31 (EOS: 34)
2025/11/23 02:12:16 intent_moe.go:349: Step 3: Predicted ID 31 (EOS: 34)
2025/11/23 02:12:16 intent_moe.go:349: Step 4: Predicted ID 31 (EOS: 34)
2025/11/23 02:12:16 intent_moe.go:349: Step 5: Predicted ID 31 (EOS: 34)
2025/11/23 02:12:16 intent_moe.go:349: Step 6: Predicted ID 31 (EOS: 34)
2025/11/23 02:12:16 intent_moe.go:349: Step 7: Predicted ID 19 (EOS: 34)
2025/11/23 02:12:16 intent_moe.go:349: Step 8: Predicted ID 30 (EOS: 34)
2025/11/23 02:12:16 intent_moe.go:349: Step 9: Predicted ID 38 (EOS: 34)
2025/11/23 02:12:16 intent_moe.go:349: Step 10: Predicted ID 30 (EOS: 34)
2025/11/23 02:12:16 intent_moe.go:349: Step 11: Predicted ID 38 (EOS: 34)
2025/11/23 02:12:16 intent_moe.go:349: Step 12: Predicted ID 31 (EOS: 34)
2025/11/23 02:12:16 intent_moe.go:349: Step 13: Predicted ID 31 (EOS: 34)
2025/11/23 02:12:16 intent_moe.go:349: Step 14: Predicted ID 31 (EOS: 34)
2025/11/23 02:12:16 intent_moe.go:349: Step 15: Predicted ID 31 (EOS: 34)
2025/11/23 02:12:16 intent_moe.go:349: Step 16: Predicted ID 19 (EOS: 34)
2025/11/23 02:12:16 intent_moe.go:349: Step 17: Predicted ID 30 (EOS: 34)
2025/11/23 02:12:16 intent_moe.go:349: Step 18: Predicted ID 38 (EOS: 34)
2025/11/23 02:12:16 intent_moe.go:349: Step 19: Predicted ID 31 (EOS: 34)
2025/11/23 02:12:16 intent_moe.go:349: Step 20: Predicted ID 31 (EOS: 34)
2025/11/23 02:12:16 intent_moe.go:349: Step 21: Predicted ID 19 (EOS: 34)
2025/11/23 02:12:16 intent_moe.go:349: Step 22: Predicted ID 38 (EOS: 34)
2025/11/23 02:12:16 intent_moe.go:349: Step 23: Predicted ID 30 (EOS: 34)
2025/11/23 02:12:16 intent_moe.go:349: Step 24: Predicted ID 31 (EOS: 34)
2025/11/23 02:12:16 intent_moe.go:349: Step 25: Predicted ID 31 (EOS: 34)
2025/11/23 02:12:16 intent_moe.go:349: Step 26: Predicted ID 31 (EOS: 34)
2025/11/23 02:12:16 intent_moe.go:349: Step 27: Predicted ID 31 (EOS: 34)
2025/11/23 02:12:16 intent_moe.go:349: Step 28: Predicted ID 31 (EOS: 34)
2025/11/23 02:12:16 intent_moe.go:349: Step 29: Predicted ID 31 (EOS: 34)
2025/11/23 02:12:16 intent_moe.go:349: Step 30: Predicted ID 31 (EOS: 34)
2025/11/23 02:12:16 intent_moe.go:349: Step 31: Predicted ID 31 (EOS: 34)
2025/11/23 02:12:16 main.go:285: Guessed semantic output: context context context context context context context children]Read]Read context context context context children]Read context context children Read]context context context context context context context context
2025/11/23 02:12:16 main.go:288: Target semantic output: {"operation":"Create","target_resource":{"type":"Filesystem::Folder","name":"cache","properties":{"path":"./backend"}},"context":{"user_role":"admin"}}
2025/11/23 02:13:13 intent_moe.go:349: Step 0: Predicted ID 6 (EOS: 34)
2025/11/23 02:13:13 intent_moe.go:349: Step 1: Predicted ID 6 (EOS: 34)
2025/11/23 02:13:13 intent_moe.go:349: Step 2: Predicted ID 10 (EOS: 34)
2025/11/23 02:13:13 intent_moe.go:349: Step 3: Predicted ID 30 (EOS: 34)
2025/11/23 02:13:13 intent_moe.go:349: Step 4: Predicted ID 38 (EOS: 34)
2025/11/23 02:13:13 intent_moe.go:349: Step 5: Predicted ID 34 (EOS: 34)
2025/11/23 02:13:13 main.go:285: Guessed semantic output: ::type]Read
2025/11/23 02:13:13 main.go:288: Target semantic output: {"operation":"Create","target_resource":{"type":"Filesystem::File","name":"Makefile","properties":{"path":"./src"}},"context":{"user_role":"admin"}}
2025/11/23 02:14:11 intent_moe.go:349: Step 0: Predicted ID 31 (EOS: 34)
2025/11/23 02:14:11 intent_moe.go:349: Step 1: Predicted ID 19 (EOS: 34)
2025/11/23 02:14:11 intent_moe.go:349: Step 2: Predicted ID 6 (EOS: 34)
2025/11/23 02:14:11 intent_moe.go:349: Step 3: Predicted ID 30 (EOS: 34)
2025/11/23 02:14:11 intent_moe.go:349: Step 4: Predicted ID 38 (EOS: 34)
2025/11/23 02:14:11 intent_moe.go:349: Step 5: Predicted ID 30 (EOS: 34)
2025/11/23 02:14:11 intent_moe.go:349: Step 6: Predicted ID 38 (EOS: 34)
2025/11/23 02:14:11 intent_moe.go:349: Step 7: Predicted ID 31 (EOS: 34)
2025/11/23 02:14:11 intent_moe.go:349: Step 8: Predicted ID 31 (EOS: 34)
2025/11/23 02:14:11 intent_moe.go:349: Step 9: Predicted ID 31 (EOS: 34)
2025/11/23 02:14:11 intent_moe.go:349: Step 10: Predicted ID 31 (EOS: 34)
2025/11/23 02:14:11 intent_moe.go:349: Step 11: Predicted ID 31 (EOS: 34)
2025/11/23 02:14:11 intent_moe.go:349: Step 12: Predicted ID 31 (EOS: 34)
2025/11/23 02:14:11 intent_moe.go:349: Step 13: Predicted ID 31 (EOS: 34)
2025/11/23 02:14:11 intent_moe.go:349: Step 14: Predicted ID 31 (EOS: 34)
2025/11/23 02:14:11 intent_moe.go:349: Step 15: Predicted ID 31 (EOS: 34)
2025/11/23 02:14:11 intent_moe.go:349: Step 16: Predicted ID 31 (EOS: 34)
2025/11/23 02:14:11 intent_moe.go:349: Step 17: Predicted ID 31 (EOS: 34)
2025/11/23 02:14:11 intent_moe.go:349: Step 18: Predicted ID 32 (EOS: 34)
2025/11/23 02:14:11 intent_moe.go:349: Step 19: Predicted ID 31 (EOS: 34)
2025/11/23 02:14:11 intent_moe.go:349: Step 20: Predicted ID 10 (EOS: 34)
2025/11/23 02:14:11 intent_moe.go:349: Step 21: Predicted ID 34 (EOS: 34)
2025/11/23 02:14:11 main.go:285: Guessed semantic output: context children:]Read]Read context context context context context context context context context context context user_role context type
2025/11/23 02:14:11 main.go:288: Target semantic output: {"operation":"Create","target_resource":{"type":"Filesystem::File","name":"types.go","properties":{"path":"./src"}},"context":{"user_role":"admin"}}
2025/11/23 02:14:11 main.go:154: Epoch 4, Average Loss: 84.084937
2025/11/23 02:14:11 main.go:115: Epoch 5/5 (Scheduled Sampling: 40.0%)
2025/11/23 02:15:09 intent_moe.go:349: Step 0: Predicted ID 31 (EOS: 34)
2025/11/23 02:15:09 intent_moe.go:349: Step 1: Predicted ID 31 (EOS: 34)
2025/11/23 02:15:09 intent_moe.go:349: Step 2: Predicted ID 31 (EOS: 34)
2025/11/23 02:15:09 intent_moe.go:349: Step 3: Predicted ID 31 (EOS: 34)
2025/11/23 02:15:09 intent_moe.go:349: Step 4: Predicted ID 31 (EOS: 34)
2025/11/23 02:15:09 intent_moe.go:349: Step 5: Predicted ID 31 (EOS: 34)
2025/11/23 02:15:09 intent_moe.go:349: Step 6: Predicted ID 31 (EOS: 34)
2025/11/23 02:15:09 intent_moe.go:349: Step 7: Predicted ID 31 (EOS: 34)
2025/11/23 02:15:09 intent_moe.go:349: Step 8: Predicted ID 31 (EOS: 34)
2025/11/23 02:15:09 intent_moe.go:349: Step 9: Predicted ID 31 (EOS: 34)
2025/11/23 02:15:09 intent_moe.go:349: Step 10: Predicted ID 19 (EOS: 34)
2025/11/23 02:15:09 intent_moe.go:349: Step 11: Predicted ID 34 (EOS: 34)
2025/11/23 02:15:09 main.go:285: Guessed semantic output: context context context context context context context context context context children
2025/11/23 02:15:09 main.go:288: Target semantic output: {"operation":"Create","target_resource":{"type":"Filesystem::Folder","name":"test","properties":{"path":"./"}},"context":{"user_role":"admin"}}
2025/11/23 02:16:07 intent_moe.go:349: Step 0: Predicted ID 6 (EOS: 34)
2025/11/23 02:16:07 intent_moe.go:349: Step 1: Predicted ID 30 (EOS: 34)
2025/11/23 02:16:07 intent_moe.go:349: Step 2: Predicted ID 38 (EOS: 34)
2025/11/23 02:16:07 intent_moe.go:349: Step 3: Predicted ID 30 (EOS: 34)
2025/11/23 02:16:07 intent_moe.go:349: Step 4: Predicted ID 30 (EOS: 34)
2025/11/23 02:16:07 intent_moe.go:349: Step 5: Predicted ID 31 (EOS: 34)
2025/11/23 02:16:07 intent_moe.go:349: Step 6: Predicted ID 31 (EOS: 34)
2025/11/23 02:16:07 intent_moe.go:349: Step 7: Predicted ID 31 (EOS: 34)
2025/11/23 02:16:07 intent_moe.go:349: Step 8: Predicted ID 31 (EOS: 34)
2025/11/23 02:16:07 intent_moe.go:349: Step 9: Predicted ID 31 (EOS: 34)
2025/11/23 02:16:07 intent_moe.go:349: Step 10: Predicted ID 31 (EOS: 34)
2025/11/23 02:16:07 intent_moe.go:349: Step 11: Predicted ID 31 (EOS: 34)
2025/11/23 02:16:07 intent_moe.go:349: Step 12: Predicted ID 31 (EOS: 34)
2025/11/23 02:16:07 intent_moe.go:349: Step 13: Predicted ID 31 (EOS: 34)
2025/11/23 02:16:07 intent_moe.go:349: Step 14: Predicted ID 10 (EOS: 34)
2025/11/23 02:16:07 intent_moe.go:349: Step 15: Predicted ID 34 (EOS: 34)
2025/11/23 02:16:07 main.go:285: Guessed semantic output: :]Read]]context context context context context context context context context type
2025/11/23 02:16:07 main.go:288: Target semantic output: {"operation":"Create","target_resource":{"type":"Filesystem::Folder","name":"logs","properties":{"path":"/home/user"}},"context":{"user_role":"admin"}}
2025/11/23 02:17:04 intent_moe.go:349: Step 0: Predicted ID 31 (EOS: 34)
2025/11/23 02:17:04 intent_moe.go:349: Step 1: Predicted ID 31 (EOS: 34)
2025/11/23 02:17:04 intent_moe.go:349: Step 2: Predicted ID 34 (EOS: 34)
2025/11/23 02:17:04 main.go:285: Guessed semantic output: context context
2025/11/23 02:17:04 main.go:288: Target semantic output: {"operation":"Create","target_resource":{"type":"Filesystem::Folder","name":"media","properties":{"path":"./config"}},"context":{"user_role":"admin"}}
2025/11/23 02:18:00 intent_moe.go:349: Step 0: Predicted ID 31 (EOS: 34)
2025/11/23 02:18:00 intent_moe.go:349: Step 1: Predicted ID 31 (EOS: 34)
2025/11/23 02:18:00 intent_moe.go:349: Step 2: Predicted ID 31 (EOS: 34)
2025/11/23 02:18:00 intent_moe.go:349: Step 3: Predicted ID 31 (EOS: 34)
2025/11/23 02:18:00 intent_moe.go:349: Step 4: Predicted ID 31 (EOS: 34)
2025/11/23 02:18:00 intent_moe.go:349: Step 5: Predicted ID 31 (EOS: 34)
2025/11/23 02:18:00 intent_moe.go:349: Step 6: Predicted ID 31 (EOS: 34)
2025/11/23 02:18:00 intent_moe.go:349: Step 7: Predicted ID 31 (EOS: 34)
2025/11/23 02:18:00 intent_moe.go:349: Step 8: Predicted ID 31 (EOS: 34)
2025/11/23 02:18:00 intent_moe.go:349: Step 9: Predicted ID 31 (EOS: 34)
2025/11/23 02:18:00 intent_moe.go:349: Step 10: Predicted ID 34 (EOS: 34)
2025/11/23 02:18:00 main.go:285: Guessed semantic output: context context context context context context context context context context
2025/11/23 02:18:00 main.go:288: Target semantic output: {"operation":"Create","target_resource":{"type":"Filesystem::Folder","name":"shared","properties":{"path":"./data"}},"context":{"user_role":"admin"}}
2025/11/23 02:18:57 intent_moe.go:349: Step 0: Predicted ID 31 (EOS: 34)
2025/11/23 02:18:57 intent_moe.go:349: Step 1: Predicted ID 31 (EOS: 34)
2025/11/23 02:18:57 intent_moe.go:349: Step 2: Predicted ID 31 (EOS: 34)
2025/11/23 02:18:57 intent_moe.go:349: Step 3: Predicted ID 31 (EOS: 34)
2025/11/23 02:18:57 intent_moe.go:349: Step 4: Predicted ID 31 (EOS: 34)
2025/11/23 02:18:57 intent_moe.go:349: Step 5: Predicted ID 19 (EOS: 34)
2025/11/23 02:18:57 intent_moe.go:349: Step 6: Predicted ID 34 (EOS: 34)
2025/11/23 02:18:57 main.go:285: Guessed semantic output: context context context context context children
2025/11/23 02:18:57 main.go:288: Target semantic output: {"operation":"Create","target_resource":{"type":"Filesystem::Folder","name":"cache","properties":{"path":"./backend"}},"context":{"user_role":"admin"}}
2025/11/23 02:19:54 intent_moe.go:349: Step 0: Predicted ID 31 (EOS: 34)
2025/11/23 02:19:54 intent_moe.go:349: Step 1: Predicted ID 31 (EOS: 34)
2025/11/23 02:19:54 intent_moe.go:349: Step 2: Predicted ID 31 (EOS: 34)
2025/11/23 02:19:54 intent_moe.go:349: Step 3: Predicted ID 31 (EOS: 34)
2025/11/23 02:19:54 intent_moe.go:349: Step 4: Predicted ID 31 (EOS: 34)
2025/11/23 02:19:54 intent_moe.go:349: Step 5: Predicted ID 31 (EOS: 34)
2025/11/23 02:19:54 intent_moe.go:349: Step 6: Predicted ID 31 (EOS: 34)
2025/11/23 02:19:54 intent_moe.go:349: Step 7: Predicted ID 19 (EOS: 34)
2025/11/23 02:19:54 intent_moe.go:349: Step 8: Predicted ID 34 (EOS: 34)
2025/11/23 02:19:54 main.go:285: Guessed semantic output: context context context context context context context children
2025/11/23 02:19:54 main.go:288: Target semantic output: {"operation":"Create","target_resource":{"type":"Filesystem::File","name":"Makefile","properties":{"path":"./src"}},"context":{"user_role":"admin"}}
2025/11/23 02:20:53 intent_moe.go:349: Step 0: Predicted ID 31 (EOS: 34)
2025/11/23 02:20:53 intent_moe.go:349: Step 1: Predicted ID 31 (EOS: 34)
2025/11/23 02:20:53 intent_moe.go:349: Step 2: Predicted ID 31 (EOS: 34)
2025/11/23 02:20:53 intent_moe.go:349: Step 3: Predicted ID 31 (EOS: 34)
2025/11/23 02:20:53 intent_moe.go:349: Step 4: Predicted ID 31 (EOS: 34)
2025/11/23 02:20:53 intent_moe.go:349: Step 5: Predicted ID 34 (EOS: 34)
2025/11/23 02:20:53 main.go:285: Guessed semantic output: context context context context context
2025/11/23 02:20:53 main.go:288: Target semantic output: {"operation":"Create","target_resource":{"type":"Filesystem::File","name":"types.go","properties":{"path":"./src"}},"context":{"user_role":"admin"}}
2025/11/23 02:20:53 main.go:154: Epoch 5, Average Loss: 84.241460
2025/11/23 02:20:53 main.go:541: Detaching model from computation graph...
2025/11/23 02:20:53 main.go:607: Model detached from computation graph.
Saving IntentMoE model to gob_models/moe_classification_model.gob
