nohup: ignoring input
2025/11/23 01:48:21 main.go:445: Query Vocabulary (after load/create): Size=40665
2025/11/23 01:48:21 main.go:446: Semantic Output Vocabulary (after load/create): Size=40
2025/11/23 01:48:21 main.go:453: Loaded 448 training examples.
2025/11/23 01:48:21 main.go:463: Query Vocabulary Size: 40665
2025/11/23 01:48:21 main.go:464: Semantic Output Vocabulary Size: 40
2025/11/23 01:48:21 main.go:465: Embedding Dimension: 64
2025/11/23 01:48:21 main.go:466: Word2Vec Model Vocab Size: 40665
2025/11/23 01:48:21 main.go:467: Word2Vec Model Vector Size: 25
2025/11/23 01:48:21 main.go:468: Number of Experts: 1
2025/11/23 01:48:21 main.go:475: Creating a new IntentMoE model.
2025/11/23 01:48:21 main.go:115: Epoch 1/5 (Scheduled Sampling: 0.0%)
2025/11/23 01:49:34 intent_moe.go:349: Step 0: Predicted ID 16 (EOS: 34)
2025/11/23 01:49:34 intent_moe.go:349: Step 1: Predicted ID 34 (EOS: 34)
2025/11/23 01:49:34 main.go:285: Guessed semantic output: path
2025/11/23 01:49:34 main.go:288: Target semantic output: {"operation":"Create","target_resource":{"type":"Filesystem::Folder","name":"test","properties":{"path":"./"}},"context":{"user_role":"admin"}}
2025/11/23 01:50:45 intent_moe.go:349: Step 0: Predicted ID 16 (EOS: 34)
2025/11/23 01:50:45 intent_moe.go:349: Step 1: Predicted ID 34 (EOS: 34)
2025/11/23 01:50:45 main.go:285: Guessed semantic output: path
2025/11/23 01:50:45 main.go:288: Target semantic output: {"operation":"Create","target_resource":{"type":"Filesystem::Folder","name":"logs","properties":{"path":"/home/user"}},"context":{"user_role":"admin"}}
2025/11/23 01:51:55 intent_moe.go:349: Step 0: Predicted ID 16 (EOS: 34)
2025/11/23 01:51:55 intent_moe.go:349: Step 1: Predicted ID 32 (EOS: 34)
2025/11/23 01:51:55 intent_moe.go:349: Step 2: Predicted ID 38 (EOS: 34)
2025/11/23 01:51:55 intent_moe.go:349: Step 3: Predicted ID 1 (EOS: 34)
2025/11/23 01:51:55 intent_moe.go:349: Step 4: Predicted ID 27 (EOS: 34)
2025/11/23 01:51:55 intent_moe.go:349: Step 5: Predicted ID 32 (EOS: 34)
2025/11/23 01:51:55 intent_moe.go:349: Step 6: Predicted ID 37 (EOS: 34)
2025/11/23 01:51:55 intent_moe.go:349: Step 7: Predicted ID 27 (EOS: 34)
2025/11/23 01:51:55 intent_moe.go:349: Step 8: Predicted ID 32 (EOS: 34)
2025/11/23 01:51:55 intent_moe.go:349: Step 9: Predicted ID 20 (EOS: 34)
2025/11/23 01:51:55 intent_moe.go:349: Step 10: Predicted ID 37 (EOS: 34)
2025/11/23 01:51:55 intent_moe.go:349: Step 11: Predicted ID 27 (EOS: 34)
2025/11/23 01:51:55 intent_moe.go:349: Step 12: Predicted ID 32 (EOS: 34)
2025/11/23 01:51:55 intent_moe.go:349: Step 13: Predicted ID 32 (EOS: 34)
2025/11/23 01:51:55 intent_moe.go:349: Step 14: Predicted ID 37 (EOS: 34)
2025/11/23 01:51:55 intent_moe.go:349: Step 15: Predicted ID 32 (EOS: 34)
2025/11/23 01:51:55 intent_moe.go:349: Step 16: Predicted ID 32 (EOS: 34)
2025/11/23 01:51:55 intent_moe.go:349: Step 17: Predicted ID 38 (EOS: 34)
2025/11/23 01:51:55 intent_moe.go:349: Step 18: Predicted ID 32 (EOS: 34)
2025/11/23 01:51:55 intent_moe.go:349: Step 19: Predicted ID 32 (EOS: 34)
2025/11/23 01:51:55 intent_moe.go:349: Step 20: Predicted ID 37 (EOS: 34)
2025/11/23 01:51:55 intent_moe.go:349: Step 21: Predicted ID 32 (EOS: 34)
2025/11/23 01:51:55 intent_moe.go:349: Step 22: Predicted ID 32 (EOS: 34)
2025/11/23 01:51:55 intent_moe.go:349: Step 23: Predicted ID 20 (EOS: 34)
2025/11/23 01:51:55 intent_moe.go:349: Step 24: Predicted ID 37 (EOS: 34)
2025/11/23 01:51:55 intent_moe.go:349: Step 25: Predicted ID 32 (EOS: 34)
2025/11/23 01:51:55 intent_moe.go:349: Step 26: Predicted ID 9 (EOS: 34)
2025/11/23 01:51:55 intent_moe.go:349: Step 27: Predicted ID 30 (EOS: 34)
2025/11/23 01:51:55 intent_moe.go:349: Step 28: Predicted ID 34 (EOS: 34)
2025/11/23 01:51:55 main.go:285: Guessed semantic output: path user_role Read UNK go user_role Delete go user_role[Delete go user_role user_role Delete user_role user_role Read user_role user_role Delete user_role user_role[Delete user_role target_resource]
2025/11/23 01:51:55 main.go:288: Target semantic output: {"operation":"Create","target_resource":{"type":"Filesystem::Folder","name":"media","properties":{"path":"./config"}},"context":{"user_role":"admin"}}
2025/11/23 01:53:06 intent_moe.go:349: Step 0: Predicted ID 34 (EOS: 34)
2025/11/23 01:53:06 main.go:285: Guessed semantic output: 
2025/11/23 01:53:06 main.go:288: Target semantic output: {"operation":"Create","target_resource":{"type":"Filesystem::Folder","name":"shared","properties":{"path":"./data"}},"context":{"user_role":"admin"}}
2025/11/23 01:54:15 intent_moe.go:349: Step 0: Predicted ID 34 (EOS: 34)
2025/11/23 01:54:15 main.go:285: Guessed semantic output: 
2025/11/23 01:54:15 main.go:288: Target semantic output: {"operation":"Create","target_resource":{"type":"Filesystem::Folder","name":"cache","properties":{"path":"./backend"}},"context":{"user_role":"admin"}}
2025/11/23 01:55:12 intent_moe.go:349: Step 0: Predicted ID 34 (EOS: 34)
2025/11/23 01:55:12 main.go:285: Guessed semantic output: 
2025/11/23 01:55:12 main.go:288: Target semantic output: {"operation":"Create","target_resource":{"type":"Filesystem::File","name":"Makefile","properties":{"path":"./src"}},"context":{"user_role":"admin"}}
2025/11/23 01:56:09 intent_moe.go:349: Step 0: Predicted ID 16 (EOS: 34)
2025/11/23 01:56:09 intent_moe.go:349: Step 1: Predicted ID 34 (EOS: 34)
2025/11/23 01:56:09 main.go:285: Guessed semantic output: path
2025/11/23 01:56:09 main.go:288: Target semantic output: {"operation":"Create","target_resource":{"type":"Filesystem::File","name":"types.go","properties":{"path":"./src"}},"context":{"user_role":"admin"}}
2025/11/23 01:56:09 main.go:154: Epoch 1, Average Loss: 93.769788
2025/11/23 01:56:09 main.go:115: Epoch 2/5 (Scheduled Sampling: 10.0%)
2025/11/23 01:57:07 intent_moe.go:349: Step 0: Predicted ID 16 (EOS: 34)
2025/11/23 01:57:07 intent_moe.go:349: Step 1: Predicted ID 20 (EOS: 34)
2025/11/23 01:57:07 intent_moe.go:349: Step 2: Predicted ID 37 (EOS: 34)
2025/11/23 01:57:07 intent_moe.go:349: Step 3: Predicted ID 32 (EOS: 34)
2025/11/23 01:57:07 intent_moe.go:349: Step 4: Predicted ID 27 (EOS: 34)
2025/11/23 01:57:07 intent_moe.go:349: Step 5: Predicted ID 32 (EOS: 34)
2025/11/23 01:57:07 intent_moe.go:349: Step 6: Predicted ID 9 (EOS: 34)
2025/11/23 01:57:07 intent_moe.go:349: Step 7: Predicted ID 20 (EOS: 34)
2025/11/23 01:57:07 intent_moe.go:349: Step 8: Predicted ID 37 (EOS: 34)
2025/11/23 01:57:07 intent_moe.go:349: Step 9: Predicted ID 32 (EOS: 34)
2025/11/23 01:57:07 intent_moe.go:349: Step 10: Predicted ID 20 (EOS: 34)
2025/11/23 01:57:07 intent_moe.go:349: Step 11: Predicted ID 37 (EOS: 34)
2025/11/23 01:57:07 intent_moe.go:349: Step 12: Predicted ID 32 (EOS: 34)
2025/11/23 01:57:07 intent_moe.go:349: Step 13: Predicted ID 30 (EOS: 34)
2025/11/23 01:57:07 intent_moe.go:349: Step 14: Predicted ID 34 (EOS: 34)
2025/11/23 01:57:07 main.go:285: Guessed semantic output: path[Delete user_role go user_role target_resource[Delete user_role[Delete user_role]
2025/11/23 01:57:07 main.go:288: Target semantic output: {"operation":"Create","target_resource":{"type":"Filesystem::Folder","name":"test","properties":{"path":"./"}},"context":{"user_role":"admin"}}
2025/11/23 01:58:05 intent_moe.go:349: Step 0: Predicted ID 16 (EOS: 34)
2025/11/23 01:58:05 intent_moe.go:349: Step 1: Predicted ID 32 (EOS: 34)
2025/11/23 01:58:05 intent_moe.go:349: Step 2: Predicted ID 20 (EOS: 34)
2025/11/23 01:58:05 intent_moe.go:349: Step 3: Predicted ID 37 (EOS: 34)
2025/11/23 01:58:05 intent_moe.go:349: Step 4: Predicted ID 32 (EOS: 34)
2025/11/23 01:58:05 intent_moe.go:349: Step 5: Predicted ID 32 (EOS: 34)
2025/11/23 01:58:05 intent_moe.go:349: Step 6: Predicted ID 37 (EOS: 34)
2025/11/23 01:58:05 intent_moe.go:349: Step 7: Predicted ID 32 (EOS: 34)
2025/11/23 01:58:05 intent_moe.go:349: Step 8: Predicted ID 19 (EOS: 34)
2025/11/23 01:58:05 intent_moe.go:349: Step 9: Predicted ID 34 (EOS: 34)
2025/11/23 01:58:05 main.go:285: Guessed semantic output: path user_role[Delete user_role user_role Delete user_role children
2025/11/23 01:58:05 main.go:288: Target semantic output: {"operation":"Create","target_resource":{"type":"Filesystem::Folder","name":"logs","properties":{"path":"/home/user"}},"context":{"user_role":"admin"}}
2025/11/23 01:59:04 intent_moe.go:349: Step 0: Predicted ID 16 (EOS: 34)
2025/11/23 01:59:04 intent_moe.go:349: Step 1: Predicted ID 10 (EOS: 34)
2025/11/23 01:59:04 intent_moe.go:349: Step 2: Predicted ID 34 (EOS: 34)
2025/11/23 01:59:04 main.go:285: Guessed semantic output: path type
2025/11/23 01:59:04 main.go:288: Target semantic output: {"operation":"Create","target_resource":{"type":"Filesystem::Folder","name":"media","properties":{"path":"./config"}},"context":{"user_role":"admin"}}
2025/11/23 02:00:00 intent_moe.go:349: Step 0: Predicted ID 16 (EOS: 34)
2025/11/23 02:00:00 intent_moe.go:349: Step 1: Predicted ID 20 (EOS: 34)
2025/11/23 02:00:00 intent_moe.go:349: Step 2: Predicted ID 32 (EOS: 34)
2025/11/23 02:00:00 intent_moe.go:349: Step 3: Predicted ID 20 (EOS: 34)
2025/11/23 02:00:00 intent_moe.go:349: Step 4: Predicted ID 37 (EOS: 34)
2025/11/23 02:00:00 intent_moe.go:349: Step 5: Predicted ID 32 (EOS: 34)
2025/11/23 02:00:00 intent_moe.go:349: Step 6: Predicted ID 30 (EOS: 34)
2025/11/23 02:00:00 intent_moe.go:349: Step 7: Predicted ID 32 (EOS: 34)
2025/11/23 02:00:00 intent_moe.go:349: Step 8: Predicted ID 34 (EOS: 34)
2025/11/23 02:00:00 main.go:285: Guessed semantic output: path[user_role[Delete user_role]user_role
2025/11/23 02:00:00 main.go:288: Target semantic output: {"operation":"Create","target_resource":{"type":"Filesystem::Folder","name":"shared","properties":{"path":"./data"}},"context":{"user_role":"admin"}}
2025/11/23 02:00:57 intent_moe.go:349: Step 0: Predicted ID 10 (EOS: 34)
2025/11/23 02:00:57 intent_moe.go:349: Step 1: Predicted ID 37 (EOS: 34)
2025/11/23 02:00:57 intent_moe.go:349: Step 2: Predicted ID 32 (EOS: 34)
2025/11/23 02:00:57 intent_moe.go:349: Step 3: Predicted ID 38 (EOS: 34)
2025/11/23 02:00:57 intent_moe.go:349: Step 4: Predicted ID 32 (EOS: 34)
2025/11/23 02:00:57 intent_moe.go:349: Step 5: Predicted ID 30 (EOS: 34)
2025/11/23 02:00:57 intent_moe.go:349: Step 6: Predicted ID 32 (EOS: 34)
2025/11/23 02:00:57 intent_moe.go:349: Step 7: Predicted ID 30 (EOS: 34)
2025/11/23 02:00:57 intent_moe.go:349: Step 8: Predicted ID 34 (EOS: 34)
2025/11/23 02:00:57 main.go:285: Guessed semantic output: type Delete user_role Read user_role]user_role]
2025/11/23 02:00:57 main.go:288: Target semantic output: {"operation":"Create","target_resource":{"type":"Filesystem::Folder","name":"cache","properties":{"path":"./backend"}},"context":{"user_role":"admin"}}
2025/11/23 02:01:54 intent_moe.go:349: Step 0: Predicted ID 16 (EOS: 34)
2025/11/23 02:01:54 intent_moe.go:349: Step 1: Predicted ID 20 (EOS: 34)
2025/11/23 02:01:54 intent_moe.go:349: Step 2: Predicted ID 37 (EOS: 34)
2025/11/23 02:01:54 intent_moe.go:349: Step 3: Predicted ID 38 (EOS: 34)
2025/11/23 02:01:54 intent_moe.go:349: Step 4: Predicted ID 32 (EOS: 34)
2025/11/23 02:01:54 intent_moe.go:349: Step 5: Predicted ID 37 (EOS: 34)
2025/11/23 02:01:54 intent_moe.go:349: Step 6: Predicted ID 32 (EOS: 34)
2025/11/23 02:01:54 intent_moe.go:349: Step 7: Predicted ID 37 (EOS: 34)
2025/11/23 02:01:54 intent_moe.go:349: Step 8: Predicted ID 32 (EOS: 34)
2025/11/23 02:01:54 intent_moe.go:349: Step 9: Predicted ID 32 (EOS: 34)
2025/11/23 02:01:54 intent_moe.go:349: Step 10: Predicted ID 30 (EOS: 34)
2025/11/23 02:01:54 intent_moe.go:349: Step 11: Predicted ID 38 (EOS: 34)
2025/11/23 02:01:54 intent_moe.go:349: Step 12: Predicted ID 1 (EOS: 34)
2025/11/23 02:01:54 intent_moe.go:349: Step 13: Predicted ID 24 (EOS: 34)
2025/11/23 02:01:55 intent_moe.go:349: Step 14: Predicted ID 37 (EOS: 34)
2025/11/23 02:01:55 intent_moe.go:349: Step 15: Predicted ID 27 (EOS: 34)
2025/11/23 02:01:55 intent_moe.go:349: Step 16: Predicted ID 27 (EOS: 34)
2025/11/23 02:01:55 intent_moe.go:349: Step 17: Predicted ID 20 (EOS: 34)
2025/11/23 02:01:55 intent_moe.go:349: Step 18: Predicted ID 37 (EOS: 34)
2025/11/23 02:01:55 intent_moe.go:349: Step 19: Predicted ID 32 (EOS: 34)
2025/11/23 02:01:55 intent_moe.go:349: Step 20: Predicted ID 20 (EOS: 34)
2025/11/23 02:01:55 intent_moe.go:349: Step 21: Predicted ID 37 (EOS: 34)
2025/11/23 02:01:55 intent_moe.go:349: Step 22: Predicted ID 27 (EOS: 34)
2025/11/23 02:01:55 intent_moe.go:349: Step 23: Predicted ID 27 (EOS: 34)
2025/11/23 02:01:55 intent_moe.go:349: Step 24: Predicted ID 10 (EOS: 34)
2025/11/23 02:01:55 intent_moe.go:349: Step 25: Predicted ID 31 (EOS: 34)
2025/11/23 02:01:55 intent_moe.go:349: Step 26: Predicted ID 27 (EOS: 34)
2025/11/23 02:01:55 intent_moe.go:349: Step 27: Predicted ID 20 (EOS: 34)
2025/11/23 02:01:55 intent_moe.go:349: Step 28: Predicted ID 27 (EOS: 34)
2025/11/23 02:01:55 intent_moe.go:349: Step 29: Predicted ID 31 (EOS: 34)
2025/11/23 02:01:55 intent_moe.go:349: Step 30: Predicted ID 27 (EOS: 34)
2025/11/23 02:01:55 intent_moe.go:349: Step 31: Predicted ID 27 (EOS: 34)
2025/11/23 02:01:55 main.go:285: Guessed semantic output: path[Delete Read user_role Delete user_role Delete user_role user_role]Read UNK port Delete go go[Delete user_role[Delete go go type context go[go context go go
2025/11/23 02:01:55 main.go:288: Target semantic output: {"operation":"Create","target_resource":{"type":"Filesystem::File","name":"Makefile","properties":{"path":"./src"}},"context":{"user_role":"admin"}}
2025/11/23 02:02:51 intent_moe.go:349: Step 0: Predicted ID 10 (EOS: 34)
2025/11/23 02:02:51 intent_moe.go:349: Step 1: Predicted ID 30 (EOS: 34)
2025/11/23 02:02:51 intent_moe.go:349: Step 2: Predicted ID 20 (EOS: 34)
2025/11/23 02:02:51 intent_moe.go:349: Step 3: Predicted ID 37 (EOS: 34)
2025/11/23 02:02:51 intent_moe.go:349: Step 4: Predicted ID 32 (EOS: 34)
2025/11/23 02:02:51 intent_moe.go:349: Step 5: Predicted ID 27 (EOS: 34)
2025/11/23 02:02:51 intent_moe.go:349: Step 6: Predicted ID 20 (EOS: 34)
2025/11/23 02:02:51 intent_moe.go:349: Step 7: Predicted ID 27 (EOS: 34)
2025/11/23 02:02:51 intent_moe.go:349: Step 8: Predicted ID 27 (EOS: 34)
2025/11/23 02:02:51 intent_moe.go:349: Step 9: Predicted ID 20 (EOS: 34)
2025/11/23 02:02:51 intent_moe.go:349: Step 10: Predicted ID 37 (EOS: 34)
2025/11/23 02:02:51 intent_moe.go:349: Step 11: Predicted ID 32 (EOS: 34)
2025/11/23 02:02:51 intent_moe.go:349: Step 12: Predicted ID 20 (EOS: 34)
2025/11/23 02:02:51 intent_moe.go:349: Step 13: Predicted ID 37 (EOS: 34)
2025/11/23 02:02:51 intent_moe.go:349: Step 14: Predicted ID 27 (EOS: 34)
2025/11/23 02:02:51 intent_moe.go:349: Step 15: Predicted ID 27 (EOS: 34)
2025/11/23 02:02:51 intent_moe.go:349: Step 16: Predicted ID 1 (EOS: 34)
2025/11/23 02:02:51 intent_moe.go:349: Step 17: Predicted ID 31 (EOS: 34)
2025/11/23 02:02:51 intent_moe.go:349: Step 18: Predicted ID 27 (EOS: 34)
2025/11/23 02:02:51 intent_moe.go:349: Step 19: Predicted ID 20 (EOS: 34)
2025/11/23 02:02:51 intent_moe.go:349: Step 20: Predicted ID 37 (EOS: 34)
2025/11/23 02:02:51 intent_moe.go:349: Step 21: Predicted ID 27 (EOS: 34)
2025/11/23 02:02:51 intent_moe.go:349: Step 22: Predicted ID 32 (EOS: 34)
2025/11/23 02:02:51 intent_moe.go:349: Step 23: Predicted ID 20 (EOS: 34)
2025/11/23 02:02:51 intent_moe.go:349: Step 24: Predicted ID 37 (EOS: 34)
2025/11/23 02:02:51 intent_moe.go:349: Step 25: Predicted ID 38 (EOS: 34)
2025/11/23 02:02:51 intent_moe.go:349: Step 26: Predicted ID 1 (EOS: 34)
2025/11/23 02:02:51 intent_moe.go:349: Step 27: Predicted ID 24 (EOS: 34)
2025/11/23 02:02:51 intent_moe.go:349: Step 28: Predicted ID 27 (EOS: 34)
2025/11/23 02:02:51 intent_moe.go:349: Step 29: Predicted ID 37 (EOS: 34)
2025/11/23 02:02:51 intent_moe.go:349: Step 30: Predicted ID 27 (EOS: 34)
2025/11/23 02:02:51 intent_moe.go:349: Step 31: Predicted ID 20 (EOS: 34)
2025/11/23 02:02:51 main.go:285: Guessed semantic output: type][Delete user_role go[go go[Delete user_role[Delete go go UNK context go[Delete go user_role[Delete Read UNK port go Delete go[
2025/11/23 02:02:51 main.go:288: Target semantic output: {"operation":"Create","target_resource":{"type":"Filesystem::File","name":"types.go","properties":{"path":"./src"}},"context":{"user_role":"admin"}}
2025/11/23 02:02:51 main.go:154: Epoch 2, Average Loss: 92.380668
2025/11/23 02:02:51 main.go:115: Epoch 3/5 (Scheduled Sampling: 20.0%)
2025/11/23 02:03:48 intent_moe.go:349: Step 0: Predicted ID 16 (EOS: 34)
2025/11/23 02:03:48 intent_moe.go:349: Step 1: Predicted ID 34 (EOS: 34)
2025/11/23 02:03:48 main.go:285: Guessed semantic output: path
2025/11/23 02:03:48 main.go:288: Target semantic output: {"operation":"Create","target_resource":{"type":"Filesystem::Folder","name":"test","properties":{"path":"./"}},"context":{"user_role":"admin"}}
2025/11/23 02:04:45 intent_moe.go:349: Step 0: Predicted ID 16 (EOS: 34)
2025/11/23 02:04:45 intent_moe.go:349: Step 1: Predicted ID 38 (EOS: 34)
2025/11/23 02:04:45 intent_moe.go:349: Step 2: Predicted ID 1 (EOS: 34)
2025/11/23 02:04:45 intent_moe.go:349: Step 3: Predicted ID 20 (EOS: 34)
2025/11/23 02:04:45 intent_moe.go:349: Step 4: Predicted ID 37 (EOS: 34)
2025/11/23 02:04:45 intent_moe.go:349: Step 5: Predicted ID 27 (EOS: 34)
2025/11/23 02:04:45 intent_moe.go:349: Step 6: Predicted ID 32 (EOS: 34)
2025/11/23 02:04:45 intent_moe.go:349: Step 7: Predicted ID 20 (EOS: 34)
2025/11/23 02:04:45 intent_moe.go:349: Step 8: Predicted ID 37 (EOS: 34)
2025/11/23 02:04:45 intent_moe.go:349: Step 9: Predicted ID 27 (EOS: 34)
2025/11/23 02:04:45 intent_moe.go:349: Step 10: Predicted ID 20 (EOS: 34)
2025/11/23 02:04:45 intent_moe.go:349: Step 11: Predicted ID 27 (EOS: 34)
2025/11/23 02:04:45 intent_moe.go:349: Step 12: Predicted ID 1 (EOS: 34)
2025/11/23 02:04:45 intent_moe.go:349: Step 13: Predicted ID 38 (EOS: 34)
2025/11/23 02:04:45 intent_moe.go:349: Step 14: Predicted ID 27 (EOS: 34)
2025/11/23 02:04:45 intent_moe.go:349: Step 15: Predicted ID 27 (EOS: 34)
2025/11/23 02:04:45 intent_moe.go:349: Step 16: Predicted ID 20 (EOS: 34)
2025/11/23 02:04:45 intent_moe.go:349: Step 17: Predicted ID 27 (EOS: 34)
2025/11/23 02:04:45 intent_moe.go:349: Step 18: Predicted ID 27 (EOS: 34)
2025/11/23 02:04:45 intent_moe.go:349: Step 19: Predicted ID 20 (EOS: 34)
2025/11/23 02:04:45 intent_moe.go:349: Step 20: Predicted ID 37 (EOS: 34)
2025/11/23 02:04:45 intent_moe.go:349: Step 21: Predicted ID 27 (EOS: 34)
2025/11/23 02:04:45 intent_moe.go:349: Step 22: Predicted ID 27 (EOS: 34)
2025/11/23 02:04:45 intent_moe.go:349: Step 23: Predicted ID 20 (EOS: 34)
2025/11/23 02:04:45 intent_moe.go:349: Step 24: Predicted ID 20 (EOS: 34)
2025/11/23 02:04:45 intent_moe.go:349: Step 25: Predicted ID 37 (EOS: 34)
2025/11/23 02:04:45 intent_moe.go:349: Step 26: Predicted ID 27 (EOS: 34)
2025/11/23 02:04:45 intent_moe.go:349: Step 27: Predicted ID 37 (EOS: 34)
2025/11/23 02:04:45 intent_moe.go:349: Step 28: Predicted ID 27 (EOS: 34)
2025/11/23 02:04:45 intent_moe.go:349: Step 29: Predicted ID 32 (EOS: 34)
2025/11/23 02:04:45 intent_moe.go:349: Step 30: Predicted ID 20 (EOS: 34)
2025/11/23 02:04:45 intent_moe.go:349: Step 31: Predicted ID 27 (EOS: 34)
2025/11/23 02:04:45 main.go:285: Guessed semantic output: path Read UNK[Delete go user_role[Delete go[go UNK Read go go[go go[Delete go go[[Delete go Delete go user_role[go
2025/11/23 02:04:45 main.go:288: Target semantic output: {"operation":"Create","target_resource":{"type":"Filesystem::Folder","name":"logs","properties":{"path":"/home/user"}},"context":{"user_role":"admin"}}
2025/11/23 02:05:42 intent_moe.go:349: Step 0: Predicted ID 16 (EOS: 34)
2025/11/23 02:05:42 intent_moe.go:349: Step 1: Predicted ID 34 (EOS: 34)
2025/11/23 02:05:42 main.go:285: Guessed semantic output: path
2025/11/23 02:05:42 main.go:288: Target semantic output: {"operation":"Create","target_resource":{"type":"Filesystem::Folder","name":"media","properties":{"path":"./config"}},"context":{"user_role":"admin"}}
2025/11/23 02:06:39 intent_moe.go:349: Step 0: Predicted ID 16 (EOS: 34)
2025/11/23 02:06:39 intent_moe.go:349: Step 1: Predicted ID 20 (EOS: 34)
2025/11/23 02:06:39 intent_moe.go:349: Step 2: Predicted ID 27 (EOS: 34)
2025/11/23 02:06:39 intent_moe.go:349: Step 3: Predicted ID 20 (EOS: 34)
2025/11/23 02:06:39 intent_moe.go:349: Step 4: Predicted ID 37 (EOS: 34)
2025/11/23 02:06:39 intent_moe.go:349: Step 5: Predicted ID 32 (EOS: 34)
2025/11/23 02:06:39 intent_moe.go:349: Step 6: Predicted ID 20 (EOS: 34)
2025/11/23 02:06:39 intent_moe.go:349: Step 7: Predicted ID 37 (EOS: 34)
2025/11/23 02:06:39 intent_moe.go:349: Step 8: Predicted ID 32 (EOS: 34)
2025/11/23 02:06:39 intent_moe.go:349: Step 9: Predicted ID 19 (EOS: 34)
2025/11/23 02:06:39 intent_moe.go:349: Step 10: Predicted ID 20 (EOS: 34)
2025/11/23 02:06:39 intent_moe.go:349: Step 11: Predicted ID 19 (EOS: 34)
2025/11/23 02:06:39 intent_moe.go:349: Step 12: Predicted ID 20 (EOS: 34)
2025/11/23 02:06:39 intent_moe.go:349: Step 13: Predicted ID 27 (EOS: 34)
2025/11/23 02:06:39 intent_moe.go:349: Step 14: Predicted ID 20 (EOS: 34)
2025/11/23 02:06:39 intent_moe.go:349: Step 15: Predicted ID 19 (EOS: 34)
2025/11/23 02:06:39 intent_moe.go:349: Step 16: Predicted ID 20 (EOS: 34)
2025/11/23 02:06:39 intent_moe.go:349: Step 17: Predicted ID 20 (EOS: 34)
2025/11/23 02:06:39 intent_moe.go:349: Step 18: Predicted ID 20 (EOS: 34)
2025/11/23 02:06:39 intent_moe.go:349: Step 19: Predicted ID 7 (EOS: 34)
2025/11/23 02:06:39 intent_moe.go:349: Step 20: Predicted ID 37 (EOS: 34)
2025/11/23 02:06:39 intent_moe.go:349: Step 21: Predicted ID 32 (EOS: 34)
2025/11/23 02:06:39 intent_moe.go:349: Step 22: Predicted ID 30 (EOS: 34)
2025/11/23 02:06:39 intent_moe.go:349: Step 23: Predicted ID 20 (EOS: 34)
2025/11/23 02:06:39 intent_moe.go:349: Step 24: Predicted ID 30 (EOS: 34)
2025/11/23 02:06:39 intent_moe.go:349: Step 25: Predicted ID 20 (EOS: 34)
2025/11/23 02:06:39 intent_moe.go:349: Step 26: Predicted ID 19 (EOS: 34)
2025/11/23 02:06:39 intent_moe.go:349: Step 27: Predicted ID 20 (EOS: 34)
2025/11/23 02:06:39 intent_moe.go:349: Step 28: Predicted ID 31 (EOS: 34)
2025/11/23 02:06:39 intent_moe.go:349: Step 29: Predicted ID 27 (EOS: 34)
2025/11/23 02:06:39 intent_moe.go:349: Step 30: Predicted ID 20 (EOS: 34)
2025/11/23 02:06:39 intent_moe.go:349: Step 31: Predicted ID 37 (EOS: 34)
2025/11/23 02:06:39 main.go:285: Guessed semantic output: path[go[Delete user_role[Delete user_role children[children[go[children[[[Create Delete user_role][][children[context go[Delete
2025/11/23 02:06:39 main.go:288: Target semantic output: {"operation":"Create","target_resource":{"type":"Filesystem::Folder","name":"shared","properties":{"path":"./data"}},"context":{"user_role":"admin"}}
2025/11/23 02:07:37 intent_moe.go:349: Step 0: Predicted ID 16 (EOS: 34)
2025/11/23 02:07:37 intent_moe.go:349: Step 1: Predicted ID 34 (EOS: 34)
2025/11/23 02:07:37 main.go:285: Guessed semantic output: path
2025/11/23 02:07:37 main.go:288: Target semantic output: {"operation":"Create","target_resource":{"type":"Filesystem::Folder","name":"cache","properties":{"path":"./backend"}},"context":{"user_role":"admin"}}
2025/11/23 02:08:35 intent_moe.go:349: Step 0: Predicted ID 16 (EOS: 34)
2025/11/23 02:08:35 intent_moe.go:349: Step 1: Predicted ID 34 (EOS: 34)
2025/11/23 02:08:35 main.go:285: Guessed semantic output: path
2025/11/23 02:08:35 main.go:288: Target semantic output: {"operation":"Create","target_resource":{"type":"Filesystem::File","name":"Makefile","properties":{"path":"./src"}},"context":{"user_role":"admin"}}
2025/11/23 02:09:34 intent_moe.go:349: Step 0: Predicted ID 16 (EOS: 34)
2025/11/23 02:09:34 intent_moe.go:349: Step 1: Predicted ID 34 (EOS: 34)
2025/11/23 02:09:34 main.go:285: Guessed semantic output: path
2025/11/23 02:09:34 main.go:288: Target semantic output: {"operation":"Create","target_resource":{"type":"Filesystem::File","name":"types.go","properties":{"path":"./src"}},"context":{"user_role":"admin"}}
2025/11/23 02:09:34 main.go:154: Epoch 3, Average Loss: 89.322930
2025/11/23 02:09:34 main.go:115: Epoch 4/5 (Scheduled Sampling: 30.0%)
2025/11/23 02:10:32 intent_moe.go:349: Step 0: Predicted ID 16 (EOS: 34)
2025/11/23 02:10:32 intent_moe.go:349: Step 1: Predicted ID 20 (EOS: 34)
2025/11/23 02:10:32 intent_moe.go:349: Step 2: Predicted ID 37 (EOS: 34)
2025/11/23 02:10:32 intent_moe.go:349: Step 3: Predicted ID 27 (EOS: 34)
2025/11/23 02:10:32 intent_moe.go:349: Step 4: Predicted ID 27 (EOS: 34)
2025/11/23 02:10:32 intent_moe.go:349: Step 5: Predicted ID 5 (EOS: 34)
2025/11/23 02:10:32 intent_moe.go:349: Step 6: Predicted ID 38 (EOS: 34)
2025/11/23 02:10:32 intent_moe.go:349: Step 7: Predicted ID 27 (EOS: 34)
2025/11/23 02:10:32 intent_moe.go:349: Step 8: Predicted ID 20 (EOS: 34)
2025/11/23 02:10:32 intent_moe.go:349: Step 9: Predicted ID 37 (EOS: 34)
2025/11/23 02:10:32 intent_moe.go:349: Step 10: Predicted ID 32 (EOS: 34)
2025/11/23 02:10:32 intent_moe.go:349: Step 11: Predicted ID 20 (EOS: 34)
2025/11/23 02:10:32 intent_moe.go:349: Step 12: Predicted ID 27 (EOS: 34)
2025/11/23 02:10:32 intent_moe.go:349: Step 13: Predicted ID 20 (EOS: 34)
2025/11/23 02:10:32 intent_moe.go:349: Step 14: Predicted ID 37 (EOS: 34)
2025/11/23 02:10:32 intent_moe.go:349: Step 15: Predicted ID 27 (EOS: 34)
2025/11/23 02:10:32 intent_moe.go:349: Step 16: Predicted ID 20 (EOS: 34)
2025/11/23 02:10:32 intent_moe.go:349: Step 17: Predicted ID 27 (EOS: 34)
2025/11/23 02:10:32 intent_moe.go:349: Step 18: Predicted ID 27 (EOS: 34)
2025/11/23 02:10:32 intent_moe.go:349: Step 19: Predicted ID 20 (EOS: 34)
2025/11/23 02:10:32 intent_moe.go:349: Step 20: Predicted ID 27 (EOS: 34)
2025/11/23 02:10:32 intent_moe.go:349: Step 21: Predicted ID 20 (EOS: 34)
2025/11/23 02:10:32 intent_moe.go:349: Step 22: Predicted ID 16 (EOS: 34)
2025/11/23 02:10:32 intent_moe.go:349: Step 23: Predicted ID 20 (EOS: 34)
2025/11/23 02:10:32 intent_moe.go:349: Step 24: Predicted ID 37 (EOS: 34)
2025/11/23 02:10:32 intent_moe.go:349: Step 25: Predicted ID 30 (EOS: 34)
2025/11/23 02:10:32 intent_moe.go:349: Step 26: Predicted ID 38 (EOS: 34)
2025/11/23 02:10:32 intent_moe.go:349: Step 27: Predicted ID 1 (EOS: 34)
2025/11/23 02:10:32 intent_moe.go:349: Step 28: Predicted ID 38 (EOS: 34)
2025/11/23 02:10:32 intent_moe.go:349: Step 29: Predicted ID 20 (EOS: 34)
2025/11/23 02:10:32 intent_moe.go:349: Step 30: Predicted ID 37 (EOS: 34)
2025/11/23 02:10:32 intent_moe.go:349: Step 31: Predicted ID 27 (EOS: 34)
2025/11/23 02:10:32 main.go:285: Guessed semantic output: path[Delete go go operation Read go[Delete user_role[go[Delete go[go go[go[path[Delete]Read UNK Read[Delete go
2025/11/23 02:10:32 main.go:288: Target semantic output: {"operation":"Create","target_resource":{"type":"Filesystem::Folder","name":"test","properties":{"path":"./"}},"context":{"user_role":"admin"}}
2025/11/23 02:11:30 intent_moe.go:349: Step 0: Predicted ID 16 (EOS: 34)
2025/11/23 02:11:30 intent_moe.go:349: Step 1: Predicted ID 20 (EOS: 34)
2025/11/23 02:11:30 intent_moe.go:349: Step 2: Predicted ID 20 (EOS: 34)
2025/11/23 02:11:30 intent_moe.go:349: Step 3: Predicted ID 37 (EOS: 34)
2025/11/23 02:11:30 intent_moe.go:349: Step 4: Predicted ID 27 (EOS: 34)
2025/11/23 02:11:30 intent_moe.go:349: Step 5: Predicted ID 27 (EOS: 34)
2025/11/23 02:11:30 intent_moe.go:349: Step 6: Predicted ID 20 (EOS: 34)
2025/11/23 02:11:30 intent_moe.go:349: Step 7: Predicted ID 27 (EOS: 34)
2025/11/23 02:11:30 intent_moe.go:349: Step 8: Predicted ID 20 (EOS: 34)
2025/11/23 02:11:30 intent_moe.go:349: Step 9: Predicted ID 7 (EOS: 34)
2025/11/23 02:11:30 intent_moe.go:349: Step 10: Predicted ID 37 (EOS: 34)
2025/11/23 02:11:30 intent_moe.go:349: Step 11: Predicted ID 38 (EOS: 34)
2025/11/23 02:11:30 intent_moe.go:349: Step 12: Predicted ID 32 (EOS: 34)
2025/11/23 02:11:30 intent_moe.go:349: Step 13: Predicted ID 20 (EOS: 34)
2025/11/23 02:11:30 intent_moe.go:349: Step 14: Predicted ID 20 (EOS: 34)
2025/11/23 02:11:30 intent_moe.go:349: Step 15: Predicted ID 37 (EOS: 34)
2025/11/23 02:11:30 intent_moe.go:349: Step 16: Predicted ID 38 (EOS: 34)
2025/11/23 02:11:30 intent_moe.go:349: Step 17: Predicted ID 32 (EOS: 34)
2025/11/23 02:11:30 intent_moe.go:349: Step 18: Predicted ID 20 (EOS: 34)
2025/11/23 02:11:30 intent_moe.go:349: Step 19: Predicted ID 20 (EOS: 34)
2025/11/23 02:11:30 intent_moe.go:349: Step 20: Predicted ID 37 (EOS: 34)
2025/11/23 02:11:30 intent_moe.go:349: Step 21: Predicted ID 27 (EOS: 34)
2025/11/23 02:11:30 intent_moe.go:349: Step 22: Predicted ID 32 (EOS: 34)
2025/11/23 02:11:30 intent_moe.go:349: Step 23: Predicted ID 32 (EOS: 34)
2025/11/23 02:11:30 intent_moe.go:349: Step 24: Predicted ID 20 (EOS: 34)
2025/11/23 02:11:30 intent_moe.go:349: Step 25: Predicted ID 19 (EOS: 34)
2025/11/23 02:11:30 intent_moe.go:349: Step 26: Predicted ID 20 (EOS: 34)
2025/11/23 02:11:30 intent_moe.go:349: Step 27: Predicted ID 19 (EOS: 34)
2025/11/23 02:11:30 intent_moe.go:349: Step 28: Predicted ID 20 (EOS: 34)
2025/11/23 02:11:30 intent_moe.go:349: Step 29: Predicted ID 30 (EOS: 34)
2025/11/23 02:11:30 intent_moe.go:349: Step 30: Predicted ID 20 (EOS: 34)
2025/11/23 02:11:30 intent_moe.go:349: Step 31: Predicted ID 27 (EOS: 34)
2025/11/23 02:11:30 main.go:285: Guessed semantic output: path[[Delete go go[go[Create Delete Read user_role[[Delete Read user_role[[Delete go user_role user_role[children[children[][go
2025/11/23 02:11:30 main.go:288: Target semantic output: {"operation":"Create","target_resource":{"type":"Filesystem::Folder","name":"logs","properties":{"path":"/home/user"}},"context":{"user_role":"admin"}}
2025/11/23 02:12:27 intent_moe.go:349: Step 0: Predicted ID 16 (EOS: 34)
2025/11/23 02:12:27 intent_moe.go:349: Step 1: Predicted ID 22 (EOS: 34)
2025/11/23 02:12:27 intent_moe.go:349: Step 2: Predicted ID 20 (EOS: 34)
2025/11/23 02:12:27 intent_moe.go:349: Step 3: Predicted ID 37 (EOS: 34)
2025/11/23 02:12:27 intent_moe.go:349: Step 4: Predicted ID 27 (EOS: 34)
2025/11/23 02:12:27 intent_moe.go:349: Step 5: Predicted ID 27 (EOS: 34)
2025/11/23 02:12:27 intent_moe.go:349: Step 6: Predicted ID 20 (EOS: 34)
2025/11/23 02:12:27 intent_moe.go:349: Step 7: Predicted ID 20 (EOS: 34)
2025/11/23 02:12:27 intent_moe.go:349: Step 8: Predicted ID 37 (EOS: 34)
2025/11/23 02:12:27 intent_moe.go:349: Step 9: Predicted ID 27 (EOS: 34)
2025/11/23 02:12:27 intent_moe.go:349: Step 10: Predicted ID 20 (EOS: 34)
2025/11/23 02:12:27 intent_moe.go:349: Step 11: Predicted ID 27 (EOS: 34)
2025/11/23 02:12:27 intent_moe.go:349: Step 12: Predicted ID 20 (EOS: 34)
2025/11/23 02:12:27 intent_moe.go:349: Step 13: Predicted ID 20 (EOS: 34)
2025/11/23 02:12:27 intent_moe.go:349: Step 14: Predicted ID 37 (EOS: 34)
2025/11/23 02:12:27 intent_moe.go:349: Step 15: Predicted ID 27 (EOS: 34)
2025/11/23 02:12:27 intent_moe.go:349: Step 16: Predicted ID 27 (EOS: 34)
2025/11/23 02:12:27 intent_moe.go:349: Step 17: Predicted ID 20 (EOS: 34)
2025/11/23 02:12:27 intent_moe.go:349: Step 18: Predicted ID 37 (EOS: 34)
2025/11/23 02:12:27 intent_moe.go:349: Step 19: Predicted ID 27 (EOS: 34)
2025/11/23 02:12:27 intent_moe.go:349: Step 20: Predicted ID 27 (EOS: 34)
2025/11/23 02:12:27 intent_moe.go:349: Step 21: Predicted ID 20 (EOS: 34)
2025/11/23 02:12:27 intent_moe.go:349: Step 22: Predicted ID 37 (EOS: 34)
2025/11/23 02:12:27 intent_moe.go:349: Step 23: Predicted ID 27 (EOS: 34)
2025/11/23 02:12:27 intent_moe.go:349: Step 24: Predicted ID 20 (EOS: 34)
2025/11/23 02:12:27 intent_moe.go:349: Step 25: Predicted ID 37 (EOS: 34)
2025/11/23 02:12:27 intent_moe.go:349: Step 26: Predicted ID 27 (EOS: 34)
2025/11/23 02:12:27 intent_moe.go:349: Step 27: Predicted ID 27 (EOS: 34)
2025/11/23 02:12:27 intent_moe.go:349: Step 28: Predicted ID 20 (EOS: 34)
2025/11/23 02:12:27 intent_moe.go:349: Step 29: Predicted ID 27 (EOS: 34)
2025/11/23 02:12:27 intent_moe.go:349: Step 30: Predicted ID 20 (EOS: 34)
2025/11/23 02:12:27 intent_moe.go:349: Step 31: Predicted ID 27 (EOS: 34)
2025/11/23 02:12:27 main.go:285: Guessed semantic output: path GoWebserver[Delete go go[[Delete go[go[[Delete go go[Delete go go[Delete go[Delete go go[go[go
2025/11/23 02:12:27 main.go:288: Target semantic output: {"operation":"Create","target_resource":{"type":"Filesystem::Folder","name":"media","properties":{"path":"./config"}},"context":{"user_role":"admin"}}
2025/11/23 02:13:26 intent_moe.go:349: Step 0: Predicted ID 16 (EOS: 34)
2025/11/23 02:13:26 intent_moe.go:349: Step 1: Predicted ID 20 (EOS: 34)
2025/11/23 02:13:26 intent_moe.go:349: Step 2: Predicted ID 20 (EOS: 34)
2025/11/23 02:13:26 intent_moe.go:349: Step 3: Predicted ID 37 (EOS: 34)
2025/11/23 02:13:26 intent_moe.go:349: Step 4: Predicted ID 20 (EOS: 34)
2025/11/23 02:13:26 intent_moe.go:349: Step 5: Predicted ID 37 (EOS: 34)
2025/11/23 02:13:26 intent_moe.go:349: Step 6: Predicted ID 32 (EOS: 34)
2025/11/23 02:13:26 intent_moe.go:349: Step 7: Predicted ID 20 (EOS: 34)
2025/11/23 02:13:26 intent_moe.go:349: Step 8: Predicted ID 20 (EOS: 34)
2025/11/23 02:13:26 intent_moe.go:349: Step 9: Predicted ID 37 (EOS: 34)
2025/11/23 02:13:26 intent_moe.go:349: Step 10: Predicted ID 32 (EOS: 34)
2025/11/23 02:13:26 intent_moe.go:349: Step 11: Predicted ID 20 (EOS: 34)
2025/11/23 02:13:26 intent_moe.go:349: Step 12: Predicted ID 20 (EOS: 34)
2025/11/23 02:13:26 intent_moe.go:349: Step 13: Predicted ID 27 (EOS: 34)
2025/11/23 02:13:26 intent_moe.go:349: Step 14: Predicted ID 27 (EOS: 34)
2025/11/23 02:13:26 intent_moe.go:349: Step 15: Predicted ID 20 (EOS: 34)
2025/11/23 02:13:26 intent_moe.go:349: Step 16: Predicted ID 20 (EOS: 34)
2025/11/23 02:13:26 intent_moe.go:349: Step 17: Predicted ID 37 (EOS: 34)
2025/11/23 02:13:26 intent_moe.go:349: Step 18: Predicted ID 27 (EOS: 34)
2025/11/23 02:13:26 intent_moe.go:349: Step 19: Predicted ID 27 (EOS: 34)
2025/11/23 02:13:26 intent_moe.go:349: Step 20: Predicted ID 20 (EOS: 34)
2025/11/23 02:13:26 intent_moe.go:349: Step 21: Predicted ID 20 (EOS: 34)
2025/11/23 02:13:26 intent_moe.go:349: Step 22: Predicted ID 37 (EOS: 34)
2025/11/23 02:13:26 intent_moe.go:349: Step 23: Predicted ID 27 (EOS: 34)
2025/11/23 02:13:26 intent_moe.go:349: Step 24: Predicted ID 20 (EOS: 34)
2025/11/23 02:13:26 intent_moe.go:349: Step 25: Predicted ID 20 (EOS: 34)
2025/11/23 02:13:26 intent_moe.go:349: Step 26: Predicted ID 37 (EOS: 34)
2025/11/23 02:13:26 intent_moe.go:349: Step 27: Predicted ID 27 (EOS: 34)
2025/11/23 02:13:26 intent_moe.go:349: Step 28: Predicted ID 20 (EOS: 34)
2025/11/23 02:13:26 intent_moe.go:349: Step 29: Predicted ID 20 (EOS: 34)
2025/11/23 02:13:26 intent_moe.go:349: Step 30: Predicted ID 37 (EOS: 34)
2025/11/23 02:13:26 intent_moe.go:349: Step 31: Predicted ID 27 (EOS: 34)
2025/11/23 02:13:26 main.go:285: Guessed semantic output: path[[Delete[Delete user_role[[Delete user_role[[go go[[Delete go go[[Delete go[[Delete go[[Delete go
2025/11/23 02:13:26 main.go:288: Target semantic output: {"operation":"Create","target_resource":{"type":"Filesystem::Folder","name":"shared","properties":{"path":"./data"}},"context":{"user_role":"admin"}}
2025/11/23 02:14:24 intent_moe.go:349: Step 0: Predicted ID 10 (EOS: 34)
2025/11/23 02:14:24 intent_moe.go:349: Step 1: Predicted ID 27 (EOS: 34)
2025/11/23 02:14:24 intent_moe.go:349: Step 2: Predicted ID 27 (EOS: 34)
2025/11/23 02:14:24 intent_moe.go:349: Step 3: Predicted ID 27 (EOS: 34)
2025/11/23 02:14:24 intent_moe.go:349: Step 4: Predicted ID 10 (EOS: 34)
2025/11/23 02:14:24 intent_moe.go:349: Step 5: Predicted ID 20 (EOS: 34)
2025/11/23 02:14:24 intent_moe.go:349: Step 6: Predicted ID 19 (EOS: 34)
2025/11/23 02:14:24 intent_moe.go:349: Step 7: Predicted ID 20 (EOS: 34)
2025/11/23 02:14:24 intent_moe.go:349: Step 8: Predicted ID 37 (EOS: 34)
2025/11/23 02:14:24 intent_moe.go:349: Step 9: Predicted ID 27 (EOS: 34)
2025/11/23 02:14:24 intent_moe.go:349: Step 10: Predicted ID 5 (EOS: 34)
2025/11/23 02:14:24 intent_moe.go:349: Step 11: Predicted ID 38 (EOS: 34)
2025/11/23 02:14:24 intent_moe.go:349: Step 12: Predicted ID 27 (EOS: 34)
2025/11/23 02:14:24 intent_moe.go:349: Step 13: Predicted ID 27 (EOS: 34)
2025/11/23 02:14:24 intent_moe.go:349: Step 14: Predicted ID 27 (EOS: 34)
2025/11/23 02:14:24 intent_moe.go:349: Step 15: Predicted ID 20 (EOS: 34)
2025/11/23 02:14:24 intent_moe.go:349: Step 16: Predicted ID 27 (EOS: 34)
2025/11/23 02:14:24 intent_moe.go:349: Step 17: Predicted ID 20 (EOS: 34)
2025/11/23 02:14:24 intent_moe.go:349: Step 18: Predicted ID 20 (EOS: 34)
2025/11/23 02:14:24 intent_moe.go:349: Step 19: Predicted ID 37 (EOS: 34)
2025/11/23 02:14:24 intent_moe.go:349: Step 20: Predicted ID 27 (EOS: 34)
2025/11/23 02:14:24 intent_moe.go:349: Step 21: Predicted ID 10 (EOS: 34)
2025/11/23 02:14:24 intent_moe.go:349: Step 22: Predicted ID 20 (EOS: 34)
2025/11/23 02:14:24 intent_moe.go:349: Step 23: Predicted ID 37 (EOS: 34)
2025/11/23 02:14:24 intent_moe.go:349: Step 24: Predicted ID 27 (EOS: 34)
2025/11/23 02:14:24 intent_moe.go:349: Step 25: Predicted ID 20 (EOS: 34)
2025/11/23 02:14:24 intent_moe.go:349: Step 26: Predicted ID 37 (EOS: 34)
2025/11/23 02:14:24 intent_moe.go:349: Step 27: Predicted ID 27 (EOS: 34)
2025/11/23 02:14:24 intent_moe.go:349: Step 28: Predicted ID 27 (EOS: 34)
2025/11/23 02:14:24 intent_moe.go:349: Step 29: Predicted ID 5 (EOS: 34)
2025/11/23 02:14:24 intent_moe.go:349: Step 30: Predicted ID 27 (EOS: 34)
2025/11/23 02:14:24 intent_moe.go:349: Step 31: Predicted ID 20 (EOS: 34)
2025/11/23 02:14:24 main.go:285: Guessed semantic output: type go go go type[children[Delete go operation Read go go go[go[[Delete go type[Delete go[Delete go go operation go[
2025/11/23 02:14:24 main.go:288: Target semantic output: {"operation":"Create","target_resource":{"type":"Filesystem::Folder","name":"cache","properties":{"path":"./backend"}},"context":{"user_role":"admin"}}
2025/11/23 02:15:22 intent_moe.go:349: Step 0: Predicted ID 34 (EOS: 34)
2025/11/23 02:15:22 main.go:285: Guessed semantic output: 
2025/11/23 02:15:22 main.go:288: Target semantic output: {"operation":"Create","target_resource":{"type":"Filesystem::File","name":"Makefile","properties":{"path":"./src"}},"context":{"user_role":"admin"}}
2025/11/23 02:16:20 intent_moe.go:349: Step 0: Predicted ID 10 (EOS: 34)
2025/11/23 02:16:20 intent_moe.go:349: Step 1: Predicted ID 20 (EOS: 34)
2025/11/23 02:16:20 intent_moe.go:349: Step 2: Predicted ID 30 (EOS: 34)
2025/11/23 02:16:20 intent_moe.go:349: Step 3: Predicted ID 20 (EOS: 34)
2025/11/23 02:16:20 intent_moe.go:349: Step 4: Predicted ID 37 (EOS: 34)
2025/11/23 02:16:20 intent_moe.go:349: Step 5: Predicted ID 27 (EOS: 34)
2025/11/23 02:16:20 intent_moe.go:349: Step 6: Predicted ID 20 (EOS: 34)
2025/11/23 02:16:20 intent_moe.go:349: Step 7: Predicted ID 19 (EOS: 34)
2025/11/23 02:16:20 intent_moe.go:349: Step 8: Predicted ID 20 (EOS: 34)
2025/11/23 02:16:20 intent_moe.go:349: Step 9: Predicted ID 27 (EOS: 34)
2025/11/23 02:16:20 intent_moe.go:349: Step 10: Predicted ID 27 (EOS: 34)
2025/11/23 02:16:20 intent_moe.go:349: Step 11: Predicted ID 20 (EOS: 34)
2025/11/23 02:16:20 intent_moe.go:349: Step 12: Predicted ID 37 (EOS: 34)
2025/11/23 02:16:20 intent_moe.go:349: Step 13: Predicted ID 27 (EOS: 34)
2025/11/23 02:16:20 intent_moe.go:349: Step 14: Predicted ID 27 (EOS: 34)
2025/11/23 02:16:20 intent_moe.go:349: Step 15: Predicted ID 27 (EOS: 34)
2025/11/23 02:16:20 intent_moe.go:349: Step 16: Predicted ID 10 (EOS: 34)
2025/11/23 02:16:20 intent_moe.go:349: Step 17: Predicted ID 27 (EOS: 34)
2025/11/23 02:16:20 intent_moe.go:349: Step 18: Predicted ID 27 (EOS: 34)
2025/11/23 02:16:20 intent_moe.go:349: Step 19: Predicted ID 5 (EOS: 34)
2025/11/23 02:16:20 intent_moe.go:349: Step 20: Predicted ID 30 (EOS: 34)
2025/11/23 02:16:20 intent_moe.go:349: Step 21: Predicted ID 38 (EOS: 34)
2025/11/23 02:16:20 intent_moe.go:349: Step 22: Predicted ID 1 (EOS: 34)
2025/11/23 02:16:20 intent_moe.go:349: Step 23: Predicted ID 38 (EOS: 34)
2025/11/23 02:16:20 intent_moe.go:349: Step 24: Predicted ID 27 (EOS: 34)
2025/11/23 02:16:20 intent_moe.go:349: Step 25: Predicted ID 20 (EOS: 34)
2025/11/23 02:16:20 intent_moe.go:349: Step 26: Predicted ID 27 (EOS: 34)
2025/11/23 02:16:20 intent_moe.go:349: Step 27: Predicted ID 20 (EOS: 34)
2025/11/23 02:16:20 intent_moe.go:349: Step 28: Predicted ID 27 (EOS: 34)
2025/11/23 02:16:20 intent_moe.go:349: Step 29: Predicted ID 20 (EOS: 34)
2025/11/23 02:16:20 intent_moe.go:349: Step 30: Predicted ID 27 (EOS: 34)
2025/11/23 02:16:20 intent_moe.go:349: Step 31: Predicted ID 27 (EOS: 34)
2025/11/23 02:16:20 main.go:285: Guessed semantic output: type[][Delete go[children[go go[Delete go go go type go go operation]Read UNK Read go[go[go[go go
2025/11/23 02:16:20 main.go:288: Target semantic output: {"operation":"Create","target_resource":{"type":"Filesystem::File","name":"types.go","properties":{"path":"./src"}},"context":{"user_role":"admin"}}
2025/11/23 02:16:20 main.go:154: Epoch 4, Average Loss: 86.801780
2025/11/23 02:16:20 main.go:115: Epoch 5/5 (Scheduled Sampling: 40.0%)
2025/11/23 02:17:18 intent_moe.go:349: Step 0: Predicted ID 34 (EOS: 34)
2025/11/23 02:17:18 main.go:285: Guessed semantic output: 
2025/11/23 02:17:18 main.go:288: Target semantic output: {"operation":"Create","target_resource":{"type":"Filesystem::Folder","name":"test","properties":{"path":"./"}},"context":{"user_role":"admin"}}
2025/11/23 02:18:14 intent_moe.go:349: Step 0: Predicted ID 16 (EOS: 34)
2025/11/23 02:18:14 intent_moe.go:349: Step 1: Predicted ID 20 (EOS: 34)
2025/11/23 02:18:14 intent_moe.go:349: Step 2: Predicted ID 20 (EOS: 34)
2025/11/23 02:18:14 intent_moe.go:349: Step 3: Predicted ID 7 (EOS: 34)
2025/11/23 02:18:14 intent_moe.go:349: Step 4: Predicted ID 37 (EOS: 34)
2025/11/23 02:18:14 intent_moe.go:349: Step 5: Predicted ID 27 (EOS: 34)
2025/11/23 02:18:14 intent_moe.go:349: Step 6: Predicted ID 27 (EOS: 34)
2025/11/23 02:18:14 intent_moe.go:349: Step 7: Predicted ID 20 (EOS: 34)
2025/11/23 02:18:14 intent_moe.go:349: Step 8: Predicted ID 27 (EOS: 34)
2025/11/23 02:18:14 intent_moe.go:349: Step 9: Predicted ID 1 (EOS: 34)
2025/11/23 02:18:14 intent_moe.go:349: Step 10: Predicted ID 20 (EOS: 34)
2025/11/23 02:18:14 intent_moe.go:349: Step 11: Predicted ID 27 (EOS: 34)
2025/11/23 02:18:14 intent_moe.go:349: Step 12: Predicted ID 20 (EOS: 34)
2025/11/23 02:18:14 intent_moe.go:349: Step 13: Predicted ID 19 (EOS: 34)
2025/11/23 02:18:14 intent_moe.go:349: Step 14: Predicted ID 20 (EOS: 34)
2025/11/23 02:18:14 intent_moe.go:349: Step 15: Predicted ID 27 (EOS: 34)
2025/11/23 02:18:14 intent_moe.go:349: Step 16: Predicted ID 20 (EOS: 34)
2025/11/23 02:18:14 intent_moe.go:349: Step 17: Predicted ID 27 (EOS: 34)
2025/11/23 02:18:14 intent_moe.go:349: Step 18: Predicted ID 27 (EOS: 34)
2025/11/23 02:18:14 intent_moe.go:349: Step 19: Predicted ID 20 (EOS: 34)
2025/11/23 02:18:14 intent_moe.go:349: Step 20: Predicted ID 20 (EOS: 34)
2025/11/23 02:18:14 intent_moe.go:349: Step 21: Predicted ID 37 (EOS: 34)
2025/11/23 02:18:14 intent_moe.go:349: Step 22: Predicted ID 27 (EOS: 34)
2025/11/23 02:18:14 intent_moe.go:349: Step 23: Predicted ID 20 (EOS: 34)
2025/11/23 02:18:14 intent_moe.go:349: Step 24: Predicted ID 7 (EOS: 34)
2025/11/23 02:18:14 intent_moe.go:349: Step 25: Predicted ID 37 (EOS: 34)
2025/11/23 02:18:15 intent_moe.go:349: Step 26: Predicted ID 27 (EOS: 34)
2025/11/23 02:18:15 intent_moe.go:349: Step 27: Predicted ID 27 (EOS: 34)
2025/11/23 02:18:15 intent_moe.go:349: Step 28: Predicted ID 20 (EOS: 34)
2025/11/23 02:18:15 intent_moe.go:349: Step 29: Predicted ID 20 (EOS: 34)
2025/11/23 02:18:15 intent_moe.go:349: Step 30: Predicted ID 37 (EOS: 34)
2025/11/23 02:18:15 intent_moe.go:349: Step 31: Predicted ID 27 (EOS: 34)
2025/11/23 02:18:15 main.go:285: Guessed semantic output: path[[Create Delete go go[go UNK[go[children[go[go go[[Delete go[Create Delete go go[[Delete go
2025/11/23 02:18:15 main.go:288: Target semantic output: {"operation":"Create","target_resource":{"type":"Filesystem::Folder","name":"logs","properties":{"path":"/home/user"}},"context":{"user_role":"admin"}}
2025/11/23 02:19:12 intent_moe.go:349: Step 0: Predicted ID 16 (EOS: 34)
2025/11/23 02:19:12 intent_moe.go:349: Step 1: Predicted ID 20 (EOS: 34)
2025/11/23 02:19:12 intent_moe.go:349: Step 2: Predicted ID 20 (EOS: 34)
2025/11/23 02:19:12 intent_moe.go:349: Step 3: Predicted ID 27 (EOS: 34)
2025/11/23 02:19:12 intent_moe.go:349: Step 4: Predicted ID 1 (EOS: 34)
2025/11/23 02:19:12 intent_moe.go:349: Step 5: Predicted ID 20 (EOS: 34)
2025/11/23 02:19:12 intent_moe.go:349: Step 6: Predicted ID 27 (EOS: 34)
2025/11/23 02:19:12 intent_moe.go:349: Step 7: Predicted ID 27 (EOS: 34)
2025/11/23 02:19:12 intent_moe.go:349: Step 8: Predicted ID 20 (EOS: 34)
2025/11/23 02:19:12 intent_moe.go:349: Step 9: Predicted ID 20 (EOS: 34)
2025/11/23 02:19:12 intent_moe.go:349: Step 10: Predicted ID 19 (EOS: 34)
2025/11/23 02:19:12 intent_moe.go:349: Step 11: Predicted ID 20 (EOS: 34)
2025/11/23 02:19:12 intent_moe.go:349: Step 12: Predicted ID 27 (EOS: 34)
2025/11/23 02:19:12 intent_moe.go:349: Step 13: Predicted ID 20 (EOS: 34)
2025/11/23 02:19:12 intent_moe.go:349: Step 14: Predicted ID 37 (EOS: 34)
2025/11/23 02:19:12 intent_moe.go:349: Step 15: Predicted ID 27 (EOS: 34)
2025/11/23 02:19:12 intent_moe.go:349: Step 16: Predicted ID 27 (EOS: 34)
2025/11/23 02:19:12 intent_moe.go:349: Step 17: Predicted ID 20 (EOS: 34)
2025/11/23 02:19:12 intent_moe.go:349: Step 18: Predicted ID 37 (EOS: 34)
2025/11/23 02:19:12 intent_moe.go:349: Step 19: Predicted ID 27 (EOS: 34)
2025/11/23 02:19:12 intent_moe.go:349: Step 20: Predicted ID 38 (EOS: 34)
2025/11/23 02:19:12 intent_moe.go:349: Step 21: Predicted ID 1 (EOS: 34)
2025/11/23 02:19:12 intent_moe.go:349: Step 22: Predicted ID 38 (EOS: 34)
2025/11/23 02:19:12 intent_moe.go:349: Step 23: Predicted ID 32 (EOS: 34)
2025/11/23 02:19:12 intent_moe.go:349: Step 24: Predicted ID 20 (EOS: 34)
2025/11/23 02:19:12 intent_moe.go:349: Step 25: Predicted ID 20 (EOS: 34)
2025/11/23 02:19:12 intent_moe.go:349: Step 26: Predicted ID 37 (EOS: 34)
2025/11/23 02:19:12 intent_moe.go:349: Step 27: Predicted ID 27 (EOS: 34)
2025/11/23 02:19:12 intent_moe.go:349: Step 28: Predicted ID 8 (EOS: 34)
2025/11/23 02:19:12 intent_moe.go:349: Step 29: Predicted ID 20 (EOS: 34)
2025/11/23 02:19:12 intent_moe.go:349: Step 30: Predicted ID 19 (EOS: 34)
2025/11/23 02:19:12 intent_moe.go:349: Step 31: Predicted ID 27 (EOS: 34)
2025/11/23 02:19:12 main.go:285: Guessed semantic output: path[[go UNK[go go[[children[go[Delete go go[Delete go Read UNK Read user_role[[Delete go,[children go
2025/11/23 02:19:12 main.go:288: Target semantic output: {"operation":"Create","target_resource":{"type":"Filesystem::Folder","name":"media","properties":{"path":"./config"}},"context":{"user_role":"admin"}}
2025/11/23 02:20:08 intent_moe.go:349: Step 0: Predicted ID 16 (EOS: 34)
2025/11/23 02:20:08 intent_moe.go:349: Step 1: Predicted ID 20 (EOS: 34)
2025/11/23 02:20:08 intent_moe.go:349: Step 2: Predicted ID 7 (EOS: 34)
2025/11/23 02:20:08 intent_moe.go:349: Step 3: Predicted ID 32 (EOS: 34)
2025/11/23 02:20:08 intent_moe.go:349: Step 4: Predicted ID 20 (EOS: 34)
2025/11/23 02:20:08 intent_moe.go:349: Step 5: Predicted ID 7 (EOS: 34)
2025/11/23 02:20:08 intent_moe.go:349: Step 6: Predicted ID 19 (EOS: 34)
2025/11/23 02:20:08 intent_moe.go:349: Step 7: Predicted ID 20 (EOS: 34)
2025/11/23 02:20:08 intent_moe.go:349: Step 8: Predicted ID 19 (EOS: 34)
2025/11/23 02:20:08 intent_moe.go:349: Step 9: Predicted ID 20 (EOS: 34)
2025/11/23 02:20:08 intent_moe.go:349: Step 10: Predicted ID 31 (EOS: 34)
2025/11/23 02:20:08 intent_moe.go:349: Step 11: Predicted ID 20 (EOS: 34)
2025/11/23 02:20:08 intent_moe.go:349: Step 12: Predicted ID 37 (EOS: 34)
2025/11/23 02:20:08 intent_moe.go:349: Step 13: Predicted ID 27 (EOS: 34)
2025/11/23 02:20:08 intent_moe.go:349: Step 14: Predicted ID 20 (EOS: 34)
2025/11/23 02:20:08 intent_moe.go:349: Step 15: Predicted ID 37 (EOS: 34)
2025/11/23 02:20:08 intent_moe.go:349: Step 16: Predicted ID 32 (EOS: 34)
2025/11/23 02:20:08 intent_moe.go:349: Step 17: Predicted ID 20 (EOS: 34)
2025/11/23 02:20:08 intent_moe.go:349: Step 18: Predicted ID 32 (EOS: 34)
2025/11/23 02:20:08 intent_moe.go:349: Step 19: Predicted ID 20 (EOS: 34)
2025/11/23 02:20:08 intent_moe.go:349: Step 20: Predicted ID 20 (EOS: 34)
2025/11/23 02:20:08 intent_moe.go:349: Step 21: Predicted ID 27 (EOS: 34)
2025/11/23 02:20:08 intent_moe.go:349: Step 22: Predicted ID 20 (EOS: 34)
2025/11/23 02:20:08 intent_moe.go:349: Step 23: Predicted ID 19 (EOS: 34)
2025/11/23 02:20:08 intent_moe.go:349: Step 24: Predicted ID 20 (EOS: 34)
2025/11/23 02:20:08 intent_moe.go:349: Step 25: Predicted ID 38 (EOS: 34)
2025/11/23 02:20:08 intent_moe.go:349: Step 26: Predicted ID 20 (EOS: 34)
2025/11/23 02:20:08 intent_moe.go:349: Step 27: Predicted ID 1 (EOS: 34)
2025/11/23 02:20:08 intent_moe.go:349: Step 28: Predicted ID 20 (EOS: 34)
2025/11/23 02:20:08 intent_moe.go:349: Step 29: Predicted ID 19 (EOS: 34)
2025/11/23 02:20:08 intent_moe.go:349: Step 30: Predicted ID 20 (EOS: 34)
2025/11/23 02:20:08 intent_moe.go:349: Step 31: Predicted ID 37 (EOS: 34)
2025/11/23 02:20:08 main.go:285: Guessed semantic output: path[Create user_role[Create children[children[context[Delete go[Delete user_role[user_role[[go[children[Read[UNK[children[Delete
2025/11/23 02:20:08 main.go:288: Target semantic output: {"operation":"Create","target_resource":{"type":"Filesystem::Folder","name":"shared","properties":{"path":"./data"}},"context":{"user_role":"admin"}}
2025/11/23 02:21:03 intent_moe.go:349: Step 0: Predicted ID 16 (EOS: 34)
2025/11/23 02:21:03 intent_moe.go:349: Step 1: Predicted ID 20 (EOS: 34)
2025/11/23 02:21:03 intent_moe.go:349: Step 2: Predicted ID 37 (EOS: 34)
2025/11/23 02:21:03 intent_moe.go:349: Step 3: Predicted ID 38 (EOS: 34)
2025/11/23 02:21:03 intent_moe.go:349: Step 4: Predicted ID 32 (EOS: 34)
2025/11/23 02:21:03 intent_moe.go:349: Step 5: Predicted ID 20 (EOS: 34)
2025/11/23 02:21:03 intent_moe.go:349: Step 6: Predicted ID 37 (EOS: 34)
2025/11/23 02:21:03 intent_moe.go:349: Step 7: Predicted ID 27 (EOS: 34)
2025/11/23 02:21:03 intent_moe.go:349: Step 8: Predicted ID 20 (EOS: 34)
2025/11/23 02:21:03 intent_moe.go:349: Step 9: Predicted ID 20 (EOS: 34)
2025/11/23 02:21:03 intent_moe.go:349: Step 10: Predicted ID 37 (EOS: 34)
2025/11/23 02:21:03 intent_moe.go:349: Step 11: Predicted ID 27 (EOS: 34)
2025/11/23 02:21:03 intent_moe.go:349: Step 12: Predicted ID 20 (EOS: 34)
2025/11/23 02:21:03 intent_moe.go:349: Step 13: Predicted ID 20 (EOS: 34)
2025/11/23 02:21:03 intent_moe.go:349: Step 14: Predicted ID 27 (EOS: 34)
2025/11/23 02:21:03 intent_moe.go:349: Step 15: Predicted ID 5 (EOS: 34)
2025/11/23 02:21:03 intent_moe.go:349: Step 16: Predicted ID 38 (EOS: 34)
2025/11/23 02:21:03 intent_moe.go:349: Step 17: Predicted ID 20 (EOS: 34)
2025/11/23 02:21:03 intent_moe.go:349: Step 18: Predicted ID 27 (EOS: 34)
2025/11/23 02:21:03 intent_moe.go:349: Step 19: Predicted ID 1 (EOS: 34)
2025/11/23 02:21:03 intent_moe.go:349: Step 20: Predicted ID 38 (EOS: 34)
2025/11/23 02:21:03 intent_moe.go:349: Step 21: Predicted ID 20 (EOS: 34)
2025/11/23 02:21:03 intent_moe.go:349: Step 22: Predicted ID 27 (EOS: 34)
2025/11/23 02:21:03 intent_moe.go:349: Step 23: Predicted ID 27 (EOS: 34)
2025/11/23 02:21:03 intent_moe.go:349: Step 24: Predicted ID 20 (EOS: 34)
2025/11/23 02:21:03 intent_moe.go:349: Step 25: Predicted ID 27 (EOS: 34)
2025/11/23 02:21:03 intent_moe.go:349: Step 26: Predicted ID 5 (EOS: 34)
2025/11/23 02:21:03 intent_moe.go:349: Step 27: Predicted ID 38 (EOS: 34)
2025/11/23 02:21:03 intent_moe.go:349: Step 28: Predicted ID 38 (EOS: 34)
2025/11/23 02:21:03 intent_moe.go:349: Step 29: Predicted ID 27 (EOS: 34)
2025/11/23 02:21:03 intent_moe.go:349: Step 30: Predicted ID 27 (EOS: 34)
2025/11/23 02:21:03 intent_moe.go:349: Step 31: Predicted ID 20 (EOS: 34)
2025/11/23 02:21:03 main.go:285: Guessed semantic output: path[Delete Read user_role[Delete go[[Delete go[[go operation Read[go UNK Read[go go[go operation Read Read go go[
2025/11/23 02:21:03 main.go:288: Target semantic output: {"operation":"Create","target_resource":{"type":"Filesystem::Folder","name":"cache","properties":{"path":"./backend"}},"context":{"user_role":"admin"}}
2025/11/23 02:21:49 intent_moe.go:349: Step 0: Predicted ID 16 (EOS: 34)
2025/11/23 02:21:49 intent_moe.go:349: Step 1: Predicted ID 22 (EOS: 34)
2025/11/23 02:21:49 intent_moe.go:349: Step 2: Predicted ID 20 (EOS: 34)
2025/11/23 02:21:49 intent_moe.go:349: Step 3: Predicted ID 37 (EOS: 34)
2025/11/23 02:21:49 intent_moe.go:349: Step 4: Predicted ID 32 (EOS: 34)
2025/11/23 02:21:49 intent_moe.go:349: Step 5: Predicted ID 20 (EOS: 34)
2025/11/23 02:21:49 intent_moe.go:349: Step 6: Predicted ID 1 (EOS: 34)
2025/11/23 02:21:49 intent_moe.go:349: Step 7: Predicted ID 32 (EOS: 34)
2025/11/23 02:21:49 intent_moe.go:349: Step 8: Predicted ID 20 (EOS: 34)
2025/11/23 02:21:49 intent_moe.go:349: Step 9: Predicted ID 30 (EOS: 34)
2025/11/23 02:21:49 intent_moe.go:349: Step 10: Predicted ID 20 (EOS: 34)
2025/11/23 02:21:49 intent_moe.go:349: Step 11: Predicted ID 37 (EOS: 34)
2025/11/23 02:21:49 intent_moe.go:349: Step 12: Predicted ID 38 (EOS: 34)
2025/11/23 02:21:49 intent_moe.go:349: Step 13: Predicted ID 32 (EOS: 34)
2025/11/23 02:21:49 intent_moe.go:349: Step 14: Predicted ID 20 (EOS: 34)
2025/11/23 02:21:49 intent_moe.go:349: Step 15: Predicted ID 27 (EOS: 34)
2025/11/23 02:21:49 intent_moe.go:349: Step 16: Predicted ID 1 (EOS: 34)
2025/11/23 02:21:49 intent_moe.go:349: Step 17: Predicted ID 20 (EOS: 34)
2025/11/23 02:21:49 intent_moe.go:349: Step 18: Predicted ID 31 (EOS: 34)
2025/11/23 02:21:49 intent_moe.go:349: Step 19: Predicted ID 27 (EOS: 34)
2025/11/23 02:21:49 intent_moe.go:349: Step 20: Predicted ID 27 (EOS: 34)
2025/11/23 02:21:49 intent_moe.go:349: Step 21: Predicted ID 10 (EOS: 34)
2025/11/23 02:21:49 intent_moe.go:349: Step 22: Predicted ID 32 (EOS: 34)
2025/11/23 02:21:49 intent_moe.go:349: Step 23: Predicted ID 20 (EOS: 34)
2025/11/23 02:21:49 intent_moe.go:349: Step 24: Predicted ID 27 (EOS: 34)
2025/11/23 02:21:49 intent_moe.go:349: Step 25: Predicted ID 1 (EOS: 34)
2025/11/23 02:21:49 intent_moe.go:349: Step 26: Predicted ID 38 (EOS: 34)
2025/11/23 02:21:49 intent_moe.go:349: Step 27: Predicted ID 20 (EOS: 34)
2025/11/23 02:21:49 intent_moe.go:349: Step 28: Predicted ID 27 (EOS: 34)
2025/11/23 02:21:49 intent_moe.go:349: Step 29: Predicted ID 20 (EOS: 34)
2025/11/23 02:21:49 intent_moe.go:349: Step 30: Predicted ID 37 (EOS: 34)
2025/11/23 02:21:49 intent_moe.go:349: Step 31: Predicted ID 27 (EOS: 34)
2025/11/23 02:21:49 main.go:285: Guessed semantic output: path GoWebserver[Delete user_role[UNK user_role[][Delete Read user_role[go UNK[context go go type user_role[go UNK Read[go[Delete go
2025/11/23 02:21:49 main.go:288: Target semantic output: {"operation":"Create","target_resource":{"type":"Filesystem::File","name":"Makefile","properties":{"path":"./src"}},"context":{"user_role":"admin"}}
2025/11/23 02:22:34 intent_moe.go:349: Step 0: Predicted ID 10 (EOS: 34)
2025/11/23 02:22:34 intent_moe.go:349: Step 1: Predicted ID 20 (EOS: 34)
2025/11/23 02:22:34 intent_moe.go:349: Step 2: Predicted ID 27 (EOS: 34)
2025/11/23 02:22:34 intent_moe.go:349: Step 3: Predicted ID 1 (EOS: 34)
2025/11/23 02:22:34 intent_moe.go:349: Step 4: Predicted ID 38 (EOS: 34)
2025/11/23 02:22:34 intent_moe.go:349: Step 5: Predicted ID 32 (EOS: 34)
2025/11/23 02:22:34 intent_moe.go:349: Step 6: Predicted ID 20 (EOS: 34)
2025/11/23 02:22:34 intent_moe.go:349: Step 7: Predicted ID 27 (EOS: 34)
2025/11/23 02:22:34 intent_moe.go:349: Step 8: Predicted ID 5 (EOS: 34)
2025/11/23 02:22:34 intent_moe.go:349: Step 9: Predicted ID 38 (EOS: 34)
2025/11/23 02:22:34 intent_moe.go:349: Step 10: Predicted ID 1 (EOS: 34)
2025/11/23 02:22:34 intent_moe.go:349: Step 11: Predicted ID 30 (EOS: 34)
2025/11/23 02:22:34 intent_moe.go:349: Step 12: Predicted ID 20 (EOS: 34)
2025/11/23 02:22:34 intent_moe.go:349: Step 13: Predicted ID 27 (EOS: 34)
2025/11/23 02:22:34 intent_moe.go:349: Step 14: Predicted ID 20 (EOS: 34)
2025/11/23 02:22:34 intent_moe.go:349: Step 15: Predicted ID 20 (EOS: 34)
2025/11/23 02:22:34 intent_moe.go:349: Step 16: Predicted ID 19 (EOS: 34)
2025/11/23 02:22:34 intent_moe.go:349: Step 17: Predicted ID 20 (EOS: 34)
2025/11/23 02:22:34 intent_moe.go:349: Step 18: Predicted ID 20 (EOS: 34)
2025/11/23 02:22:34 intent_moe.go:349: Step 19: Predicted ID 37 (EOS: 34)
2025/11/23 02:22:34 intent_moe.go:349: Step 20: Predicted ID 32 (EOS: 34)
2025/11/23 02:22:34 intent_moe.go:349: Step 21: Predicted ID 38 (EOS: 34)
2025/11/23 02:22:34 intent_moe.go:349: Step 22: Predicted ID 1 (EOS: 34)
2025/11/23 02:22:34 intent_moe.go:349: Step 23: Predicted ID 38 (EOS: 34)
2025/11/23 02:22:34 intent_moe.go:349: Step 24: Predicted ID 38 (EOS: 34)
2025/11/23 02:22:34 intent_moe.go:349: Step 25: Predicted ID 1 (EOS: 34)
2025/11/23 02:22:34 intent_moe.go:349: Step 26: Predicted ID 20 (EOS: 34)
2025/11/23 02:22:34 intent_moe.go:349: Step 27: Predicted ID 20 (EOS: 34)
2025/11/23 02:22:34 intent_moe.go:349: Step 28: Predicted ID 37 (EOS: 34)
2025/11/23 02:22:34 intent_moe.go:349: Step 29: Predicted ID 27 (EOS: 34)
2025/11/23 02:22:34 intent_moe.go:349: Step 30: Predicted ID 27 (EOS: 34)
2025/11/23 02:22:34 intent_moe.go:349: Step 31: Predicted ID 27 (EOS: 34)
2025/11/23 02:22:34 main.go:285: Guessed semantic output: type[go UNK Read user_role[go operation Read UNK][go[[children[[Delete user_role Read UNK Read Read UNK[[Delete go go go
2025/11/23 02:22:34 main.go:288: Target semantic output: {"operation":"Create","target_resource":{"type":"Filesystem::File","name":"types.go","properties":{"path":"./src"}},"context":{"user_role":"admin"}}
2025/11/23 02:22:34 main.go:154: Epoch 5, Average Loss: 85.107490
2025/11/23 02:22:34 main.go:541: Detaching model from computation graph...
2025/11/23 02:22:34 main.go:607: Model detached from computation graph.
Saving IntentMoE model to gob_models/moe_classification_model.gob
